13:59:35 - StarvellBot - INFO - ✅ Логирование настроено
13:59:35 - StarvellBot - INFO - ============================================================
13:59:35 - StarvellBot - INFO - 🚀 StarvellBot Manager Starting...
13:59:35 - StarvellBot - INFO - ============================================================
13:59:35 - StarvellBot - INFO - 📋 Загрузка конфигурации...
13:59:35 - config_manager - INFO - ✅ Конфигурация загружена из config_data.json
13:59:36 - StarvellBot - INFO - 🚀 Запуск Telegram Manager...
13:59:36 - StarvellBot - INFO - 🤖 Инициализация StarvellBot...
13:59:36 - StarvellBot - INFO - ⚙️ Инициализация Service Manager...
13:59:36 - StarvellBot - INFO - ============================================================
13:59:36 - StarvellBot - INFO - ✅ Все компоненты инициализированы успешно!
13:59:36 - StarvellBot - INFO - ============================================================
13:59:36 - StarvellBot - INFO - 
13:59:36 - StarvellBot - INFO - 📱 Откройте Telegram бота для управления
13:59:36 - StarvellBot - INFO - 🎛️ Доступные команды:
13:59:36 - StarvellBot - INFO -    /start - начать работу
13:59:36 - StarvellBot - INFO -    /services - управление службами
13:59:36 - StarvellBot - INFO -    /config - редактирование настроек
13:59:36 - StarvellBot - INFO -    /status - статус служб
13:59:36 - StarvellBot - INFO -    /help - справка
13:59:36 - StarvellBot - INFO - 
13:59:36 - StarvellBot - INFO - ============================================================
13:59:36 - aiogram.dispatcher - INFO - Start polling
13:59:36 - pyrogram.session.auth - INFO - Start creating a new auth key on DC2
13:59:36 - pyrogram.connection.connection - INFO - Connecting...
13:59:36 - pyrogram.connection.connection - INFO - Connected! Production DC2 - IPv4
13:59:36 - aiogram.dispatcher - INFO - Run polling for bot @testzabwinobotsfadsgdsbot id=8298689795 - 'test'
13:59:38 - pyrogram.session.auth - INFO - Done auth key exchange: DhGenOk
13:59:38 - pyrogram.connection.connection - INFO - Disconnected
13:59:38 - pyrogram.connection.connection - INFO - Connecting...
13:59:38 - pyrogram.connection.connection - INFO - Connected! Production DC2 - IPv4
13:59:38 - pyrogram.session.session - INFO - NetworkTask started
13:59:38 - pyrogram.client - INFO - Time synced: 2026-02-28 13:59:38.938005
13:59:38 - pyrogram.session.session - INFO - Session initialized: Pyrogram v2.2.19 (Layer 222)
13:59:38 - pyrogram.session.session - INFO - Device: CPython 3.13.5 - Pyrogram 2.2.19
13:59:38 - pyrogram.session.session - INFO - System: Windows 10 (en)
13:59:38 - pyrogram.session.session - INFO - Session started
13:59:38 - pyrogram.session.session - INFO - PingTask started
13:59:45 - aiogram.event - INFO - Update id=826344476 is handled. Duration 253 ms by bot id=8298689795
13:59:56 - aiogram.event - INFO - Update id=826344477 is handled. Duration 223 ms by bot id=8298689795
13:59:57 - aiogram.event - INFO - Update id=826344478 is handled. Duration 207 ms by bot id=8298689795
14:00:00 - aiogram.event - INFO - Update id=826344479 is handled. Duration 229 ms by bot id=8298689795
14:00:03 - aiogram.event - INFO - Update id=826344480 is handled. Duration 204 ms by bot id=8298689795
14:00:04 - aiogram.event - INFO - Update id=826344481 is handled. Duration 261 ms by bot id=8298689795
14:00:06 - aiogram.event - INFO - Update id=826344482 is handled. Duration 211 ms by bot id=8298689795
14:00:08 - aiogram.event - INFO - Update id=826344483 is handled. Duration 258 ms by bot id=8298689795
14:00:08 - config_manager - INFO - ✅ Конфигурация сохранена в config_data.json
14:00:09 - aiogram.event - INFO - Update id=826344484 is handled. Duration 209 ms by bot id=8298689795
14:00:10 - aiogram.event - INFO - Update id=826344485 is handled. Duration 314 ms by bot id=8298689795
14:00:11 - aiogram.event - INFO - Update id=826344486 is handled. Duration 214 ms by bot id=8298689795
14:00:13 - config_manager - INFO - ✅ Конфигурация сохранена в config_data.json
14:00:13 - aiogram.event - INFO - Update id=826344487 is handled. Duration 199 ms by bot id=8298689795
14:00:18 - config_manager - INFO - ✅ Конфигурация сохранена в config_data.json
14:00:18 - aiogram.event - INFO - Update id=826344488 is handled. Duration 177 ms by bot id=8298689795
14:00:20 - aiogram.event - INFO - Update id=826344489 is handled. Duration 151 ms by bot id=8298689795
14:00:24 - config_manager - INFO - ✅ Конфигурация сохранена в config_data.json
14:00:25 - aiogram.event - INFO - Update id=826344490 is handled. Duration 187 ms by bot id=8298689795
14:00:28 - config_manager - INFO - ✅ Конфигурация сохранена в config_data.json
14:00:28 - aiogram.event - INFO - Update id=826344491 is handled. Duration 133 ms by bot id=8298689795
14:00:31 - aiogram.event - INFO - Update id=826344492 is handled. Duration 207 ms by bot id=8298689795
14:00:33 - aiogram.event - INFO - Update id=826344493 is handled. Duration 238 ms by bot id=8298689795
14:00:40 - aiogram.event - INFO - Update id=826344494 is handled. Duration 269 ms by bot id=8298689795
14:00:42 - aiogram.event - INFO - Update id=826344495 is handled. Duration 226 ms by bot id=8298689795
14:00:46 - config_manager - INFO - ✅ Конфигурация сохранена в config_data.json
14:00:46 - aiogram.event - INFO - Update id=826344496 is handled. Duration 150 ms by bot id=8298689795
14:00:54 - config_manager - INFO - ✅ Конфигурация сохранена в config_data.json
14:00:54 - aiogram.event - INFO - Update id=826344497 is handled. Duration 119 ms by bot id=8298689795
14:02:06 - config_manager - INFO - ✅ Конфигурация сохранена в config_data.json
14:02:06 - aiogram.event - INFO - Update id=826344498 is handled. Duration 119 ms by bot id=8298689795
14:02:18 - config_manager - INFO - ✅ Конфигурация сохранена в config_data.json
14:02:18 - aiogram.event - INFO - Update id=826344499 is handled. Duration 120 ms by bot id=8298689795
14:02:32 - config_manager - INFO - ✅ Конфигурация сохранена в config_data.json
14:02:32 - aiogram.event - INFO - Update id=826344500 is handled. Duration 177 ms by bot id=8298689795
14:02:35 - aiogram.event - INFO - Update id=826344501 is handled. Duration 219 ms by bot id=8298689795
14:02:38 - aiogram.event - INFO - Update id=826344502 is handled. Duration 218 ms by bot id=8298689795
14:02:43 - aiogram.event - INFO - Update id=826344503 is handled. Duration 225 ms by bot id=8298689795
14:02:46 - aiogram.event - INFO - Update id=826344504 is handled. Duration 320 ms by bot id=8298689795
14:02:48 - aiogram.event - INFO - Update id=826344505 is handled. Duration 364 ms by bot id=8298689795
14:02:49 - aiogram.event - INFO - Update id=826344506 is handled. Duration 289 ms by bot id=8298689795
14:02:50 - aiogram.event - INFO - Update id=826344507 is handled. Duration 201 ms by bot id=8298689795
14:02:51 - aiogram.event - INFO - Update id=826344508 is handled. Duration 264 ms by bot id=8298689795
14:02:55 - config_manager - INFO - ✅ Конфигурация сохранена в config_data.json
14:02:56 - aiogram.event - INFO - Update id=826344509 is handled. Duration 145 ms by bot id=8298689795
14:03:02 - config_manager - INFO - ✅ Конфигурация сохранена в config_data.json
14:03:02 - aiogram.event - INFO - Update id=826344510 is handled. Duration 120 ms by bot id=8298689795
14:03:09 - aiogram.event - INFO - Update id=826344511 is handled. Duration 118 ms by bot id=8298689795
14:03:16 - config_manager - INFO - ✅ Конфигурация сохранена в config_data.json
14:03:16 - aiogram.event - INFO - Update id=826344512 is handled. Duration 119 ms by bot id=8298689795
14:05:27 - aiogram.event - INFO - Update id=826344513 is handled. Duration 114 ms by bot id=8298689795
14:06:13 - aiogram.event - INFO - Update id=826344514 is handled. Duration 216 ms by bot id=8298689795
14:06:14 - aiogram.event - INFO - Update id=826344515 is handled. Duration 200 ms by bot id=8298689795
14:06:15 - config_manager - INFO - ✅ Конфигурация сохранена в config_data.json
14:06:15 - aiogram.event - INFO - Update id=826344516 is handled. Duration 344 ms by bot id=8298689795
14:06:16 - aiogram.event - INFO - Update id=826344517 is handled. Duration 201 ms by bot id=8298689795
14:06:18 - aiogram.event - INFO - Update id=826344518 is handled. Duration 219 ms by bot id=8298689795
14:06:25 - config_manager - INFO - ✅ Конфигурация сохранена в config_data.json
14:06:25 - aiogram.event - INFO - Update id=826344519 is handled. Duration 114 ms by bot id=8298689795
14:06:33 - config_manager - INFO - ✅ Конфигурация сохранена в config_data.json
14:06:33 - aiogram.event - INFO - Update id=826344520 is handled. Duration 123 ms by bot id=8298689795
14:06:40 - aiogram.event - INFO - Update id=826344521 is handled. Duration 142 ms by bot id=8298689795
14:06:45 - config_manager - INFO - ✅ Конфигурация сохранена в config_data.json
14:06:45 - aiogram.event - INFO - Update id=826344522 is handled. Duration 179 ms by bot id=8298689795
14:06:51 - config_manager - INFO - ✅ Конфигурация сохранена в config_data.json
14:06:51 - aiogram.event - INFO - Update id=826344523 is handled. Duration 124 ms by bot id=8298689795
14:06:55 - aiogram.event - INFO - Update id=826344524 is handled. Duration 230 ms by bot id=8298689795
14:06:59 - aiogram.event - INFO - Update id=826344525 is handled. Duration 399 ms by bot id=8298689795
14:07:16 - aiogram.dispatcher - INFO - Polling stopped
14:07:16 - pyrogram.session.session - INFO - PingTask stopped
14:07:16 - pyrogram.session.session - INFO - NetworkTask stopped
14:07:16 - pyrogram.connection.connection - INFO - Disconnected
14:07:16 - pyrogram.session.session - INFO - Session stopped
14:07:16 - asyncio - ERROR - Task exception was never retrieved
future: <Task finished name='Task-2' coro=<StarsAPIGiver.init_sessions() done, defined at C:\Users\ezhik\PycharmProjects\PythonProject5\stars_api_giver.py:29> exception=UnicodeDecodeError('utf-8', b'\xff', 0, 1, 'invalid start byte')>
Traceback (most recent call last):
  File "C:\Users\ezhik\PycharmProjects\PythonProject5\stars_api_giver.py", line 33, in init_sessions
    self.balances[session] = await self.get_star_balance(session)
                             ^^^^^^^^^^^^^^^^^^^^^^^^^^^^^^^^^^^^
  File "C:\Users\ezhik\PycharmProjects\PythonProject5\stars_api_giver.py", line 37, in get_star_balance
    async with Client(session, self.api_id, self.api_hash) as app:
               ~~~~~~^^^^^^^^^^^^^^^^^^^^^^^^^^^^^^^^^^^^^
  File "C:\Users\ezhik\PycharmProjects\PythonProject5\.venv\Lib\site-packages\pyrogram\client.py", line 441, in __aenter__
    return await self.start()
           ^^^^^^^^^^^^^^^^^^
  File "C:\Users\ezhik\PycharmProjects\PythonProject5\.venv\Lib\site-packages\pyrogram\methods\utilities\start.py", line 89, in start
    await self.authorize()
  File "C:\Users\ezhik\PycharmProjects\PythonProject5\.venv\Lib\site-packages\pyrogram\client.py", line 474, in authorize
    value = await ainput("Enter phone number or bot token: ", loop=self.loop)
            ^^^^^^^^^^^^^^^^^^^^^^^^^^^^^^^^^^^^^^^^^^^^^^^^^^^^^^^^^^^^^^^^^
  File "C:\Users\ezhik\PycharmProjects\PythonProject5\.venv\Lib\site-packages\pyrogram\utils.py", line 57, in ainput
    return await loop.run_in_executor(executor, func)
           ^^^^^^^^^^^^^^^^^^^^^^^^^^^^^^^^^^^^^^^^^^
  File "C:\Users\ezhik\AppData\Local\Programs\Python\Python313\Lib\concurrent\futures\thread.py", line 59, in run
    result = self.fn(*self.args, **self.kwargs)
  File "<frozen codecs>", line 325, in decode
UnicodeDecodeError: 'utf-8' codec can't decode byte 0xff in position 0: invalid start byte
