02:24:37 - StarvellBot - INFO - ✅ Логирование настроено
02:24:37 - StarvellBot - INFO - ============================================================
02:24:37 - StarvellBot - INFO - 🚀 StarvellBot Manager Starting...
02:24:37 - StarvellBot - INFO - ============================================================
02:24:37 - StarvellBot - INFO - 📋 Загрузка конфигурации...
02:24:37 - config_manager - INFO - ✅ Конфигурация загружена из config_data.json
02:24:38 - StarvellBot - INFO - 🚀 Запуск Telegram Manager...
02:24:38 - StarvellBot - INFO - 🤖 Инициализация StarvellBot...
02:24:38 - StarvellBot - INFO - ⚙️ Инициализация Service Manager...
02:24:38 - StarvellBot - INFO - ============================================================
02:24:38 - StarvellBot - INFO - ✅ Все компоненты инициализированы успешно!
02:24:38 - StarvellBot - INFO - ============================================================
02:24:38 - StarvellBot - INFO - 
02:24:38 - StarvellBot - INFO - 📱 Откройте Telegram бота для управления
02:24:38 - StarvellBot - INFO - 🎛️ Доступные команды:
02:24:38 - StarvellBot - INFO -    /start - начать работу
02:24:38 - StarvellBot - INFO -    /services - управление службами
02:24:38 - StarvellBot - INFO -    /config - редактирование настроек
02:24:38 - StarvellBot - INFO -    /status - статус служб
02:24:38 - StarvellBot - INFO -    /help - справка
02:24:38 - StarvellBot - INFO - 
02:24:38 - StarvellBot - INFO - ============================================================
02:24:38 - aiogram.dispatcher - INFO - Start polling
02:24:38 - aiogram.dispatcher - INFO - Run polling for bot @testzabwinobotsfadsgdsbot id=8298689795 - 'test'
02:24:39 - aiogram.event - INFO - Update id=826343603 is handled. Duration 277 ms by bot id=8298689795
02:24:40 - aiogram.event - INFO - Update id=826343604 is handled. Duration 147 ms by bot id=8298689795
02:24:41 - aiogram.event - INFO - Update id=826343605 is handled. Duration 146 ms by bot id=8298689795
02:24:42 - aiogram.event - INFO - Update id=826343606 is handled. Duration 248 ms by bot id=8298689795
02:24:43 - aiogram.event - INFO - Update id=826343607 is handled. Duration 148 ms by bot id=8298689795
02:24:53 - config_manager - INFO - ✅ Конфигурация сохранена в config_data.json
02:24:53 - aiogram.event - INFO - Update id=826343608 is handled. Duration 81 ms by bot id=8298689795
02:24:55 - aiogram.event - INFO - Update id=826343609 is handled. Duration 144 ms by bot id=8298689795
02:24:56 - aiogram.event - INFO - Update id=826343610 is handled. Duration 150 ms by bot id=8298689795
02:24:57 - aiogram.event - INFO - Update id=826343611 is handled. Duration 175 ms by bot id=8298689795
02:25:04 - aiogram.event - INFO - Update id=826343612 is handled. Duration 146 ms by bot id=8298689795
02:25:07 - aiogram.event - INFO - Update id=826343613 is handled. Duration 104 ms by bot id=8298689795
02:25:10 - aiogram.event - INFO - Update id=826343614 is handled. Duration 74 ms by bot id=8298689795
02:25:21 - config_manager - INFO - ✅ Конфигурация сохранена в config_data.json
02:25:21 - aiogram.event - INFO - Update id=826343615 is handled. Duration 86 ms by bot id=8298689795
02:25:23 - aiogram.event - INFO - Update id=826343616 is handled. Duration 141 ms by bot id=8298689795
02:25:54 - config_manager - INFO - ✅ Конфигурация сохранена в config_data.json
02:25:54 - aiogram.event - INFO - Update id=826343617 is handled. Duration 91 ms by bot id=8298689795
02:25:56 - aiogram.event - INFO - Update id=826343618 is handled. Duration 197 ms by bot id=8298689795
02:26:27 - aiogram.event - INFO - Update id=826343619 is handled. Duration 84 ms by bot id=8298689795
02:26:29 - config_manager - INFO - ✅ Конфигурация сохранена в config_data.json
02:26:29 - aiogram.event - INFO - Update id=826343620 is handled. Duration 87 ms by bot id=8298689795
02:26:37 - aiogram.event - INFO - Update id=826343621 is handled. Duration 303 ms by bot id=8298689795
02:26:38 - aiogram.event - INFO - Update id=826343622 is handled. Duration 144 ms by bot id=8298689795
02:27:20 - aiogram.event - INFO - Update id=826343623 is handled. Duration 158 ms by bot id=8298689795
02:27:24 - aiogram.event - INFO - Update id=826343624 is handled. Duration 143 ms by bot id=8298689795
02:27:26 - aiogram.event - INFO - Update id=826343625 is handled. Duration 173 ms by bot id=8298689795
02:27:49 - config_manager - INFO - ✅ Конфигурация сохранена в config_data.json
02:27:49 - aiogram.event - INFO - Update id=826343626 is handled. Duration 168 ms by bot id=8298689795
02:27:55 - aiogram.event - INFO - Update id=826343627 is handled. Duration 149 ms by bot id=8298689795
11:01:43 - aiogram.event - INFO - Update id=826343628 is handled. Duration 239 ms by bot id=8298689795
11:01:45 - aiogram.event - INFO - Update id=826343629 is handled. Duration 89 ms by bot id=8298689795
11:50:51 - aiogram.event - INFO - Update id=826343630 is handled. Duration 214 ms by bot id=8298689795
11:50:52 - aiogram.event - INFO - Update id=826343631 is handled. Duration 174 ms by bot id=8298689795
11:50:53 - aiogram.event - INFO - Update id=826343632 is handled. Duration 240 ms by bot id=8298689795
11:50:54 - aiogram.event - INFO - Update id=826343633 is handled. Duration 399 ms by bot id=8298689795
11:51:51 - aiogram.event - INFO - Update id=826343634 is handled. Duration 92 ms by bot id=8298689795
11:52:02 - config_manager - INFO - ✅ Конфигурация сохранена в config_data.json
11:52:02 - aiogram.event - INFO - Update id=826343635 is handled. Duration 168 ms by bot id=8298689795
11:52:05 - aiogram.event - INFO - Update id=826343636 is handled. Duration 169 ms by bot id=8298689795
11:54:51 - config_manager - INFO - ✅ Конфигурация сохранена в config_data.json
11:54:51 - aiogram.event - INFO - Update id=826343637 is handled. Duration 90 ms by bot id=8298689795
11:58:31 - aiogram.event - INFO - Update id=826343638 is handled. Duration 181 ms by bot id=8298689795
11:58:41 - aiogram.event - INFO - Update id=826343639 is handled. Duration 89 ms by bot id=8298689795
12:56:09 - aiogram.dispatcher - ERROR - Failed to fetch updates - TelegramNetworkError: HTTP Client says - ClientOSError: [WinError 1236] Подключение к сети было разорвано локальной системой
12:56:09 - aiogram.dispatcher - WARNING - Sleep for 1.000000 seconds and try again... (tryings = 0, bot id = 8298689795)
12:56:21 - aiogram.dispatcher - INFO - Connection established (tryings = 1, bot id = 8298689795)
19:00:46 - aiogram.event - INFO - Update id=826343640 is handled. Duration 268 ms by bot id=8298689795
19:00:47 - aiogram.event - INFO - Update id=826343641 is handled. Duration 134 ms by bot id=8298689795
19:00:55 - aiogram.event - INFO - Update id=826343642 is handled. Duration 165 ms by bot id=8298689795
19:00:56 - service_manager - INFO - ▶️ Запуск службы Orders Monitor...
19:00:56 - StarvellBot - INFO - 🟢 WebSocket connected
19:00:56 - StarvellBot - INFO - ⬅️  0{"sid":"DyFgRsKR9IeB0ZrcAM-Q","upgrades":[],"pingInterval":25000,"pingTimeout":20000,"maxPayload":1000000}
19:00:56 - StarvellBot - WARNING - ➡️  Connecting to namespace: /chats
19:00:56 - StarvellBot - WARNING - ➡️  Connecting to namespace: /user-notifications
19:00:56 - StarvellBot - WARNING - ➡️  Connecting to namespace: /orders
19:00:56 - StarvellBot - WARNING - ➡️  Connecting to namespace: /user-presence
19:00:56 - StarvellBot - WARNING - ➡️  Connecting to namespace: /online
19:00:56 - StarvellBot - INFO - ✅ WebSocket готов, запускаем проверку заказов
19:00:56 - StarvellBot - INFO - ⬅️  40/chats,{"sid":"IKM5mLaSk2IA82EaAM-R"}
19:00:56 - StarvellBot - INFO - ⬅️  40/user-notifications,{"sid":"LHpAa6jBifS1VVrcAM-S"}
19:00:56 - StarvellBot - INFO - ⬅️  40/orders,{"sid":"RfpFTw4m6YfNzZx1AM-T"}
19:00:56 - StarvellBot - INFO - ⬅️  40/user-presence,{"sid":"7Nrle90d8sAYKv82AM-U"}
19:00:56 - StarvellBot - INFO - ⬅️  40/online,{"sid":"Z8v8pIFDRslq5-xKAM-V"}
19:00:56 - service_manager - INFO - ✅ Служба Orders Monitor запущена
19:00:56 - aiogram.event - INFO - Update id=826343643 is handled. Duration 702 ms by bot id=8298689795
19:01:02 - aiogram.event - INFO - Update id=826343644 is handled. Duration 314 ms by bot id=8298689795
19:01:03 - aiogram.event - INFO - Update id=826343645 is handled. Duration 468 ms by bot id=8298689795
19:01:03 - service_manager - INFO - ▶️ Запуск службы Price Dumper...
19:01:03 - StarvellBot - INFO - ✅ WebSocket готов, запускаем автопонижение цен
19:01:03 - StarvellBot - INFO - 🔄 Проверяем цены...
19:01:03 - service_manager - INFO - ✅ Служба Price Dumper запущена
19:01:04 - StarvellBot - INFO - Успешно парсили ордеры
19:01:04 - StarvellBot - INFO - 📦 Найдено 2 наших предложений
19:01:04 - aiogram.event - INFO - Update id=826343646 is handled. Duration 700 ms by bot id=8298689795
19:01:04 - StarvellBot - INFO - ✅ Цена обновлена: 89.4₽ (ID: 158555)
19:01:05 - StarvellBot - INFO - 📊 Обрабатываем предложение 158554: 50 звёзд по 61.9₽
19:01:05 - StarvellBot - INFO - 📊 Получено 19 предложений конкурентов
19:01:05 - StarvellBot - INFO - ✅ Проверка цен завершена
19:01:10 - aiogram.dispatcher - INFO - Polling stopped
