14:24:45 - StarvellBot - INFO - ✅ Логирование настроено
14:24:45 - StarvellBot - INFO - ============================================================
14:24:45 - StarvellBot - INFO - 🚀 StarvellBot Manager Starting...
14:24:45 - StarvellBot - INFO - ============================================================
14:24:45 - StarvellBot - INFO - 📋 Загрузка конфигурации...
14:24:45 - config_manager - INFO - ✅ Конфигурация загружена из config_data.json
14:24:46 - pyrogram.crypto.aes - WARNING - TgCrypto is missing! Pyrogram will work the same, but at a much slower speed. More info: https://docs.pyrogram.org/topics/speedups
14:24:47 - StarvellBot - INFO - 🚀 Запуск Telegram Manager...
14:24:47 - StarvellBot - INFO - 🤖 Инициализация StarvellBot...
14:24:47 - StarvellBot - INFO - ⚙️ Инициализация Service Manager...
14:24:47 - StarvellBot - INFO - ============================================================
14:24:47 - StarvellBot - INFO - ✅ Все компоненты инициализированы успешно!
14:24:47 - StarvellBot - INFO - ============================================================
14:24:47 - StarvellBot - INFO - 
14:24:47 - StarvellBot - INFO - 📱 Откройте Telegram бота для управления
14:24:47 - StarvellBot - INFO - 🎛️ Доступные команды:
14:24:47 - StarvellBot - INFO -    /start - начать работу
14:24:47 - StarvellBot - INFO -    /services - управление службами
14:24:47 - StarvellBot - INFO -    /config - редактирование настроек
14:24:47 - StarvellBot - INFO -    /status - статус служб
14:24:47 - StarvellBot - INFO -    /help - справка
14:24:47 - StarvellBot - INFO - 
14:24:47 - StarvellBot - INFO - ============================================================
14:24:47 - aiogram.dispatcher - INFO - Start polling
14:24:47 - asyncio - ERROR - Task exception was never retrieved
future: <Task finished name='Task-2' coro=<StarsAPIGiver.init_sessions() done, defined at C:\Users\ezhik\PycharmProjects\PythonProject5\stars_api_giver.py:23> exception=TypeError("'NoneType' object is not iterable")>
Traceback (most recent call last):
  File "C:\Users\ezhik\PycharmProjects\PythonProject5\stars_api_giver.py", line 25, in init_sessions
    for session in sessions:
                   ^^^^^^^^
TypeError: 'NoneType' object is not iterable
14:24:47 - aiogram.dispatcher - INFO - Run polling for bot @testzabwinobotsfadsgdsbot id=8298689795 - 'test'
14:24:59 - aiogram.event - INFO - Update id=826343701 is handled. Duration 234 ms by bot id=8298689795
14:25:00 - aiogram.event - INFO - Update id=826343702 is handled. Duration 296 ms by bot id=8298689795
14:25:06 - aiogram.event - INFO - Update id=826343703 is handled. Duration 247 ms by bot id=8298689795
14:26:45 - aiogram.dispatcher - INFO - Polling stopped
