02:36:59 - StarvellBot - INFO - ✅ Логирование настроено
02:36:59 - StarvellBot - INFO - ============================================================
02:36:59 - StarvellBot - INFO - 🚀 StarvellBot Manager Starting...
02:36:59 - StarvellBot - INFO - ============================================================
02:36:59 - StarvellBot - INFO - 📋 Загрузка конфигурации...
02:36:59 - config_manager - INFO - ✅ Конфигурация загружена из config_data.json
02:37:00 - StarvellBot - INFO - 🚀 Запуск Telegram Manager...
02:37:00 - StarvellBot - INFO - 🤖 Инициализация StarvellBot...
02:37:00 - StarvellBot - INFO - ⚙️ Инициализация Service Manager...
02:37:00 - StarvellBot - INFO - ============================================================
02:37:00 - StarvellBot - INFO - ✅ Все компоненты инициализированы успешно!
02:37:00 - StarvellBot - INFO - ============================================================
02:37:00 - StarvellBot - INFO - 
02:37:00 - StarvellBot - INFO - 📱 Откройте Telegram бота для управления
02:37:00 - StarvellBot - INFO - 🎛️ Доступные команды:
02:37:00 - StarvellBot - INFO -    /start - начать работу
02:37:00 - StarvellBot - INFO -    /services - управление службами
02:37:00 - StarvellBot - INFO -    /config - редактирование настроек
02:37:00 - StarvellBot - INFO -    /status - статус служб
02:37:00 - StarvellBot - INFO -    /help - справка
02:37:00 - StarvellBot - INFO - 
02:37:00 - StarvellBot - INFO - ============================================================
02:37:00 - aiogram.dispatcher - INFO - Start polling
02:37:00 - pyrogram.session.auth - INFO - Start creating a new auth key on DC2
02:37:00 - pyrogram.connection.connection - INFO - Connecting...
02:37:00 - pyrogram.connection.connection - INFO - Connected! Production DC2 - IPv4
02:37:01 - aiogram.dispatcher - INFO - Run polling for bot @testzabwinobotsfadsgdsbot id=8298689795 - 'test'
02:37:02 - pyrogram.session.auth - INFO - Done auth key exchange: DhGenOk
02:37:02 - pyrogram.connection.connection - INFO - Disconnected
02:37:02 - pyrogram.connection.connection - INFO - Connecting...
02:37:02 - pyrogram.connection.connection - INFO - Connected! Production DC2 - IPv4
02:37:02 - pyrogram.session.session - INFO - NetworkTask started
02:37:02 - pyrogram.client - INFO - Time synced: 2026-02-28 02:37:03.503922
02:37:02 - pyrogram.session.session - INFO - Session initialized: Pyrogram v2.2.19 (Layer 222)
02:37:02 - pyrogram.session.session - INFO - Device: CPython 3.13.5 - Pyrogram 2.2.19
02:37:02 - pyrogram.session.session - INFO - System: Windows 10 (en)
02:37:02 - pyrogram.session.session - INFO - Session started
02:37:02 - pyrogram.session.session - INFO - PingTask started
02:37:03 - aiogram.event - INFO - Update id=826344130 is handled. Duration 198 ms by bot id=8298689795
02:37:05 - aiogram.event - INFO - Update id=826344131 is handled. Duration 76 ms by bot id=8298689795
02:37:11 - aiogram.event - INFO - Update id=826344132 is handled. Duration 327 ms by bot id=8298689795
02:37:16 - aiogram.event - INFO - Update id=826344133 is handled. Duration 142 ms by bot id=8298689795
02:37:17 - aiogram.event - INFO - Update id=826344134 is handled. Duration 140 ms by bot id=8298689795
02:37:19 - aiogram.event - INFO - Update id=826344135 is handled. Duration 142 ms by bot id=8298689795
02:37:19 - config_manager - INFO - ✅ Конфигурация сохранена в config_data.json
02:37:20 - aiogram.event - INFO - Update id=826344136 is handled. Duration 142 ms by bot id=8298689795
02:37:21 - aiogram.event - INFO - Update id=826344137 is handled. Duration 145 ms by bot id=8298689795
02:37:27 - aiogram.event - INFO - Update id=826344138 is handled. Duration 141 ms by bot id=8298689795
02:37:46 - config_manager - INFO - ✅ Конфигурация сохранена в config_data.json
02:37:46 - aiogram.event - INFO - Update id=826344139 is handled. Duration 159 ms by bot id=8298689795
02:38:14 - config_manager - INFO - ✅ Конфигурация сохранена в config_data.json
02:38:15 - aiogram.event - INFO - Update id=826344140 is handled. Duration 158 ms by bot id=8298689795
02:38:17 - aiogram.event - INFO - Update id=826344141 is handled. Duration 235 ms by bot id=8298689795
02:38:19 - config_manager - INFO - ✅ Конфигурация сохранена в config_data.json
02:38:19 - aiogram.event - INFO - Update id=826344142 is handled. Duration 152 ms by bot id=8298689795
02:38:22 - config_manager - INFO - ✅ Конфигурация сохранена в config_data.json
02:38:22 - aiogram.event - INFO - Update id=826344143 is handled. Duration 156 ms by bot id=8298689795
02:38:23 - aiogram.event - INFO - Update id=826344144 is handled. Duration 141 ms by bot id=8298689795
02:40:55 - aiogram.event - INFO - Update id=826344145 is handled. Duration 160 ms by bot id=8298689795
02:40:56 - aiogram.event - INFO - Update id=826344146 is handled. Duration 144 ms by bot id=8298689795
02:40:57 - aiogram.event - INFO - Update id=826344147 is handled. Duration 290 ms by bot id=8298689795
02:40:57 - config_manager - INFO - ✅ Конфигурация сохранена в config_data.json
02:40:57 - aiogram.event - INFO - Update id=826344148 is handled. Duration 141 ms by bot id=8298689795
02:40:59 - aiogram.event - INFO - Update id=826344149 is handled. Duration 141 ms by bot id=8298689795
02:41:03 - aiogram.event - INFO - Update id=826344150 is handled. Duration 262 ms by bot id=8298689795
02:41:07 - config_manager - INFO - ✅ Конфигурация сохранена в config_data.json
02:41:07 - aiogram.event - INFO - Update id=826344151 is handled. Duration 180 ms by bot id=8298689795
02:41:09 - config_manager - INFO - ✅ Конфигурация сохранена в config_data.json
02:41:09 - aiogram.event - INFO - Update id=826344152 is handled. Duration 160 ms by bot id=8298689795
02:41:11 - aiogram.event - INFO - Update id=826344153 is handled. Duration 166 ms by bot id=8298689795
02:41:14 - config_manager - INFO - ✅ Конфигурация сохранена в config_data.json
02:41:14 - aiogram.event - INFO - Update id=826344154 is handled. Duration 180 ms by bot id=8298689795
02:41:33 - config_manager - INFO - ✅ Конфигурация сохранена в config_data.json
02:41:34 - aiogram.event - INFO - Update id=826344155 is handled. Duration 157 ms by bot id=8298689795
02:41:35 - aiogram.event - INFO - Update id=826344156 is handled. Duration 139 ms by bot id=8298689795
02:42:21 - aiogram.dispatcher - INFO - Polling stopped
02:42:21 - pyrogram.session.session - INFO - PingTask stopped
02:42:21 - pyrogram.session.session - INFO - NetworkTask stopped
02:42:21 - pyrogram.connection.connection - INFO - Disconnected
02:42:21 - pyrogram.session.session - INFO - Session stopped
02:42:21 - asyncio - ERROR - Task exception was never retrieved
future: <Task finished name='Task-2' coro=<StarsAPIGiver.init_sessions() done, defined at C:\Users\ezhik\PycharmProjects\PythonProject5\stars_api_giver.py:28> exception=UnicodeDecodeError('utf-8', b'\xff', 0, 1, 'invalid start byte')>
Traceback (most recent call last):
  File "C:\Users\ezhik\PycharmProjects\PythonProject5\stars_api_giver.py", line 32, in init_sessions
    self.balances[session] = await self.get_star_balance(session)
                             ^^^^^^^^^^^^^^^^^^^^^^^^^^^^^^^^^^^^
  File "C:\Users\ezhik\PycharmProjects\PythonProject5\stars_api_giver.py", line 36, in get_star_balance
    async with Client(session, self.api_id, self.api_hash) as app:
               ~~~~~~^^^^^^^^^^^^^^^^^^^^^^^^^^^^^^^^^^^^^
  File "C:\Users\ezhik\PycharmProjects\PythonProject5\.venv\Lib\site-packages\pyrogram\client.py", line 441, in __aenter__
    return await self.start()
           ^^^^^^^^^^^^^^^^^^
  File "C:\Users\ezhik\PycharmProjects\PythonProject5\.venv\Lib\site-packages\pyrogram\methods\utilities\start.py", line 89, in start
    await self.authorize()
  File "C:\Users\ezhik\PycharmProjects\PythonProject5\.venv\Lib\site-packages\pyrogram\client.py", line 474, in authorize
    value = await ainput("Enter phone number or bot token: ", loop=self.loop)
            ^^^^^^^^^^^^^^^^^^^^^^^^^^^^^^^^^^^^^^^^^^^^^^^^^^^^^^^^^^^^^^^^^
  File "C:\Users\ezhik\PycharmProjects\PythonProject5\.venv\Lib\site-packages\pyrogram\utils.py", line 57, in ainput
    return await loop.run_in_executor(executor, func)
           ^^^^^^^^^^^^^^^^^^^^^^^^^^^^^^^^^^^^^^^^^^
  File "C:\Users\ezhik\AppData\Local\Programs\Python\Python313\Lib\concurrent\futures\thread.py", line 59, in run
    result = self.fn(*self.args, **self.kwargs)
  File "<frozen codecs>", line 325, in decode
UnicodeDecodeError: 'utf-8' codec can't decode byte 0xff in position 0: invalid start byte
