10:57:56 - StarvellBot - INFO - ✅ Логирование настроено
10:57:56 - StarvellBot - INFO - ============================================================
10:57:56 - StarvellBot - INFO - 🚀 StarvellBot Manager Starting...
10:57:56 - StarvellBot - INFO - ============================================================
10:57:56 - StarvellBot - INFO - 📋 Загрузка конфигурации...
10:57:56 - config_manager - INFO - ✅ Конфигурация загружена из config_data.json
10:57:57 - StarvellBot - INFO - 🚀 Запуск Telegram Manager...
10:57:57 - StarvellBot - INFO - 🤖 Инициализация StarvellBot...
10:57:57 - StarvellBot - INFO - ⚙️ Инициализация Service Manager...
10:57:57 - StarvellBot - INFO - ============================================================
10:57:57 - StarvellBot - INFO - ✅ Все компоненты инициализированы успешно!
10:57:57 - StarvellBot - INFO - ============================================================
10:57:57 - StarvellBot - INFO - 
10:57:57 - StarvellBot - INFO - 📱 Откройте Telegram бота для управления
10:57:57 - StarvellBot - INFO - 🎛️ Доступные команды:
10:57:57 - StarvellBot - INFO -    /start - начать работу
10:57:57 - StarvellBot - INFO -    /services - управление службами
10:57:57 - StarvellBot - INFO -    /config - редактирование настроек
10:57:57 - StarvellBot - INFO -    /status - статус служб
10:57:57 - StarvellBot - INFO -    /help - справка
10:57:57 - StarvellBot - INFO - 
10:57:57 - StarvellBot - INFO - ============================================================
10:57:57 - aiogram.dispatcher - INFO - Start polling
10:57:57 - pyrogram.session.auth - INFO - Start creating a new auth key on DC2
10:57:57 - pyrogram.connection.connection - INFO - Connecting...
10:57:57 - pyrogram.connection.connection - INFO - Connected! Production DC2 - IPv4
10:57:58 - aiogram.dispatcher - INFO - Run polling for bot @testzabwinobotsfadsgdsbot id=8298689795 - 'test'
10:57:59 - pyrogram.session.auth - INFO - Done auth key exchange: DhGenOk
10:57:59 - pyrogram.connection.connection - INFO - Disconnected
10:57:59 - pyrogram.connection.connection - INFO - Connecting...
10:57:59 - pyrogram.connection.connection - INFO - Connected! Production DC2 - IPv4
10:57:59 - pyrogram.session.session - INFO - NetworkTask started
10:57:59 - pyrogram.client - INFO - Time synced: 2026-02-28 10:58:00.143939
10:57:59 - aiogram.event - INFO - Update id=826344184 is handled. Duration 220 ms by bot id=8298689795
10:57:59 - pyrogram.session.session - INFO - Session initialized: Pyrogram v2.2.19 (Layer 222)
10:57:59 - pyrogram.session.session - INFO - Device: CPython 3.13.5 - Pyrogram 2.2.19
10:57:59 - pyrogram.session.session - INFO - System: Windows 10 (en)
10:57:59 - pyrogram.session.session - INFO - Session started
10:57:59 - pyrogram.session.session - INFO - PingTask started
10:58:02 - aiogram.event - INFO - Update id=826344185 is handled. Duration 82 ms by bot id=8298689795
10:58:06 - aiogram.event - INFO - Update id=826344186 is handled. Duration 157 ms by bot id=8298689795
10:58:07 - aiogram.event - INFO - Update id=826344187 is handled. Duration 156 ms by bot id=8298689795
10:58:08 - aiogram.event - INFO - Update id=826344188 is handled. Duration 357 ms by bot id=8298689795
10:58:12 - aiogram.event - INFO - Update id=826344189 is handled. Duration 149 ms by bot id=8298689795
10:58:14 - config_manager - INFO - ✅ Конфигурация сохранена в config_data.json
10:58:14 - aiogram.event - INFO - Update id=826344190 is handled. Duration 320 ms by bot id=8298689795
10:58:15 - aiogram.event - INFO - Update id=826344191 is handled. Duration 191 ms by bot id=8298689795
10:58:16 - aiogram.event - INFO - Update id=826344192 is handled. Duration 170 ms by bot id=8298689795
10:58:21 - config_manager - INFO - ✅ Конфигурация сохранена в config_data.json
10:58:21 - aiogram.event - INFO - Update id=826344193 is handled. Duration 172 ms by bot id=8298689795
10:58:26 - config_manager - INFO - ✅ Конфигурация сохранена в config_data.json
10:58:26 - aiogram.event - INFO - Update id=826344194 is handled. Duration 172 ms by bot id=8298689795
10:58:28 - aiogram.event - INFO - Update id=826344195 is handled. Duration 171 ms by bot id=8298689795
10:58:32 - config_manager - INFO - ✅ Конфигурация сохранена в config_data.json
10:58:32 - aiogram.event - INFO - Update id=826344196 is handled. Duration 176 ms by bot id=8298689795
10:58:47 - aiogram.event - INFO - Update id=826344197 is handled. Duration 151 ms by bot id=8298689795
10:58:49 - aiogram.event - INFO - Update id=826344198 is handled. Duration 150 ms by bot id=8298689795
10:58:50 - aiogram.event - INFO - Update id=826344199 is handled. Duration 156 ms by bot id=8298689795
10:58:51 - config_manager - INFO - ✅ Конфигурация сохранена в config_data.json
10:58:51 - aiogram.event - INFO - Update id=826344200 is handled. Duration 240 ms by bot id=8298689795
10:58:51 - aiogram.event - INFO - Update id=826344201 is handled. Duration 156 ms by bot id=8298689795
11:00:10 - aiogram.event - INFO - Update id=826344202 is handled. Duration 160 ms by bot id=8298689795
11:00:17 - config_manager - INFO - ✅ Конфигурация сохранена в config_data.json
11:00:17 - aiogram.event - INFO - Update id=826344203 is handled. Duration 190 ms by bot id=8298689795
11:00:19 - config_manager - INFO - ✅ Конфигурация сохранена в config_data.json
11:00:19 - aiogram.event - INFO - Update id=826344204 is handled. Duration 186 ms by bot id=8298689795
11:00:20 - config_manager - INFO - ✅ Конфигурация сохранена в config_data.json
11:00:21 - aiogram.event - INFO - Update id=826344205 is handled. Duration 168 ms by bot id=8298689795
11:00:22 - config_manager - INFO - ✅ Конфигурация сохранена в config_data.json
11:00:22 - aiogram.event - INFO - Update id=826344206 is handled. Duration 282 ms by bot id=8298689795
11:00:23 - config_manager - INFO - ✅ Конфигурация сохранена в config_data.json
11:00:24 - aiogram.event - INFO - Update id=826344207 is handled. Duration 244 ms by bot id=8298689795
11:00:25 - aiogram.event - INFO - Update id=826344208 is handled. Duration 341 ms by bot id=8298689795
11:00:26 - aiogram.event - INFO - Update id=826344209 is handled. Duration 206 ms by bot id=8298689795
11:00:30 - config_manager - INFO - ✅ Конфигурация сохранена в config_data.json
11:00:30 - aiogram.event - INFO - Update id=826344210 is handled. Duration 166 ms by bot id=8298689795
11:00:39 - config_manager - INFO - ✅ Конфигурация сохранена в config_data.json
11:00:39 - aiogram.event - INFO - Update id=826344211 is handled. Duration 176 ms by bot id=8298689795
11:00:42 - aiogram.event - INFO - Update id=826344212 is handled. Duration 252 ms by bot id=8298689795
11:00:44 - config_manager - INFO - ✅ Конфигурация сохранена в config_data.json
11:00:44 - aiogram.event - INFO - Update id=826344213 is handled. Duration 166 ms by bot id=8298689795
11:01:46 - config_manager - INFO - ✅ Конфигурация сохранена в config_data.json
11:01:46 - aiogram.event - INFO - Update id=826344214 is handled. Duration 197 ms by bot id=8298689795
11:01:47 - aiogram.event - INFO - Update id=826344215 is handled. Duration 198 ms by bot id=8298689795
11:01:48 - aiogram.event - INFO - Update id=826344216 is handled. Duration 152 ms by bot id=8298689795
11:01:49 - aiogram.event - INFO - Update id=826344217 is handled. Duration 235 ms by bot id=8298689795
11:02:33 - aiogram.dispatcher - INFO - Polling stopped
11:02:33 - pyrogram.session.session - INFO - PingTask stopped
11:02:33 - pyrogram.session.session - INFO - NetworkTask stopped
11:02:33 - pyrogram.connection.connection - INFO - Disconnected
11:02:33 - pyrogram.session.session - INFO - Session stopped
11:02:33 - asyncio - ERROR - Task exception was never retrieved
future: <Task finished name='Task-2' coro=<StarsAPIGiver.init_sessions() done, defined at C:\Users\ezhik\PycharmProjects\PythonProject5\stars_api_giver.py:28> exception=UnicodeDecodeError('utf-8', b'\xff', 0, 1, 'invalid start byte')>
Traceback (most recent call last):
  File "C:\Users\ezhik\PycharmProjects\PythonProject5\stars_api_giver.py", line 32, in init_sessions
    self.balances[session] = await self.get_star_balance(session)
                             ^^^^^^^^^^^^^^^^^^^^^^^^^^^^^^^^^^^^
  File "C:\Users\ezhik\PycharmProjects\PythonProject5\stars_api_giver.py", line 36, in get_star_balance
    async with Client(session, self.api_id, self.api_hash) as app:
               ~~~~~~^^^^^^^^^^^^^^^^^^^^^^^^^^^^^^^^^^^^^
  File "C:\Users\ezhik\PycharmProjects\PythonProject5\.venv\Lib\site-packages\pyrogram\client.py", line 441, in __aenter__
    return await self.start()
           ^^^^^^^^^^^^^^^^^^
  File "C:\Users\ezhik\PycharmProjects\PythonProject5\.venv\Lib\site-packages\pyrogram\methods\utilities\start.py", line 89, in start
    await self.authorize()
  File "C:\Users\ezhik\PycharmProjects\PythonProject5\.venv\Lib\site-packages\pyrogram\client.py", line 474, in authorize
    value = await ainput("Enter phone number or bot token: ", loop=self.loop)
            ^^^^^^^^^^^^^^^^^^^^^^^^^^^^^^^^^^^^^^^^^^^^^^^^^^^^^^^^^^^^^^^^^
  File "C:\Users\ezhik\PycharmProjects\PythonProject5\.venv\Lib\site-packages\pyrogram\utils.py", line 57, in ainput
    return await loop.run_in_executor(executor, func)
           ^^^^^^^^^^^^^^^^^^^^^^^^^^^^^^^^^^^^^^^^^^
  File "C:\Users\ezhik\AppData\Local\Programs\Python\Python313\Lib\concurrent\futures\thread.py", line 59, in run
    result = self.fn(*self.args, **self.kwargs)
  File "<frozen codecs>", line 325, in decode
UnicodeDecodeError: 'utf-8' codec can't decode byte 0xff in position 0: invalid start byte
