21:45:52 - StarvellBot - INFO - ✅ Логирование настроено
21:45:52 - StarvellBot - INFO - ============================================================
21:45:52 - StarvellBot - INFO - 🚀 StarvellBot Manager Starting...
21:45:52 - StarvellBot - INFO - ============================================================
21:45:52 - StarvellBot - INFO - 📋 Загрузка конфигурации...
21:45:52 - config_manager - INFO - ✅ Конфигурация загружена из config_data.json
21:45:54 - StarvellBot - INFO - 🚀 Запуск Telegram Manager...
21:45:54 - StarvellBot - INFO - 🤖 Инициализация StarvellBot...
21:45:54 - StarvellBot - INFO - ⚙️ Инициализация Service Manager...
21:45:54 - StarvellBot - INFO - ============================================================
21:45:54 - StarvellBot - INFO - ✅ Все компоненты инициализированы успешно!
21:45:54 - StarvellBot - INFO - ============================================================
21:45:54 - StarvellBot - INFO - 
21:45:54 - StarvellBot - INFO - 📱 Откройте Telegram бота для управления
21:45:54 - StarvellBot - INFO - 🎛️ Доступные команды:
21:45:54 - StarvellBot - INFO -    /start - начать работу
21:45:54 - StarvellBot - INFO -    /services - управление службами
21:45:54 - StarvellBot - INFO -    /config - редактирование настроек
21:45:54 - StarvellBot - INFO -    /status - статус служб
21:45:54 - StarvellBot - INFO -    /help - справка
21:45:54 - StarvellBot - INFO - 
21:45:54 - StarvellBot - INFO - ============================================================
21:45:54 - aiogram.dispatcher - INFO - Start polling
21:45:54 - aiogram.dispatcher - INFO - Run polling for bot @testzabwinobotsfadsgdsbot id=8298689795 - 'test'
21:45:54 - aiogram.event - INFO - Update id=826344898 is handled. Duration 249 ms by bot id=8298689795
21:45:54 - aiogram.event - INFO - Update id=826344897 is handled. Duration 365 ms by bot id=8298689795
21:45:55 - aiogram.event - INFO - Update id=826344899 is handled. Duration 170 ms by bot id=8298689795
21:45:56 - service_manager - INFO - ▶️ Запуск службы Orders Monitor...
21:45:56 - StarvellBot - INFO - 🟢 WebSocket connected
21:45:56 - StarvellBot - INFO - ✅ WebSocket готов, запускаем проверку заказов
21:45:56 - StarvellBot - INFO - ⬅️  0{"sid":"7e4SJHv9Mswt63ybAe9P","upgrades":[],"pingInterval":25000,"pingTimeout":20000,"maxPayload":1000000}
21:45:56 - StarvellBot - WARNING - ➡️  Connecting to namespace: /chats
21:45:56 - StarvellBot - WARNING - ➡️  Connecting to namespace: /user-notifications
21:45:56 - StarvellBot - WARNING - ➡️  Connecting to namespace: /orders
21:45:56 - StarvellBot - WARNING - ➡️  Connecting to namespace: /user-presence
21:45:56 - StarvellBot - WARNING - ➡️  Connecting to namespace: /online
21:45:56 - StarvellBot - INFO - ⬅️  40/chats,{"sid":"MisWu4R-opudnjE-Ae9Q"}
21:45:56 - StarvellBot - INFO - ⬅️  40/user-notifications,{"sid":"ksEARsKOGoiNAqQoAe9R"}
21:45:56 - StarvellBot - INFO - ⬅️  40/orders,{"sid":"fhjWWU6JnUBSyB0KAe9S"}
21:45:56 - StarvellBot - INFO - ⬅️  40/user-presence,{"sid":"Cf39pK6wWaDNJL1GAe9T"}
21:45:56 - StarvellBot - INFO - ⬅️  40/online,{"sid":"060skZk4Co5ZaFxCAe9U"}
21:45:57 - service_manager - INFO - ✅ Служба Orders Monitor запущена
21:45:57 - aiogram.event - INFO - Update id=826344900 is handled. Duration 695 ms by bot id=8298689795
21:46:17 - StarvellBot - INFO - ⬅️  42/chats,["message_created",{"id":"019caab9-0461-6744-ef8e-e55c7e97fefa","content":"","type":"NOTIFICATION","metadata":{"orderId":"019caab6-f373-bdf9-502b-6ecb83928388","notificationType":"ORDER_REFUND"},"isHidden":false,"images":[],"authorId":null,"buyerId":152876,"sellerId":139527,"adminId":null,"chatId":"019c2109-ea20-da88-5085-3849eef57778","visibleTo":null,"createdAt":"2026-03-01T18:46:17.943Z","updatedAt":"2026-03-01T18:46:17.943Z","author":null,"buyer":{"id":152876,"username":"xezz"},"seller":{"id":139527,"username":"Bronto"},"admin":null,"order":{"id":"019caab6-f373-bdf9-502b-6ecb83928388","quantity":1,"totalPrice":4021,"status":"REFUND","refundedAt":"2026-03-01T18:46:17.950Z","refundReasonCode":null,"orderArgs":[{"id":"959d1d7b-1a35-429c-98a1-c9a753579a43","value":"ezhiqq","nameRu":"Telegram Username"}],"offerDetails":{"game":{"id":14,"name":"Telegram","slug":"telegram"},"type":"LOT","images":[{"id":"ef9a8163-b1a9-4558-bd04-362b1dfe43e1","width":289,"height":291,"extension":"jpg"},{"id":"18da3a42-7827-426c-9e23-27e70f5a8203","width":248,"height":294,"extension":"jpg"}],"category":{"id":182,"name":"Звёзды","slug":"stars","currencyDisplayUnits":null},"attributes":[{"id":"2c2c2dc0-93fd-4cdc-8bb6-c3fb0e79612a","value":{"id":"9abe5573-3184-401c-8bec-de0d8dd38529","nameRu":"Подарком"},"nameRu":"Способ получения"}],"subCategory":{"id":642,"name":"21 звезда"},"availability":99999979,"deliveryTime":{"to":{"unit":"MINUTES","value":5},"from":{"unit":"MINUTES","value":1}},"descriptions":{"rus":{"description":"⭐Вы получаете любой подарок за 25 звёзд на ваш выбор (Подарок или Розу)\n\nПроцесс выполнения:\n1️⃣ Оплачиваете заказ\n2️⃣ Пишите ваш юзернейм @username в чат и какой подарок вы хотите\n3️⃣ Я выполняю пополнение\n4️⃣ Проверяете → Подтверждаете\n\n⚠️ Важно: Проверьте правильность введённого @username. Ошибки могут привести к зачислению звёзд на другой аккаунт, и возврат средств будет невозможен.\n\nid: 21stars"}},"instantDelivery":false}},"dispute":null}]
21:46:17 - StarvellBot - INFO - ⬅️  42/user-notifications,["sale_update",{"orderId":"019caab6-f373-bdf9-502b-6ecb83928388","delta":-1}]
21:46:17 - StarvellBot - WARNING - 💸 Order refunded: 019caab6-f373-bdf9-502b-6ecb83928388 (delta: -1)
21:46:17 - StarvellBot - INFO - ⬅️  42/chats,["chat_read",{"lastReadAt":"2026-03-01T18:46:18.225Z","chatId":"019c2109-ea20-da88-5085-3849eef57778"}]
21:46:17 - StarvellBot - INFO - ⬅️  42/chats,["chat_read",{"lastReadAt":"2026-03-01T18:46:18.243Z","chatId":"019c2109-ea20-da88-5085-3849eef57778"}]
21:46:17 - StarvellBot - INFO - ⬅️  42/chats,["message_created",{"id":"019caab9-0567-9fe7-43ad-3fc2c00fd4c5","content":"❌ К сожалению, ваш заказ был отменен и средства возвращены.\n\nЕсли у вас возникли вопросы, пожалуйста, свяжитесь с поддержкой.","type":"DEFAULT","metadata":null,"isHidden":false,"images":[],"authorId":139527,"buyerId":null,"sellerId":null,"adminId":null,"chatId":"019c2109-ea20-da88-5085-3849eef57778","visibleTo":null,"createdAt":"2026-03-01T18:46:18.215Z","updatedAt":"2026-03-01T18:46:18.215Z","author":{"id":139527,"username":"Bronto","roles":[]},"buyer":null,"seller":null,"admin":null,"order":null,"dispute":null}]
21:46:17 - StarvellBot - INFO - ⬅️  42/chats,["chat_read",{"lastReadAt":"2026-03-01T18:46:18.404Z","chatId":"019c2109-ea20-da88-5085-3849eef57778"}]
21:46:21 - StarvellBot - INFO - ⬅️  2
21:46:41 - StarvellBot - INFO - ⬅️  42/user-notifications,["sale_update",{"orderId":"019caab9-6224-73b3-7a3d-c63c6a91ff3f","delta":1}]
21:46:41 - StarvellBot - INFO - 🛒 NEW ORDER!
21:46:41 - StarvellBot - INFO - Order ID: 019caab9-6224-73b3-7a3d-c63c6a91ff3f
21:46:41 - StarvellBot - INFO - ⚙️  Processing order 019caab9-6224-73b3-7a3d-c63c6a91ff3f...
21:46:41 - StarvellBot - INFO - ⬅️  42/chats,["message_created",{"id":"019caab9-6239-5e94-ab81-29fbe8eeb559","content":"","type":"NOTIFICATION","metadata":{"orderId":"019caab9-6224-73b3-7a3d-c63c6a91ff3f","notificationType":"ORDER_PAYMENT"},"isHidden":false,"images":[],"authorId":null,"buyerId":152876,"sellerId":null,"adminId":null,"chatId":"019c2109-ea20-da88-5085-3849eef57778","visibleTo":null,"createdAt":"2026-03-01T18:46:41.942Z","updatedAt":"2026-03-01T18:46:41.942Z","author":null,"buyer":{"id":152876,"username":"xezz"},"seller":null,"admin":null,"order":{"id":"019caab9-6224-73b3-7a3d-c63c6a91ff3f","quantity":1,"totalPrice":4021,"status":"CREATED","refundedAt":null,"refundReasonCode":null,"orderArgs":[{"id":"959d1d7b-1a35-429c-98a1-c9a753579a43","value":"ezhiqq","nameRu":"Telegram Username"}],"offerDetails":{"game":{"id":14,"name":"Telegram","slug":"telegram"},"type":"LOT","images":[{"id":"ef9a8163-b1a9-4558-bd04-362b1dfe43e1","width":289,"height":291,"extension":"jpg"},{"id":"18da3a42-7827-426c-9e23-27e70f5a8203","width":248,"height":294,"extension":"jpg"}],"category":{"id":182,"name":"Звёзды","slug":"stars","currencyDisplayUnits":null},"attributes":[{"id":"2c2c2dc0-93fd-4cdc-8bb6-c3fb0e79612a","value":{"id":"9abe5573-3184-401c-8bec-de0d8dd38529","nameRu":"Подарком"},"nameRu":"Способ получения"}],"subCategory":{"id":642,"name":"21 звезда"},"availability":99999978,"deliveryTime":{"to":{"unit":"MINUTES","value":5},"from":{"unit":"MINUTES","value":1}},"descriptions":{"rus":{"description":"⭐Вы получаете любой подарок за 25 звёзд на ваш выбор (Подарок или Розу)\n\nПроцесс выполнения:\n1️⃣ Оплачиваете заказ\n2️⃣ Пишите ваш юзернейм @username в чат и какой подарок вы хотите\n3️⃣ Я выполняю пополнение\n4️⃣ Проверяете → Подтверждаете\n\n⚠️ Важно: Проверьте правильность введённого @username. Ошибки могут привести к зачислению звёзд на другой аккаунт, и возврат средств будет невозможен.\n\nid: 21stars"}},"instantDelivery":false}},"dispute":null}]
21:46:41 - StarvellBot - INFO - ⬅️  42/chats,["message_created",{"id":"019caab9-624c-f84f-07fb-ee0b95e08beb","content":"е","type":"DEFAULT","metadata":{"isAutoResponse":true},"isHidden":false,"images":[],"authorId":139527,"buyerId":null,"sellerId":null,"adminId":null,"chatId":"019c2109-ea20-da88-5085-3849eef57778","visibleTo":null,"createdAt":"2026-03-01T18:46:41.996Z","updatedAt":"2026-03-01T18:46:41.942Z","author":{"id":139527,"username":"Bronto","roles":[]}}]
21:46:41 - StarvellBot - INFO - ⬅️  42/chats,["chat_read",{"lastReadAt":"2026-03-01T18:46:42.371Z","chatId":"019c2109-ea20-da88-5085-3849eef57778"}]
21:46:41 - StarvellBot - INFO - ⬅️  42/chats,["message_created",{"id":"019caab9-65b0-33d9-77c9-00532aabf3b9","content":"К вашему заказу скоро подключится администратор 👤","type":"DEFAULT","metadata":null,"isHidden":false,"images":[],"authorId":139527,"buyerId":null,"sellerId":null,"adminId":null,"chatId":"019c2109-ea20-da88-5085-3849eef57778","visibleTo":null,"createdAt":"2026-03-01T18:46:42.864Z","updatedAt":"2026-03-01T18:46:42.864Z","author":{"id":139527,"username":"Bronto","roles":[]},"buyer":null,"seller":null,"admin":null,"order":null,"dispute":null}]
21:46:42 - StarvellBot - INFO - ⬅️  42/chats,["chat_read",{"lastReadAt":"2026-03-01T18:46:43.024Z","chatId":"019c2109-ea20-da88-5085-3849eef57778"}]
21:46:46 - StarvellBot - INFO - ⬅️  2
21:46:49 - aiogram.dispatcher - INFO - Polling stopped
