13:52:48 - StarvellBot - INFO - ✅ Логирование настроено
13:52:48 - StarvellBot - INFO - ============================================================
13:52:48 - StarvellBot - INFO - 🚀 StarvellBot Manager Starting...
13:52:48 - StarvellBot - INFO - ============================================================
13:52:48 - StarvellBot - INFO - 📋 Загрузка конфигурации...
13:52:48 - config_manager - INFO - ✅ Конфигурация загружена из config_data.json
13:52:50 - pyrogram.crypto.aes - WARNING - TgCrypto is missing! Pyrogram will work the same, but at a much slower speed. More info: https://docs.pyrogram.org/topics/speedups
13:52:50 - StarvellBot - INFO - 🚀 Запуск Telegram Manager...
13:52:50 - StarvellBot - INFO - 🤖 Инициализация StarvellBot...
13:52:50 - StarvellBot - INFO - ⚙️ Инициализация Service Manager...
13:52:50 - StarvellBot - INFO - ============================================================
13:52:50 - StarvellBot - INFO - ✅ Все компоненты инициализированы успешно!
13:52:50 - StarvellBot - INFO - ============================================================
13:52:50 - StarvellBot - INFO - 
13:52:50 - StarvellBot - INFO - 📱 Откройте Telegram бота для управления
13:52:50 - StarvellBot - INFO - 🎛️ Доступные команды:
13:52:50 - StarvellBot - INFO -    /start - начать работу
13:52:50 - StarvellBot - INFO -    /services - управление службами
13:52:50 - StarvellBot - INFO -    /config - редактирование настроек
13:52:50 - StarvellBot - INFO -    /status - статус служб
13:52:50 - StarvellBot - INFO -    /help - справка
13:52:50 - StarvellBot - INFO - 
13:52:50 - StarvellBot - INFO - ============================================================
13:52:50 - aiogram.dispatcher - INFO - Start polling
13:52:50 - asyncio - ERROR - Task exception was never retrieved
future: <Task finished name='Task-2' coro=<StarsAPIGiver.init_sessions() done, defined at C:\Users\ezhik\PycharmProjects\PythonProject5\stars_api_giver.py:23> exception=TypeError("'NoneType' object is not iterable")>
Traceback (most recent call last):
  File "C:\Users\ezhik\PycharmProjects\PythonProject5\stars_api_giver.py", line 25, in init_sessions
    for session in sessions:
                   ^^^^^^^^
TypeError: 'NoneType' object is not iterable
13:52:50 - aiogram.dispatcher - INFO - Run polling for bot @testzabwinobotsfadsgdsbot id=8298689795 - 'test'
13:53:24 - aiogram.dispatcher - INFO - Polling stopped
