02:07:42 - StarvellBot - INFO - ✅ Логирование настроено
02:07:42 - StarvellBot - INFO - ============================================================
02:07:42 - StarvellBot - INFO - 🚀 StarvellBot Manager Starting...
02:07:42 - StarvellBot - INFO - ============================================================
02:07:42 - StarvellBot - INFO - 📋 Загрузка конфигурации...
02:07:42 - config_manager - INFO - ✅ Конфигурация загружена из config_data.json
02:07:43 - StarvellBot - INFO - 🚀 Запуск Telegram Manager...
02:07:43 - StarvellBot - INFO - 🤖 Инициализация StarvellBot...
02:07:43 - StarvellBot - INFO - ⚙️ Инициализация Service Manager...
02:07:43 - StarvellBot - INFO - ============================================================
02:07:43 - StarvellBot - INFO - ✅ Все компоненты инициализированы успешно!
02:07:43 - StarvellBot - INFO - ============================================================
02:07:43 - StarvellBot - INFO - 
02:07:43 - StarvellBot - INFO - 📱 Откройте Telegram бота для управления
02:07:43 - StarvellBot - INFO - 🎛️ Доступные команды:
02:07:43 - StarvellBot - INFO -    /start - начать работу
02:07:43 - StarvellBot - INFO -    /services - управление службами
02:07:43 - StarvellBot - INFO -    /config - редактирование настроек
02:07:43 - StarvellBot - INFO -    /status - статус служб
02:07:43 - StarvellBot - INFO -    /help - справка
02:07:43 - StarvellBot - INFO - 
02:07:43 - StarvellBot - INFO - ============================================================
02:07:43 - aiogram.dispatcher - INFO - Start polling
02:07:44 - aiogram.dispatcher - INFO - Run polling for bot @testzabwinobotsfadsgdsbot id=8298689795 - 'test'
02:07:44 - aiogram.event - INFO - Update id=826343535 is handled. Duration 200 ms by bot id=8298689795
02:07:46 - aiogram.event - INFO - Update id=826343536 is handled. Duration 166 ms by bot id=8298689795
02:07:47 - aiogram.event - INFO - Update id=826343537 is handled. Duration 177 ms by bot id=8298689795
02:08:20 - aiogram.dispatcher - INFO - Polling stopped
