02:03:14 - StarvellBot - INFO - ✅ Логирование настроено
02:03:14 - StarvellBot - INFO - ============================================================
02:03:14 - StarvellBot - INFO - 🚀 StarvellBot Manager Starting...
02:03:14 - StarvellBot - INFO - ============================================================
02:03:14 - StarvellBot - INFO - 📋 Загрузка конфигурации...
02:03:14 - config_manager - INFO - ✅ Конфигурация загружена из config_data.json
02:03:14 - StarvellBot - INFO - 🚀 Запуск Telegram Manager...
02:03:14 - StarvellBot - INFO - 🤖 Инициализация StarvellBot...
02:03:14 - StarvellBot - INFO - ⚙️ Инициализация Service Manager...
02:03:14 - StarvellBot - INFO - ============================================================
02:03:14 - StarvellBot - INFO - ✅ Все компоненты инициализированы успешно!
02:03:14 - StarvellBot - INFO - ============================================================
02:03:14 - StarvellBot - INFO - 
02:03:14 - StarvellBot - INFO - 📱 Откройте Telegram бота для управления
02:03:14 - StarvellBot - INFO - 🎛️ Доступные команды:
02:03:14 - StarvellBot - INFO -    /start - начать работу
02:03:14 - StarvellBot - INFO -    /services - управление службами
02:03:14 - StarvellBot - INFO -    /config - редактирование настроек
02:03:14 - StarvellBot - INFO -    /status - статус служб
02:03:14 - StarvellBot - INFO -    /help - справка
02:03:14 - StarvellBot - INFO - 
02:03:14 - StarvellBot - INFO - ============================================================
02:03:14 - aiogram.dispatcher - INFO - Start polling
02:03:15 - aiogram.dispatcher - INFO - Run polling for bot @starvellbrontobot id=8278054066 - 'StarvellBronto'
02:03:15 - aiogram.event - INFO - Update id=750237878 is handled. Duration 199 ms by bot id=8278054066
02:03:16 - aiogram.event - INFO - Update id=750237879 is handled. Duration 140 ms by bot id=8278054066
02:03:17 - service_manager - INFO - ▶️ Запуск службы Orders Monitor...
02:03:17 - pyrogram.connection.connection - INFO - Connecting...
02:03:17 - pyrogram.connection.connection - INFO - Connected! Production DC2 - IPv4
02:03:17 - pyrogram.session.session - INFO - NetworkTask started
02:03:17 - pyrogram.client - INFO - Time synced: 2026-03-03 02:03:19.279835
02:03:17 - service_manager - INFO - ✅ Служба Orders Monitor запущена
02:03:17 - pyrogram.session.session - INFO - Session initialized: Pyrogram v2.2.19 (Layer 222)
02:03:17 - pyrogram.session.session - INFO - Device: CPython 3.13.5 - Pyrogram 2.2.19
02:03:17 - pyrogram.session.session - INFO - System: Windows 10 (en)
02:03:17 - pyrogram.session.session - INFO - Session started
02:03:17 - pyrogram.session.session - INFO - PingTask started
02:03:17 - aiogram.event - INFO - Update id=750237880 is handled. Duration 663 ms by bot id=8278054066
02:03:18 - pyrogram.dispatcher - INFO - Started 20 HandlerTasks
02:03:18 - pyrogram.dispatcher - INFO - Stopped 20 HandlerTasks
02:03:18 - pyrogram.session.session - INFO - PingTask stopped
02:03:18 - pyrogram.session.session - INFO - NetworkTask stopped
02:03:18 - pyrogram.connection.connection - INFO - Disconnected
02:03:18 - pyrogram.session.session - INFO - Session stopped
02:03:18 - TelegramApiGiver - INFO - ✅ Сессии инициализированы: ['my_account']
02:03:18 - pyrogram.connection.connection - INFO - Connecting...
02:03:18 - pyrogram.connection.connection - INFO - Connected! Production DC2 - IPv4
02:03:18 - pyrogram.session.session - INFO - NetworkTask started
02:03:18 - pyrogram.client - INFO - Time synced: 2026-03-03 02:03:20.465892
02:03:18 - StarvellBot - INFO - 🟢 WebSocket connected
02:03:18 - StarvellBot - INFO - ✅ WebSocket готов, запускаем проверку заказов
02:03:18 - StarvellBot - INFO - ⬅️  0{"sid":"BggcgvZYIpS2sXVAAANn","upgrades":[],"pingInterval":25000,"pingTimeout":20000,"maxPayload":1000000}
02:03:18 - StarvellBot - WARNING - ➡️  Connecting to namespace: /chats
02:03:18 - StarvellBot - WARNING - ➡️  Connecting to namespace: /user-notifications
02:03:18 - StarvellBot - WARNING - ➡️  Connecting to namespace: /orders
02:03:18 - StarvellBot - WARNING - ➡️  Connecting to namespace: /user-presence
02:03:18 - StarvellBot - WARNING - ➡️  Connecting to namespace: /online
02:03:19 - StarvellBot - INFO - ⬅️  40/chats,{"sid":"CFmZXsGf-gN8oX1mAANo"}
02:03:19 - StarvellBot - INFO - ⬅️  40/user-notifications,{"sid":"J0G300QU8M3HOkj1AANp"}
02:03:19 - StarvellBot - INFO - ⬅️  40/orders,{"sid":"GEVj7aF7uhLOH2aEAANq"}
02:03:19 - StarvellBot - INFO - ⬅️  40/user-presence,{"sid":"ABaqZIDNU_7bdU6eAANr"}
02:03:19 - pyrogram.session.session - INFO - Session initialized: Pyrogram v2.2.19 (Layer 222)
02:03:19 - pyrogram.session.session - INFO - Device: CPython 3.13.5 - Pyrogram 2.2.19
02:03:19 - pyrogram.session.session - INFO - System: Windows 10 (en)
02:03:19 - pyrogram.session.session - INFO - Session started
02:03:19 - pyrogram.session.session - INFO - PingTask started
02:03:19 - StarvellBot - INFO - ⬅️  40/online,{"sid":"ZjtWL5cn65Fal_TDAANs"}
02:03:19 - pyrogram.dispatcher - INFO - Started 20 HandlerTasks
02:03:19 - pyrogram.dispatcher - INFO - Stopped 20 HandlerTasks
02:03:19 - pyrogram.session.session - INFO - PingTask stopped
02:03:19 - pyrogram.session.session - INFO - NetworkTask stopped
02:03:19 - pyrogram.connection.connection - INFO - Disconnected
02:03:19 - pyrogram.session.session - INFO - Session stopped
02:03:31 - StarvellBot - INFO - ⬅️  42/user-notifications,["sale_update",{"orderId":"019cb0ca-e469-96e6-75cd-5db00b7ee6d7","delta":1}]
02:03:31 - StarvellBot - INFO - 🛒 NEW ORDER!
02:03:31 - StarvellBot - INFO - Order ID: 019cb0ca-e469-96e6-75cd-5db00b7ee6d7
02:03:31 - StarvellBot - INFO - ⚙️  Processing order 019cb0ca-e469-96e6-75cd-5db00b7ee6d7...
02:03:31 - StarvellBot - INFO - ⭐ Звёзд в заказе: 21
02:03:31 - StarvellBot - INFO - 📝 Введённый username: ezhiqq
02:03:31 - StarvellBot - INFO - ============================================================
02:03:31 - StarvellBot - INFO - 📦 Order ID: 019cb0ca-e469-96e6-75cd-5db00b7ee6d7
02:03:31 - StarvellBot - INFO - 💰 Total Price: 3797
02:03:31 - StarvellBot - INFO - 🔢 Quantity: 1
02:03:31 - StarvellBot - INFO - ⭐ Stars: 21
02:03:31 - StarvellBot - INFO - 👤 Buyer ID: 152876
02:03:31 - StarvellBot - INFO - 📝 Telegram Username (entered): ezhiqq
02:03:31 - StarvellBot - INFO - 💬 Chat ID: 019c2109-ea20-da88-5085-3849eef57778
02:03:31 - StarvellBot - INFO - ============================================================
02:03:31 - StarvellBot - INFO - ✅ Order 019cb0ca-e469-96e6-75cd-5db00b7ee6d7 updated in database
02:03:32 - StarvellBot - INFO - ⬅️  42/chats,["message_created",{"id":"019cb0ca-e476-f995-dd48-64f613e67fab","content":"","type":"NOTIFICATION","metadata":{"orderId":"019cb0ca-e469-96e6-75cd-5db00b7ee6d7","notificationType":"ORDER_PAYMENT"},"isHidden":false,"images":[],"authorId":null,"buyerId":152876,"sellerId":null,"adminId":null,"chatId":"019c2109-ea20-da88-5085-3849eef57778","visibleTo":null,"createdAt":"2026-03-02T23:03:32.705Z","updatedAt":"2026-03-02T23:03:32.705Z","author":null,"buyer":{"id":152876,"username":"xezz"},"seller":null,"admin":null,"order":{"id":"019cb0ca-e469-96e6-75cd-5db00b7ee6d7","quantity":1,"totalPrice":3797,"status":"CREATED","refundedAt":null,"refundReasonCode":null,"orderArgs":[{"id":"959d1d7b-1a35-429c-98a1-c9a753579a43","value":"ezhiqq","nameRu":"Telegram Username"}],"offerDetails":{"game":{"id":14,"name":"Telegram","slug":"telegram"},"type":"LOT","images":[{"id":"ef9a8163-b1a9-4558-bd04-362b1dfe43e1","width":289,"height":291,"extension":"jpg"},{"id":"18da3a42-7827-426c-9e23-27e70f5a8203","width":248,"height":294,"extension":"jpg"}],"category":{"id":182,"name":"Звёзды","slug":"stars","availabilityUnit":"UNITS","currencyDisplayUnits":null},"attributes":[{"id":"2c2c2dc0-93fd-4cdc-8bb6-c3fb0e79612a","value":{"id":"9abe5573-3184-401c-8bec-de0d8dd38529","nameRu":"Подарком"},"nameRu":"Способ получения"}],"subCategory":{"id":642,"name":"21 звезда"},"availability":99999971,"deliveryTime":{"to":{"unit":"MINUTES","value":5},"from":{"unit":"MINUTES","value":1}},"descriptions":{"rus":{"description":"⭐Вы получаете любой подарок за 25 звёзд на ваш выбор (Подарок или Розу)\n\nПроцесс выполнения:\n1️⃣ Оплачиваете заказ\n2️⃣ Пишите ваш юзернейм @username в чат и какой подарок вы хотите\n3️⃣ Я выполняю пополнение\n4️⃣ Проверяете → Подтверждаете\n\n⚠️ Важно: Проверьте правильность введённого @username. Ошибки могут привести к зачислению звёзд на другой аккаунт, и возврат средств будет невозможен.\n\nid: 21stars"}},"instantDelivery":false}},"dispute":null}]
02:03:32 - StarvellBot - INFO - ⬅️  42/chats,["message_created",{"id":"019cb0ca-e480-012d-8a6d-590fb9a697a4","content":"е","type":"DEFAULT","metadata":{"isAutoResponse":true},"isHidden":false,"images":[],"authorId":139527,"buyerId":null,"sellerId":null,"adminId":null,"chatId":"019c2109-ea20-da88-5085-3849eef57778","visibleTo":null,"createdAt":"2026-03-02T23:03:32.736Z","updatedAt":"2026-03-02T23:03:32.705Z","author":{"id":139527,"username":"Bronto","roles":[]}}]
02:03:32 - StarvellBot - INFO - ⬅️  42/chats,["chat_read",{"lastReadAt":"2026-03-02T23:03:33.004Z","chatId":"019c2109-ea20-da88-5085-3849eef57778"}]
02:03:32 - StarvellBot - INFO - ⬅️  42/chats,["message_created",{"id":"019cb0ca-e7d0-9088-1c3d-fb2a88570c9d","content":"🧾 Ваш заказ:\n#️⃣ ID: 019cb0ca-e469-96e6-75cd-5db00b7ee6d7\n👤 Username: ezhiqq\n⭐ Stars: 21 | 1 шт.\n\nВсе верно?\n✅ Да (+) | Нет (-) ❌","type":"DEFAULT","metadata":null,"isHidden":false,"images":[],"authorId":139527,"buyerId":null,"sellerId":null,"adminId":null,"chatId":"019c2109-ea20-da88-5085-3849eef57778","visibleTo":null,"createdAt":"2026-03-02T23:03:33.583Z","updatedAt":"2026-03-02T23:03:33.583Z","author":{"id":139527,"username":"Bronto","roles":[]},"buyer":null,"seller":null,"admin":null,"order":null,"dispute":null}]
02:03:32 - StarvellBot - INFO - ⬅️  42/chats,["chat_read",{"lastReadAt":"2026-03-02T23:03:33.669Z","chatId":"019c2109-ea20-da88-5085-3849eef57778"}]
02:03:37 - StarvellBot - INFO - ⬅️  42/chats,["message_created",{"id":"019cb0ca-f140-097c-f3e6-91268e8ea782","content":"+","type":"DEFAULT","metadata":null,"isHidden":false,"images":[],"authorId":152876,"buyerId":null,"sellerId":null,"adminId":null,"chatId":"019c2109-ea20-da88-5085-3849eef57778","visibleTo":null,"createdAt":"2026-03-02T23:03:36.000Z","updatedAt":"2026-03-02T23:03:36.000Z","author":{"id":152876,"username":"xezz","roles":[]},"buyer":null,"seller":null,"admin":null,"order":null,"dispute":null}]
02:03:37 - TelegramApiGiver - INFO - 📦 Начинаем заказ: ezhiqq | 1 шт. | 21 звёзд всего
02:03:37 - TelegramApiGiver - INFO -    Маска: {13: 0, 21: 1, 43: 0, 85: 0}
02:03:37 - TelegramApiGiver - INFO -    Сессия: my_account
02:03:37 - TelegramApiGiver - INFO -    🔄 Итерация 1/1
02:03:37 - TelegramApiGiver - INFO -    Попытка 1: отправляем {13: 0, 21: 1, 43: 0, 85: 0}
02:03:37 - TelegramApiGiver - INFO -    🎁 send_gifts: сессия=my_account цель=ezhiqq
02:03:37 - pyrogram.connection.connection - INFO - Connecting...
02:03:37 - StarvellBot.Fragment - INFO - Wallet balance: 1.104038 TON
02:03:37 - pyrogram.connection.connection - INFO - Connected! Production DC2 - IPv4
02:03:37 - pyrogram.session.session - INFO - NetworkTask started
02:03:37 - pyrogram.client - INFO - Time synced: 2026-03-03 02:03:39.554734
02:03:38 - pyrogram.session.session - INFO - Session initialized: Pyrogram v2.2.19 (Layer 222)
02:03:38 - pyrogram.session.session - INFO - Device: CPython 3.13.5 - Pyrogram 2.2.19
02:03:38 - pyrogram.session.session - INFO - System: Windows 10 (en)
02:03:38 - pyrogram.session.session - INFO - Session started
02:03:38 - pyrogram.session.session - INFO - PingTask started
02:03:38 - StarvellBot - INFO - Успешно парсили ордеры
02:03:38 - StarvellBot - ERROR - отсутствует категория демпинге
02:03:38 - StarvellBot - ERROR - отсутствует категория демпинге
02:03:38 - StarvellBot - ERROR - отсутствует категория демпинге
02:03:38 - pyrogram.dispatcher - INFO - Started 20 HandlerTasks
02:03:38 - TelegramApiGiver - INFO -    ✅ Подарок 5170250947678437525 (тип 21) → ezhiqq
02:03:38 - pyrogram.dispatcher - INFO - Stopped 20 HandlerTasks
02:03:38 - pyrogram.session.session - INFO - PingTask stopped
02:03:38 - pyrogram.session.session - INFO - NetworkTask stopped
02:03:38 - pyrogram.connection.connection - INFO - Disconnected
02:03:38 - pyrogram.session.session - INFO - Session stopped
02:03:38 - TelegramApiGiver - INFO -    ✅ Итерация 1 успешна. Прогресс: {13: 0, 21: 1, 43: 0, 85: 0}
02:03:38 - TelegramApiGiver - INFO - ✅ Заказ выполнен: ezhiqq | 1 шт.
02:03:39 - StarvellBot - INFO - ⬅️  42/chats,["message_created",{"id":"019cb0ca-fd72-3f85-1412-a33396b4ade6","content":"🐬 Ваш заказ был добавлен в очередь, ожидайте","type":"DEFAULT","metadata":null,"isHidden":false,"images":[],"authorId":139527,"buyerId":null,"sellerId":null,"adminId":null,"chatId":"019c2109-ea20-da88-5085-3849eef57778","visibleTo":null,"createdAt":"2026-03-02T23:03:39.121Z","updatedAt":"2026-03-02T23:03:39.121Z","author":{"id":139527,"username":"Bronto","roles":[]},"buyer":null,"seller":null,"admin":null,"order":null,"dispute":null}]
02:03:39 - StarvellBot - INFO - ⬅️  42/chats,["chat_read",{"lastReadAt":"2026-03-02T23:03:39.207Z","chatId":"019c2109-ea20-da88-5085-3849eef57778"}]
02:03:39 - StarvellBot - INFO - ⬅️  42/chats,["message_created",{"id":"019cb0cb-033b-5eee-ba87-395750a50516","content":"","type":"NOTIFICATION","metadata":{"orderId":"019cb0ca-e469-96e6-75cd-5db00b7ee6d7","notificationType":"ORDER_SELLER_COMPLETED"},"isHidden":false,"images":[],"authorId":null,"buyerId":152876,"sellerId":139527,"adminId":null,"chatId":"019c2109-ea20-da88-5085-3849eef57778","visibleTo":null,"createdAt":"2026-03-02T23:03:40.600Z","updatedAt":"2026-03-02T23:03:40.600Z","author":null,"buyer":{"id":152876,"username":"xezz"},"seller":{"id":139527,"username":"Bronto"},"admin":null,"order":{"id":"019cb0ca-e469-96e6-75cd-5db00b7ee6d7","quantity":1,"totalPrice":3797,"status":"CREATED","refundedAt":null,"refundReasonCode":null,"orderArgs":[{"id":"959d1d7b-1a35-429c-98a1-c9a753579a43","value":"ezhiqq","nameRu":"Telegram Username"}],"offerDetails":{"game":{"id":14,"name":"Telegram","slug":"telegram"},"type":"LOT","images":[{"id":"ef9a8163-b1a9-4558-bd04-362b1dfe43e1","width":289,"height":291,"extension":"jpg"},{"id":"18da3a42-7827-426c-9e23-27e70f5a8203","width":248,"height":294,"extension":"jpg"}],"category":{"id":182,"name":"Звёзды","slug":"stars","availabilityUnit":"UNITS","currencyDisplayUnits":null},"attributes":[{"id":"2c2c2dc0-93fd-4cdc-8bb6-c3fb0e79612a","value":{"id":"9abe5573-3184-401c-8bec-de0d8dd38529","nameRu":"Подарком"},"nameRu":"Способ получения"}],"subCategory":{"id":642,"name":"21 звезда"},"availability":99999971,"deliveryTime":{"to":{"unit":"MINUTES","value":5},"from":{"unit":"MINUTES","value":1}},"descriptions":{"rus":{"description":"⭐Вы получаете любой подарок за 25 звёзд на ваш выбор (Подарок или Розу)\n\nПроцесс выполнения:\n1️⃣ Оплачиваете заказ\n2️⃣ Пишите ваш юзернейм @username в чат и какой подарок вы хотите\n3️⃣ Я выполняю пополнение\n4️⃣ Проверяете → Подтверждаете\n\n⚠️ Важно: Проверьте правильность введённого @username. Ошибки могут привести к зачислению звёзд на другой аккаунт, и возврат средств будет невозможен.\n\nid: 21stars"}},"instantDelivery":false}},"dispute":null}]
02:03:39 - StarvellBot - INFO - ⬅️  42/chats,["chat_read",{"lastReadAt":"2026-03-02T23:03:40.691Z","chatId":"019c2109-ea20-da88-5085-3849eef57778"}]
02:03:39 - StarvellBot - INFO - ⬅️  42/chats,["message_created",{"id":"019cb0cb-040b-53c3-3b34-3577db3643c9","content":"✅ Звезды отправлены на ваш аккаунт.🙏 Не забудьте подтвердить заказ.🙂 Мне было бы очень приятно получить отзыв <3","type":"DEFAULT","metadata":null,"isHidden":false,"images":[],"authorId":139527,"buyerId":null,"sellerId":null,"adminId":null,"chatId":"019c2109-ea20-da88-5085-3849eef57778","visibleTo":null,"createdAt":"2026-03-02T23:03:40.811Z","updatedAt":"2026-03-02T23:03:40.811Z","author":{"id":139527,"username":"Bronto","roles":[]},"buyer":null,"seller":null,"admin":null,"order":null,"dispute":null}]
02:03:39 - StarvellBot - INFO - ⬅️  42/chats,["chat_read",{"lastReadAt":"2026-03-02T23:03:40.909Z","chatId":"019c2109-ea20-da88-5085-3849eef57778"}]
02:03:40 - StarvellBot - INFO - пропустили
02:03:43 - StarvellBot - INFO - ⬅️  2
02:03:51 - StarvellBot - INFO - пропустили
02:04:01 - StarvellBot - INFO - пропустили
02:04:13 - StarvellBot - INFO - ⬅️  2
02:04:13 - StarvellBot - INFO - ⬅️  42/user-notifications,["balance_update",{"balance":826155}]
02:04:13 - StarvellBot - INFO - 📩 [/user-notifications] balance_update
02:04:13 - StarvellBot - INFO - ⬅️  42/user-notifications,["sale_update",{"orderId":"019cb0ca-e469-96e6-75cd-5db00b7ee6d7","delta":-1}]
02:04:13 - StarvellBot - WARNING - 💸 Order refunded: 019cb0ca-e469-96e6-75cd-5db00b7ee6d7 (delta: -1)
02:04:13 - StarvellBot - INFO - ⬅️  42/chats,["message_created",{"id":"019cb0cb-8577-a7e5-0acf-ab2da08864f8","content":"","type":"NOTIFICATION","metadata":{"orderId":"019cb0ca-e469-96e6-75cd-5db00b7ee6d7","notificationType":"ORDER_COMPLETED"},"isHidden":false,"images":[],"authorId":null,"buyerId":152876,"sellerId":139527,"adminId":null,"chatId":"019c2109-ea20-da88-5085-3849eef57778","visibleTo":null,"createdAt":"2026-03-02T23:04:13.931Z","updatedAt":"2026-03-02T23:04:13.931Z","author":null,"buyer":{"id":152876,"username":"xezz"},"seller":{"id":139527,"username":"Bronto"},"admin":null,"order":{"id":"019cb0ca-e469-96e6-75cd-5db00b7ee6d7","quantity":1,"totalPrice":3797,"status":"COMPLETED","refundedAt":null,"refundReasonCode":null,"orderArgs":[{"id":"959d1d7b-1a35-429c-98a1-c9a753579a43","value":"ezhiqq","nameRu":"Telegram Username"}],"offerDetails":{"game":{"id":14,"name":"Telegram","slug":"telegram"},"type":"LOT","images":[{"id":"ef9a8163-b1a9-4558-bd04-362b1dfe43e1","width":289,"height":291,"extension":"jpg"},{"id":"18da3a42-7827-426c-9e23-27e70f5a8203","width":248,"height":294,"extension":"jpg"}],"category":{"id":182,"name":"Звёзды","slug":"stars","availabilityUnit":"UNITS","currencyDisplayUnits":null},"attributes":[{"id":"2c2c2dc0-93fd-4cdc-8bb6-c3fb0e79612a","value":{"id":"9abe5573-3184-401c-8bec-de0d8dd38529","nameRu":"Подарком"},"nameRu":"Способ получения"}],"subCategory":{"id":642,"name":"21 звезда"},"availability":99999971,"deliveryTime":{"to":{"unit":"MINUTES","value":5},"from":{"unit":"MINUTES","value":1}},"descriptions":{"rus":{"description":"⭐Вы получаете любой подарок за 25 звёзд на ваш выбор (Подарок или Розу)\n\nПроцесс выполнения:\n1️⃣ Оплачиваете заказ\n2️⃣ Пишите ваш юзернейм @username в чат и какой подарок вы хотите\n3️⃣ Я выполняю пополнение\n4️⃣ Проверяете → Подтверждаете\n\n⚠️ Важно: Проверьте правильность введённого @username. Ошибки могут привести к зачислению звёзд на другой аккаунт, и возврат средств будет невозможен.\n\nid: 21stars"}},"instantDelivery":false}},"dispute":null}]
02:04:13 - StarvellBot - INFO - ✅ Order 019cb0ca-e469-96e6-75cd-5db00b7ee6d7 updated in database
02:04:13 - StarvellBot.Fragment - INFO - Wallet balance: 1.104038 TON
02:04:13 - StarvellBot - INFO - ⬅️  42/chats,["message_created",{"id":"019cb0cb-8589-f9b2-e044-abb2f02343de","content":"","type":"NOTIFICATION","metadata":{"notificationType":"LEAVE_SERVICE_REVIEW"},"isHidden":false,"images":[],"authorId":null,"buyerId":null,"sellerId":null,"adminId":null,"chatId":"019c2109-ea20-da88-5085-3849eef57778","visibleTo":null,"createdAt":"2026-03-02T23:04:13.962Z","updatedAt":"2026-03-02T23:04:13.962Z","author":null,"buyer":null,"seller":null,"admin":null,"order":null,"dispute":null}]
02:04:13 - StarvellBot - INFO - ⬅️  42/chats,["chat_read",{"lastReadAt":"2026-03-02T23:04:14.044Z","chatId":"019c2109-ea20-da88-5085-3849eef57778"}]
02:04:13 - StarvellBot - INFO - ⬅️  42/chats,["chat_read",{"lastReadAt":"2026-03-02T23:04:14.074Z","chatId":"019c2109-ea20-da88-5085-3849eef57778"}]
02:04:13 - StarvellBot - INFO - ⬅️  42/chats,["message_created",{"id":"019cb0cb-8921-b53b-a14d-7144c77b268b","content":"✅ Спасибо за подтверждение заказа, ждём вас вновь :)","type":"DEFAULT","metadata":null,"isHidden":false,"images":[],"authorId":139527,"buyerId":null,"sellerId":null,"adminId":null,"chatId":"019c2109-ea20-da88-5085-3849eef57778","visibleTo":null,"createdAt":"2026-03-02T23:04:14.881Z","updatedAt":"2026-03-02T23:04:14.881Z","author":{"id":139527,"username":"Bronto","roles":[]},"buyer":null,"seller":null,"admin":null,"order":null,"dispute":null}]
02:04:13 - StarvellBot - INFO - ⬅️  42/chats,["chat_read",{"lastReadAt":"2026-03-02T23:04:14.971Z","chatId":"019c2109-ea20-da88-5085-3849eef57778"}]
02:04:13 - StarvellBot - INFO - пропустили
02:04:13 - StarvellBot - INFO - Успешно парсили ордеры
02:04:13 - StarvellBot - ERROR - отсутствует категория демпинге
02:04:13 - StarvellBot - ERROR - отсутствует категория демпинге
02:04:13 - StarvellBot - ERROR - отсутствует категория демпинге
02:04:24 - StarvellBot - INFO - пропустили
02:04:26 - aiogram.event - INFO - Update id=750237881 is handled. Duration 83 ms by bot id=8278054066
02:04:30 - aiogram.event - INFO - Update id=750237882 is handled. Duration 79 ms by bot id=8278054066
02:04:34 - StarvellBot - INFO - пропустили
02:04:38 - StarvellBot - INFO - ⬅️  2
02:04:49 - StarvellBot.Fragment - INFO - Wallet balance: 1.104038 TON
02:04:49 - StarvellBot - INFO - пропустили
02:04:49 - StarvellBot - INFO - Успешно парсили ордеры
02:04:49 - StarvellBot - ERROR - отсутствует категория демпинге
02:04:49 - StarvellBot - ERROR - отсутствует категория демпинге
02:04:49 - StarvellBot - ERROR - отсутствует категория демпинге
02:04:59 - StarvellBot - INFO - пропустили
02:05:03 - StarvellBot - INFO - ⬅️  2
02:05:10 - StarvellBot - INFO - пропустили
02:05:26 - StarvellBot.Fragment - INFO - Wallet balance: 1.104038 TON
02:05:26 - StarvellBot - INFO - пропустили
02:05:26 - StarvellBot - INFO - Успешно парсили ордеры
02:05:26 - StarvellBot - ERROR - отсутствует категория демпинге
02:05:26 - StarvellBot - ERROR - отсутствует категория демпинге
02:05:26 - StarvellBot - ERROR - отсутствует категория демпинге
02:05:28 - StarvellBot - INFO - ⬅️  2
02:05:36 - StarvellBot - INFO - пропустили
02:05:47 - StarvellBot - INFO - пропустили
02:05:53 - StarvellBot - INFO - ⬅️  2
02:06:02 - StarvellBot.Fragment - INFO - Wallet balance: 1.104038 TON
02:06:02 - aiogram.event - INFO - Update id=750237883 is handled. Duration 290 ms by bot id=8278054066
02:06:02 - StarvellBot - INFO - пропустили
02:06:03 - StarvellBot - INFO - Успешно парсили ордеры
02:06:03 - StarvellBot - ERROR - отсутствует категория демпинге
02:06:03 - StarvellBot - ERROR - отсутствует категория демпинге
02:06:03 - StarvellBot - ERROR - отсутствует категория демпинге
02:06:13 - StarvellBot - INFO - пропустили
02:06:18 - StarvellBot - INFO - ⬅️  2
02:06:23 - StarvellBot - INFO - пропустили
02:06:38 - StarvellBot.Fragment - INFO - Wallet balance: 1.104038 TON
02:06:39 - StarvellBot - INFO - пропустили
02:06:39 - StarvellBot - INFO - Успешно парсили ордеры
02:06:39 - StarvellBot - ERROR - отсутствует категория демпинге
02:06:39 - StarvellBot - ERROR - отсутствует категория демпинге
02:06:39 - StarvellBot - ERROR - отсутствует категория демпинге
02:06:43 - StarvellBot - INFO - ⬅️  2
02:06:49 - StarvellBot - INFO - пропустили
02:07:00 - StarvellBot - INFO - пропустили
02:07:08 - StarvellBot - INFO - ⬅️  2
02:07:14 - StarvellBot.Fragment - INFO - Wallet balance: 1.104038 TON
02:07:14 - StarvellBot - INFO - пропустили
02:07:15 - StarvellBot - INFO - Успешно парсили ордеры
02:07:15 - StarvellBot - ERROR - отсутствует категория демпинге
02:07:15 - StarvellBot - ERROR - отсутствует категория демпинге
02:07:15 - StarvellBot - ERROR - отсутствует категория демпинге
02:07:25 - StarvellBot - INFO - пропустили
02:07:33 - StarvellBot - INFO - ⬅️  2
02:07:35 - StarvellBot - INFO - пропустили
02:07:50 - StarvellBot.Fragment - INFO - Wallet balance: 1.104038 TON
02:07:50 - StarvellBot - INFO - пропустили
02:07:51 - StarvellBot - INFO - Успешно парсили ордеры
02:07:51 - StarvellBot - ERROR - отсутствует категория демпинге
02:07:51 - StarvellBot - ERROR - отсутствует категория демпинге
02:07:51 - StarvellBot - ERROR - отсутствует категория демпинге
02:07:58 - StarvellBot - INFO - ⬅️  2
02:08:01 - StarvellBot - INFO - пропустили
02:08:11 - StarvellBot - INFO - пропустили
02:08:26 - StarvellBot - INFO - ⬅️  2
02:08:26 - StarvellBot.Fragment - INFO - Wallet balance: 1.104038 TON
02:08:27 - StarvellBot - INFO - пропустили
02:08:27 - StarvellBot - INFO - Успешно парсили ордеры
02:08:27 - StarvellBot - ERROR - отсутствует категория демпинге
02:08:27 - StarvellBot - ERROR - отсутствует категория демпинге
02:08:27 - StarvellBot - ERROR - отсутствует категория демпинге
02:08:37 - StarvellBot - INFO - пропустили
02:08:48 - StarvellBot - INFO - пропустили
02:08:51 - StarvellBot - INFO - ⬅️  2
02:09:03 - StarvellBot.Fragment - INFO - Wallet balance: 1.104038 TON
02:09:03 - StarvellBot - INFO - пропустили
02:09:04 - StarvellBot - INFO - Успешно парсили ордеры
02:09:04 - StarvellBot - ERROR - отсутствует категория демпинге
02:09:04 - StarvellBot - ERROR - отсутствует категория демпинге
02:09:04 - StarvellBot - ERROR - отсутствует категория демпинге
02:09:14 - StarvellBot - INFO - пропустили
02:09:16 - StarvellBot - INFO - ⬅️  2
02:09:24 - StarvellBot - INFO - пропустили
02:09:39 - StarvellBot.Fragment - INFO - Wallet balance: 1.104038 TON
02:09:39 - StarvellBot - INFO - пропустили
02:09:39 - StarvellBot - INFO - Успешно парсили ордеры
02:09:39 - StarvellBot - ERROR - отсутствует категория демпинге
02:09:39 - StarvellBot - ERROR - отсутствует категория демпинге
02:09:39 - StarvellBot - ERROR - отсутствует категория демпинге
02:09:42 - StarvellBot - INFO - ⬅️  2
02:09:50 - StarvellBot - INFO - пропустили
02:10:00 - StarvellBot - INFO - пропустили
02:10:07 - StarvellBot - INFO - ⬅️  2
02:10:14 - StarvellBot.Fragment - INFO - Wallet balance: 1.104038 TON
02:10:15 - StarvellBot - INFO - пропустили
02:10:15 - StarvellBot - INFO - Успешно парсили ордеры
02:10:15 - StarvellBot - ERROR - отсутствует категория демпинге
02:10:15 - StarvellBot - ERROR - отсутствует категория демпинге
02:10:15 - StarvellBot - ERROR - отсутствует категория демпинге
