01:55:02 - StarvellBot - INFO - ============================================================
01:55:02 - StarvellBot - INFO - 🚀 StarvellBot Manager Starting...
01:55:02 - StarvellBot - INFO - ============================================================
01:55:02 - StarvellBot - INFO - 📋 Загрузка конфигурации...
01:55:02 - StarvellBot - INFO - 📱 Инициализация Telegram Manager...
01:55:02 - StarvellBot - INFO - 🤖 Инициализация StarvellBot...
01:55:02 - StarvellBot - INFO - ⚙️ Инициализация Service Manager...
01:55:02 - StarvellBot - INFO - ============================================================
01:55:02 - StarvellBot - INFO - ✅ Все компоненты инициализированы успешно!
01:55:02 - StarvellBot - INFO - ============================================================
01:55:02 - StarvellBot - INFO - 
01:55:02 - StarvellBot - INFO - 📱 Откройте Telegram бота для управления
01:55:02 - StarvellBot - INFO - 🎛️ Доступные команды:
01:55:02 - StarvellBot - INFO -    /start - начать работу
01:55:02 - StarvellBot - INFO -    /services - управление службами
01:55:02 - StarvellBot - INFO -    /config - редактирование настроек
01:55:02 - StarvellBot - INFO -    /status - статус служб
01:55:02 - StarvellBot - INFO -    /help - справка
01:55:02 - StarvellBot - INFO - 
01:55:02 - StarvellBot - INFO - ============================================================
01:59:40 - StarvellBot - INFO - 🟢 WebSocket connected
01:59:40 - StarvellBot - INFO - ✅ WebSocket готов, запускаем автопонижение цен
01:59:40 - StarvellBot - INFO - 🔄 Проверяем цены...
01:59:40 - StarvellBot - INFO - ✅ WebSocket готов, запускаем проверку заказов
01:59:40 - StarvellBot - INFO - ⬅️  0{"sid":"vT9SE8_G3qvNZo2OANqy","upgrades":[],"pingInterval":25000,"pingTimeout":20000,"maxPayload":1000000}
01:59:40 - StarvellBot - WARNING - ➡️  Connecting to namespace: /chats
01:59:40 - StarvellBot - WARNING - ➡️  Connecting to namespace: /user-notifications
01:59:40 - StarvellBot - WARNING - ➡️  Connecting to namespace: /orders
01:59:40 - StarvellBot - WARNING - ➡️  Connecting to namespace: /user-presence
01:59:40 - StarvellBot - WARNING - ➡️  Connecting to namespace: /online
01:59:40 - StarvellBot - INFO - ⬅️  40/chats,{"sid":"95XMJy6wGdmv8TkXANqz"}
01:59:40 - StarvellBot - INFO - ⬅️  40/user-notifications,{"sid":"6-XrvjmWS8486NWpANq0"}
01:59:40 - StarvellBot - INFO - ⬅️  40/orders,{"sid":"TIwmb-vaLVKzj3k4ANq1"}
01:59:40 - StarvellBot - INFO - ⬅️  40/user-presence,{"sid":"eyo3tOb7me0mCNB6ANq2"}
01:59:40 - StarvellBot - INFO - ⬅️  40/online,{"sid":"tYFlybW-IebKpnKBANq3"}
01:59:40 - StarvellBot - INFO - ⬅️  41/chats,
01:59:40 - StarvellBot - INFO - ⬅️  41/user-notifications,
01:59:40 - StarvellBot - INFO - ⬅️  41/orders,
01:59:40 - StarvellBot - INFO - ⬅️  41/user-presence,
01:59:40 - StarvellBot - INFO - ⬅️  41/online,
01:59:40 - StarvellBot.Fragment - INFO - Wallet balance: 1.104038 TON
01:59:40 - StarvellBot - WARNING - Попытка 0 - пробуем еще раз
01:59:40 - StarvellBot - INFO - 404, message='Attempt to decode JSON with unexpected mimetype: ', url='https://starvell.com/_next/data/md9M61X6vreBwf8N6SAB0/telegram/stars/trade.json?game=telegram&game=stars'
01:59:40 - StarvellBot - WARNING - Не удалось парсить ордеры - обновляем build_id и пробуем снова - atttempt 0
01:59:40 - StarvellBot - INFO - 404, message='Attempt to decode JSON with unexpected mimetype: ', url='https://starvell.com/_next/data/md9M61X6vreBwf8N6SAB0/telegram/stars/trade.json?game=telegram&game=stars'
01:59:40 - StarvellBot - WARNING - Не удалось парсить ордеры - обновляем build_id и пробуем снова - atttempt 0
01:59:40 - StarvellBot - WARNING - Попытка 1 - пробуем еще раз
01:59:41 - StarvellBot - INFO - 404, message='Attempt to decode JSON with unexpected mimetype: ', url='https://starvell.com/_next/data/md9M61X6vreBwf8N6SAB0/telegram/stars/trade.json?game=telegram&game=stars'
01:59:41 - StarvellBot - WARNING - Не удалось парсить ордеры - обновляем build_id и пробуем снова - atttempt 1
01:59:41 - StarvellBot - WARNING - ⚠️ Не удалось получить наши предложения
01:59:41 - StarvellBot - WARNING - ⚠️ Не удалось получить список заказов
01:59:41 - StarvellBot - INFO - 404, message='Attempt to decode JSON with unexpected mimetype: ', url='https://starvell.com/_next/data/md9M61X6vreBwf8N6SAB0/telegram/stars/trade.json?game=telegram&game=stars'
01:59:41 - StarvellBot - WARNING - Не удалось парсить ордеры - обновляем build_id и пробуем снова - atttempt 1
02:00:05 - StarvellBot - INFO - ⬅️  2
02:00:11 - StarvellBot.Fragment - INFO - Wallet balance: 1.104038 TON
02:00:12 - StarvellBot - INFO - 404, message='Attempt to decode JSON with unexpected mimetype: ', url='https://starvell.com/_next/data/md9M61X6vreBwf8N6SAB0/telegram/stars/trade.json?game=telegram&game=stars'
02:00:12 - StarvellBot - WARNING - Не удалось парсить ордеры - обновляем build_id и пробуем снова - atttempt 0
02:00:12 - StarvellBot - INFO - 404, message='Attempt to decode JSON with unexpected mimetype: ', url='https://starvell.com/_next/data/md9M61X6vreBwf8N6SAB0/telegram/stars/trade.json?game=telegram&game=stars'
02:00:12 - StarvellBot - WARNING - Не удалось парсить ордеры - обновляем build_id и пробуем снова - atttempt 1
02:00:30 - StarvellBot - INFO - ⬅️  2
02:00:34 - StarvellBot - INFO - 👋 Завершение работы...
02:00:34 - StarvellBot - INFO - ⏸ Остановка по Ctrl+C
