01:53:30 - StarvellBot - INFO - ✅ Логирование настроено
01:53:30 - StarvellBot - INFO - ============================================================
01:53:30 - StarvellBot - INFO - 🚀 StarvellBot Manager Starting...
01:53:30 - StarvellBot - INFO - ============================================================
01:53:30 - StarvellBot - INFO - 📋 Загрузка конфигурации...
01:53:30 - config_manager - INFO - ✅ Конфигурация загружена из config_data.json
01:53:31 - StarvellBot - INFO - 🚀 Запуск Telegram Manager...
01:53:31 - StarvellBot - INFO - 🤖 Инициализация StarvellBot...
01:53:31 - StarvellBot - INFO - ⚙️ Инициализация Service Manager...
01:53:31 - StarvellBot - INFO - ============================================================
01:53:31 - StarvellBot - INFO - ✅ Все компоненты инициализированы успешно!
01:53:31 - StarvellBot - INFO - ============================================================
01:53:31 - StarvellBot - INFO - 
01:53:31 - StarvellBot - INFO - 📱 Откройте Telegram бота для управления
01:53:31 - StarvellBot - INFO - 🎛️ Доступные команды:
01:53:31 - StarvellBot - INFO -    /start - начать работу
01:53:31 - StarvellBot - INFO -    /services - управление службами
01:53:31 - StarvellBot - INFO -    /config - редактирование настроек
01:53:31 - StarvellBot - INFO -    /status - статус служб
01:53:31 - StarvellBot - INFO -    /help - справка
01:53:31 - StarvellBot - INFO - 
01:53:31 - StarvellBot - INFO - ============================================================
01:53:31 - aiogram.dispatcher - INFO - Start polling
01:53:32 - aiogram.dispatcher - INFO - Run polling for bot @testzabwinobotsfadsgdsbot id=8298689795 - 'test'
01:53:34 - aiogram.event - INFO - Update id=826343515 is handled. Duration 200 ms by bot id=8298689795
01:53:36 - aiogram.event - INFO - Update id=826343516 is not handled. Duration 70 ms by bot id=8298689795
01:53:36 - aiogram.event - ERROR - Cause exception while process update id=826343516 by bot id=8298689795
AttributeError: 'ConfigManager' object has no attribute 'section_labels_advanced'
Traceback (most recent call last):
  File "C:\Users\ezhik\PycharmProjects\PythonProject5\.venv\Lib\site-packages\aiogram\dispatcher\dispatcher.py", line 320, in _process_update
    response = await self.feed_update(bot, update, **kwargs)
               ^^^^^^^^^^^^^^^^^^^^^^^^^^^^^^^^^^^^^^^^^^^^^
  File "C:\Users\ezhik\PycharmProjects\PythonProject5\.venv\Lib\site-packages\aiogram\dispatcher\dispatcher.py", line 164, in feed_update
    response = await self.update.wrap_outer_middleware(
               ^^^^^^^^^^^^^^^^^^^^^^^^^^^^^^^^^^^^^^^^
    ...<7 lines>...
    )
    ^
  File "C:\Users\ezhik\PycharmProjects\PythonProject5\.venv\Lib\site-packages\aiogram\dispatcher\middlewares\error.py", line 27, in __call__
    return await handler(event, data)
           ^^^^^^^^^^^^^^^^^^^^^^^^^^
  File "C:\Users\ezhik\PycharmProjects\PythonProject5\.venv\Lib\site-packages\aiogram\dispatcher\middlewares\user_context.py", line 58, in __call__
    return await handler(event, data)
           ^^^^^^^^^^^^^^^^^^^^^^^^^^
  File "C:\Users\ezhik\PycharmProjects\PythonProject5\.venv\Lib\site-packages\aiogram\fsm\middleware.py", line 43, in __call__
    return await handler(event, data)
           ^^^^^^^^^^^^^^^^^^^^^^^^^^
  File "C:\Users\ezhik\PycharmProjects\PythonProject5\.venv\Lib\site-packages\aiogram\dispatcher\event\telegram.py", line 126, in trigger
    return await wrapped_inner(event, kwargs)
           ^^^^^^^^^^^^^^^^^^^^^^^^^^^^^^^^^^
  File "C:\Users\ezhik\PycharmProjects\PythonProject5\.venv\Lib\site-packages\aiogram\dispatcher\event\handler.py", line 71, in call
    return await wrapped()
           ^^^^^^^^^^^^^^^
  File "C:\Users\ezhik\PycharmProjects\PythonProject5\.venv\Lib\site-packages\aiogram\dispatcher\dispatcher.py", line 283, in _listen_update
    return await self.propagate_event(update_type=update_type, event=event, **kwargs)
           ^^^^^^^^^^^^^^^^^^^^^^^^^^^^^^^^^^^^^^^^^^^^^^^^^^^^^^^^^^^^^^^^^^^^^^^^^^
  File "C:\Users\ezhik\PycharmProjects\PythonProject5\.venv\Lib\site-packages\aiogram\dispatcher\router.py", line 161, in propagate_event
    return await observer.wrap_outer_middleware(_wrapped, event=event, data=kwargs)
           ^^^^^^^^^^^^^^^^^^^^^^^^^^^^^^^^^^^^^^^^^^^^^^^^^^^^^^^^^^^^^^^^^^^^^^^^
  File "C:\Users\ezhik\PycharmProjects\PythonProject5\.venv\Lib\site-packages\aiogram\dispatcher\router.py", line 153, in _wrapped
    return await self._propagate_event(
           ^^^^^^^^^^^^^^^^^^^^^^^^^^^^
    ...<4 lines>...
    )
    ^
  File "C:\Users\ezhik\PycharmProjects\PythonProject5\.venv\Lib\site-packages\aiogram\dispatcher\router.py", line 189, in _propagate_event
    response = await router.propagate_event(update_type=update_type, event=event, **kwargs)
               ^^^^^^^^^^^^^^^^^^^^^^^^^^^^^^^^^^^^^^^^^^^^^^^^^^^^^^^^^^^^^^^^^^^^^^^^^^^^
  File "C:\Users\ezhik\PycharmProjects\PythonProject5\.venv\Lib\site-packages\aiogram\dispatcher\router.py", line 161, in propagate_event
    return await observer.wrap_outer_middleware(_wrapped, event=event, data=kwargs)
           ^^^^^^^^^^^^^^^^^^^^^^^^^^^^^^^^^^^^^^^^^^^^^^^^^^^^^^^^^^^^^^^^^^^^^^^^
  File "C:\Users\ezhik\PycharmProjects\PythonProject5\.venv\Lib\site-packages\aiogram\dispatcher\router.py", line 153, in _wrapped
    return await self._propagate_event(
           ^^^^^^^^^^^^^^^^^^^^^^^^^^^^
    ...<4 lines>...
    )
    ^
  File "C:\Users\ezhik\PycharmProjects\PythonProject5\.venv\Lib\site-packages\aiogram\dispatcher\router.py", line 181, in _propagate_event
    response = await observer.trigger(event, **kwargs)
               ^^^^^^^^^^^^^^^^^^^^^^^^^^^^^^^^^^^^^^^
  File "C:\Users\ezhik\PycharmProjects\PythonProject5\.venv\Lib\site-packages\aiogram\dispatcher\event\telegram.py", line 126, in trigger
    return await wrapped_inner(event, kwargs)
           ^^^^^^^^^^^^^^^^^^^^^^^^^^^^^^^^^^
  File "C:\Users\ezhik\PycharmProjects\PythonProject5\.venv\Lib\site-packages\aiogram\dispatcher\event\handler.py", line 71, in call
    return await wrapped()
           ^^^^^^^^^^^^^^^
  File "C:\Users\ezhik\PycharmProjects\PythonProject5\telegram_manager.py", line 367, in cb_config_advanced
    reply_markup=_build_advanced_keyboard()
  File "C:\Users\ezhik\PycharmProjects\PythonProject5\telegram_manager.py", line 69, in _build_advanced_keyboard
    for section_id, section_label in cc.section_labels_advanced:
                                     ^^^^^^^^^^^^^^^^^^^^^^^^^^
AttributeError: 'ConfigManager' object has no attribute 'section_labels_advanced'
01:56:53 - aiogram.dispatcher - INFO - Polling stopped
01:56:54 - StarvellBot - INFO - 👋 Завершение работы...
01:56:54 - aiogram.dispatcher - INFO - Polling stopped for bot @testzabwinobotsfadsgdsbot id=8298689795 - 'test'
01:56:54 - StarvellBot - INFO - ⏸ Остановка по Ctrl+C
