02:29:03 - StarvellBot - INFO - ✅ Логирование настроено
02:29:03 - StarvellBot - INFO - ============================================================
02:29:03 - StarvellBot - INFO - 🚀 StarvellBot Manager Starting...
02:29:03 - StarvellBot - INFO - ============================================================
02:29:03 - StarvellBot - INFO - 📋 Загрузка конфигурации...
02:29:03 - config_manager - INFO - ✅ Конфигурация загружена из config_data.json
02:29:04 - StarvellBot - INFO - 🚀 Запуск Telegram Manager...
02:29:04 - StarvellBot - INFO - 🤖 Инициализация StarvellBot...
02:29:04 - StarvellBot - INFO - ⚙️ Инициализация Service Manager...
02:29:04 - StarvellBot - INFO - ============================================================
02:29:04 - StarvellBot - INFO - ✅ Все компоненты инициализированы успешно!
02:29:04 - StarvellBot - INFO - ============================================================
02:29:04 - StarvellBot - INFO - 
02:29:04 - StarvellBot - INFO - 📱 Откройте Telegram бота для управления
02:29:04 - StarvellBot - INFO - 🎛️ Доступные команды:
02:29:04 - StarvellBot - INFO -    /start - начать работу
02:29:04 - StarvellBot - INFO -    /services - управление службами
02:29:04 - StarvellBot - INFO -    /config - редактирование настроек
02:29:04 - StarvellBot - INFO -    /status - статус служб
02:29:04 - StarvellBot - INFO -    /help - справка
02:29:04 - StarvellBot - INFO - 
02:29:04 - StarvellBot - INFO - ============================================================
02:29:04 - aiogram.dispatcher - INFO - Start polling
02:29:04 - pyrogram.session.auth - INFO - Start creating a new auth key on DC2
02:29:04 - pyrogram.connection.connection - INFO - Connecting...
02:29:04 - pyrogram.connection.connection - INFO - Connected! Production DC2 - IPv4
02:29:04 - aiogram.dispatcher - INFO - Run polling for bot @testzabwinobotsfadsgdsbot id=8298689795 - 'test'
02:29:06 - pyrogram.session.auth - INFO - Done auth key exchange: DhGenOk
02:29:06 - pyrogram.connection.connection - INFO - Disconnected
02:29:06 - pyrogram.connection.connection - INFO - Connecting...
02:29:06 - pyrogram.connection.connection - INFO - Connected! Production DC2 - IPv4
02:29:06 - pyrogram.session.session - INFO - NetworkTask started
02:29:06 - pyrogram.client - INFO - Time synced: 2026-02-28 02:29:07.519159
02:29:06 - pyrogram.session.session - INFO - Session initialized: Pyrogram v2.2.19 (Layer 222)
02:29:06 - pyrogram.session.session - INFO - Device: CPython 3.13.5 - Pyrogram 2.2.19
02:29:06 - pyrogram.session.session - INFO - System: Windows 10 (en)
02:29:06 - pyrogram.session.session - INFO - Session started
02:29:06 - pyrogram.session.session - INFO - PingTask started
02:31:08 - aiogram.event - INFO - Update id=826344096 is handled. Duration 266 ms by bot id=8298689795
02:31:21 - aiogram.event - INFO - Update id=826344097 is handled. Duration 172 ms by bot id=8298689795
02:31:23 - aiogram.event - INFO - Update id=826344098 is handled. Duration 179 ms by bot id=8298689795
02:31:24 - aiogram.event - INFO - Update id=826344099 is handled. Duration 160 ms by bot id=8298689795
02:31:25 - aiogram.event - INFO - Update id=826344100 is handled. Duration 144 ms by bot id=8298689795
02:31:26 - config_manager - INFO - ✅ Конфигурация сохранена в config_data.json
02:31:26 - aiogram.event - INFO - Update id=826344101 is handled. Duration 145 ms by bot id=8298689795
02:31:27 - aiogram.event - INFO - Update id=826344102 is handled. Duration 148 ms by bot id=8298689795
02:31:29 - aiogram.event - INFO - Update id=826344103 is handled. Duration 141 ms by bot id=8298689795
02:31:47 - config_manager - INFO - ✅ Конфигурация сохранена в config_data.json
02:31:47 - aiogram.event - INFO - Update id=826344104 is handled. Duration 166 ms by bot id=8298689795
02:31:50 - config_manager - INFO - ✅ Конфигурация сохранена в config_data.json
02:31:50 - aiogram.event - INFO - Update id=826344105 is handled. Duration 165 ms by bot id=8298689795
02:31:52 - aiogram.event - INFO - Update id=826344106 is handled. Duration 156 ms by bot id=8298689795
02:31:54 - config_manager - INFO - ✅ Конфигурация сохранена в config_data.json
02:31:54 - aiogram.event - INFO - Update id=826344107 is handled. Duration 160 ms by bot id=8298689795
02:31:57 - config_manager - INFO - ✅ Конфигурация сохранена в config_data.json
02:31:57 - aiogram.event - INFO - Update id=826344108 is handled. Duration 158 ms by bot id=8298689795
02:31:59 - aiogram.event - INFO - Update id=826344109 is handled. Duration 143 ms by bot id=8298689795
02:32:15 - aiogram.event - INFO - Update id=826344110 is handled. Duration 141 ms by bot id=8298689795
02:32:16 - config_manager - INFO - ✅ Конфигурация сохранена в config_data.json
02:32:16 - aiogram.event - INFO - Update id=826344111 is handled. Duration 141 ms by bot id=8298689795
02:32:18 - aiogram.event - INFO - Update id=826344112 is handled. Duration 148 ms by bot id=8298689795
02:32:23 - aiogram.event - INFO - Update id=826344113 is handled. Duration 142 ms by bot id=8298689795
02:32:28 - config_manager - INFO - ✅ Конфигурация сохранена в config_data.json
02:32:28 - aiogram.event - INFO - Update id=826344114 is handled. Duration 161 ms by bot id=8298689795
02:32:30 - config_manager - INFO - ✅ Конфигурация сохранена в config_data.json
02:32:30 - aiogram.event - INFO - Update id=826344115 is handled. Duration 152 ms by bot id=8298689795
02:32:32 - aiogram.event - INFO - Update id=826344116 is handled. Duration 171 ms by bot id=8298689795
02:32:41 - config_manager - INFO - ✅ Конфигурация сохранена в config_data.json
02:32:41 - aiogram.event - INFO - Update id=826344117 is handled. Duration 161 ms by bot id=8298689795
02:33:04 - config_manager - INFO - ✅ Конфигурация сохранена в config_data.json
02:33:04 - aiogram.event - INFO - Update id=826344118 is handled. Duration 171 ms by bot id=8298689795
02:33:06 - aiogram.event - INFO - Update id=826344119 is handled. Duration 169 ms by bot id=8298689795
02:33:32 - aiogram.dispatcher - INFO - Polling stopped
02:33:32 - pyrogram.session.session - INFO - PingTask stopped
02:33:32 - pyrogram.session.session - INFO - NetworkTask stopped
02:33:32 - pyrogram.connection.connection - INFO - Disconnected
02:33:32 - pyrogram.session.session - INFO - Session stopped
02:33:32 - asyncio - ERROR - Task exception was never retrieved
future: <Task finished name='Task-2' coro=<StarsAPIGiver.init_sessions() done, defined at C:\Users\ezhik\PycharmProjects\PythonProject5\stars_api_giver.py:28> exception=UnicodeDecodeError('utf-8', b'\xff', 0, 1, 'invalid start byte')>
Traceback (most recent call last):
  File "C:\Users\ezhik\PycharmProjects\PythonProject5\stars_api_giver.py", line 32, in init_sessions
    self.balances[session] = await self.get_star_balance(session)
                             ^^^^^^^^^^^^^^^^^^^^^^^^^^^^^^^^^^^^
  File "C:\Users\ezhik\PycharmProjects\PythonProject5\stars_api_giver.py", line 36, in get_star_balance
    async with Client(session, self.api_id, self.api_hash) as app:
               ~~~~~~^^^^^^^^^^^^^^^^^^^^^^^^^^^^^^^^^^^^^
  File "C:\Users\ezhik\PycharmProjects\PythonProject5\.venv\Lib\site-packages\pyrogram\client.py", line 441, in __aenter__
    return await self.start()
           ^^^^^^^^^^^^^^^^^^
  File "C:\Users\ezhik\PycharmProjects\PythonProject5\.venv\Lib\site-packages\pyrogram\methods\utilities\start.py", line 89, in start
    await self.authorize()
  File "C:\Users\ezhik\PycharmProjects\PythonProject5\.venv\Lib\site-packages\pyrogram\client.py", line 474, in authorize
    value = await ainput("Enter phone number or bot token: ", loop=self.loop)
            ^^^^^^^^^^^^^^^^^^^^^^^^^^^^^^^^^^^^^^^^^^^^^^^^^^^^^^^^^^^^^^^^^
  File "C:\Users\ezhik\PycharmProjects\PythonProject5\.venv\Lib\site-packages\pyrogram\utils.py", line 57, in ainput
    return await loop.run_in_executor(executor, func)
           ^^^^^^^^^^^^^^^^^^^^^^^^^^^^^^^^^^^^^^^^^^
  File "C:\Users\ezhik\AppData\Local\Programs\Python\Python313\Lib\concurrent\futures\thread.py", line 59, in run
    result = self.fn(*self.args, **self.kwargs)
  File "<frozen codecs>", line 325, in decode
UnicodeDecodeError: 'utf-8' codec can't decode byte 0xff in position 0: invalid start byte
