15:49:35 - StarvellBot - INFO - ✅ Логирование настроено
15:49:35 - StarvellBot - INFO - ============================================================
15:49:35 - StarvellBot - INFO - 🚀 StarvellBot Manager Starting...
15:49:35 - StarvellBot - INFO - ============================================================
15:49:35 - StarvellBot - INFO - 📋 Загрузка конфигурации...
15:49:35 - config_manager - INFO - ✅ Конфигурация загружена из config_data.json
15:49:37 - pyrogram.crypto.aes - WARNING - TgCrypto is missing! Pyrogram will work the same, but at a much slower speed. More info: https://docs.pyrogram.org/topics/speedups
15:49:38 - StarvellBot - INFO - 🚀 Запуск Telegram Manager...
15:49:38 - StarvellBot - INFO - 🤖 Инициализация StarvellBot...
15:49:38 - StarvellBot - INFO - ⚙️ Инициализация Service Manager...
15:49:38 - StarvellBot - INFO - ============================================================
15:49:38 - StarvellBot - INFO - ✅ Все компоненты инициализированы успешно!
15:49:38 - StarvellBot - INFO - ============================================================
15:49:38 - StarvellBot - INFO - 
15:49:38 - StarvellBot - INFO - 📱 Откройте Telegram бота для управления
15:49:38 - StarvellBot - INFO - 🎛️ Доступные команды:
15:49:38 - StarvellBot - INFO -    /start - начать работу
15:49:38 - StarvellBot - INFO -    /services - управление службами
15:49:38 - StarvellBot - INFO -    /config - редактирование настроек
15:49:38 - StarvellBot - INFO -    /status - статус служб
15:49:38 - StarvellBot - INFO -    /help - справка
15:49:38 - StarvellBot - INFO - 
15:49:38 - StarvellBot - INFO - ============================================================
15:49:38 - aiogram.dispatcher - INFO - Start polling
15:49:38 - pyrogram.session.auth - INFO - Start creating a new auth key on DC2
15:49:38 - pyrogram.connection.connection - INFO - Connecting...
15:49:38 - pyrogram.connection.connection - INFO - Connected! Production DC2 - IPv4
15:49:38 - aiogram.dispatcher - INFO - Run polling for bot @testzabwinobotsfadsgdsbot id=8298689795 - 'test'
15:49:38 - aiogram.event - INFO - Update id=826343866 is handled. Duration 298 ms by bot id=8298689795
15:49:39 - pyrogram.session.auth - INFO - Done auth key exchange: DhGenOk
15:49:39 - pyrogram.connection.connection - INFO - Disconnected
15:49:39 - pyrogram.connection.connection - INFO - Connecting...
15:49:40 - pyrogram.connection.connection - INFO - Connected! Production DC2 - IPv4
15:49:40 - pyrogram.session.session - INFO - NetworkTask started
15:49:40 - pyrogram.client - INFO - Time synced: 2026-02-27 15:49:40.751196
15:49:40 - pyrogram.session.session - INFO - Session initialized: Pyrogram v2.2.19 (Layer 222)
15:49:40 - pyrogram.session.session - INFO - Device: CPython 3.13.5 - Pyrogram 2.2.19
15:49:40 - pyrogram.session.session - INFO - System: Windows 10 (en)
15:49:40 - pyrogram.session.session - INFO - Session started
15:49:40 - pyrogram.session.session - INFO - PingTask started
15:50:57 - aiogram.event - INFO - Update id=826343867 is handled. Duration 165 ms by bot id=8298689795
15:51:00 - aiogram.event - INFO - Update id=826343868 is handled. Duration 146 ms by bot id=8298689795
15:51:01 - aiogram.event - INFO - Update id=826343869 is not handled. Duration 78 ms by bot id=8298689795
15:51:01 - aiogram.event - ERROR - Cause exception while process update id=826343869 by bot id=8298689795
KeyError: 'data'
Traceback (most recent call last):
  File "C:\Users\ezhik\PycharmProjects\PythonProject5\.venv\Lib\site-packages\aiogram\dispatcher\dispatcher.py", line 320, in _process_update
    response = await self.feed_update(bot, update, **kwargs)
               ^^^^^^^^^^^^^^^^^^^^^^^^^^^^^^^^^^^^^^^^^^^^^
  File "C:\Users\ezhik\PycharmProjects\PythonProject5\.venv\Lib\site-packages\aiogram\dispatcher\dispatcher.py", line 164, in feed_update
    response = await self.update.wrap_outer_middleware(
               ^^^^^^^^^^^^^^^^^^^^^^^^^^^^^^^^^^^^^^^^
    ...<7 lines>...
    )
    ^
  File "C:\Users\ezhik\PycharmProjects\PythonProject5\.venv\Lib\site-packages\aiogram\dispatcher\middlewares\error.py", line 27, in __call__
    return await handler(event, data)
           ^^^^^^^^^^^^^^^^^^^^^^^^^^
  File "C:\Users\ezhik\PycharmProjects\PythonProject5\.venv\Lib\site-packages\aiogram\dispatcher\middlewares\user_context.py", line 58, in __call__
    return await handler(event, data)
           ^^^^^^^^^^^^^^^^^^^^^^^^^^
  File "C:\Users\ezhik\PycharmProjects\PythonProject5\.venv\Lib\site-packages\aiogram\fsm\middleware.py", line 43, in __call__
    return await handler(event, data)
           ^^^^^^^^^^^^^^^^^^^^^^^^^^
  File "C:\Users\ezhik\PycharmProjects\PythonProject5\.venv\Lib\site-packages\aiogram\dispatcher\event\telegram.py", line 126, in trigger
    return await wrapped_inner(event, kwargs)
           ^^^^^^^^^^^^^^^^^^^^^^^^^^^^^^^^^^
  File "C:\Users\ezhik\PycharmProjects\PythonProject5\.venv\Lib\site-packages\aiogram\dispatcher\event\handler.py", line 71, in call
    return await wrapped()
           ^^^^^^^^^^^^^^^
  File "C:\Users\ezhik\PycharmProjects\PythonProject5\.venv\Lib\site-packages\aiogram\dispatcher\dispatcher.py", line 283, in _listen_update
    return await self.propagate_event(update_type=update_type, event=event, **kwargs)
           ^^^^^^^^^^^^^^^^^^^^^^^^^^^^^^^^^^^^^^^^^^^^^^^^^^^^^^^^^^^^^^^^^^^^^^^^^^
  File "C:\Users\ezhik\PycharmProjects\PythonProject5\.venv\Lib\site-packages\aiogram\dispatcher\router.py", line 161, in propagate_event
    return await observer.wrap_outer_middleware(_wrapped, event=event, data=kwargs)
           ^^^^^^^^^^^^^^^^^^^^^^^^^^^^^^^^^^^^^^^^^^^^^^^^^^^^^^^^^^^^^^^^^^^^^^^^
  File "C:\Users\ezhik\PycharmProjects\PythonProject5\.venv\Lib\site-packages\aiogram\dispatcher\router.py", line 153, in _wrapped
    return await self._propagate_event(
           ^^^^^^^^^^^^^^^^^^^^^^^^^^^^
    ...<4 lines>...
    )
    ^
  File "C:\Users\ezhik\PycharmProjects\PythonProject5\.venv\Lib\site-packages\aiogram\dispatcher\router.py", line 189, in _propagate_event
    response = await router.propagate_event(update_type=update_type, event=event, **kwargs)
               ^^^^^^^^^^^^^^^^^^^^^^^^^^^^^^^^^^^^^^^^^^^^^^^^^^^^^^^^^^^^^^^^^^^^^^^^^^^^
  File "C:\Users\ezhik\PycharmProjects\PythonProject5\.venv\Lib\site-packages\aiogram\dispatcher\router.py", line 161, in propagate_event
    return await observer.wrap_outer_middleware(_wrapped, event=event, data=kwargs)
           ^^^^^^^^^^^^^^^^^^^^^^^^^^^^^^^^^^^^^^^^^^^^^^^^^^^^^^^^^^^^^^^^^^^^^^^^
  File "C:\Users\ezhik\PycharmProjects\PythonProject5\.venv\Lib\site-packages\aiogram\dispatcher\router.py", line 153, in _wrapped
    return await self._propagate_event(
           ^^^^^^^^^^^^^^^^^^^^^^^^^^^^
    ...<4 lines>...
    )
    ^
  File "C:\Users\ezhik\PycharmProjects\PythonProject5\.venv\Lib\site-packages\aiogram\dispatcher\router.py", line 181, in _propagate_event
    response = await observer.trigger(event, **kwargs)
               ^^^^^^^^^^^^^^^^^^^^^^^^^^^^^^^^^^^^^^^
  File "C:\Users\ezhik\PycharmProjects\PythonProject5\.venv\Lib\site-packages\aiogram\dispatcher\event\telegram.py", line 126, in trigger
    return await wrapped_inner(event, kwargs)
           ^^^^^^^^^^^^^^^^^^^^^^^^^^^^^^^^^^
  File "C:\Users\ezhik\PycharmProjects\PythonProject5\.venv\Lib\site-packages\aiogram\dispatcher\event\handler.py", line 71, in call
    return await wrapped()
           ^^^^^^^^^^^^^^^
  File "C:\Users\ezhik\PycharmProjects\PythonProject5\telegram_manager.py", line 526, in cb_config_edit
    data = meta["data"]
           ~~~~^^^^^^^^
KeyError: 'data'
15:51:04 - aiogram.event - INFO - Update id=826343870 is not handled. Duration 81 ms by bot id=8298689795
15:51:04 - aiogram.event - ERROR - Cause exception while process update id=826343870 by bot id=8298689795
KeyError: 'data'
Traceback (most recent call last):
  File "C:\Users\ezhik\PycharmProjects\PythonProject5\.venv\Lib\site-packages\aiogram\dispatcher\dispatcher.py", line 320, in _process_update
    response = await self.feed_update(bot, update, **kwargs)
               ^^^^^^^^^^^^^^^^^^^^^^^^^^^^^^^^^^^^^^^^^^^^^
  File "C:\Users\ezhik\PycharmProjects\PythonProject5\.venv\Lib\site-packages\aiogram\dispatcher\dispatcher.py", line 164, in feed_update
    response = await self.update.wrap_outer_middleware(
               ^^^^^^^^^^^^^^^^^^^^^^^^^^^^^^^^^^^^^^^^
    ...<7 lines>...
    )
    ^
  File "C:\Users\ezhik\PycharmProjects\PythonProject5\.venv\Lib\site-packages\aiogram\dispatcher\middlewares\error.py", line 27, in __call__
    return await handler(event, data)
           ^^^^^^^^^^^^^^^^^^^^^^^^^^
  File "C:\Users\ezhik\PycharmProjects\PythonProject5\.venv\Lib\site-packages\aiogram\dispatcher\middlewares\user_context.py", line 58, in __call__
    return await handler(event, data)
           ^^^^^^^^^^^^^^^^^^^^^^^^^^
  File "C:\Users\ezhik\PycharmProjects\PythonProject5\.venv\Lib\site-packages\aiogram\fsm\middleware.py", line 43, in __call__
    return await handler(event, data)
           ^^^^^^^^^^^^^^^^^^^^^^^^^^
  File "C:\Users\ezhik\PycharmProjects\PythonProject5\.venv\Lib\site-packages\aiogram\dispatcher\event\telegram.py", line 126, in trigger
    return await wrapped_inner(event, kwargs)
           ^^^^^^^^^^^^^^^^^^^^^^^^^^^^^^^^^^
  File "C:\Users\ezhik\PycharmProjects\PythonProject5\.venv\Lib\site-packages\aiogram\dispatcher\event\handler.py", line 71, in call
    return await wrapped()
           ^^^^^^^^^^^^^^^
  File "C:\Users\ezhik\PycharmProjects\PythonProject5\.venv\Lib\site-packages\aiogram\dispatcher\dispatcher.py", line 283, in _listen_update
    return await self.propagate_event(update_type=update_type, event=event, **kwargs)
           ^^^^^^^^^^^^^^^^^^^^^^^^^^^^^^^^^^^^^^^^^^^^^^^^^^^^^^^^^^^^^^^^^^^^^^^^^^
  File "C:\Users\ezhik\PycharmProjects\PythonProject5\.venv\Lib\site-packages\aiogram\dispatcher\router.py", line 161, in propagate_event
    return await observer.wrap_outer_middleware(_wrapped, event=event, data=kwargs)
           ^^^^^^^^^^^^^^^^^^^^^^^^^^^^^^^^^^^^^^^^^^^^^^^^^^^^^^^^^^^^^^^^^^^^^^^^
  File "C:\Users\ezhik\PycharmProjects\PythonProject5\.venv\Lib\site-packages\aiogram\dispatcher\router.py", line 153, in _wrapped
    return await self._propagate_event(
           ^^^^^^^^^^^^^^^^^^^^^^^^^^^^
    ...<4 lines>...
    )
    ^
  File "C:\Users\ezhik\PycharmProjects\PythonProject5\.venv\Lib\site-packages\aiogram\dispatcher\router.py", line 189, in _propagate_event
    response = await router.propagate_event(update_type=update_type, event=event, **kwargs)
               ^^^^^^^^^^^^^^^^^^^^^^^^^^^^^^^^^^^^^^^^^^^^^^^^^^^^^^^^^^^^^^^^^^^^^^^^^^^^
  File "C:\Users\ezhik\PycharmProjects\PythonProject5\.venv\Lib\site-packages\aiogram\dispatcher\router.py", line 161, in propagate_event
    return await observer.wrap_outer_middleware(_wrapped, event=event, data=kwargs)
           ^^^^^^^^^^^^^^^^^^^^^^^^^^^^^^^^^^^^^^^^^^^^^^^^^^^^^^^^^^^^^^^^^^^^^^^^
  File "C:\Users\ezhik\PycharmProjects\PythonProject5\.venv\Lib\site-packages\aiogram\dispatcher\router.py", line 153, in _wrapped
    return await self._propagate_event(
           ^^^^^^^^^^^^^^^^^^^^^^^^^^^^
    ...<4 lines>...
    )
    ^
  File "C:\Users\ezhik\PycharmProjects\PythonProject5\.venv\Lib\site-packages\aiogram\dispatcher\router.py", line 181, in _propagate_event
    response = await observer.trigger(event, **kwargs)
               ^^^^^^^^^^^^^^^^^^^^^^^^^^^^^^^^^^^^^^^
  File "C:\Users\ezhik\PycharmProjects\PythonProject5\.venv\Lib\site-packages\aiogram\dispatcher\event\telegram.py", line 126, in trigger
    return await wrapped_inner(event, kwargs)
           ^^^^^^^^^^^^^^^^^^^^^^^^^^^^^^^^^^
  File "C:\Users\ezhik\PycharmProjects\PythonProject5\.venv\Lib\site-packages\aiogram\dispatcher\event\handler.py", line 71, in call
    return await wrapped()
           ^^^^^^^^^^^^^^^
  File "C:\Users\ezhik\PycharmProjects\PythonProject5\telegram_manager.py", line 526, in cb_config_edit
    data = meta["data"]
           ~~~~^^^^^^^^
KeyError: 'data'
15:51:45 - aiogram.dispatcher - INFO - Polling stopped
15:51:45 - pyrogram.session.session - INFO - PingTask stopped
15:51:45 - pyrogram.session.session - INFO - NetworkTask stopped
15:51:45 - pyrogram.connection.connection - INFO - Disconnected
15:51:45 - pyrogram.session.session - INFO - Session stopped
15:51:45 - asyncio - ERROR - Task exception was never retrieved
future: <Task finished name='Task-2' coro=<StarsAPIGiver.init_sessions() done, defined at C:\Users\ezhik\PycharmProjects\PythonProject5\stars_api_giver.py:23> exception=UnicodeDecodeError('utf-8', b'\xff', 0, 1, 'invalid start byte')>
Traceback (most recent call last):
  File "C:\Users\ezhik\PycharmProjects\PythonProject5\stars_api_giver.py", line 27, in init_sessions
    self.balances[session] = await self.get_star_balance(session)
                             ^^^^^^^^^^^^^^^^^^^^^^^^^^^^^^^^^^^^
  File "C:\Users\ezhik\PycharmProjects\PythonProject5\stars_api_giver.py", line 31, in get_star_balance
    async with Client(session, self.api_id, self.api_hash) as app:
               ~~~~~~^^^^^^^^^^^^^^^^^^^^^^^^^^^^^^^^^^^^^
  File "C:\Users\ezhik\PycharmProjects\PythonProject5\.venv\Lib\site-packages\pyrogram\client.py", line 441, in __aenter__
    return await self.start()
           ^^^^^^^^^^^^^^^^^^
  File "C:\Users\ezhik\PycharmProjects\PythonProject5\.venv\Lib\site-packages\pyrogram\methods\utilities\start.py", line 89, in start
    await self.authorize()
  File "C:\Users\ezhik\PycharmProjects\PythonProject5\.venv\Lib\site-packages\pyrogram\client.py", line 474, in authorize
    value = await ainput("Enter phone number or bot token: ", loop=self.loop)
            ^^^^^^^^^^^^^^^^^^^^^^^^^^^^^^^^^^^^^^^^^^^^^^^^^^^^^^^^^^^^^^^^^
  File "C:\Users\ezhik\PycharmProjects\PythonProject5\.venv\Lib\site-packages\pyrogram\utils.py", line 57, in ainput
    return await loop.run_in_executor(executor, func)
           ^^^^^^^^^^^^^^^^^^^^^^^^^^^^^^^^^^^^^^^^^^
  File "C:\Users\ezhik\AppData\Local\Programs\Python\Python313\Lib\concurrent\futures\thread.py", line 59, in run
    result = self.fn(*self.args, **self.kwargs)
  File "<frozen codecs>", line 325, in decode
UnicodeDecodeError: 'utf-8' codec can't decode byte 0xff in position 0: invalid start byte
15:51:45 - StarvellBot - INFO - 👋 Завершение работы...
15:51:45 - aiogram.dispatcher - INFO - Polling stopped for bot @testzabwinobotsfadsgdsbot id=8298689795 - 'test'
15:51:45 - StarvellBot - INFO - ⏸ Остановка по Ctrl+C
