12:19:09 - StarvellBot - INFO - ✅ Логирование настроено
12:19:09 - StarvellBot - INFO - ============================================================
12:19:09 - StarvellBot - INFO - 🚀 StarvellBot Manager Starting...
12:19:09 - StarvellBot - INFO - ============================================================
12:19:09 - StarvellBot - INFO - 📋 Загрузка конфигурации...
12:19:09 - config_manager - INFO - ✅ Конфигурация загружена из config_data.json
12:19:10 - StarvellBot - INFO - 🚀 Запуск Telegram Manager...
12:19:10 - StarvellBot - INFO - 🤖 Инициализация StarvellBot...
12:19:10 - StarvellBot - INFO - ⚙️ Инициализация Service Manager...
12:19:10 - StarvellBot - INFO - ============================================================
12:19:10 - StarvellBot - INFO - ✅ Все компоненты инициализированы успешно!
12:19:10 - StarvellBot - INFO - ============================================================
12:19:10 - StarvellBot - INFO - 
12:19:10 - StarvellBot - INFO - 📱 Откройте Telegram бота для управления
12:19:10 - StarvellBot - INFO - 🎛️ Доступные команды:
12:19:10 - StarvellBot - INFO -    /start - начать работу
12:19:10 - StarvellBot - INFO -    /services - управление службами
12:19:10 - StarvellBot - INFO -    /config - редактирование настроек
12:19:10 - StarvellBot - INFO -    /status - статус служб
12:19:10 - StarvellBot - INFO -    /help - справка
12:19:10 - StarvellBot - INFO - 
12:19:10 - StarvellBot - INFO - ============================================================
12:19:10 - aiogram.dispatcher - INFO - Start polling
12:19:10 - pyrogram.session.auth - INFO - Start creating a new auth key on DC2
12:19:10 - pyrogram.connection.connection - INFO - Connecting...
12:19:10 - pyrogram.connection.connection - INFO - Connected! Production DC2 - IPv4
12:19:11 - aiogram.dispatcher - INFO - Run polling for bot @testzabwinobotsfadsgdsbot id=8298689795 - 'test'
12:19:12 - pyrogram.session.auth - INFO - Done auth key exchange: DhGenOk
12:19:12 - pyrogram.connection.connection - INFO - Disconnected
12:19:12 - pyrogram.connection.connection - INFO - Connecting...
12:19:12 - pyrogram.connection.connection - INFO - Connected! Production DC2 - IPv4
12:19:12 - pyrogram.session.session - INFO - NetworkTask started
12:19:12 - pyrogram.client - INFO - Time synced: 2026-02-28 12:19:13.369354
12:19:13 - pyrogram.session.session - INFO - Session initialized: Pyrogram v2.2.19 (Layer 222)
12:19:13 - pyrogram.session.session - INFO - Device: CPython 3.13.5 - Pyrogram 2.2.19
12:19:13 - pyrogram.session.session - INFO - System: Windows 10 (en)
12:19:13 - pyrogram.session.session - INFO - Session started
12:19:13 - pyrogram.session.session - INFO - PingTask started
12:19:41 - aiogram.event - INFO - Update id=826344414 is handled. Duration 274 ms by bot id=8298689795
12:19:42 - aiogram.event - INFO - Update id=826344415 is handled. Duration 155 ms by bot id=8298689795
12:19:43 - aiogram.event - INFO - Update id=826344416 is handled. Duration 160 ms by bot id=8298689795
12:19:45 - aiogram.event - INFO - Update id=826344417 is handled. Duration 153 ms by bot id=8298689795
12:19:46 - aiogram.event - INFO - Update id=826344418 is handled. Duration 184 ms by bot id=8298689795
12:19:53 - config_manager - INFO - ✅ Конфигурация сохранена в config_data.json
12:19:53 - aiogram.event - INFO - Update id=826344419 is handled. Duration 130 ms by bot id=8298689795
12:19:55 - config_manager - INFO - ✅ Конфигурация сохранена в config_data.json
12:19:55 - aiogram.event - INFO - Update id=826344420 is handled. Duration 137 ms by bot id=8298689795
12:19:58 - aiogram.event - INFO - Update id=826344421 is handled. Duration 153 ms by bot id=8298689795
12:19:59 - aiogram.event - INFO - Update id=826344422 is handled. Duration 158 ms by bot id=8298689795
12:20:00 - aiogram.event - INFO - Update id=826344423 is handled. Duration 202 ms by bot id=8298689795
12:20:00 - config_manager - INFO - ✅ Конфигурация сохранена в config_data.json
12:20:00 - aiogram.event - INFO - Update id=826344424 is handled. Duration 267 ms by bot id=8298689795
12:20:02 - aiogram.event - INFO - Update id=826344425 is handled. Duration 254 ms by bot id=8298689795
12:20:03 - aiogram.event - INFO - Update id=826344426 is handled. Duration 480 ms by bot id=8298689795
12:21:02 - config_manager - INFO - ✅ Конфигурация сохранена в config_data.json
12:21:02 - aiogram.event - INFO - Update id=826344427 is handled. Duration 92 ms by bot id=8298689795
12:21:04 - config_manager - INFO - ✅ Конфигурация сохранена в config_data.json
12:21:04 - aiogram.event - INFO - Update id=826344428 is handled. Duration 87 ms by bot id=8298689795
12:21:08 - config_manager - INFO - ✅ Конфигурация сохранена в config_data.json
12:21:08 - aiogram.event - INFO - Update id=826344429 is handled. Duration 83 ms by bot id=8298689795
12:21:14 - config_manager - INFO - ✅ Конфигурация сохранена в config_data.json
12:21:14 - aiogram.event - INFO - Update id=826344430 is handled. Duration 124 ms by bot id=8298689795
12:21:18 - aiogram.event - INFO - Update id=826344431 is handled. Duration 85 ms by bot id=8298689795
12:26:49 - aiogram.dispatcher - INFO - Polling stopped
12:26:49 - pyrogram.session.session - INFO - PingTask stopped
12:26:49 - pyrogram.session.session - INFO - NetworkTask stopped
12:26:49 - pyrogram.connection.connection - INFO - Disconnected
12:26:49 - pyrogram.session.session - INFO - Session stopped
12:26:49 - asyncio - ERROR - Task exception was never retrieved
future: <Task finished name='Task-2' coro=<StarsAPIGiver.init_sessions() done, defined at C:\Users\ezhik\PycharmProjects\PythonProject5\stars_api_giver.py:28> exception=UnicodeDecodeError('utf-8', b'\xff', 0, 1, 'invalid start byte')>
Traceback (most recent call last):
  File "C:\Users\ezhik\PycharmProjects\PythonProject5\stars_api_giver.py", line 32, in init_sessions
    self.balances[session] = await self.get_star_balance(session)
                             ^^^^^^^^^^^^^^^^^^^^^^^^^^^^^^^^^^^^
  File "C:\Users\ezhik\PycharmProjects\PythonProject5\stars_api_giver.py", line 36, in get_star_balance
    async with Client(session, self.api_id, self.api_hash) as app:
               ~~~~~~^^^^^^^^^^^^^^^^^^^^^^^^^^^^^^^^^^^^^
  File "C:\Users\ezhik\PycharmProjects\PythonProject5\.venv\Lib\site-packages\pyrogram\client.py", line 441, in __aenter__
    return await self.start()
           ^^^^^^^^^^^^^^^^^^
  File "C:\Users\ezhik\PycharmProjects\PythonProject5\.venv\Lib\site-packages\pyrogram\methods\utilities\start.py", line 89, in start
    await self.authorize()
  File "C:\Users\ezhik\PycharmProjects\PythonProject5\.venv\Lib\site-packages\pyrogram\client.py", line 474, in authorize
    value = await ainput("Enter phone number or bot token: ", loop=self.loop)
            ^^^^^^^^^^^^^^^^^^^^^^^^^^^^^^^^^^^^^^^^^^^^^^^^^^^^^^^^^^^^^^^^^
  File "C:\Users\ezhik\PycharmProjects\PythonProject5\.venv\Lib\site-packages\pyrogram\utils.py", line 57, in ainput
    return await loop.run_in_executor(executor, func)
           ^^^^^^^^^^^^^^^^^^^^^^^^^^^^^^^^^^^^^^^^^^
  File "C:\Users\ezhik\AppData\Local\Programs\Python\Python313\Lib\concurrent\futures\thread.py", line 59, in run
    result = self.fn(*self.args, **self.kwargs)
  File "<frozen codecs>", line 325, in decode
UnicodeDecodeError: 'utf-8' codec can't decode byte 0xff in position 0: invalid start byte
