22:10:39 - StarvellBot - INFO - ✅ Логирование настроено
22:10:39 - StarvellBot - INFO - ============================================================
22:10:39 - StarvellBot - INFO - 🚀 StarvellBot Manager Starting...
22:10:39 - StarvellBot - INFO - ============================================================
22:10:39 - StarvellBot - INFO - 📋 Загрузка конфигурации...
22:10:39 - config_manager - INFO - ✅ Конфигурация загружена из config_data.json
22:10:40 - StarvellBot - INFO - 🚀 Запуск Telegram Manager...
22:10:40 - StarvellBot - INFO - 🤖 Инициализация StarvellBot...
22:10:40 - StarvellBot - INFO - ⚙️ Инициализация Service Manager...
22:10:40 - StarvellBot - INFO - ============================================================
22:10:40 - StarvellBot - INFO - ✅ Все компоненты инициализированы успешно!
22:10:40 - StarvellBot - INFO - ============================================================
22:10:40 - StarvellBot - INFO - 
22:10:40 - StarvellBot - INFO - 📱 Откройте Telegram бота для управления
22:10:40 - StarvellBot - INFO - 🎛️ Доступные команды:
22:10:40 - StarvellBot - INFO -    /start - начать работу
22:10:40 - StarvellBot - INFO -    /services - управление службами
22:10:40 - StarvellBot - INFO -    /config - редактирование настроек
22:10:40 - StarvellBot - INFO -    /status - статус служб
22:10:40 - StarvellBot - INFO -    /help - справка
22:10:40 - StarvellBot - INFO - 
22:10:40 - StarvellBot - INFO - ============================================================
22:10:40 - aiogram.dispatcher - INFO - Start polling
22:10:40 - aiogram.dispatcher - INFO - Run polling for bot @testzabwinobotsfadsgdsbot id=8298689795 - 'test'
22:10:54 - aiogram.event - INFO - Update id=826344913 is handled. Duration 222 ms by bot id=8298689795
22:10:55 - aiogram.event - INFO - Update id=826344914 is handled. Duration 179 ms by bot id=8298689795
22:10:56 - service_manager - INFO - ▶️ Запуск службы Orders Monitor...
22:10:56 - pyrogram.connection.connection - INFO - Connecting...
22:10:56 - pyrogram.connection.connection - INFO - Connected! Production DC2 - IPv4
22:10:56 - pyrogram.session.session - INFO - NetworkTask started
22:10:56 - pyrogram.client - INFO - Time synced: 2026-03-01 22:10:57.676675
22:10:56 - pyrogram.session.session - INFO - Session initialized: Pyrogram v2.2.19 (Layer 222)
22:10:56 - pyrogram.session.session - INFO - Device: CPython 3.13.5 - Pyrogram 2.2.19
22:10:56 - pyrogram.session.session - INFO - System: Windows 10 (en)
22:10:56 - pyrogram.session.session - INFO - Session started
22:10:56 - pyrogram.session.session - INFO - PingTask started
22:10:57 - pyrogram.session.session - INFO - PingTask stopped
22:10:57 - pyrogram.session.session - INFO - NetworkTask stopped
22:10:57 - pyrogram.connection.connection - INFO - Disconnected
22:10:57 - pyrogram.session.session - INFO - Session stopped
22:10:57 - service_manager - ERROR - ❌ Ошибка в службе Orders Monitor: AuthKeyUnregistered: Telegram says: [401 AUTH_KEY_UNREGISTERED] - The specified authorization key is not registered in the system (for example, a PFS temporary key has expired). Delete your session file and login again. (caused by "updates.GetState")
22:10:57 - service_manager - INFO - ✅ Служба Orders Monitor запущена
22:10:57 - aiogram.event - INFO - Update id=826344915 is handled. Duration 736 ms by bot id=8298689795
22:10:58 - aiogram.event - INFO - Update id=826344916 is handled. Duration 200 ms by bot id=8298689795
22:10:59 - aiogram.event - INFO - Update id=826344917 is handled. Duration 256 ms by bot id=8298689795
22:11:12 - aiogram.dispatcher - INFO - Polling stopped
