17:54:05 - StarvellBot - INFO - ✅ Логирование настроено
17:54:05 - StarvellBot - INFO - ============================================================
17:54:05 - StarvellBot - INFO - 🚀 StarvellBot Manager Starting...
17:54:05 - StarvellBot - INFO - ============================================================
17:54:05 - StarvellBot - INFO - 📋 Загрузка конфигурации...
17:54:05 - config_manager - INFO - ✅ Конфигурация загружена из config_data.json
17:54:06 - StarvellBot - INFO - 🚀 Запуск Telegram Manager...
17:54:06 - StarvellBot - INFO - 🤖 Инициализация StarvellBot...
17:54:06 - StarvellBot - INFO - ⚙️ Инициализация Service Manager...
17:54:06 - StarvellBot - INFO - ============================================================
17:54:06 - StarvellBot - INFO - ✅ Все компоненты инициализированы успешно!
17:54:06 - StarvellBot - INFO - ============================================================
17:54:06 - StarvellBot - INFO - 
17:54:06 - StarvellBot - INFO - 📱 Откройте Telegram бота для управления
17:54:06 - StarvellBot - INFO - 🎛️ Доступные команды:
17:54:06 - StarvellBot - INFO -    /start - начать работу
17:54:06 - StarvellBot - INFO -    /services - управление службами
17:54:06 - StarvellBot - INFO -    /config - редактирование настроек
17:54:06 - StarvellBot - INFO -    /status - статус служб
17:54:06 - StarvellBot - INFO -    /help - справка
17:54:06 - StarvellBot - INFO - 
17:54:06 - StarvellBot - INFO - ============================================================
17:54:06 - aiogram.dispatcher - INFO - Start polling
17:54:06 - aiogram.dispatcher - INFO - Run polling for bot @testzabwinobotsfadsgdsbot id=8298689795 - 'test'
17:54:06 - aiogram.event - INFO - Update id=826344596 is handled. Duration 236 ms by bot id=8298689795
17:54:08 - aiogram.event - INFO - Update id=826344597 is handled. Duration 156 ms by bot id=8298689795
17:54:08 - service_manager - INFO - ▶️ Запуск службы Orders Monitor...
17:54:08 - StarvellBot - INFO - 🟢 WebSocket connected
17:54:08 - StarvellBot - INFO - ✅ WebSocket готов, запускаем проверку заказов
17:54:08 - StarvellBot - INFO - ⬅️  0{"sid":"3PEhZ_QXDYBzFvWqAdHF","upgrades":[],"pingInterval":25000,"pingTimeout":20000,"maxPayload":1000000}
17:54:08 - StarvellBot - WARNING - ➡️  Connecting to namespace: /chats
17:54:08 - StarvellBot - WARNING - ➡️  Connecting to namespace: /user-notifications
17:54:08 - StarvellBot - WARNING - ➡️  Connecting to namespace: /orders
17:54:08 - StarvellBot - WARNING - ➡️  Connecting to namespace: /user-presence
17:54:08 - StarvellBot - WARNING - ➡️  Connecting to namespace: /online
17:54:08 - StarvellBot - INFO - ⬅️  40/chats,{"sid":"kwgKjUofAvcBwcjdAdHG"}
17:54:08 - StarvellBot - INFO - ⬅️  40/user-notifications,{"sid":"1W9dEWJ31MlUY2GxAdHH"}
17:54:08 - StarvellBot - INFO - ⬅️  40/orders,{"sid":"eaxtTmWkB5ymACLXAdHI"}
17:54:08 - StarvellBot - INFO - ⬅️  40/user-presence,{"sid":"jE2y7ydGWYCvy6e9AdHJ"}
17:54:08 - StarvellBot - INFO - ⬅️  40/online,{"sid":"mLzMurqHa37QFtuiAdHK"}
17:54:09 - service_manager - INFO - ✅ Служба Orders Monitor запущена
17:54:09 - aiogram.event - INFO - Update id=826344598 is handled. Duration 671 ms by bot id=8298689795
17:54:10 - aiogram.event - INFO - Update id=826344599 is handled. Duration 86 ms by bot id=8298689795
17:54:11 - aiogram.event - INFO - Update id=826344600 is handled. Duration 186 ms by bot id=8298689795
17:54:11 - service_manager - INFO - ▶️ Запуск службы Price Dumper...
17:54:11 - StarvellBot - INFO - ✅ WebSocket готов, запускаем автопонижение цен
17:54:11 - StarvellBot - INFO - 🔄 Проверяем цены...
17:54:12 - service_manager - INFO - ✅ Служба Price Dumper запущена
17:54:12 - StarvellBot - INFO - Успешно парсили ордеры
17:54:12 - StarvellBot - INFO - 📦 Найдено 2 наших предложений
17:54:12 - StarvellBot - ERROR - ❌ Ошибка в dumper: 'description'
17:54:12 - aiogram.event - INFO - Update id=826344601 is handled. Duration 678 ms by bot id=8298689795
17:54:20 - service_manager - INFO - ⏸ Служба Price Dumper остановлена
17:54:20 - service_manager - INFO - ⏸ Служба Price Dumper остановлена
17:54:20 - aiogram.event - INFO - Update id=826344602 is handled. Duration 155 ms by bot id=8298689795
17:54:33 - StarvellBot - INFO - ⬅️  2
