20:26:41 - StarvellBot - INFO - ✅ Логирование настроено
20:26:41 - StarvellBot - INFO - ============================================================
20:26:41 - StarvellBot - INFO - 🚀 StarvellBot Manager Starting...
20:26:41 - StarvellBot - INFO - ============================================================
20:26:41 - StarvellBot - INFO - 📋 Загрузка конфигурации...
20:26:41 - config_manager - INFO - ✅ Конфигурация загружена из config_data.json
20:26:42 - StarvellBot - INFO - 🚀 Запуск Telegram Manager...
20:26:42 - StarvellBot - INFO - 🤖 Инициализация StarvellBot...
20:26:42 - StarvellBot - INFO - ⚙️ Инициализация Service Manager...
20:26:42 - StarvellBot - INFO - ============================================================
20:26:42 - StarvellBot - INFO - ✅ Все компоненты инициализированы успешно!
20:26:42 - StarvellBot - INFO - ============================================================
20:26:42 - StarvellBot - INFO - 
20:26:42 - StarvellBot - INFO - 📱 Откройте Telegram бота для управления
20:26:42 - StarvellBot - INFO - 🎛️ Доступные команды:
20:26:42 - StarvellBot - INFO -    /start - начать работу
20:26:42 - StarvellBot - INFO -    /services - управление службами
20:26:42 - StarvellBot - INFO -    /config - редактирование настроек
20:26:42 - StarvellBot - INFO -    /status - статус служб
20:26:42 - StarvellBot - INFO -    /help - справка
20:26:42 - StarvellBot - INFO - 
20:26:42 - StarvellBot - INFO - ============================================================
20:26:42 - aiogram.dispatcher - INFO - Start polling
20:26:42 - aiogram.dispatcher - INFO - Run polling for bot @testzabwinobotsfadsgdsbot id=8298689795 - 'test'
20:26:45 - aiogram.event - INFO - Update id=826344852 is handled. Duration 319 ms by bot id=8298689795
20:26:46 - aiogram.event - INFO - Update id=826344853 is handled. Duration 217 ms by bot id=8298689795
20:26:47 - service_manager - INFO - ▶️ Запуск службы Orders Monitor...
20:26:52 - service_manager - INFO - ✅ Служба Orders Monitor запущена
20:26:52 - aiogram.event - INFO - Update id=826344854 is handled. Duration 5131 ms by bot id=8298689795
20:26:52 - aiogram.event - INFO - Update id=826344855 is handled. Duration 231 ms by bot id=8298689795
20:26:52 - StarvellBot - INFO - 🟢 WebSocket connected
20:26:52 - StarvellBot - INFO - ⬅️  0{"sid":"oBqlHISMRV1I7mxaAebB","upgrades":[],"pingInterval":25000,"pingTimeout":20000,"maxPayload":1000000}
20:26:52 - StarvellBot - WARNING - ➡️  Connecting to namespace: /chats
20:26:52 - StarvellBot - WARNING - ➡️  Connecting to namespace: /user-notifications
20:26:52 - StarvellBot - WARNING - ➡️  Connecting to namespace: /orders
20:26:52 - StarvellBot - WARNING - ➡️  Connecting to namespace: /user-presence
20:26:52 - StarvellBot - WARNING - ➡️  Connecting to namespace: /online
20:26:52 - StarvellBot - INFO - ✅ WebSocket готов, запускаем проверку заказов
20:26:52 - StarvellBot.Fragment - INFO - Wallet balance: 1.104038 TON
20:26:52 - StarvellBot - INFO - ⬅️  40/chats,{"sid":"PabHu-odW4zm-bbbAebC"}
20:26:52 - StarvellBot - INFO - ⬅️  40/user-notifications,{"sid":"aECbormtOYPXIG9yAebD"}
20:26:52 - StarvellBot - INFO - ⬅️  40/orders,{"sid":"S2iOguMcPMPTTgN0AebE"}
20:26:52 - StarvellBot - INFO - ⬅️  40/user-presence,{"sid":"UURxqDBpJWAvn4cVAebF"}
20:26:52 - StarvellBot - INFO - ⬅️  40/online,{"sid":"s_X-bI4WhBotNrE0AebG"}
20:26:53 - StarvellBot - INFO - Успешно парсили ордеры
20:26:53 - StarvellBot - INFO - ✅ Статус обновлен: False (ID: 181438)
20:26:55 - aiogram.event - INFO - Update id=826344856 is handled. Duration 157 ms by bot id=8298689795
20:26:55 - service_manager - INFO - ▶️ Запуск службы Price Dumper...
20:26:55 - StarvellBot - INFO - ✅ WebSocket готов, запускаем автопонижение цен
20:26:55 - StarvellBot - INFO - 🔄 Проверяем цены...
20:26:56 - service_manager - INFO - ✅ Служба Price Dumper запущена
20:26:56 - aiogram.event - INFO - Update id=826344857 is handled. Duration 661 ms by bot id=8298689795
20:26:56 - StarvellBot - INFO - Успешно парсили ордеры
20:26:56 - StarvellBot - INFO - 📦 Найдено 2 наших предложений
20:26:56 - StarvellBot - ERROR - Отсутствует айди в описании предложения при демпинге
20:26:56 - StarvellBot - ERROR - Отсутствует айди в описании предложения при демпинге
20:26:56 - StarvellBot - ERROR - Отсутствует айди в описании предложения при демпинге
20:26:56 - StarvellBot - ERROR - Отсутствует айди в описании предложения при демпинге
20:26:56 - StarvellBot - ERROR - Отсутствует айди в описании предложения при демпинге
20:26:56 - StarvellBot - ERROR - Отсутствует айди в описании предложения при демпинге
20:26:56 - StarvellBot - ERROR - Отсутствует айди в описании предложения при демпинге
20:26:56 - StarvellBot - ERROR - Отсутствует айди в описании предложения при демпинге
20:26:56 - StarvellBot - ERROR - отсутствует категория демпинге
20:26:56 - StarvellBot - ERROR - Отсутствует айди в описании предложения при демпинге
20:26:56 - StarvellBot - ERROR - Отсутствует айди в описании предложения при демпинге
20:26:56 - StarvellBot - ERROR - Отсутствует айди в описании предложения при демпинге
20:26:56 - StarvellBot - ERROR - Отсутствует айди в описании предложения при демпинге
20:26:56 - StarvellBot - INFO - ✅ Проверка цен завершена
20:27:17 - StarvellBot - INFO - ⬅️  2
20:27:28 - StarvellBot - INFO - 🔄 Проверяем цены...
20:27:28 - StarvellBot.Fragment - INFO - Wallet balance: 1.104038 TON
20:27:29 - StarvellBot - INFO - Успешно парсили ордеры
20:27:29 - StarvellBot - INFO - 📦 Найдено 2 наших предложений
20:27:29 - StarvellBot - ERROR - Отсутствует айди в описании предложения при демпинге
20:27:29 - StarvellBot - ERROR - Отсутствует айди в описании предложения при демпинге
20:27:29 - StarvellBot - ERROR - Отсутствует айди в описании предложения при демпинге
20:27:29 - StarvellBot - ERROR - Отсутствует айди в описании предложения при демпинге
20:27:29 - StarvellBot - ERROR - Отсутствует айди в описании предложения при демпинге
20:27:29 - StarvellBot - ERROR - Отсутствует айди в описании предложения при демпинге
20:27:29 - StarvellBot - ERROR - Отсутствует айди в описании предложения при демпинге
20:27:29 - StarvellBot - ERROR - Отсутствует айди в описании предложения при демпинге
20:27:29 - StarvellBot - ERROR - отсутствует категория демпинге
20:27:29 - StarvellBot - ERROR - Отсутствует айди в описании предложения при демпинге
20:27:29 - StarvellBot - ERROR - Отсутствует айди в описании предложения при демпинге
20:27:29 - StarvellBot - ERROR - Отсутствует айди в описании предложения при демпинге
20:27:29 - StarvellBot - ERROR - Отсутствует айди в описании предложения при демпинге
20:27:29 - StarvellBot - INFO - ✅ Проверка цен завершена
20:27:29 - StarvellBot - INFO - Успешно парсили ордеры
20:27:42 - StarvellBot - INFO - ⬅️  2
