00:00:54 - StarvellBot - INFO - ✅ Логирование настроено
00:00:54 - StarvellBot - INFO - ============================================================
00:00:54 - StarvellBot - INFO - 🚀 StarvellBot Manager Starting...
00:00:54 - StarvellBot - INFO - ============================================================
00:00:54 - StarvellBot - INFO - 📋 Загрузка конфигурации...
00:00:54 - config_manager - INFO - ✅ Конфигурация загружена из config_data.json
00:00:55 - StarvellBot - INFO - 🚀 Запуск Telegram Manager...
00:00:55 - StarvellBot - INFO - 🤖 Инициализация StarvellBot...
00:00:55 - StarvellBot - INFO - ⚙️ Инициализация Service Manager...
00:00:55 - StarvellBot - INFO - ============================================================
00:00:55 - StarvellBot - INFO - ✅ Все компоненты инициализированы успешно!
00:00:55 - StarvellBot - INFO - ============================================================
00:00:55 - StarvellBot - INFO - 
00:00:55 - StarvellBot - INFO - 📱 Откройте Telegram бота для управления
00:00:55 - StarvellBot - INFO - 🎛️ Доступные команды:
00:00:55 - StarvellBot - INFO -    /start - начать работу
00:00:55 - StarvellBot - INFO -    /services - управление службами
00:00:55 - StarvellBot - INFO -    /config - редактирование настроек
00:00:55 - StarvellBot - INFO -    /status - статус служб
00:00:55 - StarvellBot - INFO -    /help - справка
00:00:55 - StarvellBot - INFO - 
00:00:55 - StarvellBot - INFO - ============================================================
00:00:55 - aiogram.dispatcher - INFO - Start polling
00:00:55 - aiogram.dispatcher - INFO - Run polling for bot @testzabwinobotsfadsgdsbot id=8298689795 - 'test'
00:00:55 - aiogram.event - INFO - Update id=826343486 is handled. Duration 215 ms by bot id=8298689795
00:00:55 - aiogram.event - INFO - Update id=826343487 is handled. Duration 227 ms by bot id=8298689795
00:00:55 - aiogram.event - INFO - Update id=826343488 is handled. Duration 86 ms by bot id=8298689795
00:00:57 - aiogram.event - INFO - Update id=826343489 is handled. Duration 156 ms by bot id=8298689795
00:00:58 - aiogram.event - INFO - Update id=826343490 is handled. Duration 145 ms by bot id=8298689795
00:01:01 - config_manager - INFO - ✅ Конфигурация сохранена в config_data.json
00:01:02 - aiogram.event - INFO - Update id=826343491 is handled. Duration 169 ms by bot id=8298689795
00:01:03 - aiogram.event - INFO - Update id=826343492 is handled. Duration 147 ms by bot id=8298689795
00:01:07 - aiogram.event - INFO - Update id=826343493 is handled. Duration 81 ms by bot id=8298689795
00:01:14 - aiogram.event - INFO - Update id=826343494 is handled. Duration 156 ms by bot id=8298689795
00:01:15 - aiogram.event - INFO - Update id=826343495 is handled. Duration 170 ms by bot id=8298689795
00:01:18 - aiogram.event - INFO - Update id=826343496 is handled. Duration 93 ms by bot id=8298689795
00:02:37 - aiogram.dispatcher - INFO - Polling stopped
