14:32:35 - StarvellBot - INFO - ✅ Логирование настроено
14:32:35 - StarvellBot - INFO - ============================================================
14:32:35 - StarvellBot - INFO - 🚀 StarvellBot Manager Starting...
14:32:35 - StarvellBot - INFO - ============================================================
14:32:35 - StarvellBot - INFO - 📋 Загрузка конфигурации...
14:32:35 - config_manager - INFO - ✅ Конфигурация загружена из config_data.json
14:32:37 - pyrogram.crypto.aes - WARNING - TgCrypto is missing! Pyrogram will work the same, but at a much slower speed. More info: https://docs.pyrogram.org/topics/speedups
14:32:38 - StarvellBot - INFO - 🚀 Запуск Telegram Manager...
14:32:38 - StarvellBot - INFO - 🤖 Инициализация StarvellBot...
14:32:38 - StarvellBot - INFO - ⚙️ Инициализация Service Manager...
14:32:38 - StarvellBot - INFO - ============================================================
14:32:38 - StarvellBot - INFO - ✅ Все компоненты инициализированы успешно!
14:32:38 - StarvellBot - INFO - ============================================================
14:32:38 - StarvellBot - INFO - 
14:32:38 - StarvellBot - INFO - 📱 Откройте Telegram бота для управления
14:32:38 - StarvellBot - INFO - 🎛️ Доступные команды:
14:32:38 - StarvellBot - INFO -    /start - начать работу
14:32:38 - StarvellBot - INFO -    /services - управление службами
14:32:38 - StarvellBot - INFO -    /config - редактирование настроек
14:32:38 - StarvellBot - INFO -    /status - статус служб
14:32:38 - StarvellBot - INFO -    /help - справка
14:32:38 - StarvellBot - INFO - 
14:32:38 - StarvellBot - INFO - ============================================================
14:32:38 - aiogram.dispatcher - INFO - Start polling
14:32:38 - asyncio - ERROR - Task exception was never retrieved
future: <Task finished name='Task-2' coro=<StarsAPIGiver.init_sessions() done, defined at C:\Users\ezhik\PycharmProjects\PythonProject5\stars_api_giver.py:23> exception=TypeError("'NoneType' object is not iterable")>
Traceback (most recent call last):
  File "C:\Users\ezhik\PycharmProjects\PythonProject5\stars_api_giver.py", line 25, in init_sessions
    for session in sessions:
                   ^^^^^^^^
TypeError: 'NoneType' object is not iterable
14:32:38 - aiogram.dispatcher - INFO - Run polling for bot @testzabwinobotsfadsgdsbot id=8298689795 - 'test'
14:32:38 - aiogram.event - INFO - Update id=826343726 is handled. Duration 210 ms by bot id=8298689795
14:32:39 - aiogram.event - INFO - Update id=826343727 is handled. Duration 160 ms by bot id=8298689795
14:32:44 - aiogram.event - INFO - Update id=826343728 is handled. Duration 233 ms by bot id=8298689795
14:32:48 - aiogram.event - INFO - Update id=826343729 is handled. Duration 160 ms by bot id=8298689795
14:32:50 - aiogram.event - INFO - Update id=826343730 is handled. Duration 159 ms by bot id=8298689795
14:32:52 - aiogram.event - INFO - Update id=826343731 is handled. Duration 155 ms by bot id=8298689795
14:32:56 - aiogram.event - INFO - Update id=826343732 is handled. Duration 273 ms by bot id=8298689795
14:33:00 - aiogram.event - INFO - Update id=826343733 is handled. Duration 164 ms by bot id=8298689795
14:33:05 - aiogram.event - INFO - Update id=826343734 is not handled. Duration 59 ms by bot id=8298689795
14:33:05 - aiogram.event - ERROR - Cause exception while process update id=826343734 by bot id=8298689795
TelegramBadRequest: Telegram server says - Bad Request: message can't be edited
Traceback (most recent call last):
  File "C:\Users\ezhik\PycharmProjects\PythonProject5\telegram_manager.py", line 545, in process_config_value_advanced_message
    meta = meta[key]
           ~~~~^^^^^
KeyError: 'a'

During handling of the above exception, another exception occurred:

Traceback (most recent call last):
  File "C:\Users\ezhik\PycharmProjects\PythonProject5\.venv\Lib\site-packages\aiogram\dispatcher\dispatcher.py", line 320, in _process_update
    response = await self.feed_update(bot, update, **kwargs)
               ^^^^^^^^^^^^^^^^^^^^^^^^^^^^^^^^^^^^^^^^^^^^^
  File "C:\Users\ezhik\PycharmProjects\PythonProject5\.venv\Lib\site-packages\aiogram\dispatcher\dispatcher.py", line 164, in feed_update
    response = await self.update.wrap_outer_middleware(
               ^^^^^^^^^^^^^^^^^^^^^^^^^^^^^^^^^^^^^^^^
    ...<7 lines>...
    )
    ^
  File "C:\Users\ezhik\PycharmProjects\PythonProject5\.venv\Lib\site-packages\aiogram\dispatcher\middlewares\error.py", line 27, in __call__
    return await handler(event, data)
           ^^^^^^^^^^^^^^^^^^^^^^^^^^
  File "C:\Users\ezhik\PycharmProjects\PythonProject5\.venv\Lib\site-packages\aiogram\dispatcher\middlewares\user_context.py", line 58, in __call__
    return await handler(event, data)
           ^^^^^^^^^^^^^^^^^^^^^^^^^^
  File "C:\Users\ezhik\PycharmProjects\PythonProject5\.venv\Lib\site-packages\aiogram\fsm\middleware.py", line 43, in __call__
    return await handler(event, data)
           ^^^^^^^^^^^^^^^^^^^^^^^^^^
  File "C:\Users\ezhik\PycharmProjects\PythonProject5\.venv\Lib\site-packages\aiogram\dispatcher\event\telegram.py", line 126, in trigger
    return await wrapped_inner(event, kwargs)
           ^^^^^^^^^^^^^^^^^^^^^^^^^^^^^^^^^^
  File "C:\Users\ezhik\PycharmProjects\PythonProject5\.venv\Lib\site-packages\aiogram\dispatcher\event\handler.py", line 71, in call
    return await wrapped()
           ^^^^^^^^^^^^^^^
  File "C:\Users\ezhik\PycharmProjects\PythonProject5\.venv\Lib\site-packages\aiogram\dispatcher\dispatcher.py", line 283, in _listen_update
    return await self.propagate_event(update_type=update_type, event=event, **kwargs)
           ^^^^^^^^^^^^^^^^^^^^^^^^^^^^^^^^^^^^^^^^^^^^^^^^^^^^^^^^^^^^^^^^^^^^^^^^^^
  File "C:\Users\ezhik\PycharmProjects\PythonProject5\.venv\Lib\site-packages\aiogram\dispatcher\router.py", line 161, in propagate_event
    return await observer.wrap_outer_middleware(_wrapped, event=event, data=kwargs)
           ^^^^^^^^^^^^^^^^^^^^^^^^^^^^^^^^^^^^^^^^^^^^^^^^^^^^^^^^^^^^^^^^^^^^^^^^
  File "C:\Users\ezhik\PycharmProjects\PythonProject5\.venv\Lib\site-packages\aiogram\dispatcher\router.py", line 153, in _wrapped
    return await self._propagate_event(
           ^^^^^^^^^^^^^^^^^^^^^^^^^^^^
    ...<4 lines>...
    )
    ^
  File "C:\Users\ezhik\PycharmProjects\PythonProject5\.venv\Lib\site-packages\aiogram\dispatcher\router.py", line 189, in _propagate_event
    response = await router.propagate_event(update_type=update_type, event=event, **kwargs)
               ^^^^^^^^^^^^^^^^^^^^^^^^^^^^^^^^^^^^^^^^^^^^^^^^^^^^^^^^^^^^^^^^^^^^^^^^^^^^
  File "C:\Users\ezhik\PycharmProjects\PythonProject5\.venv\Lib\site-packages\aiogram\dispatcher\router.py", line 161, in propagate_event
    return await observer.wrap_outer_middleware(_wrapped, event=event, data=kwargs)
           ^^^^^^^^^^^^^^^^^^^^^^^^^^^^^^^^^^^^^^^^^^^^^^^^^^^^^^^^^^^^^^^^^^^^^^^^
  File "C:\Users\ezhik\PycharmProjects\PythonProject5\.venv\Lib\site-packages\aiogram\dispatcher\router.py", line 153, in _wrapped
    return await self._propagate_event(
           ^^^^^^^^^^^^^^^^^^^^^^^^^^^^
    ...<4 lines>...
    )
    ^
  File "C:\Users\ezhik\PycharmProjects\PythonProject5\.venv\Lib\site-packages\aiogram\dispatcher\router.py", line 181, in _propagate_event
    response = await observer.trigger(event, **kwargs)
               ^^^^^^^^^^^^^^^^^^^^^^^^^^^^^^^^^^^^^^^
  File "C:\Users\ezhik\PycharmProjects\PythonProject5\.venv\Lib\site-packages\aiogram\dispatcher\event\telegram.py", line 126, in trigger
    return await wrapped_inner(event, kwargs)
           ^^^^^^^^^^^^^^^^^^^^^^^^^^^^^^^^^^
  File "C:\Users\ezhik\PycharmProjects\PythonProject5\.venv\Lib\site-packages\aiogram\dispatcher\event\handler.py", line 71, in call
    return await wrapped()
           ^^^^^^^^^^^^^^^
  File "C:\Users\ezhik\PycharmProjects\PythonProject5\telegram_manager.py", line 547, in process_config_value_advanced_message
    await message.edit_text('Ошибка - ключ отсутствует')
  File "C:\Users\ezhik\PycharmProjects\PythonProject5\.venv\Lib\site-packages\aiogram\methods\base.py", line 82, in emit
    return await bot(self)
           ^^^^^^^^^^^^^^^
  File "C:\Users\ezhik\PycharmProjects\PythonProject5\.venv\Lib\site-packages\aiogram\client\bot.py", line 484, in __call__
    return await self.session(self, method, timeout=request_timeout)
           ^^^^^^^^^^^^^^^^^^^^^^^^^^^^^^^^^^^^^^^^^^^^^^^^^^^^^^^^^
  File "C:\Users\ezhik\PycharmProjects\PythonProject5\.venv\Lib\site-packages\aiogram\client\session\base.py", line 259, in __call__
    return cast(TelegramType, await middleware(bot, method))
                              ^^^^^^^^^^^^^^^^^^^^^^^^^^^^^
  File "C:\Users\ezhik\PycharmProjects\PythonProject5\.venv\Lib\site-packages\aiogram\client\session\aiohttp.py", line 177, in make_request
    response = self.check_response(
        bot=bot,
    ...<2 lines>...
        content=raw_result,
    )
  File "C:\Users\ezhik\PycharmProjects\PythonProject5\.venv\Lib\site-packages\aiogram\client\session\base.py", line 121, in check_response
    raise TelegramBadRequest(method=method, message=description)
aiogram.exceptions.TelegramBadRequest: Telegram server says - Bad Request: message can't be edited
14:36:33 - aiogram.dispatcher - INFO - Polling stopped
