20:08:02 - StarvellBot - INFO - ✅ Логирование настроено
20:08:02 - StarvellBot - INFO - ============================================================
20:08:02 - StarvellBot - INFO - 🚀 StarvellBot Manager Starting...
20:08:02 - StarvellBot - INFO - ============================================================
20:08:02 - StarvellBot - INFO - 📋 Загрузка конфигурации...
20:08:02 - config_manager - INFO - ✅ Конфигурация загружена из config_data.json
20:08:03 - StarvellBot - INFO - 🚀 Запуск Telegram Manager...
20:08:03 - StarvellBot - INFO - 🤖 Инициализация StarvellBot...
20:08:03 - StarvellBot - INFO - ⚙️ Инициализация Service Manager...
20:08:03 - StarvellBot - INFO - ============================================================
20:08:03 - StarvellBot - INFO - ✅ Все компоненты инициализированы успешно!
20:08:03 - StarvellBot - INFO - ============================================================
20:08:03 - StarvellBot - INFO - 
20:08:03 - StarvellBot - INFO - 📱 Откройте Telegram бота для управления
20:08:03 - StarvellBot - INFO - 🎛️ Доступные команды:
20:08:03 - StarvellBot - INFO -    /start - начать работу
20:08:03 - StarvellBot - INFO -    /services - управление службами
20:08:03 - StarvellBot - INFO -    /config - редактирование настроек
20:08:03 - StarvellBot - INFO -    /status - статус служб
20:08:03 - StarvellBot - INFO -    /help - справка
20:08:03 - StarvellBot - INFO - 
20:08:03 - StarvellBot - INFO - ============================================================
20:08:03 - aiogram.dispatcher - INFO - Start polling
20:08:03 - aiogram.dispatcher - INFO - Run polling for bot @testzabwinobotsfadsgdsbot id=8298689795 - 'test'
20:08:03 - aiogram.event - INFO - Update id=826344831 is handled. Duration 266 ms by bot id=8298689795
20:08:03 - aiogram.event - INFO - Update id=826344830 is handled. Duration 297 ms by bot id=8298689795
20:08:03 - aiogram.event - INFO - Update id=826344832 is handled. Duration 228 ms by bot id=8298689795
20:08:04 - aiogram.event - INFO - Update id=826344833 is handled. Duration 269 ms by bot id=8298689795
20:08:05 - service_manager - INFO - ▶️ Запуск службы Orders Monitor...
20:08:05 - StarvellBot - INFO - 🟢 WebSocket connected
20:08:05 - StarvellBot - INFO - ✅ WebSocket готов, запускаем проверку заказов
20:08:05 - StarvellBot - INFO - ⬅️  0{"sid":"mcUtC6xzTSoDossNAePn","upgrades":[],"pingInterval":25000,"pingTimeout":20000,"maxPayload":1000000}
20:08:05 - StarvellBot - WARNING - ➡️  Connecting to namespace: /chats
20:08:05 - StarvellBot - WARNING - ➡️  Connecting to namespace: /user-notifications
20:08:05 - StarvellBot - WARNING - ➡️  Connecting to namespace: /orders
20:08:05 - StarvellBot - WARNING - ➡️  Connecting to namespace: /user-presence
20:08:05 - StarvellBot - WARNING - ➡️  Connecting to namespace: /online
20:08:05 - StarvellBot - INFO - ⬅️  40/chats,{"sid":"2B2rWJ6zt-RLd5PwAePo"}
20:08:05 - StarvellBot - INFO - ⬅️  40/user-notifications,{"sid":"J2vBceXPRjy0cnwmAePp"}
20:08:05 - StarvellBot - INFO - ⬅️  40/orders,{"sid":"g9OoEabIB1OdWbuMAePq"}
20:08:05 - StarvellBot - INFO - ⬅️  40/user-presence,{"sid":"Kwl8yr9oWlykYS1zAePr"}
20:08:05 - StarvellBot - INFO - ⬅️  40/online,{"sid":"fgyvUSOm9R0mQ06JAePs"}
20:08:05 - service_manager - INFO - ✅ Служба Orders Monitor запущена
20:08:05 - aiogram.event - INFO - Update id=826344834 is handled. Duration 671 ms by bot id=8298689795
20:08:06 - aiogram.event - INFO - Update id=826344835 is handled. Duration 165 ms by bot id=8298689795
20:08:07 - aiogram.event - INFO - Update id=826344836 is handled. Duration 150 ms by bot id=8298689795
20:08:07 - service_manager - INFO - ▶️ Запуск службы Price Dumper...
20:08:07 - StarvellBot - INFO - ✅ WebSocket готов, запускаем автопонижение цен
20:08:07 - StarvellBot - INFO - 🔄 Проверяем цены...
20:08:08 - service_manager - INFO - ✅ Служба Price Dumper запущена
20:08:08 - StarvellBot - INFO - Успешно парсили ордеры
20:08:08 - StarvellBot - INFO - 📦 Найдено 2 наших предложений
20:08:08 - StarvellBot - ERROR - Отсутствует айди в описании предложения при демпинге
20:08:08 - StarvellBot - ERROR - Отсутствует айди в описании предложения при демпинге
20:08:08 - StarvellBot - ERROR - Отсутствует айди в описании предложения при демпинге
20:08:08 - StarvellBot - ERROR - Отсутствует айди в описании предложения при демпинге
20:08:08 - StarvellBot - ERROR - Отсутствует айди в описании предложения при демпинге
20:08:08 - StarvellBot - ERROR - Отсутствует айди в описании предложения при демпинге
20:08:08 - StarvellBot - ERROR - Отсутствует айди в описании предложения при демпинге
20:08:08 - StarvellBot - ERROR - Отсутствует айди в описании предложения при демпинге
20:08:08 - StarvellBot - ERROR - отсутствует категория демпинге
20:08:08 - StarvellBot - INFO - 📊 Обрабатываем предложение 181438: 85 звёзд по 101.3₽
20:08:08 - aiogram.event - INFO - Update id=826344837 is handled. Duration 671 ms by bot id=8298689795
20:08:08 - StarvellBot - INFO - 📊 Получено 10 предложений конкурентов
20:08:08 - StarvellBot - INFO -    advgifts: отфильтровали конкурентов по 85 звёзд → 3 шт.
20:08:08 - StarvellBot - ERROR - ❌ Ошибка в dumper: cannot access local variable 'him_price' where it is not associated with a value
20:08:10 - aiogram.event - INFO - Update id=826344838 is handled. Duration 153 ms by bot id=8298689795
20:08:30 - StarvellBot - INFO - ⬅️  2
20:08:40 - StarvellBot - INFO - 🔄 Проверяем цены...
20:08:41 - StarvellBot.Fragment - INFO - Wallet balance: 1.104038 TON
20:08:41 - StarvellBot - INFO - Успешно парсили ордеры
20:08:41 - StarvellBot - INFO - 📦 Найдено 2 наших предложений
20:08:41 - StarvellBot - ERROR - Отсутствует айди в описании предложения при демпинге
20:08:41 - StarvellBot - ERROR - Отсутствует айди в описании предложения при демпинге
20:08:41 - StarvellBot - ERROR - Отсутствует айди в описании предложения при демпинге
20:08:41 - StarvellBot - ERROR - Отсутствует айди в описании предложения при демпинге
20:08:41 - StarvellBot - ERROR - Отсутствует айди в описании предложения при демпинге
20:08:41 - StarvellBot - ERROR - Отсутствует айди в описании предложения при демпинге
20:08:41 - StarvellBot - ERROR - Отсутствует айди в описании предложения при демпинге
20:08:41 - StarvellBot - ERROR - Отсутствует айди в описании предложения при демпинге
20:08:41 - StarvellBot - ERROR - отсутствует категория демпинге
20:08:41 - StarvellBot - INFO - 📊 Обрабатываем предложение 181438: 85 звёзд по 101.3₽
20:08:41 - StarvellBot - INFO - 📊 Получено 10 предложений конкурентов
20:08:41 - StarvellBot - INFO -    advgifts: отфильтровали конкурентов по 85 звёзд → 3 шт.
20:08:41 - StarvellBot - ERROR - ❌ Ошибка в dumper: cannot access local variable 'him_price' where it is not associated with a value
20:08:41 - StarvellBot - INFO - Успешно парсили ордеры
20:08:41 - StarvellBot - WARNING - ⚠️ Не удалось извлечь количество звёзд из 'Другое количество'
20:08:55 - StarvellBot - INFO - ⬅️  2
20:09:11 - StarvellBot - INFO - 🔄 Проверяем цены...
20:09:12 - StarvellBot - INFO - Успешно парсили ордеры
20:09:12 - StarvellBot - INFO - 📦 Найдено 2 наших предложений
20:09:12 - StarvellBot - ERROR - Отсутствует айди в описании предложения при демпинге
20:09:12 - StarvellBot - ERROR - Отсутствует айди в описании предложения при демпинге
20:09:12 - StarvellBot - ERROR - Отсутствует айди в описании предложения при демпинге
20:09:12 - StarvellBot - ERROR - Отсутствует айди в описании предложения при демпинге
20:09:12 - StarvellBot - ERROR - Отсутствует айди в описании предложения при демпинге
20:09:12 - StarvellBot - ERROR - Отсутствует айди в описании предложения при демпинге
20:09:12 - StarvellBot - ERROR - Отсутствует айди в описании предложения при демпинге
20:09:12 - StarvellBot - ERROR - Отсутствует айди в описании предложения при демпинге
20:09:12 - StarvellBot - ERROR - отсутствует категория демпинге
20:09:12 - StarvellBot - INFO - 📊 Обрабатываем предложение 181438: 85 звёзд по 101.3₽
20:09:12 - StarvellBot - INFO - 📊 Получено 10 предложений конкурентов
20:09:12 - StarvellBot - INFO -    advgifts: отфильтровали конкурентов по 85 звёзд → 3 шт.
20:09:12 - StarvellBot - ERROR - ❌ Ошибка в dumper: cannot access local variable 'him_price' where it is not associated with a value
20:09:20 - StarvellBot - INFO - ⬅️  2
20:09:35 - aiogram.dispatcher - INFO - Polling stopped
