16:40:59 - StarvellBot - INFO - ✅ Логирование настроено
16:40:59 - StarvellBot - INFO - ============================================================
16:40:59 - StarvellBot - INFO - 🚀 StarvellBot Manager Starting...
16:40:59 - StarvellBot - INFO - ============================================================
16:40:59 - StarvellBot - INFO - 📋 Загрузка конфигурации...
16:40:59 - config_manager - INFO - ✅ Конфигурация загружена из config_data.json
16:41:00 - pyrogram.crypto.aes - WARNING - TgCrypto is missing! Pyrogram will work the same, but at a much slower speed. More info: https://docs.pyrogram.org/topics/speedups
16:41:01 - StarvellBot - INFO - 🚀 Запуск Telegram Manager...
16:41:01 - StarvellBot - INFO - 🤖 Инициализация StarvellBot...
16:41:01 - StarvellBot - INFO - ⚙️ Инициализация Service Manager...
16:41:01 - StarvellBot - INFO - ============================================================
16:41:01 - StarvellBot - INFO - ✅ Все компоненты инициализированы успешно!
16:41:01 - StarvellBot - INFO - ============================================================
16:41:01 - StarvellBot - INFO - 
16:41:01 - StarvellBot - INFO - 📱 Откройте Telegram бота для управления
16:41:01 - StarvellBot - INFO - 🎛️ Доступные команды:
16:41:01 - StarvellBot - INFO -    /start - начать работу
16:41:01 - StarvellBot - INFO -    /services - управление службами
16:41:01 - StarvellBot - INFO -    /config - редактирование настроек
16:41:01 - StarvellBot - INFO -    /status - статус служб
16:41:01 - StarvellBot - INFO -    /help - справка
16:41:01 - StarvellBot - INFO - 
16:41:01 - StarvellBot - INFO - ============================================================
16:41:01 - aiogram.dispatcher - INFO - Start polling
16:41:01 - pyrogram.session.auth - INFO - Start creating a new auth key on DC2
16:41:01 - pyrogram.connection.connection - INFO - Connecting...
16:41:01 - pyrogram.connection.connection - INFO - Connected! Production DC2 - IPv4
16:41:01 - aiogram.dispatcher - INFO - Run polling for bot @testzabwinobotsfadsgdsbot id=8298689795 - 'test'
16:41:02 - pyrogram.session.auth - INFO - Done auth key exchange: DhGenOk
16:41:02 - pyrogram.connection.connection - INFO - Disconnected
16:41:02 - pyrogram.connection.connection - INFO - Connecting...
16:41:02 - pyrogram.connection.connection - INFO - Connected! Production DC2 - IPv4
16:41:02 - pyrogram.session.session - INFO - NetworkTask started
16:41:02 - pyrogram.client - INFO - Time synced: 2026-02-27 16:41:03.594540
16:41:03 - pyrogram.session.session - INFO - Session initialized: Pyrogram v2.2.19 (Layer 222)
16:41:03 - pyrogram.session.session - INFO - Device: CPython 3.13.5 - Pyrogram 2.2.19
16:41:03 - pyrogram.session.session - INFO - System: Windows 10 (en)
16:41:03 - pyrogram.session.session - INFO - Session started
16:41:03 - pyrogram.session.session - INFO - PingTask started
16:42:16 - aiogram.event - INFO - Update id=826343946 is handled. Duration 272 ms by bot id=8298689795
16:42:18 - aiogram.event - INFO - Update id=826343947 is handled. Duration 173 ms by bot id=8298689795
16:44:16 - aiogram.event - INFO - Update id=826343948 is handled. Duration 147 ms by bot id=8298689795
16:44:17 - aiogram.event - INFO - Update id=826343949 is handled. Duration 111 ms by bot id=8298689795
16:44:18 - aiogram.event - INFO - Update id=826343950 is handled. Duration 290 ms by bot id=8298689795
16:44:31 - aiogram.event - INFO - Update id=826343951 is handled. Duration 103 ms by bot id=8298689795
16:44:32 - aiogram.event - INFO - Update id=826343952 is handled. Duration 378 ms by bot id=8298689795
16:44:37 - aiogram.event - INFO - Update id=826343953 is handled. Duration 161 ms by bot id=8298689795
16:44:42 - aiogram.event - INFO - Update id=826343954 is handled. Duration 161 ms by bot id=8298689795
16:44:45 - aiogram.event - INFO - Update id=826343955 is handled. Duration 154 ms by bot id=8298689795
16:44:47 - aiogram.event - INFO - Update id=826343956 is handled. Duration 148 ms by bot id=8298689795
16:44:48 - aiogram.event - INFO - Update id=826343957 is handled. Duration 158 ms by bot id=8298689795
16:44:52 - config_manager - INFO - ✅ Конфигурация сохранена в config_data.json
16:44:52 - aiogram.event - INFO - Update id=826343958 is handled. Duration 184 ms by bot id=8298689795
16:45:02 - config_manager - INFO - ✅ Конфигурация сохранена в config_data.json
16:45:02 - aiogram.event - INFO - Update id=826343959 is handled. Duration 368 ms by bot id=8298689795
16:45:05 - aiogram.event - INFO - Update id=826343960 is handled. Duration 173 ms by bot id=8298689795
16:45:19 - config_manager - INFO - ✅ Конфигурация сохранена в config_data.json
16:45:19 - aiogram.event - INFO - Update id=826343961 is handled. Duration 174 ms by bot id=8298689795
16:45:47 - aiogram.dispatcher - INFO - Polling stopped
16:45:47 - pyrogram.session.session - INFO - PingTask stopped
16:45:47 - pyrogram.session.session - INFO - NetworkTask stopped
16:45:47 - pyrogram.connection.connection - INFO - Disconnected
16:45:47 - pyrogram.session.session - INFO - Session stopped
16:45:47 - asyncio - ERROR - Task exception was never retrieved
future: <Task finished name='Task-2' coro=<StarsAPIGiver.init_sessions() done, defined at C:\Users\ezhik\PycharmProjects\PythonProject5\stars_api_giver.py:23> exception=UnicodeDecodeError('utf-8', b'\xff', 0, 1, 'invalid start byte')>
Traceback (most recent call last):
  File "C:\Users\ezhik\PycharmProjects\PythonProject5\stars_api_giver.py", line 27, in init_sessions
    self.balances[session] = await self.get_star_balance(session)
                             ^^^^^^^^^^^^^^^^^^^^^^^^^^^^^^^^^^^^
  File "C:\Users\ezhik\PycharmProjects\PythonProject5\stars_api_giver.py", line 31, in get_star_balance
    async with Client(session, self.api_id, self.api_hash) as app:
               ~~~~~~^^^^^^^^^^^^^^^^^^^^^^^^^^^^^^^^^^^^^
  File "C:\Users\ezhik\PycharmProjects\PythonProject5\.venv\Lib\site-packages\pyrogram\client.py", line 441, in __aenter__
    return await self.start()
           ^^^^^^^^^^^^^^^^^^
  File "C:\Users\ezhik\PycharmProjects\PythonProject5\.venv\Lib\site-packages\pyrogram\methods\utilities\start.py", line 89, in start
    await self.authorize()
  File "C:\Users\ezhik\PycharmProjects\PythonProject5\.venv\Lib\site-packages\pyrogram\client.py", line 474, in authorize
    value = await ainput("Enter phone number or bot token: ", loop=self.loop)
            ^^^^^^^^^^^^^^^^^^^^^^^^^^^^^^^^^^^^^^^^^^^^^^^^^^^^^^^^^^^^^^^^^
  File "C:\Users\ezhik\PycharmProjects\PythonProject5\.venv\Lib\site-packages\pyrogram\utils.py", line 57, in ainput
    return await loop.run_in_executor(executor, func)
           ^^^^^^^^^^^^^^^^^^^^^^^^^^^^^^^^^^^^^^^^^^
  File "C:\Users\ezhik\AppData\Local\Programs\Python\Python313\Lib\concurrent\futures\thread.py", line 59, in run
    result = self.fn(*self.args, **self.kwargs)
  File "<frozen codecs>", line 325, in decode
UnicodeDecodeError: 'utf-8' codec can't decode byte 0xff in position 0: invalid start byte
