15:35:22 - StarvellBot - INFO - ✅ Логирование настроено
15:35:22 - StarvellBot - INFO - ============================================================
15:35:22 - StarvellBot - INFO - 🚀 StarvellBot Manager Starting...
15:35:22 - StarvellBot - INFO - ============================================================
15:35:22 - StarvellBot - INFO - 📋 Загрузка конфигурации...
15:35:22 - config_manager - INFO - ✅ Конфигурация загружена из config_data.json
15:35:23 - pyrogram.crypto.aes - WARNING - TgCrypto is missing! Pyrogram will work the same, but at a much slower speed. More info: https://docs.pyrogram.org/topics/speedups
15:35:24 - StarvellBot - INFO - 🚀 Запуск Telegram Manager...
15:35:24 - StarvellBot - INFO - 🤖 Инициализация StarvellBot...
15:35:24 - StarvellBot - INFO - ⚙️ Инициализация Service Manager...
15:35:24 - StarvellBot - INFO - ============================================================
15:35:24 - StarvellBot - INFO - ✅ Все компоненты инициализированы успешно!
15:35:24 - StarvellBot - INFO - ============================================================
15:35:24 - StarvellBot - INFO - 
15:35:24 - StarvellBot - INFO - 📱 Откройте Telegram бота для управления
15:35:24 - StarvellBot - INFO - 🎛️ Доступные команды:
15:35:24 - StarvellBot - INFO -    /start - начать работу
15:35:24 - StarvellBot - INFO -    /services - управление службами
15:35:24 - StarvellBot - INFO -    /config - редактирование настроек
15:35:24 - StarvellBot - INFO -    /status - статус служб
15:35:24 - StarvellBot - INFO -    /help - справка
15:35:24 - StarvellBot - INFO - 
15:35:24 - StarvellBot - INFO - ============================================================
15:35:24 - aiogram.dispatcher - INFO - Start polling
15:35:24 - pyrogram.session.auth - INFO - Start creating a new auth key on DC2
15:35:24 - pyrogram.connection.connection - INFO - Connecting...
15:35:24 - pyrogram.connection.connection - INFO - Connected! Production DC2 - IPv4
15:35:24 - aiogram.dispatcher - INFO - Run polling for bot @testzabwinobotsfadsgdsbot id=8298689795 - 'test'
15:35:25 - pyrogram.session.auth - INFO - Done auth key exchange: DhGenOk
15:35:25 - pyrogram.connection.connection - INFO - Disconnected
15:35:25 - pyrogram.connection.connection - INFO - Connecting...
15:35:25 - pyrogram.connection.connection - INFO - Connected! Production DC2 - IPv4
15:35:25 - pyrogram.session.session - INFO - NetworkTask started
15:35:25 - pyrogram.client - INFO - Time synced: 2026-02-27 15:35:26.367854
15:35:25 - aiogram.event - INFO - Update id=826343835 is handled. Duration 367 ms by bot id=8298689795
15:35:25 - pyrogram.session.session - INFO - Session initialized: Pyrogram v2.2.19 (Layer 222)
15:35:25 - pyrogram.session.session - INFO - Device: CPython 3.13.5 - Pyrogram 2.2.19
15:35:25 - pyrogram.session.session - INFO - System: Windows 10 (en)
15:35:25 - pyrogram.session.session - INFO - Session started
15:35:25 - pyrogram.session.session - INFO - PingTask started
15:35:31 - aiogram.event - INFO - Update id=826343836 is handled. Duration 155 ms by bot id=8298689795
15:35:39 - aiogram.event - INFO - Update id=826343837 is handled. Duration 166 ms by bot id=8298689795
15:35:40 - aiogram.event - INFO - Update id=826343838 is handled. Duration 172 ms by bot id=8298689795
15:35:44 - aiogram.event - INFO - Update id=826343839 is handled. Duration 156 ms by bot id=8298689795
15:35:54 - aiogram.event - INFO - Update id=826343840 is handled. Duration 177 ms by bot id=8298689795
15:35:56 - aiogram.event - INFO - Update id=826343841 is handled. Duration 179 ms by bot id=8298689795
15:35:58 - aiogram.event - INFO - Update id=826343842 is handled. Duration 160 ms by bot id=8298689795
15:36:02 - aiogram.event - INFO - Update id=826343843 is handled. Duration 547 ms by bot id=8298689795
15:36:03 - aiogram.event - INFO - Update id=826343844 is handled. Duration 155 ms by bot id=8298689795
15:36:05 - aiogram.event - INFO - Update id=826343845 is handled. Duration 156 ms by bot id=8298689795
15:36:12 - config_manager - INFO - ✅ Конфигурация сохранена в config_data.json
15:36:13 - aiogram.event - INFO - Update id=826343846 is handled. Duration 198 ms by bot id=8298689795
15:36:22 - aiogram.event - INFO - Update id=826343847 is handled. Duration 188 ms by bot id=8298689795
15:36:32 - aiogram.event - INFO - Update id=826343848 is handled. Duration 88 ms by bot id=8298689795
15:36:35 - aiogram.event - INFO - Update id=826343849 is handled. Duration 376 ms by bot id=8298689795
15:36:37 - aiogram.event - INFO - Update id=826343850 is handled. Duration 177 ms by bot id=8298689795
15:36:39 - aiogram.event - INFO - Update id=826343851 is handled. Duration 298 ms by bot id=8298689795
15:36:45 - aiogram.event - INFO - Update id=826343852 is handled. Duration 153 ms by bot id=8298689795
15:36:47 - aiogram.event - INFO - Update id=826343853 is handled. Duration 159 ms by bot id=8298689795
15:41:45 - aiogram.dispatcher - INFO - Polling stopped
15:41:45 - pyrogram.session.session - INFO - PingTask stopped
15:41:45 - pyrogram.session.session - INFO - NetworkTask stopped
15:41:45 - pyrogram.connection.connection - INFO - Disconnected
15:41:45 - pyrogram.session.session - INFO - Session stopped
15:41:45 - asyncio - ERROR - Task exception was never retrieved
future: <Task finished name='Task-2' coro=<StarsAPIGiver.init_sessions() done, defined at C:\Users\ezhik\PycharmProjects\PythonProject5\stars_api_giver.py:23> exception=UnicodeDecodeError('utf-8', b'\xff', 0, 1, 'invalid start byte')>
Traceback (most recent call last):
  File "C:\Users\ezhik\PycharmProjects\PythonProject5\stars_api_giver.py", line 27, in init_sessions
    self.balances[session] = await self.get_star_balance(session)
                             ^^^^^^^^^^^^^^^^^^^^^^^^^^^^^^^^^^^^
  File "C:\Users\ezhik\PycharmProjects\PythonProject5\stars_api_giver.py", line 31, in get_star_balance
    async with Client(session, self.api_id, self.api_hash) as app:
               ~~~~~~^^^^^^^^^^^^^^^^^^^^^^^^^^^^^^^^^^^^^
  File "C:\Users\ezhik\PycharmProjects\PythonProject5\.venv\Lib\site-packages\pyrogram\client.py", line 441, in __aenter__
    return await self.start()
           ^^^^^^^^^^^^^^^^^^
  File "C:\Users\ezhik\PycharmProjects\PythonProject5\.venv\Lib\site-packages\pyrogram\methods\utilities\start.py", line 89, in start
    await self.authorize()
  File "C:\Users\ezhik\PycharmProjects\PythonProject5\.venv\Lib\site-packages\pyrogram\client.py", line 474, in authorize
    value = await ainput("Enter phone number or bot token: ", loop=self.loop)
            ^^^^^^^^^^^^^^^^^^^^^^^^^^^^^^^^^^^^^^^^^^^^^^^^^^^^^^^^^^^^^^^^^
  File "C:\Users\ezhik\PycharmProjects\PythonProject5\.venv\Lib\site-packages\pyrogram\utils.py", line 57, in ainput
    return await loop.run_in_executor(executor, func)
           ^^^^^^^^^^^^^^^^^^^^^^^^^^^^^^^^^^^^^^^^^^
  File "C:\Users\ezhik\AppData\Local\Programs\Python\Python313\Lib\concurrent\futures\thread.py", line 59, in run
    result = self.fn(*self.args, **self.kwargs)
  File "<frozen codecs>", line 325, in decode
UnicodeDecodeError: 'utf-8' codec can't decode byte 0xff in position 0: invalid start byte
