00:04:40 - StarvellBot - INFO - ✅ Логирование настроено
00:04:40 - StarvellBot - INFO - ============================================================
00:04:40 - StarvellBot - INFO - 🚀 StarvellBot Manager Starting...
00:04:40 - StarvellBot - INFO - ============================================================
00:04:40 - StarvellBot - INFO - 📋 Загрузка конфигурации...
00:04:40 - config_manager - INFO - ✅ Конфигурация загружена из config_data.json
00:04:41 - StarvellBot - INFO - 🚀 Запуск Telegram Manager...
00:04:41 - StarvellBot - INFO - 🤖 Инициализация StarvellBot...
00:04:41 - StarvellBot - INFO - ⚙️ Инициализация Service Manager...
00:04:41 - StarvellBot - INFO - ============================================================
00:04:41 - StarvellBot - INFO - ✅ Все компоненты инициализированы успешно!
00:04:41 - StarvellBot - INFO - ============================================================
00:04:41 - StarvellBot - INFO - 
00:04:41 - StarvellBot - INFO - 📱 Откройте Telegram бота для управления
00:04:41 - StarvellBot - INFO - 🎛️ Доступные команды:
00:04:41 - StarvellBot - INFO -    /start - начать работу
00:04:41 - StarvellBot - INFO -    /services - управление службами
00:04:41 - StarvellBot - INFO -    /config - редактирование настроек
00:04:41 - StarvellBot - INFO -    /status - статус служб
00:04:41 - StarvellBot - INFO -    /help - справка
00:04:41 - StarvellBot - INFO - 
00:04:41 - StarvellBot - INFO - ============================================================
00:04:41 - aiogram.dispatcher - INFO - Start polling
00:04:41 - aiogram.dispatcher - INFO - Run polling for bot @testzabwinobotsfadsgdsbot id=8298689795 - 'test'
00:04:42 - aiogram.event - INFO - Update id=826343501 is handled. Duration 331 ms by bot id=8298689795
00:04:47 - aiogram.event - INFO - Update id=826343502 is handled. Duration 168 ms by bot id=8298689795
00:04:48 - aiogram.event - INFO - Update id=826343503 is handled. Duration 350 ms by bot id=8298689795
00:04:51 - aiogram.event - INFO - Update id=826343504 is handled. Duration 76 ms by bot id=8298689795
00:05:28 - aiogram.dispatcher - INFO - Polling stopped
