12:14:30 - StarvellBot - INFO - ✅ Логирование настроено
12:14:30 - StarvellBot - INFO - ============================================================
12:14:30 - StarvellBot - INFO - 🚀 StarvellBot Manager Starting...
12:14:30 - StarvellBot - INFO - ============================================================
12:14:30 - StarvellBot - INFO - 📋 Загрузка конфигурации...
12:14:30 - config_manager - INFO - ✅ Конфигурация загружена из config_data.json
12:14:31 - StarvellBot - INFO - 🚀 Запуск Telegram Manager...
12:14:31 - StarvellBot - INFO - 🤖 Инициализация StarvellBot...
12:14:31 - StarvellBot - INFO - ⚙️ Инициализация Service Manager...
12:14:31 - StarvellBot - INFO - ============================================================
12:14:31 - StarvellBot - INFO - ✅ Все компоненты инициализированы успешно!
12:14:31 - StarvellBot - INFO - ============================================================
12:14:31 - StarvellBot - INFO - 
12:14:31 - StarvellBot - INFO - 📱 Откройте Telegram бота для управления
12:14:31 - StarvellBot - INFO - 🎛️ Доступные команды:
12:14:31 - StarvellBot - INFO -    /start - начать работу
12:14:31 - StarvellBot - INFO -    /services - управление службами
12:14:31 - StarvellBot - INFO -    /config - редактирование настроек
12:14:31 - StarvellBot - INFO -    /status - статус служб
12:14:31 - StarvellBot - INFO -    /help - справка
12:14:31 - StarvellBot - INFO - 
12:14:31 - StarvellBot - INFO - ============================================================
12:14:31 - aiogram.dispatcher - INFO - Start polling
12:14:31 - pyrogram.session.auth - INFO - Start creating a new auth key on DC2
12:14:31 - pyrogram.connection.connection - INFO - Connecting...
12:14:31 - pyrogram.connection.connection - INFO - Connected! Production DC2 - IPv4
12:14:31 - aiogram.dispatcher - INFO - Run polling for bot @testzabwinobotsfadsgdsbot id=8298689795 - 'test'
12:14:31 - aiogram.event - INFO - Update id=826344376 is handled. Duration 272 ms by bot id=8298689795
12:14:32 - pyrogram.session.auth - INFO - Done auth key exchange: DhGenOk
12:14:32 - pyrogram.connection.connection - INFO - Disconnected
12:14:32 - pyrogram.connection.connection - INFO - Connecting...
12:14:32 - pyrogram.connection.connection - INFO - Connected! Production DC2 - IPv4
12:14:32 - pyrogram.session.session - INFO - NetworkTask started
12:14:32 - pyrogram.client - INFO - Time synced: 2026-02-28 12:14:33.494282
12:14:32 - aiogram.event - INFO - Update id=826344377 is handled. Duration 145 ms by bot id=8298689795
12:14:32 - pyrogram.session.session - INFO - Session initialized: Pyrogram v2.2.19 (Layer 222)
12:14:32 - pyrogram.session.session - INFO - Device: CPython 3.13.5 - Pyrogram 2.2.19
12:14:32 - pyrogram.session.session - INFO - System: Windows 10 (en)
12:14:32 - pyrogram.session.session - INFO - Session started
12:14:32 - pyrogram.session.session - INFO - PingTask started
12:14:33 - config_manager - INFO - ✅ Конфигурация сохранена в config_data.json
12:14:33 - aiogram.event - INFO - Update id=826344378 is handled. Duration 149 ms by bot id=8298689795
12:14:34 - aiogram.event - INFO - Update id=826344379 is handled. Duration 153 ms by bot id=8298689795
12:14:35 - aiogram.event - INFO - Update id=826344380 is handled. Duration 146 ms by bot id=8298689795
12:14:36 - config_manager - INFO - ✅ Конфигурация сохранена в config_data.json
12:14:36 - aiogram.event - INFO - Update id=826344381 is handled. Duration 164 ms by bot id=8298689795
12:14:40 - config_manager - INFO - ✅ Конфигурация сохранена в config_data.json
12:14:40 - aiogram.event - INFO - Update id=826344382 is handled. Duration 83 ms by bot id=8298689795
12:14:44 - config_manager - INFO - ✅ Конфигурация сохранена в config_data.json
12:14:44 - aiogram.event - INFO - Update id=826344383 is handled. Duration 177 ms by bot id=8298689795
12:14:47 - config_manager - INFO - ✅ Конфигурация сохранена в config_data.json
12:14:47 - aiogram.event - INFO - Update id=826344384 is handled. Duration 105 ms by bot id=8298689795
12:15:09 - aiogram.event - INFO - Update id=826344385 is handled. Duration 202 ms by bot id=8298689795
12:15:10 - aiogram.event - INFO - Update id=826344386 is handled. Duration 155 ms by bot id=8298689795
12:15:12 - aiogram.event - INFO - Update id=826344387 is handled. Duration 279 ms by bot id=8298689795
12:15:14 - aiogram.event - INFO - Update id=826344388 is handled. Duration 160 ms by bot id=8298689795
12:15:17 - aiogram.event - INFO - Update id=826344389 is handled. Duration 168 ms by bot id=8298689795
12:15:19 - aiogram.event - INFO - Update id=826344390 is handled. Duration 176 ms by bot id=8298689795
12:15:22 - config_manager - INFO - ✅ Конфигурация сохранена в config_data.json
12:15:22 - aiogram.event - INFO - Update id=826344391 is handled. Duration 93 ms by bot id=8298689795
12:15:24 - config_manager - INFO - ✅ Конфигурация сохранена в config_data.json
12:15:24 - aiogram.event - INFO - Update id=826344392 is handled. Duration 122 ms by bot id=8298689795
12:15:35 - config_manager - INFO - ✅ Конфигурация сохранена в config_data.json
12:15:35 - aiogram.event - INFO - Update id=826344393 is handled. Duration 125 ms by bot id=8298689795
12:15:46 - config_manager - INFO - ✅ Конфигурация сохранена в config_data.json
12:15:46 - aiogram.event - INFO - Update id=826344394 is handled. Duration 99 ms by bot id=8298689795
12:15:50 - aiogram.event - INFO - Update id=826344395 is handled. Duration 81 ms by bot id=8298689795
12:15:53 - aiogram.event - INFO - Update id=826344396 is handled. Duration 152 ms by bot id=8298689795
12:15:54 - aiogram.event - INFO - Update id=826344397 is handled. Duration 150 ms by bot id=8298689795
12:15:59 - config_manager - INFO - ✅ Конфигурация сохранена в config_data.json
12:15:59 - aiogram.event - INFO - Update id=826344398 is handled. Duration 111 ms by bot id=8298689795
12:16:03 - config_manager - INFO - ✅ Конфигурация сохранена в config_data.json
12:16:03 - aiogram.event - INFO - Update id=826344399 is handled. Duration 108 ms by bot id=8298689795
12:16:06 - aiogram.event - INFO - Update id=826344400 is handled. Duration 143 ms by bot id=8298689795
12:16:13 - config_manager - INFO - ✅ Конфигурация сохранена в config_data.json
12:16:13 - aiogram.event - INFO - Update id=826344401 is handled. Duration 109 ms by bot id=8298689795
12:16:17 - config_manager - INFO - ✅ Конфигурация сохранена в config_data.json
12:16:17 - aiogram.event - INFO - Update id=826344402 is handled. Duration 89 ms by bot id=8298689795
12:16:31 - aiogram.event - INFO - Update id=826344403 is handled. Duration 146 ms by bot id=8298689795
12:16:41 - aiogram.event - INFO - Update id=826344404 is handled. Duration 146 ms by bot id=8298689795
12:16:43 - aiogram.event - INFO - Update id=826344405 is handled. Duration 194 ms by bot id=8298689795
12:16:56 - aiogram.event - INFO - Update id=826344406 is handled. Duration 147 ms by bot id=8298689795
12:16:57 - aiogram.event - INFO - Update id=826344407 is handled. Duration 157 ms by bot id=8298689795
12:17:01 - aiogram.event - INFO - Update id=826344408 is handled. Duration 156 ms by bot id=8298689795
12:17:07 - config_manager - INFO - ✅ Конфигурация сохранена в config_data.json
12:17:07 - aiogram.event - INFO - Update id=826344409 is handled. Duration 97 ms by bot id=8298689795
12:17:13 - config_manager - INFO - ✅ Конфигурация сохранена в config_data.json
12:17:13 - aiogram.event - INFO - Update id=826344410 is handled. Duration 85 ms by bot id=8298689795
12:17:18 - config_manager - INFO - ✅ Конфигурация сохранена в config_data.json
12:17:18 - aiogram.event - INFO - Update id=826344411 is handled. Duration 117 ms by bot id=8298689795
12:17:21 - config_manager - INFO - ✅ Конфигурация сохранена в config_data.json
12:17:21 - aiogram.event - INFO - Update id=826344412 is handled. Duration 115 ms by bot id=8298689795
12:17:25 - aiogram.event - INFO - Update id=826344413 is handled. Duration 151 ms by bot id=8298689795
12:19:05 - aiogram.dispatcher - INFO - Polling stopped
12:19:05 - pyrogram.session.session - INFO - PingTask stopped
12:19:05 - pyrogram.session.session - INFO - NetworkTask stopped
12:19:05 - pyrogram.connection.connection - INFO - Disconnected
12:19:05 - pyrogram.session.session - INFO - Session stopped
12:19:05 - asyncio - ERROR - Task exception was never retrieved
future: <Task finished name='Task-2' coro=<StarsAPIGiver.init_sessions() done, defined at C:\Users\ezhik\PycharmProjects\PythonProject5\stars_api_giver.py:28> exception=UnicodeDecodeError('utf-8', b'\xff', 0, 1, 'invalid start byte')>
Traceback (most recent call last):
  File "C:\Users\ezhik\PycharmProjects\PythonProject5\stars_api_giver.py", line 32, in init_sessions
    self.balances[session] = await self.get_star_balance(session)
                             ^^^^^^^^^^^^^^^^^^^^^^^^^^^^^^^^^^^^
  File "C:\Users\ezhik\PycharmProjects\PythonProject5\stars_api_giver.py", line 36, in get_star_balance
    async with Client(session, self.api_id, self.api_hash) as app:
               ~~~~~~^^^^^^^^^^^^^^^^^^^^^^^^^^^^^^^^^^^^^
  File "C:\Users\ezhik\PycharmProjects\PythonProject5\.venv\Lib\site-packages\pyrogram\client.py", line 441, in __aenter__
    return await self.start()
           ^^^^^^^^^^^^^^^^^^
  File "C:\Users\ezhik\PycharmProjects\PythonProject5\.venv\Lib\site-packages\pyrogram\methods\utilities\start.py", line 89, in start
    await self.authorize()
  File "C:\Users\ezhik\PycharmProjects\PythonProject5\.venv\Lib\site-packages\pyrogram\client.py", line 474, in authorize
    value = await ainput("Enter phone number or bot token: ", loop=self.loop)
            ^^^^^^^^^^^^^^^^^^^^^^^^^^^^^^^^^^^^^^^^^^^^^^^^^^^^^^^^^^^^^^^^^
  File "C:\Users\ezhik\PycharmProjects\PythonProject5\.venv\Lib\site-packages\pyrogram\utils.py", line 57, in ainput
    return await loop.run_in_executor(executor, func)
           ^^^^^^^^^^^^^^^^^^^^^^^^^^^^^^^^^^^^^^^^^^
  File "C:\Users\ezhik\AppData\Local\Programs\Python\Python313\Lib\concurrent\futures\thread.py", line 59, in run
    result = self.fn(*self.args, **self.kwargs)
  File "<frozen codecs>", line 325, in decode
UnicodeDecodeError: 'utf-8' codec can't decode byte 0xff in position 0: invalid start byte
