21:19:47 - StarvellBot - INFO - ✅ Логирование настроено
21:19:47 - StarvellBot - INFO - ============================================================
21:19:47 - StarvellBot - INFO - 🚀 StarvellBot Manager Starting...
21:19:47 - StarvellBot - INFO - ============================================================
21:19:47 - StarvellBot - INFO - 📋 Загрузка конфигурации...
21:19:47 - config_manager - INFO - ✅ Конфигурация загружена из config_data.json
21:19:48 - StarvellBot - INFO - 🚀 Запуск Telegram Manager...
21:19:48 - StarvellBot - INFO - 🤖 Инициализация StarvellBot...
21:19:48 - StarvellBot - INFO - ⚙️ Инициализация Service Manager...
21:19:48 - StarvellBot - INFO - ============================================================
21:19:48 - StarvellBot - INFO - ✅ Все компоненты инициализированы успешно!
21:19:48 - StarvellBot - INFO - ============================================================
21:19:48 - StarvellBot - INFO - 
21:19:48 - StarvellBot - INFO - 📱 Откройте Telegram бота для управления
21:19:48 - StarvellBot - INFO - 🎛️ Доступные команды:
21:19:48 - StarvellBot - INFO -    /start - начать работу
21:19:48 - StarvellBot - INFO -    /services - управление службами
21:19:48 - StarvellBot - INFO -    /config - редактирование настроек
21:19:48 - StarvellBot - INFO -    /status - статус служб
21:19:48 - StarvellBot - INFO -    /help - справка
21:19:48 - StarvellBot - INFO - 
21:19:48 - StarvellBot - INFO - ============================================================
21:19:48 - aiogram.dispatcher - INFO - Start polling
21:19:48 - aiogram.dispatcher - INFO - Run polling for bot @testzabwinobotsfadsgdsbot id=8298689795 - 'test'
21:20:09 - aiogram.event - INFO - Update id=826344877 is handled. Duration 216 ms by bot id=8298689795
21:20:10 - aiogram.event - INFO - Update id=826344878 is handled. Duration 161 ms by bot id=8298689795
21:20:11 - service_manager - INFO - ▶️ Запуск службы Orders Monitor...
21:20:11 - StarvellBot - INFO - 🟢 WebSocket connected
21:20:11 - StarvellBot - INFO - ⬅️  0{"sid":"Ikqtncur7KpX4qjDAe6v","upgrades":[],"pingInterval":25000,"pingTimeout":20000,"maxPayload":1000000}
21:20:11 - StarvellBot - WARNING - ➡️  Connecting to namespace: /chats
21:20:11 - StarvellBot - WARNING - ➡️  Connecting to namespace: /user-notifications
21:20:11 - StarvellBot - WARNING - ➡️  Connecting to namespace: /orders
21:20:11 - StarvellBot - WARNING - ➡️  Connecting to namespace: /user-presence
21:20:11 - StarvellBot - WARNING - ➡️  Connecting to namespace: /online
21:20:11 - StarvellBot - INFO - ✅ WebSocket готов, запускаем проверку заказов
21:20:11 - StarvellBot - INFO - ⬅️  40/chats,{"sid":"iI0oLQNEEqnAqEDTAe6w"}
21:20:11 - StarvellBot - INFO - ⬅️  40/user-notifications,{"sid":"8htGhTZFHIGkhv1qAe6x"}
21:20:11 - StarvellBot - INFO - ⬅️  40/orders,{"sid":"MTemjBvuUp8Mw2pHAe6y"}
21:20:11 - StarvellBot - INFO - ⬅️  40/user-presence,{"sid":"-DyvaglCZnOasODtAe6z"}
21:20:11 - StarvellBot - INFO - ⬅️  40/online,{"sid":"1wN3yaj9P1LkIE05Ae60"}
21:20:12 - service_manager - INFO - ✅ Служба Orders Monitor запущена
21:20:12 - aiogram.event - INFO - Update id=826344879 is handled. Duration 677 ms by bot id=8298689795
21:20:36 - StarvellBot - INFO - ⬅️  2
21:21:02 - StarvellBot - INFO - ⬅️  2
21:21:27 - StarvellBot - INFO - ⬅️  2
21:21:52 - StarvellBot - INFO - ⬅️  2
21:22:17 - StarvellBot - INFO - ⬅️  2
21:22:41 - aiogram.event - INFO - Update id=826344880 is handled. Duration 178 ms by bot id=8298689795
21:22:41 - aiogram.event - INFO - Update id=826344881 is handled. Duration 159 ms by bot id=8298689795
21:22:42 - service_manager - INFO - ▶️ Запуск службы Price Dumper...
21:22:42 - StarvellBot - INFO - ✅ WebSocket готов, запускаем автопонижение цен
21:22:42 - StarvellBot - INFO - 🔄 Проверяем цены...
21:22:42 - StarvellBot - INFO - ⬅️  2
21:22:42 - service_manager - INFO - ✅ Служба Price Dumper запущена
21:22:43 - StarvellBot - INFO - Успешно парсили ордеры
21:22:43 - StarvellBot - INFO - 📦 Найдено 2 наших предложений
21:22:43 - StarvellBot - ERROR - Отсутствует айди в описании предложения при демпинге
21:22:43 - StarvellBot - ERROR - Отсутствует айди в описании предложения при демпинге
21:22:43 - StarvellBot - ERROR - Отсутствует айди в описании предложения при демпинге
21:22:43 - StarvellBot - ERROR - Отсутствует айди в описании предложения при демпинге
21:22:43 - StarvellBot - ERROR - Отсутствует айди в описании предложения при демпинге
21:22:43 - StarvellBot - ERROR - Отсутствует айди в описании предложения при демпинге
21:22:43 - StarvellBot - ERROR - Отсутствует айди в описании предложения при демпинге
21:22:43 - StarvellBot - ERROR - Отсутствует айди в описании предложения при демпинге
21:22:43 - StarvellBot - ERROR - Отсутствует айди в описании предложения при демпинге
21:22:43 - StarvellBot - ERROR - Отсутствует айди в описании предложения при демпинге
21:22:43 - StarvellBot - ERROR - Отсутствует айди в описании предложения при демпинге
21:22:43 - StarvellBot - INFO - 📊 Обрабатываем предложение 134567: 25 звёзд по 30.9₽
21:22:43 - aiogram.event - INFO - Update id=826344882 is handled. Duration 679 ms by bot id=8298689795
21:22:43 - StarvellBot - INFO - 📊 Получено 7 предложений конкурентов
21:22:43 - StarvellBot - INFO - ✅ Наше предложение 134567 единственное в категории
21:22:43 - StarvellBot - INFO - ✅ Проверка цен завершена
21:23:07 - StarvellBot - INFO - ⬅️  2
21:23:13 - StarvellBot - INFO - 🔄 Проверяем цены...
21:23:13 - StarvellBot - INFO - Успешно парсили ордеры
21:23:13 - StarvellBot - INFO - 📦 Найдено 2 наших предложений
21:23:13 - StarvellBot - ERROR - Отсутствует айди в описании предложения при демпинге
21:23:13 - StarvellBot - ERROR - Отсутствует айди в описании предложения при демпинге
21:23:13 - StarvellBot - ERROR - Отсутствует айди в описании предложения при демпинге
21:23:13 - StarvellBot - ERROR - Отсутствует айди в описании предложения при демпинге
21:23:13 - StarvellBot - ERROR - Отсутствует айди в описании предложения при демпинге
21:23:13 - StarvellBot - ERROR - Отсутствует айди в описании предложения при демпинге
21:23:13 - StarvellBot - ERROR - Отсутствует айди в описании предложения при демпинге
21:23:13 - StarvellBot - ERROR - Отсутствует айди в описании предложения при демпинге
21:23:13 - StarvellBot - ERROR - Отсутствует айди в описании предложения при демпинге
21:23:13 - StarvellBot - ERROR - Отсутствует айди в описании предложения при демпинге
21:23:13 - StarvellBot - ERROR - Отсутствует айди в описании предложения при демпинге
21:23:13 - StarvellBot - INFO - 📊 Обрабатываем предложение 134567: 25 звёзд по 30.9₽
21:23:14 - StarvellBot - INFO - 📊 Получено 7 предложений конкурентов
21:23:14 - StarvellBot - INFO - ✅ Наше предложение 134567 единственное в категории
21:23:14 - StarvellBot - INFO - ✅ Проверка цен завершена
21:23:32 - StarvellBot - INFO - ⬅️  2
21:23:44 - StarvellBot - INFO - 🔄 Проверяем цены...
21:23:44 - StarvellBot - INFO - Успешно парсили ордеры
21:23:44 - StarvellBot - INFO - 📦 Найдено 2 наших предложений
21:23:44 - StarvellBot - ERROR - Отсутствует айди в описании предложения при демпинге
21:23:44 - StarvellBot - ERROR - Отсутствует айди в описании предложения при демпинге
21:23:44 - StarvellBot - ERROR - Отсутствует айди в описании предложения при демпинге
21:23:44 - StarvellBot - ERROR - Отсутствует айди в описании предложения при демпинге
21:23:44 - StarvellBot - ERROR - Отсутствует айди в описании предложения при демпинге
21:23:44 - StarvellBot - ERROR - Отсутствует айди в описании предложения при демпинге
21:23:44 - StarvellBot - ERROR - Отсутствует айди в описании предложения при демпинге
21:23:44 - StarvellBot - ERROR - Отсутствует айди в описании предложения при демпинге
21:23:44 - StarvellBot - ERROR - Отсутствует айди в описании предложения при демпинге
21:23:44 - StarvellBot - ERROR - Отсутствует айди в описании предложения при демпинге
21:23:44 - StarvellBot - ERROR - Отсутствует айди в описании предложения при демпинге
21:23:44 - StarvellBot - INFO - 📊 Обрабатываем предложение 134567: 25 звёзд по 30.9₽
21:23:45 - StarvellBot - INFO - 📊 Получено 7 предложений конкурентов
21:23:45 - StarvellBot - ERROR - ❌ Ошибка в dumper: list index out of range
21:23:57 - StarvellBot - INFO - ⬅️  2
21:24:15 - StarvellBot - INFO - 🔄 Проверяем цены...
21:24:15 - StarvellBot - INFO - Успешно парсили ордеры
21:24:15 - StarvellBot - INFO - 📦 Найдено 2 наших предложений
21:24:15 - StarvellBot - ERROR - Отсутствует айди в описании предложения при демпинге
21:24:15 - StarvellBot - ERROR - Отсутствует айди в описании предложения при демпинге
21:24:15 - StarvellBot - ERROR - Отсутствует айди в описании предложения при демпинге
21:24:15 - StarvellBot - ERROR - Отсутствует айди в описании предложения при демпинге
21:24:15 - StarvellBot - ERROR - Отсутствует айди в описании предложения при демпинге
21:24:15 - StarvellBot - ERROR - Отсутствует айди в описании предложения при демпинге
21:24:15 - StarvellBot - ERROR - Отсутствует айди в описании предложения при демпинге
21:24:15 - StarvellBot - ERROR - Отсутствует айди в описании предложения при демпинге
21:24:15 - StarvellBot - ERROR - Отсутствует айди в описании предложения при демпинге
21:24:15 - StarvellBot - ERROR - Отсутствует айди в описании предложения при демпинге
21:24:15 - StarvellBot - ERROR - Отсутствует айди в описании предложения при демпинге
21:24:15 - StarvellBot - INFO - 📊 Обрабатываем предложение 134567: 25 звёзд по 30.9₽
21:24:16 - StarvellBot - INFO - 📊 Получено 7 предложений конкурентов
21:24:16 - StarvellBot - ERROR - ❌ Ошибка в dumper: list index out of range
21:24:22 - StarvellBot - INFO - ⬅️  2
21:24:46 - StarvellBot - INFO - 🔄 Проверяем цены...
21:24:46 - StarvellBot - INFO - Успешно парсили ордеры
21:24:46 - StarvellBot - INFO - 📦 Найдено 2 наших предложений
21:24:46 - StarvellBot - ERROR - Отсутствует айди в описании предложения при демпинге
21:24:46 - StarvellBot - ERROR - Отсутствует айди в описании предложения при демпинге
21:24:46 - StarvellBot - ERROR - Отсутствует айди в описании предложения при демпинге
21:24:46 - StarvellBot - ERROR - Отсутствует айди в описании предложения при демпинге
21:24:46 - StarvellBot - ERROR - Отсутствует айди в описании предложения при демпинге
21:24:46 - StarvellBot - ERROR - Отсутствует айди в описании предложения при демпинге
21:24:46 - StarvellBot - ERROR - Отсутствует айди в описании предложения при демпинге
21:24:46 - StarvellBot - ERROR - Отсутствует айди в описании предложения при демпинге
21:24:46 - StarvellBot - ERROR - Отсутствует айди в описании предложения при демпинге
21:24:46 - StarvellBot - ERROR - Отсутствует айди в описании предложения при демпинге
21:24:46 - StarvellBot - ERROR - Отсутствует айди в описании предложения при демпинге
21:24:46 - StarvellBot - INFO - 📊 Обрабатываем предложение 134567: 25 звёзд по 30.9₽
21:24:46 - StarvellBot - INFO - 📊 Получено 7 предложений конкурентов
21:24:46 - StarvellBot - ERROR - ❌ Ошибка в dumper: list index out of range
21:24:48 - StarvellBot - INFO - ⬅️  2
21:25:13 - StarvellBot - INFO - ⬅️  2
21:25:16 - StarvellBot - INFO - 🔄 Проверяем цены...
21:25:17 - StarvellBot - INFO - Успешно парсили ордеры
21:25:17 - StarvellBot - INFO - 📦 Найдено 2 наших предложений
21:25:17 - StarvellBot - ERROR - Отсутствует айди в описании предложения при демпинге
21:25:17 - StarvellBot - ERROR - Отсутствует айди в описании предложения при демпинге
21:25:17 - StarvellBot - ERROR - Отсутствует айди в описании предложения при демпинге
21:25:17 - StarvellBot - ERROR - Отсутствует айди в описании предложения при демпинге
21:25:17 - StarvellBot - ERROR - Отсутствует айди в описании предложения при демпинге
21:25:17 - StarvellBot - ERROR - Отсутствует айди в описании предложения при демпинге
21:25:17 - StarvellBot - ERROR - Отсутствует айди в описании предложения при демпинге
21:25:17 - StarvellBot - ERROR - Отсутствует айди в описании предложения при демпинге
21:25:17 - StarvellBot - ERROR - Отсутствует айди в описании предложения при демпинге
21:25:17 - StarvellBot - ERROR - Отсутствует айди в описании предложения при демпинге
21:25:17 - StarvellBot - ERROR - Отсутствует айди в описании предложения при демпинге
21:25:17 - StarvellBot - INFO - 📊 Обрабатываем предложение 134567: 25 звёзд по 30.9₽
21:25:17 - StarvellBot - INFO - 📊 Получено 7 предложений конкурентов
21:25:17 - StarvellBot - INFO - 💰 Оптимизируем первое место: 30.9₽ → 35.9₽
21:25:18 - StarvellBot - INFO - ✅ Цена обновлена: 35.9₽ (ID: 134567)
21:25:19 - StarvellBot - INFO - ✅ Проверка цен завершена
21:25:38 - StarvellBot - INFO - ⬅️  2
21:25:49 - StarvellBot - INFO - 🔄 Проверяем цены...
21:25:49 - StarvellBot - INFO - Успешно парсили ордеры
21:25:49 - StarvellBot - INFO - 📦 Найдено 2 наших предложений
21:25:49 - StarvellBot - ERROR - Отсутствует айди в описании предложения при демпинге
21:25:49 - StarvellBot - ERROR - Отсутствует айди в описании предложения при демпинге
21:25:49 - StarvellBot - ERROR - Отсутствует айди в описании предложения при демпинге
21:25:49 - StarvellBot - ERROR - Отсутствует айди в описании предложения при демпинге
21:25:49 - StarvellBot - ERROR - Отсутствует айди в описании предложения при демпинге
21:25:49 - StarvellBot - ERROR - Отсутствует айди в описании предложения при демпинге
21:25:49 - StarvellBot - ERROR - Отсутствует айди в описании предложения при демпинге
21:25:49 - StarvellBot - ERROR - Отсутствует айди в описании предложения при демпинге
21:25:49 - StarvellBot - ERROR - Отсутствует айди в описании предложения при демпинге
21:25:49 - StarvellBot - ERROR - Отсутствует айди в описании предложения при демпинге
21:25:49 - StarvellBot - ERROR - Отсутствует айди в описании предложения при демпинге
21:25:49 - StarvellBot - INFO - 📊 Обрабатываем предложение 134567: 25 звёзд по 35.9₽
21:25:50 - StarvellBot - INFO - 📊 Получено 7 предложений конкурентов
21:25:50 - StarvellBot - INFO - ✅ Проверка цен завершена
21:26:03 - StarvellBot - INFO - ⬅️  2
21:26:20 - StarvellBot - INFO - 🔄 Проверяем цены...
21:26:21 - StarvellBot - INFO - Успешно парсили ордеры
21:26:21 - StarvellBot - INFO - 📦 Найдено 2 наших предложений
21:26:21 - StarvellBot - ERROR - Отсутствует айди в описании предложения при демпинге
21:26:21 - StarvellBot - ERROR - Отсутствует айди в описании предложения при демпинге
21:26:21 - StarvellBot - ERROR - Отсутствует айди в описании предложения при демпинге
21:26:21 - StarvellBot - ERROR - Отсутствует айди в описании предложения при демпинге
21:26:21 - StarvellBot - ERROR - Отсутствует айди в описании предложения при демпинге
21:26:21 - StarvellBot - ERROR - Отсутствует айди в описании предложения при демпинге
21:26:21 - StarvellBot - ERROR - Отсутствует айди в описании предложения при демпинге
21:26:21 - StarvellBot - ERROR - Отсутствует айди в описании предложения при демпинге
21:26:21 - StarvellBot - ERROR - Отсутствует айди в описании предложения при демпинге
21:26:21 - StarvellBot - ERROR - Отсутствует айди в описании предложения при демпинге
21:26:21 - StarvellBot - ERROR - Отсутствует айди в описании предложения при демпинге
21:26:21 - StarvellBot - INFO - 📊 Обрабатываем предложение 134567: 25 звёзд по 35.9₽
21:26:21 - StarvellBot - INFO - 📊 Получено 7 предложений конкурентов
21:26:21 - StarvellBot - INFO - ✅ Проверка цен завершена
21:26:28 - StarvellBot - INFO - ⬅️  2
21:26:50 - StarvellBot - INFO - ⬅️  42/user-notifications,["sale_update",{"orderId":"019caaa7-3843-e8de-3a13-d7e05159feb4","delta":1}]
21:26:50 - StarvellBot - INFO - 🛒 NEW ORDER!
21:26:50 - StarvellBot - INFO - Order ID: 019caaa7-3843-e8de-3a13-d7e05159feb4
21:26:50 - StarvellBot - INFO - ⚙️  Processing order 019caaa7-3843-e8de-3a13-d7e05159feb4...
21:26:51 - StarvellBot - INFO - 🔄 Проверяем цены...
21:26:51 - StarvellBot - ERROR - Ошибка при процессинге 019caaa7-3843-e8de-3a13-d7e05159feb4
21:26:51 - StarvellBot - INFO - Успешно парсили ордеры
21:26:51 - StarvellBot - INFO - 📦 Найдено 2 наших предложений
21:26:51 - StarvellBot - ERROR - Отсутствует айди в описании предложения при демпинге
21:26:51 - StarvellBot - ERROR - Отсутствует айди в описании предложения при демпинге
21:26:51 - StarvellBot - ERROR - Отсутствует айди в описании предложения при демпинге
21:26:51 - StarvellBot - ERROR - Отсутствует айди в описании предложения при демпинге
21:26:51 - StarvellBot - ERROR - Отсутствует айди в описании предложения при демпинге
21:26:51 - StarvellBot - ERROR - Отсутствует айди в описании предложения при демпинге
21:26:51 - StarvellBot - ERROR - Отсутствует айди в описании предложения при демпинге
21:26:51 - StarvellBot - ERROR - Отсутствует айди в описании предложения при демпинге
21:26:51 - StarvellBot - ERROR - Отсутствует айди в описании предложения при демпинге
21:26:51 - StarvellBot - ERROR - Отсутствует айди в описании предложения при демпинге
21:26:51 - StarvellBot - ERROR - Отсутствует айди в описании предложения при демпинге
21:26:51 - StarvellBot - INFO - 📊 Обрабатываем предложение 134567: 25 звёзд по 35.9₽
21:26:51 - StarvellBot - INFO - ⬅️  42/chats,["message_created",{"id":"019caaa7-38a7-e082-2d9a-55df4a3e1bae","content":"","type":"NOTIFICATION","metadata":{"orderId":"019caaa7-3843-e8de-3a13-d7e05159feb4","notificationType":"ORDER_PAYMENT"},"isHidden":false,"images":[],"authorId":null,"buyerId":152876,"sellerId":null,"adminId":null,"chatId":"019c2109-ea20-da88-5085-3849eef57778","visibleTo":null,"createdAt":"2026-03-01T18:26:51.372Z","updatedAt":"2026-03-01T18:26:51.372Z","author":null,"buyer":{"id":152876,"username":"xezz"},"seller":null,"admin":null,"order":{"id":"019caaa7-3843-e8de-3a13-d7e05159feb4","quantity":1,"totalPrice":4021,"status":"CREATED","refundedAt":null,"refundReasonCode":null,"orderArgs":[{"id":"959d1d7b-1a35-429c-98a1-c9a753579a43","value":"ezhiqq","nameRu":"Telegram Username"}],"offerDetails":{"game":{"id":14,"name":"Telegram","slug":"telegram"},"type":"LOT","images":[{"id":"ef9a8163-b1a9-4558-bd04-362b1dfe43e1","width":289,"height":291,"extension":"jpg"},{"id":"18da3a42-7827-426c-9e23-27e70f5a8203","width":248,"height":294,"extension":"jpg"}],"category":{"id":182,"name":"Звёзды","slug":"stars","currencyDisplayUnits":null},"attributes":[{"id":"2c2c2dc0-93fd-4cdc-8bb6-c3fb0e79612a","value":{"id":"9abe5573-3184-401c-8bec-de0d8dd38529","nameRu":"Подарком"},"nameRu":"Способ получения"}],"subCategory":{"id":642,"name":"21 звезда"},"availability":99999983,"deliveryTime":{"to":{"unit":"MINUTES","value":5},"from":{"unit":"MINUTES","value":1}},"descriptions":{"rus":{"description":"⭐Вы получаете любой подарок за 25 звёзд на ваш выбор (Подарок или Розу)\n\nПроцесс выполнения:\n1️⃣ Оплачиваете заказ\n2️⃣ Пишите ваш юзернейм @username в чат и какой подарок вы хотите\n3️⃣ Я выполняю пополнение\n4️⃣ Проверяете → Подтверждаете\n\n⚠️ Важно: Проверьте правильность введённого @username. Ошибки могут привести к зачислению звёзд на другой аккаунт, и возврат средств будет невозможен.\n\nid: 21stars"}},"instantDelivery":false}},"dispute":null}]
21:26:51 - StarvellBot - INFO - ⬅️  42/chats,["message_created",{"id":"019caaa7-38bb-845a-a3ae-c0b1ee918d0e","content":"е","type":"DEFAULT","metadata":{"isAutoResponse":true},"isHidden":false,"images":[],"authorId":139527,"buyerId":null,"sellerId":null,"adminId":null,"chatId":"019c2109-ea20-da88-5085-3849eef57778","visibleTo":null,"createdAt":"2026-03-01T18:26:51.707Z","updatedAt":"2026-03-01T18:26:51.372Z","author":{"id":139527,"username":"Bronto","roles":[]}}]
21:26:51 - StarvellBot - INFO - ⬅️  42/chats,["chat_read",{"lastReadAt":"2026-03-01T18:26:52.385Z","chatId":"019c2109-ea20-da88-5085-3849eef57778"}]
21:26:51 - StarvellBot - INFO - ⬅️  42/chats,["message_created",{"id":"019caaa7-3d23-9928-8492-31000418ca1b","content":"","type":"NOTIFICATION","metadata":{"orderId":"019caaa7-3843-e8de-3a13-d7e05159feb4","notificationType":"ORDER_REFUND"},"isHidden":false,"images":[],"authorId":null,"buyerId":152876,"sellerId":139527,"adminId":null,"chatId":"019c2109-ea20-da88-5085-3849eef57778","visibleTo":null,"createdAt":"2026-03-01T18:26:52.823Z","updatedAt":"2026-03-01T18:26:52.823Z","author":null,"buyer":{"id":152876,"username":"xezz"},"seller":{"id":139527,"username":"Bronto"},"admin":null,"order":{"id":"019caaa7-3843-e8de-3a13-d7e05159feb4","quantity":1,"totalPrice":4021,"status":"REFUND","refundedAt":"2026-03-01T18:26:52.831Z","refundReasonCode":null,"orderArgs":[{"id":"959d1d7b-1a35-429c-98a1-c9a753579a43","value":"ezhiqq","nameRu":"Telegram Username"}],"offerDetails":{"game":{"id":14,"name":"Telegram","slug":"telegram"},"type":"LOT","images":[{"id":"ef9a8163-b1a9-4558-bd04-362b1dfe43e1","width":289,"height":291,"extension":"jpg"},{"id":"18da3a42-7827-426c-9e23-27e70f5a8203","width":248,"height":294,"extension":"jpg"}],"category":{"id":182,"name":"Звёзды","slug":"stars","currencyDisplayUnits":null},"attributes":[{"id":"2c2c2dc0-93fd-4cdc-8bb6-c3fb0e79612a","value":{"id":"9abe5573-3184-401c-8bec-de0d8dd38529","nameRu":"Подарком"},"nameRu":"Способ получения"}],"subCategory":{"id":642,"name":"21 звезда"},"availability":99999983,"deliveryTime":{"to":{"unit":"MINUTES","value":5},"from":{"unit":"MINUTES","value":1}},"descriptions":{"rus":{"description":"⭐Вы получаете любой подарок за 25 звёзд на ваш выбор (Подарок или Розу)\n\nПроцесс выполнения:\n1️⃣ Оплачиваете заказ\n2️⃣ Пишите ваш юзернейм @username в чат и какой подарок вы хотите\n3️⃣ Я выполняю пополнение\n4️⃣ Проверяете → Подтверждаете\n\n⚠️ Важно: Проверьте правильность введённого @username. Ошибки могут привести к зачислению звёзд на другой аккаунт, и возврат средств будет невозможен.\n\nid: 21stars"}},"instantDelivery":false}},"dispute":null}]
21:26:52 - StarvellBot - INFO - 📊 Получено 7 предложений конкурентов
21:26:52 - StarvellBot - ERROR - ❌ Ошибка в dumper: list index out of range
21:26:52 - StarvellBot - INFO - ⬅️  42/user-notifications,["sale_update",{"orderId":"019caaa7-3843-e8de-3a13-d7e05159feb4","delta":-1}]
21:26:52 - StarvellBot - WARNING - 💸 Order refunded: 019caaa7-3843-e8de-3a13-d7e05159feb4 (delta: -1)
21:26:52 - StarvellBot - INFO - ⬅️  42/chats,["chat_read",{"lastReadAt":"2026-03-01T18:26:52.996Z","chatId":"019c2109-ea20-da88-5085-3849eef57778"}]
21:26:52 - StarvellBot - INFO - ⬅️  42/chats,["chat_read",{"lastReadAt":"2026-03-01T18:26:53.020Z","chatId":"019c2109-ea20-da88-5085-3849eef57778"}]
21:26:52 - StarvellBot - INFO - ⬅️  42/chats,["message_created",{"id":"019caaa7-3e36-93ee-5ede-e6318f910f17","content":"❌ К сожалению, ваш заказ был отменен и средства возвращены.\n\nЕсли у вас возникли вопросы, пожалуйста, свяжитесь с поддержкой.","type":"DEFAULT","metadata":null,"isHidden":false,"images":[],"authorId":139527,"buyerId":null,"sellerId":null,"adminId":null,"chatId":"019c2109-ea20-da88-5085-3849eef57778","visibleTo":null,"createdAt":"2026-03-01T18:26:53.109Z","updatedAt":"2026-03-01T18:26:53.109Z","author":{"id":139527,"username":"Bronto","roles":[]},"buyer":null,"seller":null,"admin":null,"order":null,"dispute":null}]
21:26:52 - StarvellBot - INFO - ⬅️  42/chats,["chat_read",{"lastReadAt":"2026-03-01T18:26:53.217Z","chatId":"019c2109-ea20-da88-5085-3849eef57778"}]
21:26:53 - StarvellBot - INFO - ⬅️  2
21:27:18 - StarvellBot - INFO - ⬅️  2
21:27:22 - StarvellBot - INFO - 🔄 Проверяем цены...
21:27:23 - StarvellBot - INFO - Успешно парсили ордеры
21:27:23 - StarvellBot - INFO - 📦 Найдено 2 наших предложений
21:27:23 - StarvellBot - ERROR - Отсутствует айди в описании предложения при демпинге
21:27:23 - StarvellBot - ERROR - Отсутствует айди в описании предложения при демпинге
21:27:23 - StarvellBot - ERROR - Отсутствует айди в описании предложения при демпинге
21:27:23 - StarvellBot - ERROR - Отсутствует айди в описании предложения при демпинге
21:27:23 - StarvellBot - ERROR - Отсутствует айди в описании предложения при демпинге
21:27:23 - StarvellBot - ERROR - Отсутствует айди в описании предложения при демпинге
21:27:23 - StarvellBot - ERROR - Отсутствует айди в описании предложения при демпинге
21:27:23 - StarvellBot - ERROR - Отсутствует айди в описании предложения при демпинге
21:27:23 - StarvellBot - ERROR - Отсутствует айди в описании предложения при демпинге
21:27:23 - StarvellBot - ERROR - Отсутствует айди в описании предложения при демпинге
21:27:23 - StarvellBot - ERROR - Отсутствует айди в описании предложения при демпинге
21:27:23 - StarvellBot - INFO - 📊 Обрабатываем предложение 134567: 25 звёзд по 35.9₽
21:27:24 - StarvellBot - INFO - 📊 Получено 7 предложений конкурентов
21:27:24 - StarvellBot - ERROR - ❌ Ошибка в dumper: list index out of range
21:27:43 - StarvellBot - INFO - ⬅️  2
21:27:54 - StarvellBot - INFO - 🔄 Проверяем цены...
21:27:54 - StarvellBot - INFO - Успешно парсили ордеры
21:27:54 - StarvellBot - INFO - 📦 Найдено 2 наших предложений
21:27:54 - StarvellBot - ERROR - Отсутствует айди в описании предложения при демпинге
21:27:54 - StarvellBot - ERROR - Отсутствует айди в описании предложения при демпинге
21:27:54 - StarvellBot - ERROR - Отсутствует айди в описании предложения при демпинге
21:27:54 - StarvellBot - ERROR - Отсутствует айди в описании предложения при демпинге
21:27:54 - StarvellBot - ERROR - Отсутствует айди в описании предложения при демпинге
21:27:54 - StarvellBot - ERROR - Отсутствует айди в описании предложения при демпинге
21:27:54 - StarvellBot - ERROR - Отсутствует айди в описании предложения при демпинге
21:27:54 - StarvellBot - ERROR - Отсутствует айди в описании предложения при демпинге
21:27:54 - StarvellBot - ERROR - Отсутствует айди в описании предложения при демпинге
21:27:54 - StarvellBot - ERROR - Отсутствует айди в описании предложения при демпинге
21:27:54 - StarvellBot - ERROR - Отсутствует айди в описании предложения при демпинге
21:27:54 - StarvellBot - INFO - 📊 Обрабатываем предложение 134567: 25 звёзд по 35.9₽
21:27:55 - StarvellBot - INFO - 📊 Получено 7 предложений конкурентов
21:27:55 - StarvellBot - INFO - ✅ Проверка цен завершена
21:28:08 - StarvellBot - INFO - ⬅️  2
21:28:25 - StarvellBot - INFO - 🔄 Проверяем цены...
21:28:25 - StarvellBot - INFO - Успешно парсили ордеры
21:28:25 - StarvellBot - INFO - 📦 Найдено 2 наших предложений
21:28:25 - StarvellBot - ERROR - Отсутствует айди в описании предложения при демпинге
21:28:25 - StarvellBot - ERROR - Отсутствует айди в описании предложения при демпинге
21:28:25 - StarvellBot - ERROR - Отсутствует айди в описании предложения при демпинге
21:28:25 - StarvellBot - ERROR - Отсутствует айди в описании предложения при демпинге
21:28:25 - StarvellBot - ERROR - Отсутствует айди в описании предложения при демпинге
21:28:25 - StarvellBot - ERROR - Отсутствует айди в описании предложения при демпинге
21:28:25 - StarvellBot - ERROR - Отсутствует айди в описании предложения при демпинге
21:28:25 - StarvellBot - ERROR - Отсутствует айди в описании предложения при демпинге
21:28:25 - StarvellBot - ERROR - Отсутствует айди в описании предложения при демпинге
21:28:25 - StarvellBot - ERROR - Отсутствует айди в описании предложения при демпинге
21:28:25 - StarvellBot - ERROR - Отсутствует айди в описании предложения при демпинге
21:28:25 - StarvellBot - INFO - 📊 Обрабатываем предложение 134567: 25 звёзд по 35.9₽
21:28:25 - StarvellBot - INFO - 📊 Получено 7 предложений конкурентов
21:28:25 - StarvellBot - ERROR - ❌ Ошибка в dumper: list index out of range
21:28:33 - StarvellBot - INFO - ⬅️  2
21:28:56 - StarvellBot - INFO - 🔄 Проверяем цены...
21:28:56 - StarvellBot - INFO - Успешно парсили ордеры
21:28:56 - StarvellBot - INFO - 📦 Найдено 2 наших предложений
21:28:56 - StarvellBot - ERROR - Отсутствует айди в описании предложения при демпинге
21:28:56 - StarvellBot - ERROR - Отсутствует айди в описании предложения при демпинге
21:28:56 - StarvellBot - ERROR - Отсутствует айди в описании предложения при демпинге
21:28:56 - StarvellBot - ERROR - Отсутствует айди в описании предложения при демпинге
21:28:56 - StarvellBot - ERROR - Отсутствует айди в описании предложения при демпинге
21:28:56 - StarvellBot - ERROR - Отсутствует айди в описании предложения при демпинге
21:28:56 - StarvellBot - ERROR - Отсутствует айди в описании предложения при демпинге
21:28:56 - StarvellBot - ERROR - Отсутствует айди в описании предложения при демпинге
21:28:56 - StarvellBot - ERROR - Отсутствует айди в описании предложения при демпинге
21:28:56 - StarvellBot - ERROR - Отсутствует айди в описании предложения при демпинге
21:28:56 - StarvellBot - ERROR - Отсутствует айди в описании предложения при демпинге
21:28:56 - StarvellBot - INFO - 📊 Обрабатываем предложение 134567: 25 звёзд по 35.9₽
21:28:57 - StarvellBot - INFO - 📊 Получено 7 предложений конкурентов
21:28:57 - StarvellBot - INFO - ✅ Наше предложение 134567 единственное в категории
21:28:57 - StarvellBot - INFO - ✅ Проверка цен завершена
21:28:58 - StarvellBot - INFO - ⬅️  2
21:29:23 - StarvellBot - INFO - ⬅️  2
21:29:27 - StarvellBot - INFO - 🔄 Проверяем цены...
21:29:28 - StarvellBot - INFO - Успешно парсили ордеры
21:29:28 - StarvellBot - INFO - 📦 Найдено 2 наших предложений
21:29:28 - StarvellBot - ERROR - Отсутствует айди в описании предложения при демпинге
21:29:28 - StarvellBot - ERROR - Отсутствует айди в описании предложения при демпинге
21:29:28 - StarvellBot - ERROR - Отсутствует айди в описании предложения при демпинге
21:29:28 - StarvellBot - ERROR - Отсутствует айди в описании предложения при демпинге
21:29:28 - StarvellBot - ERROR - Отсутствует айди в описании предложения при демпинге
21:29:28 - StarvellBot - ERROR - Отсутствует айди в описании предложения при демпинге
21:29:28 - StarvellBot - ERROR - Отсутствует айди в описании предложения при демпинге
21:29:28 - StarvellBot - ERROR - Отсутствует айди в описании предложения при демпинге
21:29:28 - StarvellBot - ERROR - Отсутствует айди в описании предложения при демпинге
21:29:28 - StarvellBot - ERROR - Отсутствует айди в описании предложения при демпинге
21:29:28 - StarvellBot - ERROR - Отсутствует айди в описании предложения при демпинге
21:29:28 - StarvellBot - INFO - 📊 Обрабатываем предложение 134567: 25 звёзд по 35.9₽
21:29:28 - StarvellBot - INFO - 📊 Получено 7 предложений конкурентов
21:29:28 - StarvellBot - ERROR - ❌ Ошибка в dumper: list index out of range
21:29:48 - StarvellBot - INFO - ⬅️  2
21:29:58 - StarvellBot - INFO - 🔄 Проверяем цены...
21:29:59 - StarvellBot - INFO - Успешно парсили ордеры
21:29:59 - StarvellBot - INFO - 📦 Найдено 2 наших предложений
21:29:59 - StarvellBot - ERROR - Отсутствует айди в описании предложения при демпинге
21:29:59 - StarvellBot - ERROR - Отсутствует айди в описании предложения при демпинге
21:29:59 - StarvellBot - ERROR - Отсутствует айди в описании предложения при демпинге
21:29:59 - StarvellBot - ERROR - Отсутствует айди в описании предложения при демпинге
21:29:59 - StarvellBot - ERROR - Отсутствует айди в описании предложения при демпинге
21:29:59 - StarvellBot - ERROR - Отсутствует айди в описании предложения при демпинге
21:29:59 - StarvellBot - ERROR - Отсутствует айди в описании предложения при демпинге
21:29:59 - StarvellBot - ERROR - Отсутствует айди в описании предложения при демпинге
21:29:59 - StarvellBot - ERROR - Отсутствует айди в описании предложения при демпинге
21:29:59 - StarvellBot - ERROR - Отсутствует айди в описании предложения при демпинге
21:29:59 - StarvellBot - ERROR - Отсутствует айди в описании предложения при демпинге
21:29:59 - StarvellBot - INFO - 📊 Обрабатываем предложение 134567: 25 звёзд по 35.9₽
21:29:59 - StarvellBot - INFO - 📊 Получено 7 предложений конкурентов
21:29:59 - StarvellBot - ERROR - ❌ Ошибка в dumper: list index out of range
21:30:13 - StarvellBot - INFO - ⬅️  2
21:30:29 - StarvellBot - INFO - 🔄 Проверяем цены...
21:30:29 - StarvellBot - INFO - Успешно парсили ордеры
21:30:29 - StarvellBot - INFO - 📦 Найдено 2 наших предложений
21:30:29 - StarvellBot - ERROR - Отсутствует айди в описании предложения при демпинге
21:30:29 - StarvellBot - ERROR - Отсутствует айди в описании предложения при демпинге
21:30:29 - StarvellBot - ERROR - Отсутствует айди в описании предложения при демпинге
21:30:29 - StarvellBot - ERROR - Отсутствует айди в описании предложения при демпинге
21:30:29 - StarvellBot - ERROR - Отсутствует айди в описании предложения при демпинге
21:30:29 - StarvellBot - ERROR - Отсутствует айди в описании предложения при демпинге
21:30:29 - StarvellBot - ERROR - Отсутствует айди в описании предложения при демпинге
21:30:29 - StarvellBot - ERROR - Отсутствует айди в описании предложения при демпинге
21:30:29 - StarvellBot - ERROR - Отсутствует айди в описании предложения при демпинге
21:30:29 - StarvellBot - ERROR - Отсутствует айди в описании предложения при демпинге
21:30:29 - StarvellBot - ERROR - Отсутствует айди в описании предложения при демпинге
21:30:29 - StarvellBot - INFO - 📊 Обрабатываем предложение 134567: 25 звёзд по 35.9₽
21:30:30 - StarvellBot - INFO - 📊 Получено 7 предложений конкурентов
21:30:30 - StarvellBot - ERROR - ❌ Ошибка в dumper: list index out of range
21:30:39 - StarvellBot - INFO - ⬅️  2
21:31:00 - StarvellBot - INFO - 🔄 Проверяем цены...
21:31:00 - StarvellBot - INFO - Успешно парсили ордеры
21:31:00 - StarvellBot - INFO - 📦 Найдено 2 наших предложений
21:31:00 - StarvellBot - ERROR - Отсутствует айди в описании предложения при демпинге
21:31:00 - StarvellBot - ERROR - Отсутствует айди в описании предложения при демпинге
21:31:00 - StarvellBot - ERROR - Отсутствует айди в описании предложения при демпинге
21:31:00 - StarvellBot - ERROR - Отсутствует айди в описании предложения при демпинге
21:31:00 - StarvellBot - ERROR - Отсутствует айди в описании предложения при демпинге
21:31:00 - StarvellBot - ERROR - Отсутствует айди в описании предложения при демпинге
21:31:00 - StarvellBot - ERROR - Отсутствует айди в описании предложения при демпинге
21:31:00 - StarvellBot - ERROR - Отсутствует айди в описании предложения при демпинге
21:31:00 - StarvellBot - ERROR - Отсутствует айди в описании предложения при демпинге
21:31:00 - StarvellBot - ERROR - Отсутствует айди в описании предложения при демпинге
21:31:00 - StarvellBot - ERROR - Отсутствует айди в описании предложения при демпинге
21:31:00 - StarvellBot - INFO - 📊 Обрабатываем предложение 134567: 25 звёзд по 35.9₽
21:31:01 - StarvellBot - INFO - 📊 Получено 7 предложений конкурентов
21:31:01 - StarvellBot - ERROR - ❌ Ошибка в dumper: list index out of range
21:31:04 - StarvellBot - INFO - ⬅️  2
21:31:29 - StarvellBot - INFO - ⬅️  2
21:31:31 - StarvellBot - INFO - 🔄 Проверяем цены...
21:31:31 - StarvellBot - INFO - Успешно парсили ордеры
21:31:31 - StarvellBot - INFO - 📦 Найдено 2 наших предложений
21:31:31 - StarvellBot - ERROR - Отсутствует айди в описании предложения при демпинге
21:31:31 - StarvellBot - ERROR - Отсутствует айди в описании предложения при демпинге
21:31:31 - StarvellBot - ERROR - Отсутствует айди в описании предложения при демпинге
21:31:31 - StarvellBot - ERROR - Отсутствует айди в описании предложения при демпинге
21:31:31 - StarvellBot - ERROR - Отсутствует айди в описании предложения при демпинге
21:31:31 - StarvellBot - ERROR - Отсутствует айди в описании предложения при демпинге
21:31:31 - StarvellBot - ERROR - Отсутствует айди в описании предложения при демпинге
21:31:31 - StarvellBot - ERROR - Отсутствует айди в описании предложения при демпинге
21:31:31 - StarvellBot - ERROR - Отсутствует айди в описании предложения при демпинге
21:31:31 - StarvellBot - ERROR - Отсутствует айди в описании предложения при демпинге
21:31:31 - StarvellBot - ERROR - Отсутствует айди в описании предложения при демпинге
21:31:31 - StarvellBot - INFO - 📊 Обрабатываем предложение 134567: 25 звёзд по 35.9₽
21:31:32 - StarvellBot - INFO - 📊 Получено 7 предложений конкурентов
21:31:32 - StarvellBot - ERROR - ❌ Ошибка в dumper: list index out of range
21:31:54 - StarvellBot - INFO - ⬅️  2
21:32:02 - StarvellBot - INFO - 🔄 Проверяем цены...
21:32:02 - StarvellBot - INFO - Успешно парсили ордеры
21:32:02 - StarvellBot - INFO - 📦 Найдено 2 наших предложений
21:32:02 - StarvellBot - ERROR - Отсутствует айди в описании предложения при демпинге
21:32:02 - StarvellBot - ERROR - Отсутствует айди в описании предложения при демпинге
21:32:02 - StarvellBot - ERROR - Отсутствует айди в описании предложения при демпинге
21:32:02 - StarvellBot - ERROR - Отсутствует айди в описании предложения при демпинге
21:32:02 - StarvellBot - ERROR - Отсутствует айди в описании предложения при демпинге
21:32:02 - StarvellBot - ERROR - Отсутствует айди в описании предложения при демпинге
21:32:02 - StarvellBot - ERROR - Отсутствует айди в описании предложения при демпинге
21:32:02 - StarvellBot - ERROR - Отсутствует айди в описании предложения при демпинге
21:32:02 - StarvellBot - ERROR - Отсутствует айди в описании предложения при демпинге
21:32:02 - StarvellBot - ERROR - Отсутствует айди в описании предложения при демпинге
21:32:02 - StarvellBot - ERROR - Отсутствует айди в описании предложения при демпинге
21:32:02 - StarvellBot - INFO - 📊 Обрабатываем предложение 134567: 25 звёзд по 35.9₽
21:32:03 - StarvellBot - INFO - 📊 Получено 7 предложений конкурентов
21:32:03 - StarvellBot - INFO - ✅ Наше предложение 134567 единственное в категории
21:32:03 - StarvellBot - INFO - ✅ Проверка цен завершена
21:32:19 - StarvellBot - INFO - ⬅️  2
21:32:33 - StarvellBot - INFO - 🔄 Проверяем цены...
21:32:33 - StarvellBot - INFO - Успешно парсили ордеры
21:32:33 - StarvellBot - INFO - 📦 Найдено 2 наших предложений
21:32:33 - StarvellBot - ERROR - Отсутствует айди в описании предложения при демпинге
21:32:33 - StarvellBot - ERROR - Отсутствует айди в описании предложения при демпинге
21:32:33 - StarvellBot - ERROR - Отсутствует айди в описании предложения при демпинге
21:32:33 - StarvellBot - ERROR - Отсутствует айди в описании предложения при демпинге
21:32:33 - StarvellBot - ERROR - Отсутствует айди в описании предложения при демпинге
21:32:33 - StarvellBot - ERROR - Отсутствует айди в описании предложения при демпинге
21:32:33 - StarvellBot - ERROR - Отсутствует айди в описании предложения при демпинге
21:32:33 - StarvellBot - ERROR - Отсутствует айди в описании предложения при демпинге
21:32:33 - StarvellBot - ERROR - Отсутствует айди в описании предложения при демпинге
21:32:33 - StarvellBot - ERROR - Отсутствует айди в описании предложения при демпинге
21:32:33 - StarvellBot - ERROR - Отсутствует айди в описании предложения при демпинге
21:32:33 - StarvellBot - INFO - 📊 Обрабатываем предложение 134567: 25 звёзд по 35.9₽
21:32:33 - StarvellBot - INFO - 📊 Получено 7 предложений конкурентов
21:32:33 - StarvellBot - INFO - ✅ Наше предложение 134567 единственное в категории
21:32:33 - StarvellBot - INFO - ✅ Проверка цен завершена
21:32:44 - StarvellBot - INFO - ⬅️  2
21:33:03 - StarvellBot - INFO - 🔄 Проверяем цены...
21:33:04 - StarvellBot - INFO - Успешно парсили ордеры
21:33:04 - StarvellBot - INFO - 📦 Найдено 2 наших предложений
21:33:04 - StarvellBot - ERROR - Отсутствует айди в описании предложения при демпинге
21:33:04 - StarvellBot - ERROR - Отсутствует айди в описании предложения при демпинге
21:33:04 - StarvellBot - ERROR - Отсутствует айди в описании предложения при демпинге
21:33:04 - StarvellBot - ERROR - Отсутствует айди в описании предложения при демпинге
21:33:04 - StarvellBot - ERROR - Отсутствует айди в описании предложения при демпинге
21:33:04 - StarvellBot - ERROR - Отсутствует айди в описании предложения при демпинге
21:33:04 - StarvellBot - ERROR - Отсутствует айди в описании предложения при демпинге
21:33:04 - StarvellBot - ERROR - Отсутствует айди в описании предложения при демпинге
21:33:04 - StarvellBot - ERROR - Отсутствует айди в описании предложения при демпинге
21:33:04 - StarvellBot - ERROR - Отсутствует айди в описании предложения при демпинге
21:33:04 - StarvellBot - ERROR - Отсутствует айди в описании предложения при демпинге
21:33:04 - StarvellBot - INFO - 📊 Обрабатываем предложение 134567: 25 звёзд по 35.9₽
21:33:04 - StarvellBot - INFO - 📊 Получено 7 предложений конкурентов
21:33:04 - StarvellBot - INFO - ✅ Наше предложение 134567 единственное в категории
21:33:04 - StarvellBot - INFO - ✅ Проверка цен завершена
21:33:09 - StarvellBot - INFO - ⬅️  2
21:33:11 - aiogram.dispatcher - INFO - Polling stopped
