16:47:30 - StarvellBot - INFO - ✅ Логирование настроено
16:47:30 - StarvellBot - INFO - ============================================================
16:47:30 - StarvellBot - INFO - 🚀 StarvellBot Manager Starting...
16:47:30 - StarvellBot - INFO - ============================================================
16:47:30 - StarvellBot - INFO - 📋 Загрузка конфигурации...
16:47:30 - config_manager - INFO - ✅ Конфигурация загружена из config_data.json
16:47:32 - pyrogram.crypto.aes - WARNING - TgCrypto is missing! Pyrogram will work the same, but at a much slower speed. More info: https://docs.pyrogram.org/topics/speedups
16:47:32 - StarvellBot - INFO - 🚀 Запуск Telegram Manager...
16:47:32 - StarvellBot - INFO - 🤖 Инициализация StarvellBot...
16:47:32 - StarvellBot - INFO - ⚙️ Инициализация Service Manager...
16:47:32 - StarvellBot - INFO - ============================================================
16:47:32 - StarvellBot - INFO - ✅ Все компоненты инициализированы успешно!
16:47:32 - StarvellBot - INFO - ============================================================
16:47:32 - StarvellBot - INFO - 
16:47:32 - StarvellBot - INFO - 📱 Откройте Telegram бота для управления
16:47:32 - StarvellBot - INFO - 🎛️ Доступные команды:
16:47:32 - StarvellBot - INFO -    /start - начать работу
16:47:32 - StarvellBot - INFO -    /services - управление службами
16:47:32 - StarvellBot - INFO -    /config - редактирование настроек
16:47:32 - StarvellBot - INFO -    /status - статус служб
16:47:32 - StarvellBot - INFO -    /help - справка
16:47:32 - StarvellBot - INFO - 
16:47:32 - StarvellBot - INFO - ============================================================
16:47:32 - aiogram.dispatcher - INFO - Start polling
16:47:32 - pyrogram.session.auth - INFO - Start creating a new auth key on DC2
16:47:32 - pyrogram.connection.connection - INFO - Connecting...
16:47:32 - pyrogram.connection.connection - INFO - Connected! Production DC2 - IPv4
16:47:33 - aiogram.dispatcher - INFO - Run polling for bot @testzabwinobotsfadsgdsbot id=8298689795 - 'test'
16:47:34 - pyrogram.session.auth - INFO - Done auth key exchange: DhGenOk
16:47:34 - pyrogram.connection.connection - INFO - Disconnected
16:47:34 - pyrogram.connection.connection - INFO - Connecting...
16:47:34 - pyrogram.connection.connection - INFO - Connected! Production DC2 - IPv4
16:47:34 - pyrogram.session.session - INFO - NetworkTask started
16:47:34 - pyrogram.client - INFO - Time synced: 2026-02-27 16:47:34.864371
16:47:34 - pyrogram.session.session - INFO - Session initialized: Pyrogram v2.2.19 (Layer 222)
16:47:34 - pyrogram.session.session - INFO - Device: CPython 3.13.5 - Pyrogram 2.2.19
16:47:34 - pyrogram.session.session - INFO - System: Windows 10 (en)
16:47:34 - pyrogram.session.session - INFO - Session started
16:47:34 - pyrogram.session.session - INFO - PingTask started
16:47:38 - aiogram.event - INFO - Update id=826343962 is handled. Duration 210 ms by bot id=8298689795
16:47:52 - aiogram.event - INFO - Update id=826343963 is handled. Duration 82 ms by bot id=8298689795
16:47:58 - aiogram.event - INFO - Update id=826343964 is handled. Duration 159 ms by bot id=8298689795
16:48:00 - aiogram.event - INFO - Update id=826343965 is handled. Duration 175 ms by bot id=8298689795
16:48:02 - aiogram.event - INFO - Update id=826343966 is handled. Duration 168 ms by bot id=8298689795
16:48:03 - aiogram.event - INFO - Update id=826343967 is handled. Duration 188 ms by bot id=8298689795
16:48:05 - aiogram.event - INFO - Update id=826343968 is handled. Duration 281 ms by bot id=8298689795
16:48:06 - config_manager - INFO - ✅ Конфигурация сохранена в config_data.json
16:48:06 - aiogram.event - INFO - Update id=826343969 is handled. Duration 160 ms by bot id=8298689795
16:48:07 - aiogram.event - INFO - Update id=826343970 is handled. Duration 173 ms by bot id=8298689795
16:48:08 - aiogram.event - INFO - Update id=826343971 is handled. Duration 333 ms by bot id=8298689795
16:48:12 - config_manager - INFO - ✅ Конфигурация сохранена в config_data.json
16:48:12 - aiogram.event - INFO - Update id=826343972 is handled. Duration 192 ms by bot id=8298689795
16:48:17 - config_manager - INFO - ✅ Конфигурация сохранена в config_data.json
16:48:18 - aiogram.event - INFO - Update id=826343973 is handled. Duration 176 ms by bot id=8298689795
16:48:22 - aiogram.event - INFO - Update id=826343974 is handled. Duration 230 ms by bot id=8298689795
16:48:31 - config_manager - INFO - ✅ Конфигурация сохранена в config_data.json
16:48:32 - aiogram.event - INFO - Update id=826343975 is handled. Duration 202 ms by bot id=8298689795
16:49:15 - aiogram.dispatcher - INFO - Polling stopped
16:49:15 - pyrogram.session.session - INFO - PingTask stopped
16:49:15 - pyrogram.session.session - INFO - NetworkTask stopped
16:49:15 - pyrogram.connection.connection - INFO - Disconnected
16:49:15 - pyrogram.session.session - INFO - Session stopped
16:49:15 - asyncio - ERROR - Task exception was never retrieved
future: <Task finished name='Task-2' coro=<StarsAPIGiver.init_sessions() done, defined at C:\Users\ezhik\PycharmProjects\PythonProject5\stars_api_giver.py:23> exception=UnicodeDecodeError('utf-8', b'\xff', 0, 1, 'invalid start byte')>
Traceback (most recent call last):
  File "C:\Users\ezhik\PycharmProjects\PythonProject5\stars_api_giver.py", line 27, in init_sessions
    self.balances[session] = await self.get_star_balance(session)
                             ^^^^^^^^^^^^^^^^^^^^^^^^^^^^^^^^^^^^
  File "C:\Users\ezhik\PycharmProjects\PythonProject5\stars_api_giver.py", line 31, in get_star_balance
    async with Client(session, self.api_id, self.api_hash) as app:
               ~~~~~~^^^^^^^^^^^^^^^^^^^^^^^^^^^^^^^^^^^^^
  File "C:\Users\ezhik\PycharmProjects\PythonProject5\.venv\Lib\site-packages\pyrogram\client.py", line 441, in __aenter__
    return await self.start()
           ^^^^^^^^^^^^^^^^^^
  File "C:\Users\ezhik\PycharmProjects\PythonProject5\.venv\Lib\site-packages\pyrogram\methods\utilities\start.py", line 89, in start
    await self.authorize()
  File "C:\Users\ezhik\PycharmProjects\PythonProject5\.venv\Lib\site-packages\pyrogram\client.py", line 474, in authorize
    value = await ainput("Enter phone number or bot token: ", loop=self.loop)
            ^^^^^^^^^^^^^^^^^^^^^^^^^^^^^^^^^^^^^^^^^^^^^^^^^^^^^^^^^^^^^^^^^
  File "C:\Users\ezhik\PycharmProjects\PythonProject5\.venv\Lib\site-packages\pyrogram\utils.py", line 57, in ainput
    return await loop.run_in_executor(executor, func)
           ^^^^^^^^^^^^^^^^^^^^^^^^^^^^^^^^^^^^^^^^^^
  File "C:\Users\ezhik\AppData\Local\Programs\Python\Python313\Lib\concurrent\futures\thread.py", line 59, in run
    result = self.fn(*self.args, **self.kwargs)
  File "<frozen codecs>", line 325, in decode
UnicodeDecodeError: 'utf-8' codec can't decode byte 0xff in position 0: invalid start byte
