10:37:46 - StarvellBot - INFO - ✅ Логирование настроено
10:37:46 - StarvellBot - INFO - ============================================================
10:37:46 - StarvellBot - INFO - 🚀 StarvellBot Manager Starting...
10:37:46 - StarvellBot - INFO - ============================================================
10:37:46 - StarvellBot - INFO - 📋 Загрузка конфигурации...
10:37:46 - config_manager - INFO - ✅ Конфигурация загружена из config_data.json
10:37:48 - StarvellBot - INFO - 🚀 Запуск Telegram Manager...
10:37:48 - StarvellBot - INFO - 🤖 Инициализация StarvellBot...
10:37:48 - StarvellBot - INFO - ⚙️ Инициализация Service Manager...
10:37:48 - StarvellBot - INFO - ============================================================
10:37:48 - StarvellBot - INFO - ✅ Все компоненты инициализированы успешно!
10:37:48 - StarvellBot - INFO - ============================================================
10:37:48 - StarvellBot - INFO - 
10:37:48 - StarvellBot - INFO - 📱 Откройте Telegram бота для управления
10:37:48 - StarvellBot - INFO - 🎛️ Доступные команды:
10:37:48 - StarvellBot - INFO -    /start - начать работу
10:37:48 - StarvellBot - INFO -    /services - управление службами
10:37:48 - StarvellBot - INFO -    /config - редактирование настроек
10:37:48 - StarvellBot - INFO -    /status - статус служб
10:37:48 - StarvellBot - INFO -    /help - справка
10:37:48 - StarvellBot - INFO - 
10:37:48 - StarvellBot - INFO - ============================================================
10:37:48 - aiogram.dispatcher - INFO - Start polling
10:37:48 - aiogram.dispatcher - INFO - Run polling for bot @testzabwinobotsfadsgdsbot id=8298689795 - 'test'
10:37:57 - aiogram.event - INFO - Update id=826345119 is handled. Duration 428 ms by bot id=8298689795
10:37:58 - aiogram.event - INFO - Update id=826345120 is not handled. Duration 0 ms by bot id=8298689795
10:37:59 - aiogram.event - INFO - Update id=826345121 is handled. Duration 81 ms by bot id=8298689795
10:38:03 - aiogram.event - INFO - Update id=826345122 is handled. Duration 90 ms by bot id=8298689795
10:38:05 - aiogram.event - INFO - Update id=826345123 is handled. Duration 162 ms by bot id=8298689795
10:38:05 - aiogram.event - INFO - Update id=826345124 is handled. Duration 171 ms by bot id=8298689795
10:38:07 - aiogram.event - INFO - Update id=826345125 is handled. Duration 207 ms by bot id=8298689795
10:38:07 - aiogram.event - INFO - Update id=826345126 is handled. Duration 175 ms by bot id=8298689795
10:38:08 - aiogram.event - INFO - Update id=826345127 is handled. Duration 169 ms by bot id=8298689795
10:38:10 - aiogram.event - INFO - Update id=826345128 is handled. Duration 269 ms by bot id=8298689795
10:38:11 - aiogram.event - INFO - Update id=826345129 is handled. Duration 188 ms by bot id=8298689795
10:38:12 - aiogram.event - INFO - Update id=826345130 is handled. Duration 277 ms by bot id=8298689795
10:38:13 - aiogram.event - INFO - Update id=826345131 is handled. Duration 327 ms by bot id=8298689795
10:38:14 - aiogram.event - INFO - Update id=826345132 is handled. Duration 182 ms by bot id=8298689795
10:38:15 - aiogram.event - INFO - Update id=826345133 is handled. Duration 382 ms by bot id=8298689795
10:38:16 - aiogram.event - INFO - Update id=826345134 is handled. Duration 169 ms by bot id=8298689795
10:38:17 - aiogram.event - INFO - Update id=826345135 is handled. Duration 281 ms by bot id=8298689795
10:38:19 - aiogram.event - INFO - Update id=826345136 is handled. Duration 298 ms by bot id=8298689795
10:38:20 - aiogram.event - INFO - Update id=826345137 is handled. Duration 178 ms by bot id=8298689795
10:38:21 - aiogram.event - INFO - Update id=826345138 is handled. Duration 211 ms by bot id=8298689795
10:38:22 - aiogram.event - INFO - Update id=826345139 is handled. Duration 437 ms by bot id=8298689795
10:38:23 - aiogram.event - INFO - Update id=826345140 is handled. Duration 156 ms by bot id=8298689795
10:38:24 - aiogram.event - INFO - Update id=826345141 is handled. Duration 189 ms by bot id=8298689795
10:38:25 - aiogram.event - INFO - Update id=826345142 is handled. Duration 161 ms by bot id=8298689795
10:39:18 - aiogram.dispatcher - INFO - Polling stopped
