02:08:23 - StarvellBot - INFO - ✅ Логирование настроено
02:08:23 - StarvellBot - INFO - ============================================================
02:08:23 - StarvellBot - INFO - 🚀 StarvellBot Manager Starting...
02:08:23 - StarvellBot - INFO - ============================================================
02:08:23 - StarvellBot - INFO - 📋 Загрузка конфигурации...
02:08:23 - config_manager - INFO - ✅ Конфигурация загружена из config_data.json
02:08:24 - StarvellBot - INFO - 🚀 Запуск Telegram Manager...
02:08:24 - StarvellBot - INFO - 🤖 Инициализация StarvellBot...
02:08:24 - StarvellBot - INFO - ⚙️ Инициализация Service Manager...
02:08:24 - StarvellBot - INFO - ============================================================
02:08:24 - StarvellBot - INFO - ✅ Все компоненты инициализированы успешно!
02:08:24 - StarvellBot - INFO - ============================================================
02:08:24 - StarvellBot - INFO - 
02:08:24 - StarvellBot - INFO - 📱 Откройте Telegram бота для управления
02:08:24 - StarvellBot - INFO - 🎛️ Доступные команды:
02:08:24 - StarvellBot - INFO -    /start - начать работу
02:08:24 - StarvellBot - INFO -    /services - управление службами
02:08:24 - StarvellBot - INFO -    /config - редактирование настроек
02:08:24 - StarvellBot - INFO -    /status - статус служб
02:08:24 - StarvellBot - INFO -    /help - справка
02:08:24 - StarvellBot - INFO - 
02:08:24 - StarvellBot - INFO - ============================================================
02:08:24 - aiogram.dispatcher - INFO - Start polling
02:08:24 - aiogram.dispatcher - INFO - Run polling for bot @testzabwinobotsfadsgdsbot id=8298689795 - 'test'
02:08:54 - aiogram.event - INFO - Update id=826343538 is handled. Duration 198 ms by bot id=8298689795
02:08:56 - aiogram.event - INFO - Update id=826343539 is handled. Duration 149 ms by bot id=8298689795
02:08:56 - aiogram.event - INFO - Update id=826343540 is handled. Duration 142 ms by bot id=8298689795
02:08:59 - aiogram.event - INFO - Update id=826343541 is handled. Duration 145 ms by bot id=8298689795
02:09:24 - aiogram.dispatcher - INFO - Polling stopped
