14:46:46 - StarvellBot - INFO - ✅ Логирование настроено
14:46:46 - pyrogram.connection.connection - INFO - Connecting...
14:46:46 - pyrogram.connection.connection - INFO - Connected! Production DC2 - IPv4
14:46:46 - pyrogram.session.session - INFO - NetworkTask started
14:46:46 - pyrogram.client - INFO - Time synced: 2026-02-28 14:46:47.051870
14:46:46 - pyrogram.session.session - INFO - Session initialized: Pyrogram v2.2.19 (Layer 222)
14:46:46 - pyrogram.session.session - INFO - Device: CPython 3.13.5 - Pyrogram 2.2.19
14:46:46 - pyrogram.session.session - INFO - System: Windows 10 (en)
14:46:46 - pyrogram.session.session - INFO - Session started
14:46:46 - pyrogram.session.session - INFO - PingTask started
14:46:47 - pyrogram.dispatcher - INFO - Started 20 HandlerTasks
14:46:47 - pyrogram.dispatcher - INFO - Stopped 20 HandlerTasks
14:46:47 - pyrogram.session.session - INFO - PingTask stopped
14:46:47 - pyrogram.session.session - INFO - NetworkTask stopped
14:46:47 - pyrogram.connection.connection - INFO - Disconnected
14:46:47 - pyrogram.session.session - INFO - Session stopped
14:46:47 - StarvellBot - INFO - ✅ Сессии инициализированы: ['my_account']
14:46:47 - StarvellBot - INFO - 📦 Начинаем заказ: ezhiqq | 2 шт. | 26 звёзд всего
14:46:47 - StarvellBot - INFO -    Маска: {13: 1, 21: 0, 43: 0, 85: 0}
14:46:47 - StarvellBot - INFO -    Сессия: my_account
14:46:47 - StarvellBot - INFO -    🔄 Итерация 1/2
14:46:47 - StarvellBot - INFO -    Попытка 1: отправляем {13: 1, 21: 0, 43: 0, 85: 0}
14:46:47 - StarvellBot - INFO -    🎁 send_gifts: сессия=my_account цель=ezhiqq
14:46:47 - pyrogram.connection.connection - INFO - Connecting...
14:46:47 - pyrogram.connection.connection - INFO - Connected! Production DC2 - IPv4
14:46:47 - pyrogram.session.session - INFO - NetworkTask started
14:46:47 - pyrogram.client - INFO - Time synced: 2026-02-28 14:46:48.073946
14:46:47 - pyrogram.session.session - INFO - Session initialized: Pyrogram v2.2.19 (Layer 222)
14:46:47 - pyrogram.session.session - INFO - Device: CPython 3.13.5 - Pyrogram 2.2.19
14:46:47 - pyrogram.session.session - INFO - System: Windows 10 (en)
14:46:47 - pyrogram.session.session - INFO - Session started
14:46:47 - pyrogram.session.session - INFO - PingTask started
14:46:47 - pyrogram.dispatcher - INFO - Started 20 HandlerTasks
14:46:48 - StarvellBot - INFO -    ✅ Подарок 5170145012310081615 (тип 13) → ezhiqq
14:46:48 - pyrogram.dispatcher - INFO - Stopped 20 HandlerTasks
14:46:48 - pyrogram.session.session - INFO - PingTask stopped
14:46:48 - pyrogram.session.session - INFO - NetworkTask stopped
14:46:48 - pyrogram.connection.connection - INFO - Disconnected
14:46:48 - pyrogram.session.session - INFO - Session stopped
14:46:48 - StarvellBot - INFO -    ✅ Итерация 1 успешна. Прогресс: {13: 1, 21: 0, 43: 0, 85: 0}
14:46:48 - StarvellBot - INFO -    🔄 Итерация 2/2
14:46:48 - StarvellBot - INFO -    Попытка 1: отправляем {13: 1, 21: 0, 43: 0, 85: 0}
14:46:48 - StarvellBot - INFO -    🎁 send_gifts: сессия=my_account цель=ezhiqq
14:46:48 - pyrogram.connection.connection - INFO - Connecting...
14:46:48 - pyrogram.connection.connection - INFO - Connected! Production DC2 - IPv4
14:46:48 - pyrogram.session.session - INFO - NetworkTask started
14:46:48 - pyrogram.client - INFO - Time synced: 2026-02-28 14:46:49.588318
14:46:49 - pyrogram.session.session - INFO - Session initialized: Pyrogram v2.2.19 (Layer 222)
14:46:49 - pyrogram.session.session - INFO - Device: CPython 3.13.5 - Pyrogram 2.2.19
14:46:49 - pyrogram.session.session - INFO - System: Windows 10 (en)
14:46:49 - pyrogram.session.session - INFO - Session started
14:46:49 - pyrogram.session.session - INFO - PingTask started
14:46:49 - pyrogram.dispatcher - INFO - Started 20 HandlerTasks
14:46:50 - StarvellBot - INFO -    ✅ Подарок 5170145012310081615 (тип 13) → ezhiqq
14:46:50 - pyrogram.dispatcher - INFO - Stopped 20 HandlerTasks
14:46:50 - pyrogram.session.session - INFO - PingTask stopped
14:46:50 - pyrogram.session.session - INFO - NetworkTask stopped
14:46:50 - pyrogram.connection.connection - INFO - Disconnected
14:46:50 - pyrogram.session.session - INFO - Session stopped
14:46:50 - StarvellBot - INFO -    ✅ Итерация 2 успешна. Прогресс: {13: 1, 21: 0, 43: 0, 85: 0}
14:46:50 - StarvellBot - INFO - ✅ Заказ выполнен: ezhiqq | 2 шт.
