19:08:41 - StarvellBot - INFO - ✅ Логирование настроено
19:08:41 - StarvellBot - INFO - ============================================================
19:08:41 - StarvellBot - INFO - 🚀 StarvellBot Manager Starting...
19:08:41 - StarvellBot - INFO - ============================================================
19:08:41 - StarvellBot - INFO - 📋 Загрузка конфигурации...
19:08:41 - config_manager - INFO - ✅ Конфигурация загружена из config_data.json
19:08:42 - StarvellBot - INFO - 🚀 Запуск Telegram Manager...
19:08:42 - StarvellBot - INFO - 🤖 Инициализация StarvellBot...
19:08:42 - StarvellBot - INFO - ⚙️ Инициализация Service Manager...
19:08:42 - StarvellBot - INFO - ============================================================
19:08:42 - StarvellBot - INFO - ✅ Все компоненты инициализированы успешно!
19:08:42 - StarvellBot - INFO - ============================================================
19:08:42 - StarvellBot - INFO - 
19:08:42 - StarvellBot - INFO - 📱 Откройте Telegram бота для управления
19:08:42 - StarvellBot - INFO - 🎛️ Доступные команды:
19:08:42 - StarvellBot - INFO -    /start - начать работу
19:08:42 - StarvellBot - INFO -    /services - управление службами
19:08:42 - StarvellBot - INFO -    /config - редактирование настроек
19:08:42 - StarvellBot - INFO -    /status - статус служб
19:08:42 - StarvellBot - INFO -    /help - справка
19:08:42 - StarvellBot - INFO - 
19:08:42 - StarvellBot - INFO - ============================================================
19:08:42 - aiogram.dispatcher - INFO - Start polling
19:08:42 - aiogram.dispatcher - INFO - Run polling for bot @testzabwinobotsfadsgdsbot id=8298689795 - 'test'
19:20:16 - aiogram.event - INFO - Update id=826344807 is handled. Duration 437 ms by bot id=8298689795
19:20:18 - aiogram.event - INFO - Update id=826344808 is handled. Duration 159 ms by bot id=8298689795
19:20:19 - aiogram.event - INFO - Update id=826344809 is handled. Duration 210 ms by bot id=8298689795
19:20:20 - aiogram.event - INFO - Update id=826344810 is handled. Duration 210 ms by bot id=8298689795
19:20:23 - aiogram.event - INFO - Update id=826344811 is handled. Duration 152 ms by bot id=8298689795
19:20:38 - aiogram.event - INFO - Update id=826344812 is handled. Duration 154 ms by bot id=8298689795
19:20:41 - config_manager - INFO - ✅ Конфигурация сохранена в config_data.json
19:20:41 - aiogram.event - INFO - Update id=826344813 is handled. Duration 92 ms by bot id=8298689795
19:20:45 - config_manager - INFO - ✅ Конфигурация сохранена в config_data.json
19:20:45 - aiogram.event - INFO - Update id=826344814 is handled. Duration 103 ms by bot id=8298689795
19:52:31 - aiogram.event - INFO - Update id=826344815 is handled. Duration 249 ms by bot id=8298689795
19:52:34 - config_manager - INFO - ✅ Конфигурация сохранена в config_data.json
19:52:35 - aiogram.event - INFO - Update id=826344816 is handled. Duration 87 ms by bot id=8298689795
19:53:07 - config_manager - INFO - ✅ Конфигурация сохранена в config_data.json
19:53:07 - aiogram.event - INFO - Update id=826344817 is handled. Duration 155 ms by bot id=8298689795
19:54:16 - aiogram.event - INFO - Update id=826344818 is handled. Duration 93 ms by bot id=8298689795
19:54:18 - aiogram.event - INFO - Update id=826344819 is handled. Duration 211 ms by bot id=8298689795
19:54:18 - service_manager - INFO - ▶️ Запуск службы Orders Monitor...
19:54:18 - StarvellBot - INFO - 🟢 WebSocket connected
19:54:18 - StarvellBot - INFO - ⬅️  0{"sid":"SWa4QT2Oz2E6qHHoAeG2","upgrades":[],"pingInterval":25000,"pingTimeout":20000,"maxPayload":1000000}
19:54:18 - StarvellBot - WARNING - ➡️  Connecting to namespace: /chats
19:54:18 - StarvellBot - WARNING - ➡️  Connecting to namespace: /user-notifications
19:54:18 - StarvellBot - WARNING - ➡️  Connecting to namespace: /orders
19:54:18 - StarvellBot - WARNING - ➡️  Connecting to namespace: /user-presence
19:54:18 - StarvellBot - WARNING - ➡️  Connecting to namespace: /online
19:54:18 - StarvellBot - INFO - ✅ WebSocket готов, запускаем проверку заказов
19:54:18 - StarvellBot - INFO - ⬅️  40/chats,{"sid":"swz6yYawqxpwq4abAeG3"}
19:54:18 - StarvellBot - INFO - ⬅️  40/user-notifications,{"sid":"ELcHbC_Kq5PTeqnzAeG4"}
19:54:18 - StarvellBot - INFO - ⬅️  40/orders,{"sid":"9VukKAMbhyvcwrlgAeG5"}
19:54:18 - StarvellBot - INFO - ⬅️  40/user-presence,{"sid":"6XLLSDntfaKpU7lKAeG6"}
19:54:18 - StarvellBot - INFO - ⬅️  40/online,{"sid":"wWgUmjXVvPMPECX2AeG7"}
19:54:19 - service_manager - INFO - ✅ Служба Orders Monitor запущена
19:54:19 - aiogram.event - INFO - Update id=826344820 is handled. Duration 669 ms by bot id=8298689795
19:54:21 - aiogram.event - INFO - Update id=826344821 is handled. Duration 233 ms by bot id=8298689795
19:54:21 - aiogram.event - INFO - Update id=826344822 is handled. Duration 182 ms by bot id=8298689795
19:54:22 - service_manager - INFO - ▶️ Запуск службы Price Dumper...
19:54:22 - StarvellBot - INFO - ✅ WebSocket готов, запускаем автопонижение цен
19:54:22 - StarvellBot - INFO - 🔄 Проверяем цены...
19:54:22 - service_manager - INFO - ✅ Служба Price Dumper запущена
19:54:22 - StarvellBot - INFO - Успешно парсили ордеры
19:54:22 - StarvellBot - INFO - 📦 Найдено 2 наших предложений
19:54:22 - StarvellBot - ERROR - Отсутствует айди в описании предложения при демпинге
19:54:22 - StarvellBot - ERROR - отсутствует категория демпинге
19:54:22 - aiogram.event - INFO - Update id=826344823 is handled. Duration 788 ms by bot id=8298689795
19:54:23 - StarvellBot - INFO - ✅ Цена обновлена: 101.3₽ (ID: 181438)
19:54:24 - StarvellBot - ERROR - Отсутствует айди в описании предложения при демпинге
19:54:24 - StarvellBot - ERROR - Отсутствует айди в описании предложения при демпинге
19:54:24 - StarvellBot - ERROR - Отсутствует айди в описании предложения при демпинге
19:54:24 - StarvellBot - ERROR - Отсутствует айди в описании предложения при демпинге
19:54:24 - StarvellBot - ERROR - Отсутствует айди в описании предложения при демпинге
19:54:24 - StarvellBot - ERROR - Отсутствует айди в описании предложения при демпинге
19:54:24 - StarvellBot - ERROR - Отсутствует айди в описании предложения при демпинге
19:54:24 - StarvellBot - ERROR - Отсутствует айди в описании предложения при демпинге
19:54:24 - StarvellBot - ERROR - Отсутствует айди в описании предложения при демпинге
19:54:24 - StarvellBot - ERROR - Отсутствует айди в описании предложения при демпинге
19:54:24 - StarvellBot - ERROR - Отсутствует айди в описании предложения при демпинге
19:54:24 - StarvellBot - INFO - ✅ Проверка цен завершена
19:54:43 - StarvellBot - INFO - ⬅️  2
19:54:56 - StarvellBot - INFO - 🔄 Проверяем цены...
19:54:56 - StarvellBot.Fragment - INFO - Wallet balance: 1.104038 TON
19:54:56 - StarvellBot - INFO - Успешно парсили ордеры
19:54:56 - StarvellBot - INFO - 📦 Найдено 2 наших предложений
19:54:56 - StarvellBot - ERROR - Отсутствует айди в описании предложения при демпинге
19:54:56 - StarvellBot - ERROR - отсутствует категория демпинге
19:54:56 - StarvellBot - INFO - 📊 Обрабатываем предложение 181438: 85 звёзд по 101.3₽
19:54:56 - StarvellBot - INFO - 📊 Получено 9 предложений конкурентов
19:54:56 - StarvellBot - INFO -    advgifts: отфильтровали конкурентов по 85 звёзд → 2 шт.
19:54:56 - StarvellBot - ERROR - ❌ Ошибка в dumper: cannot access local variable 'him_price' where it is not associated with a value
19:54:57 - StarvellBot - INFO - Успешно парсили ордеры
19:54:57 - StarvellBot - WARNING - ⚠️ Не удалось извлечь количество звёзд из 'Другое количество'
19:55:08 - StarvellBot - INFO - ⬅️  2
19:55:26 - StarvellBot - INFO - 🔄 Проверяем цены...
19:55:27 - StarvellBot - INFO - Успешно парсили ордеры
19:55:27 - StarvellBot - INFO - 📦 Найдено 2 наших предложений
19:55:27 - StarvellBot - ERROR - Отсутствует айди в описании предложения при демпинге
19:55:27 - StarvellBot - ERROR - отсутствует категория демпинге
19:55:27 - StarvellBot - INFO - 📊 Обрабатываем предложение 181438: 85 звёзд по 101.3₽
19:55:28 - StarvellBot - INFO - 📊 Получено 9 предложений конкурентов
19:55:28 - StarvellBot - INFO -    advgifts: отфильтровали конкурентов по 85 звёзд → 2 шт.
19:55:28 - StarvellBot - ERROR - ❌ Ошибка в dumper: cannot access local variable 'him_price' where it is not associated with a value
19:55:33 - StarvellBot - INFO - ⬅️  2
19:56:02 - StarvellBot - INFO - ⬅️  2
19:56:02 - StarvellBot - INFO - 🔄 Проверяем цены...
19:56:02 - StarvellBot.Fragment - INFO - Wallet balance: 1.104038 TON
19:56:03 - StarvellBot - INFO - Успешно парсили ордеры
19:56:03 - StarvellBot - INFO - 📦 Найдено 2 наших предложений
19:56:03 - StarvellBot - ERROR - Отсутствует айди в описании предложения при демпинге
19:56:03 - StarvellBot - ERROR - отсутствует категория демпинге
19:56:03 - StarvellBot - INFO - 📊 Обрабатываем предложение 181438: 85 звёзд по 101.3₽
19:56:03 - StarvellBot - INFO - Успешно парсили ордеры
19:56:03 - StarvellBot - WARNING - ⚠️ Не удалось извлечь количество звёзд из 'Другое количество'
19:56:03 - StarvellBot - INFO - 📊 Получено 9 предложений конкурентов
19:56:03 - StarvellBot - INFO -    advgifts: отфильтровали конкурентов по 85 звёзд → 2 шт.
19:56:03 - StarvellBot - ERROR - ❌ Ошибка в dumper: cannot access local variable 'him_price' where it is not associated with a value
19:56:27 - StarvellBot - INFO - ⬅️  2
19:56:33 - StarvellBot - INFO - 🔄 Проверяем цены...
19:56:34 - StarvellBot - INFO - Успешно парсили ордеры
19:56:34 - StarvellBot - INFO - 📦 Найдено 2 наших предложений
19:56:34 - StarvellBot - ERROR - Отсутствует айди в описании предложения при демпинге
19:56:34 - StarvellBot - ERROR - отсутствует категория демпинге
19:56:34 - StarvellBot - INFO - 📊 Обрабатываем предложение 181438: 85 звёзд по 101.3₽
19:56:34 - StarvellBot - INFO - 📊 Получено 9 предложений конкурентов
19:56:34 - StarvellBot - INFO -    advgifts: отфильтровали конкурентов по 85 звёзд → 2 шт.
19:56:34 - StarvellBot - ERROR - ❌ Ошибка в dumper: cannot access local variable 'him_price' where it is not associated with a value
19:56:52 - StarvellBot - INFO - ⬅️  2
19:57:08 - StarvellBot - INFO - 🔄 Проверяем цены...
19:57:09 - StarvellBot.Fragment - INFO - Wallet balance: 1.104038 TON
19:57:09 - StarvellBot - INFO - Успешно парсили ордеры
19:57:09 - StarvellBot - INFO - 📦 Найдено 2 наших предложений
19:57:09 - StarvellBot - ERROR - Отсутствует айди в описании предложения при демпинге
19:57:09 - StarvellBot - ERROR - отсутствует категория демпинге
19:57:09 - StarvellBot - INFO - 📊 Обрабатываем предложение 181438: 85 звёзд по 101.3₽
19:57:09 - StarvellBot - INFO - Успешно парсили ордеры
19:57:09 - StarvellBot - WARNING - ⚠️ Не удалось извлечь количество звёзд из 'Другое количество'
19:57:09 - StarvellBot - INFO - 📊 Получено 9 предложений конкурентов
19:57:09 - StarvellBot - INFO -    advgifts: отфильтровали конкурентов по 85 звёзд → 2 шт.
19:57:09 - StarvellBot - ERROR - ❌ Ошибка в dumper: cannot access local variable 'him_price' where it is not associated with a value
19:57:17 - StarvellBot - INFO - ⬅️  2
19:57:39 - StarvellBot - INFO - 🔄 Проверяем цены...
19:57:40 - StarvellBot - INFO - Успешно парсили ордеры
19:57:40 - StarvellBot - INFO - 📦 Найдено 2 наших предложений
19:57:40 - StarvellBot - ERROR - Отсутствует айди в описании предложения при демпинге
19:57:40 - StarvellBot - ERROR - отсутствует категория демпинге
19:57:40 - StarvellBot - INFO - 📊 Обрабатываем предложение 181438: 85 звёзд по 101.3₽
19:57:41 - StarvellBot - INFO - 📊 Получено 9 предложений конкурентов
19:57:41 - StarvellBot - INFO -    advgifts: отфильтровали конкурентов по 85 звёзд → 2 шт.
19:57:41 - StarvellBot - ERROR - ❌ Ошибка в dumper: cannot access local variable 'him_price' where it is not associated with a value
19:57:42 - StarvellBot - INFO - ⬅️  2
19:58:07 - StarvellBot - INFO - ⬅️  2
19:58:15 - StarvellBot - INFO - 🔄 Проверяем цены...
19:58:15 - StarvellBot.Fragment - INFO - Wallet balance: 1.104038 TON
19:58:15 - StarvellBot - INFO - Успешно парсили ордеры
19:58:15 - StarvellBot - INFO - 📦 Найдено 2 наших предложений
19:58:15 - StarvellBot - ERROR - Отсутствует айди в описании предложения при демпинге
19:58:15 - StarvellBot - ERROR - отсутствует категория демпинге
19:58:15 - StarvellBot - INFO - 📊 Обрабатываем предложение 181438: 85 звёзд по 101.3₽
19:58:15 - StarvellBot - INFO - 📊 Получено 9 предложений конкурентов
19:58:15 - StarvellBot - INFO -    advgifts: отфильтровали конкурентов по 85 звёзд → 2 шт.
19:58:15 - StarvellBot - ERROR - ❌ Ошибка в dumper: cannot access local variable 'him_price' where it is not associated with a value
19:58:15 - StarvellBot - INFO - Успешно парсили ордеры
19:58:15 - StarvellBot - WARNING - ⚠️ Не удалось извлечь количество звёзд из 'Другое количество'
19:58:32 - StarvellBot - INFO - ⬅️  2
19:58:45 - StarvellBot - INFO - 🔄 Проверяем цены...
19:58:46 - StarvellBot - INFO - Успешно парсили ордеры
19:58:46 - StarvellBot - INFO - 📦 Найдено 2 наших предложений
19:58:46 - StarvellBot - ERROR - Отсутствует айди в описании предложения при демпинге
19:58:46 - StarvellBot - ERROR - отсутствует категория демпинге
19:58:46 - StarvellBot - INFO - 📊 Обрабатываем предложение 181438: 85 звёзд по 101.3₽
19:58:46 - StarvellBot - INFO - 📊 Получено 9 предложений конкурентов
19:58:46 - StarvellBot - INFO -    advgifts: отфильтровали конкурентов по 85 звёзд → 2 шт.
19:58:46 - StarvellBot - ERROR - ❌ Ошибка в dumper: cannot access local variable 'him_price' where it is not associated with a value
19:58:57 - StarvellBot - INFO - ⬅️  2
19:59:20 - StarvellBot - INFO - 🔄 Проверяем цены...
19:59:21 - StarvellBot.Fragment - INFO - Wallet balance: 1.104038 TON
19:59:21 - StarvellBot - INFO - Успешно парсили ордеры
19:59:21 - StarvellBot - INFO - 📦 Найдено 2 наших предложений
19:59:21 - StarvellBot - ERROR - Отсутствует айди в описании предложения при демпинге
19:59:21 - StarvellBot - ERROR - отсутствует категория демпинге
19:59:21 - StarvellBot - INFO - 📊 Обрабатываем предложение 181438: 85 звёзд по 101.3₽
19:59:21 - StarvellBot - INFO - Успешно парсили ордеры
19:59:21 - StarvellBot - WARNING - ⚠️ Не удалось извлечь количество звёзд из 'Другое количество'
19:59:21 - StarvellBot - INFO - 📊 Получено 9 предложений конкурентов
19:59:21 - StarvellBot - INFO -    advgifts: отфильтровали конкурентов по 85 звёзд → 2 шт.
19:59:21 - StarvellBot - ERROR - ❌ Ошибка в dumper: cannot access local variable 'him_price' where it is not associated with a value
19:59:23 - StarvellBot - INFO - ⬅️  2
19:59:48 - StarvellBot - INFO - ⬅️  2
19:59:51 - StarvellBot - INFO - 🔄 Проверяем цены...
19:59:52 - StarvellBot - INFO - Успешно парсили ордеры
19:59:52 - StarvellBot - INFO - 📦 Найдено 2 наших предложений
19:59:52 - StarvellBot - ERROR - Отсутствует айди в описании предложения при демпинге
19:59:52 - StarvellBot - ERROR - отсутствует категория демпинге
19:59:52 - StarvellBot - INFO - 📊 Обрабатываем предложение 181438: 85 звёзд по 101.3₽
19:59:52 - StarvellBot - INFO - 📊 Получено 9 предложений конкурентов
19:59:52 - StarvellBot - INFO -    advgifts: отфильтровали конкурентов по 85 звёзд → 2 шт.
19:59:52 - StarvellBot - ERROR - ❌ Ошибка в dumper: cannot access local variable 'him_price' where it is not associated with a value
20:00:13 - StarvellBot - INFO - ⬅️  2
20:00:27 - StarvellBot - INFO - 🔄 Проверяем цены...
20:00:27 - StarvellBot.Fragment - INFO - Wallet balance: 1.104038 TON
20:00:27 - StarvellBot - INFO - Успешно парсили ордеры
20:00:27 - StarvellBot - INFO - 📦 Найдено 2 наших предложений
20:00:27 - StarvellBot - ERROR - Отсутствует айди в описании предложения при демпинге
20:00:27 - StarvellBot - ERROR - отсутствует категория демпинге
20:00:27 - StarvellBot - ERROR - Отсутствует айди в описании предложения при демпинге
20:00:27 - StarvellBot - ERROR - Отсутствует айди в описании предложения при демпинге
20:00:27 - StarvellBot - ERROR - Отсутствует айди в описании предложения при демпинге
20:00:27 - StarvellBot - ERROR - Отсутствует айди в описании предложения при демпинге
20:00:27 - StarvellBot - ERROR - Отсутствует айди в описании предложения при демпинге
20:00:27 - StarvellBot - ERROR - Отсутствует айди в описании предложения при демпинге
20:00:27 - StarvellBot - ERROR - Отсутствует айди в описании предложения при демпинге
20:00:27 - StarvellBot - INFO - 📊 Обрабатываем предложение 181438: 85 звёзд по 101.3₽
20:00:28 - StarvellBot - INFO - Успешно парсили ордеры
20:00:28 - StarvellBot - WARNING - ⚠️ Не удалось извлечь количество звёзд из 'Другое количество'
20:00:28 - StarvellBot - INFO - 📊 Получено 10 предложений конкурентов
20:00:28 - StarvellBot - INFO -    advgifts: отфильтровали конкурентов по 85 звёзд → 3 шт.
20:00:28 - StarvellBot - ERROR - ❌ Ошибка в dumper: cannot access local variable 'him_price' where it is not associated with a value
20:00:38 - StarvellBot - INFO - ⬅️  2
20:00:58 - StarvellBot - INFO - 🔄 Проверяем цены...
20:00:58 - StarvellBot - INFO - Успешно парсили ордеры
20:00:58 - StarvellBot - INFO - 📦 Найдено 2 наших предложений
20:00:58 - StarvellBot - ERROR - Отсутствует айди в описании предложения при демпинге
20:00:58 - StarvellBot - ERROR - Отсутствует айди в описании предложения при демпинге
20:00:58 - StarvellBot - ERROR - Отсутствует айди в описании предложения при демпинге
20:00:58 - StarvellBot - ERROR - Отсутствует айди в описании предложения при демпинге
20:00:58 - StarvellBot - ERROR - Отсутствует айди в описании предложения при демпинге
20:00:58 - StarvellBot - ERROR - Отсутствует айди в описании предложения при демпинге
20:00:58 - StarvellBot - ERROR - Отсутствует айди в описании предложения при демпинге
20:00:58 - StarvellBot - ERROR - Отсутствует айди в описании предложения при демпинге
20:00:58 - StarvellBot - ERROR - отсутствует категория демпинге
20:00:58 - StarvellBot - INFO - 📊 Обрабатываем предложение 181438: 85 звёзд по 101.3₽
20:00:59 - StarvellBot - INFO - 📊 Получено 10 предложений конкурентов
20:00:59 - StarvellBot - INFO -    advgifts: отфильтровали конкурентов по 85 звёзд → 3 шт.
20:00:59 - StarvellBot - ERROR - ❌ Ошибка в dumper: cannot access local variable 'him_price' where it is not associated with a value
20:01:03 - StarvellBot - INFO - ⬅️  2
20:01:33 - StarvellBot - INFO - ⬅️  2
20:01:33 - StarvellBot - INFO - 🔄 Проверяем цены...
20:01:33 - StarvellBot.Fragment - INFO - Wallet balance: 1.104038 TON
20:01:34 - StarvellBot - INFO - Успешно парсили ордеры
20:01:34 - StarvellBot - INFO - 📦 Найдено 2 наших предложений
20:01:34 - StarvellBot - ERROR - Отсутствует айди в описании предложения при демпинге
20:01:34 - StarvellBot - ERROR - Отсутствует айди в описании предложения при демпинге
20:01:34 - StarvellBot - ERROR - Отсутствует айди в описании предложения при демпинге
20:01:34 - StarvellBot - ERROR - Отсутствует айди в описании предложения при демпинге
20:01:34 - StarvellBot - ERROR - Отсутствует айди в описании предложения при демпинге
20:01:34 - StarvellBot - ERROR - Отсутствует айди в описании предложения при демпинге
20:01:34 - StarvellBot - ERROR - Отсутствует айди в описании предложения при демпинге
20:01:34 - StarvellBot - ERROR - Отсутствует айди в описании предложения при демпинге
20:01:34 - StarvellBot - ERROR - отсутствует категория демпинге
20:01:34 - StarvellBot - INFO - 📊 Обрабатываем предложение 181438: 85 звёзд по 101.3₽
20:01:34 - StarvellBot - INFO - 📊 Получено 10 предложений конкурентов
20:01:34 - StarvellBot - INFO -    advgifts: отфильтровали конкурентов по 85 звёзд → 3 шт.
20:01:34 - StarvellBot - ERROR - ❌ Ошибка в dumper: cannot access local variable 'him_price' where it is not associated with a value
20:01:34 - StarvellBot - INFO - Успешно парсили ордеры
20:01:34 - StarvellBot - WARNING - ⚠️ Не удалось извлечь количество звёзд из 'Другое количество'
20:01:58 - StarvellBot - INFO - ⬅️  2
20:02:04 - StarvellBot - INFO - 🔄 Проверяем цены...
20:02:05 - StarvellBot - INFO - Успешно парсили ордеры
20:02:05 - StarvellBot - INFO - 📦 Найдено 2 наших предложений
20:02:05 - StarvellBot - ERROR - Отсутствует айди в описании предложения при демпинге
20:02:05 - StarvellBot - ERROR - Отсутствует айди в описании предложения при демпинге
20:02:05 - StarvellBot - ERROR - Отсутствует айди в описании предложения при демпинге
20:02:05 - StarvellBot - ERROR - Отсутствует айди в описании предложения при демпинге
20:02:05 - StarvellBot - ERROR - Отсутствует айди в описании предложения при демпинге
20:02:05 - StarvellBot - ERROR - Отсутствует айди в описании предложения при демпинге
20:02:05 - StarvellBot - ERROR - Отсутствует айди в описании предложения при демпинге
20:02:05 - StarvellBot - ERROR - Отсутствует айди в описании предложения при демпинге
20:02:05 - StarvellBot - ERROR - отсутствует категория демпинге
20:02:05 - StarvellBot - INFO - 📊 Обрабатываем предложение 181438: 85 звёзд по 101.3₽
20:02:05 - StarvellBot - INFO - 📊 Получено 10 предложений конкурентов
20:02:05 - StarvellBot - INFO -    advgifts: отфильтровали конкурентов по 85 звёзд → 3 шт.
20:02:05 - StarvellBot - ERROR - ❌ Ошибка в dumper: cannot access local variable 'him_price' where it is not associated with a value
20:02:23 - StarvellBot - INFO - ⬅️  2
20:02:41 - StarvellBot - INFO - 🔄 Проверяем цены...
20:02:41 - StarvellBot.Fragment - INFO - Wallet balance: 1.104038 TON
20:02:42 - StarvellBot - INFO - Успешно парсили ордеры
20:02:42 - StarvellBot - INFO - 📦 Найдено 2 наших предложений
20:02:42 - StarvellBot - ERROR - Отсутствует айди в описании предложения при демпинге
20:02:42 - StarvellBot - ERROR - Отсутствует айди в описании предложения при демпинге
20:02:42 - StarvellBot - ERROR - Отсутствует айди в описании предложения при демпинге
20:02:42 - StarvellBot - ERROR - Отсутствует айди в описании предложения при демпинге
20:02:42 - StarvellBot - ERROR - Отсутствует айди в описании предложения при демпинге
20:02:42 - StarvellBot - ERROR - Отсутствует айди в описании предложения при демпинге
20:02:42 - StarvellBot - ERROR - Отсутствует айди в описании предложения при демпинге
20:02:42 - StarvellBot - ERROR - Отсутствует айди в описании предложения при демпинге
20:02:42 - StarvellBot - ERROR - отсутствует категория демпинге
20:02:42 - StarvellBot - INFO - 📊 Обрабатываем предложение 181438: 85 звёзд по 101.3₽
20:02:42 - StarvellBot - INFO - 📊 Получено 10 предложений конкурентов
20:02:42 - StarvellBot - INFO -    advgifts: отфильтровали конкурентов по 85 звёзд → 3 шт.
20:02:42 - StarvellBot - ERROR - ❌ Ошибка в dumper: cannot access local variable 'him_price' where it is not associated with a value
20:02:42 - StarvellBot - INFO - Успешно парсили ордеры
20:02:42 - StarvellBot - WARNING - ⚠️ Не удалось извлечь количество звёзд из 'Другое количество'
20:02:48 - StarvellBot - INFO - ⬅️  2
20:03:12 - StarvellBot - INFO - 🔄 Проверяем цены...
20:03:12 - StarvellBot - INFO - Успешно парсили ордеры
20:03:12 - StarvellBot - INFO - 📦 Найдено 2 наших предложений
20:03:12 - StarvellBot - ERROR - Отсутствует айди в описании предложения при демпинге
20:03:12 - StarvellBot - ERROR - Отсутствует айди в описании предложения при демпинге
20:03:12 - StarvellBot - ERROR - Отсутствует айди в описании предложения при демпинге
20:03:12 - StarvellBot - ERROR - Отсутствует айди в описании предложения при демпинге
20:03:12 - StarvellBot - ERROR - Отсутствует айди в описании предложения при демпинге
20:03:12 - StarvellBot - ERROR - Отсутствует айди в описании предложения при демпинге
20:03:12 - StarvellBot - ERROR - Отсутствует айди в описании предложения при демпинге
20:03:12 - StarvellBot - ERROR - Отсутствует айди в описании предложения при демпинге
20:03:12 - StarvellBot - ERROR - отсутствует категория демпинге
20:03:12 - StarvellBot - INFO - 📊 Обрабатываем предложение 181438: 85 звёзд по 101.3₽
20:03:13 - StarvellBot - INFO - 📊 Получено 10 предложений конкурентов
20:03:13 - StarvellBot - INFO -    advgifts: отфильтровали конкурентов по 85 звёзд → 3 шт.
20:03:13 - StarvellBot - ERROR - ❌ Ошибка в dumper: cannot access local variable 'him_price' where it is not associated with a value
20:03:13 - StarvellBot - INFO - ⬅️  2
20:03:19 - aiogram.dispatcher - INFO - Polling stopped
