01:59:35 - StarvellBot - INFO - ✅ Логирование настроено
01:59:35 - StarvellBot - INFO - ============================================================
01:59:35 - StarvellBot - INFO - 🚀 StarvellBot Manager Starting...
01:59:35 - StarvellBot - INFO - ============================================================
01:59:35 - StarvellBot - INFO - 📋 Загрузка конфигурации...
01:59:35 - config_manager - INFO - ✅ Конфигурация загружена из config_data.json
01:59:36 - StarvellBot - INFO - 🚀 Запуск Telegram Manager...
01:59:36 - StarvellBot - INFO - 🤖 Инициализация StarvellBot...
01:59:36 - StarvellBot - INFO - ⚙️ Инициализация Service Manager...
01:59:36 - StarvellBot - INFO - ============================================================
01:59:36 - StarvellBot - INFO - ✅ Все компоненты инициализированы успешно!
01:59:36 - StarvellBot - INFO - ============================================================
01:59:36 - StarvellBot - INFO - 
01:59:36 - StarvellBot - INFO - 📱 Откройте Telegram бота для управления
01:59:36 - StarvellBot - INFO - 🎛️ Доступные команды:
01:59:36 - StarvellBot - INFO -    /start - начать работу
01:59:36 - StarvellBot - INFO -    /services - управление службами
01:59:36 - StarvellBot - INFO -    /config - редактирование настроек
01:59:36 - StarvellBot - INFO -    /status - статус служб
01:59:36 - StarvellBot - INFO -    /help - справка
01:59:36 - StarvellBot - INFO - 
01:59:36 - StarvellBot - INFO - ============================================================
01:59:36 - aiogram.dispatcher - INFO - Start polling
01:59:36 - aiogram.dispatcher - INFO - Run polling for bot @testzabwinobotsfadsgdsbot id=8298689795 - 'test'
01:59:36 - aiogram.event - INFO - Update id=826343526 is handled. Duration 199 ms by bot id=8298689795
01:59:37 - aiogram.event - INFO - Update id=826343527 is handled. Duration 145 ms by bot id=8298689795
01:59:38 - aiogram.event - INFO - Update id=826343528 is not handled. Duration 72 ms by bot id=8298689795
01:59:38 - aiogram.event - ERROR - Cause exception while process update id=826343528 by bot id=8298689795
AttributeError: 'NoneType' object has no attribute 'items'
Traceback (most recent call last):
  File "C:\Users\ezhik\PycharmProjects\PythonProject5\.venv\Lib\site-packages\aiogram\dispatcher\dispatcher.py", line 320, in _process_update
    response = await self.feed_update(bot, update, **kwargs)
               ^^^^^^^^^^^^^^^^^^^^^^^^^^^^^^^^^^^^^^^^^^^^^
  File "C:\Users\ezhik\PycharmProjects\PythonProject5\.venv\Lib\site-packages\aiogram\dispatcher\dispatcher.py", line 164, in feed_update
    response = await self.update.wrap_outer_middleware(
               ^^^^^^^^^^^^^^^^^^^^^^^^^^^^^^^^^^^^^^^^
    ...<7 lines>...
    )
    ^
  File "C:\Users\ezhik\PycharmProjects\PythonProject5\.venv\Lib\site-packages\aiogram\dispatcher\middlewares\error.py", line 27, in __call__
    return await handler(event, data)
           ^^^^^^^^^^^^^^^^^^^^^^^^^^
  File "C:\Users\ezhik\PycharmProjects\PythonProject5\.venv\Lib\site-packages\aiogram\dispatcher\middlewares\user_context.py", line 58, in __call__
    return await handler(event, data)
           ^^^^^^^^^^^^^^^^^^^^^^^^^^
  File "C:\Users\ezhik\PycharmProjects\PythonProject5\.venv\Lib\site-packages\aiogram\fsm\middleware.py", line 43, in __call__
    return await handler(event, data)
           ^^^^^^^^^^^^^^^^^^^^^^^^^^
  File "C:\Users\ezhik\PycharmProjects\PythonProject5\.venv\Lib\site-packages\aiogram\dispatcher\event\telegram.py", line 126, in trigger
    return await wrapped_inner(event, kwargs)
           ^^^^^^^^^^^^^^^^^^^^^^^^^^^^^^^^^^
  File "C:\Users\ezhik\PycharmProjects\PythonProject5\.venv\Lib\site-packages\aiogram\dispatcher\event\handler.py", line 71, in call
    return await wrapped()
           ^^^^^^^^^^^^^^^
  File "C:\Users\ezhik\PycharmProjects\PythonProject5\.venv\Lib\site-packages\aiogram\dispatcher\dispatcher.py", line 283, in _listen_update
    return await self.propagate_event(update_type=update_type, event=event, **kwargs)
           ^^^^^^^^^^^^^^^^^^^^^^^^^^^^^^^^^^^^^^^^^^^^^^^^^^^^^^^^^^^^^^^^^^^^^^^^^^
  File "C:\Users\ezhik\PycharmProjects\PythonProject5\.venv\Lib\site-packages\aiogram\dispatcher\router.py", line 161, in propagate_event
    return await observer.wrap_outer_middleware(_wrapped, event=event, data=kwargs)
           ^^^^^^^^^^^^^^^^^^^^^^^^^^^^^^^^^^^^^^^^^^^^^^^^^^^^^^^^^^^^^^^^^^^^^^^^
  File "C:\Users\ezhik\PycharmProjects\PythonProject5\.venv\Lib\site-packages\aiogram\dispatcher\router.py", line 153, in _wrapped
    return await self._propagate_event(
           ^^^^^^^^^^^^^^^^^^^^^^^^^^^^
    ...<4 lines>...
    )
    ^
  File "C:\Users\ezhik\PycharmProjects\PythonProject5\.venv\Lib\site-packages\aiogram\dispatcher\router.py", line 189, in _propagate_event
    response = await router.propagate_event(update_type=update_type, event=event, **kwargs)
               ^^^^^^^^^^^^^^^^^^^^^^^^^^^^^^^^^^^^^^^^^^^^^^^^^^^^^^^^^^^^^^^^^^^^^^^^^^^^
  File "C:\Users\ezhik\PycharmProjects\PythonProject5\.venv\Lib\site-packages\aiogram\dispatcher\router.py", line 161, in propagate_event
    return await observer.wrap_outer_middleware(_wrapped, event=event, data=kwargs)
           ^^^^^^^^^^^^^^^^^^^^^^^^^^^^^^^^^^^^^^^^^^^^^^^^^^^^^^^^^^^^^^^^^^^^^^^^
  File "C:\Users\ezhik\PycharmProjects\PythonProject5\.venv\Lib\site-packages\aiogram\dispatcher\router.py", line 153, in _wrapped
    return await self._propagate_event(
           ^^^^^^^^^^^^^^^^^^^^^^^^^^^^
    ...<4 lines>...
    )
    ^
  File "C:\Users\ezhik\PycharmProjects\PythonProject5\.venv\Lib\site-packages\aiogram\dispatcher\router.py", line 181, in _propagate_event
    response = await observer.trigger(event, **kwargs)
               ^^^^^^^^^^^^^^^^^^^^^^^^^^^^^^^^^^^^^^^
  File "C:\Users\ezhik\PycharmProjects\PythonProject5\.venv\Lib\site-packages\aiogram\dispatcher\event\telegram.py", line 126, in trigger
    return await wrapped_inner(event, kwargs)
           ^^^^^^^^^^^^^^^^^^^^^^^^^^^^^^^^^^
  File "C:\Users\ezhik\PycharmProjects\PythonProject5\.venv\Lib\site-packages\aiogram\dispatcher\event\handler.py", line 71, in call
    return await wrapped()
           ^^^^^^^^^^^^^^^
  File "C:\Users\ezhik\PycharmProjects\PythonProject5\telegram_manager.py", line 385, in cb_config_edit
    for key, value in pre_look.items():
                      ^^^^^^^^^^^^^^
AttributeError: 'NoneType' object has no attribute 'items'
02:04:02 - aiogram.dispatcher - INFO - Polling stopped
