00:29:08 - StarvellBot - INFO - ✅ Логирование настроено
00:29:08 - StarvellBot - INFO - ============================================================
00:29:08 - StarvellBot - INFO - 🚀 StarvellBot Manager Starting...
00:29:08 - StarvellBot - INFO - ============================================================
00:29:08 - StarvellBot - INFO - 📋 Загрузка конфигурации...
00:29:08 - config_manager - INFO - ✅ Конфигурация загружена из config_data.json
00:29:09 - StarvellBot - INFO - 🚀 Запуск Telegram Manager...
00:29:09 - StarvellBot - INFO - 🤖 Инициализация StarvellBot...
00:29:09 - StarvellBot - INFO - ⚙️ Инициализация Service Manager...
00:29:09 - StarvellBot - INFO - ============================================================
00:29:09 - StarvellBot - INFO - ✅ Все компоненты инициализированы успешно!
00:29:09 - StarvellBot - INFO - ============================================================
00:29:09 - StarvellBot - INFO - 
00:29:09 - StarvellBot - INFO - 📱 Откройте Telegram бота для управления
00:29:09 - StarvellBot - INFO - 🎛️ Доступные команды:
00:29:09 - StarvellBot - INFO -    /start - начать работу
00:29:09 - StarvellBot - INFO -    /services - управление службами
00:29:09 - StarvellBot - INFO -    /config - редактирование настроек
00:29:09 - StarvellBot - INFO -    /status - статус служб
00:29:09 - StarvellBot - INFO -    /help - справка
00:29:09 - StarvellBot - INFO - 
00:29:09 - StarvellBot - INFO - ============================================================
00:29:09 - aiogram.dispatcher - INFO - Start polling
00:29:10 - aiogram.dispatcher - INFO - Run polling for bot @testzabwinobotsfadsgdsbot id=8298689795 - 'test'
00:29:10 - aiogram.event - INFO - Update id=826345111 is handled. Duration 263 ms by bot id=8298689795
00:29:11 - aiogram.event - INFO - Update id=826345112 is handled. Duration 158 ms by bot id=8298689795
00:29:12 - service_manager - INFO - ▶️ Запуск службы Orders Monitor...
00:29:12 - pyrogram.connection.connection - INFO - Connecting...
00:29:12 - pyrogram.connection.connection - INFO - Connected! Production DC2 - IPv4
00:29:12 - pyrogram.session.session - INFO - NetworkTask started
00:29:12 - pyrogram.client - INFO - Time synced: 2026-03-02 00:29:13.615973
00:29:12 - service_manager - INFO - ✅ Служба Orders Monitor запущена
00:29:12 - pyrogram.session.session - INFO - Session initialized: Pyrogram v2.2.19 (Layer 222)
00:29:12 - pyrogram.session.session - INFO - Device: CPython 3.13.5 - Pyrogram 2.2.19
00:29:12 - pyrogram.session.session - INFO - System: Windows 10 (en)
00:29:12 - pyrogram.session.session - INFO - Session started
00:29:12 - pyrogram.session.session - INFO - PingTask started
00:29:12 - aiogram.event - INFO - Update id=826345113 is handled. Duration 688 ms by bot id=8298689795
00:29:13 - pyrogram.dispatcher - INFO - Started 20 HandlerTasks
00:29:13 - pyrogram.dispatcher - INFO - Stopped 20 HandlerTasks
00:29:13 - pyrogram.session.session - INFO - PingTask stopped
00:29:13 - pyrogram.session.session - INFO - NetworkTask stopped
00:29:13 - pyrogram.connection.connection - INFO - Disconnected
00:29:13 - pyrogram.session.session - INFO - Session stopped
00:29:13 - TelegramApiGiver - INFO - ✅ Сессии инициализированы: ['my_account']
00:29:13 - pyrogram.connection.connection - INFO - Connecting...
00:29:13 - pyrogram.connection.connection - INFO - Connected! Production DC2 - IPv4
00:29:13 - pyrogram.session.session - INFO - NetworkTask started
00:29:13 - pyrogram.client - INFO - Time synced: 2026-03-02 00:29:14.807995
00:29:14 - StarvellBot - INFO - 🟢 WebSocket connected
00:29:14 - StarvellBot - INFO - ✅ WebSocket готов, запускаем проверку заказов
00:29:14 - StarvellBot - INFO - ⬅️  0{"sid":"-NXZ2rsNXyvUw1J5Agkt","upgrades":[],"pingInterval":25000,"pingTimeout":20000,"maxPayload":1000000}
00:29:14 - StarvellBot - WARNING - ➡️  Connecting to namespace: /chats
00:29:14 - StarvellBot - WARNING - ➡️  Connecting to namespace: /user-notifications
00:29:14 - StarvellBot - WARNING - ➡️  Connecting to namespace: /orders
00:29:14 - StarvellBot - WARNING - ➡️  Connecting to namespace: /user-presence
00:29:14 - StarvellBot - WARNING - ➡️  Connecting to namespace: /online
00:29:14 - pyrogram.session.session - INFO - Session initialized: Pyrogram v2.2.19 (Layer 222)
00:29:14 - pyrogram.session.session - INFO - Device: CPython 3.13.5 - Pyrogram 2.2.19
00:29:14 - pyrogram.session.session - INFO - System: Windows 10 (en)
00:29:14 - pyrogram.session.session - INFO - Session started
00:29:14 - pyrogram.session.session - INFO - PingTask started
00:29:14 - StarvellBot - INFO - ⬅️  40/chats,{"sid":"C20cyfY8owzWfvu6Agku"}
00:29:14 - StarvellBot - INFO - ⬅️  40/user-notifications,{"sid":"dj3GeBEPKYvu7GqOAgkv"}
00:29:14 - StarvellBot - INFO - ⬅️  40/orders,{"sid":"SYVptj-zJ7IW_-nbAgkw"}
00:29:14 - StarvellBot - INFO - ⬅️  40/user-presence,{"sid":"qLvAyWJ1FgeZazeeAgkx"}
00:29:14 - StarvellBot - INFO - ⬅️  40/online,{"sid":"gxnXaoxs5F7osMJOAgky"}
00:29:14 - pyrogram.dispatcher - INFO - Started 20 HandlerTasks
00:29:14 - pyrogram.dispatcher - INFO - Stopped 20 HandlerTasks
00:29:14 - pyrogram.session.session - INFO - PingTask stopped
00:29:14 - pyrogram.session.session - INFO - NetworkTask stopped
00:29:14 - pyrogram.connection.connection - INFO - Disconnected
00:29:14 - pyrogram.session.session - INFO - Session stopped
00:29:33 - StarvellBot.Fragment - INFO - Wallet balance: 1.104038 TON
00:29:33 - service_manager - ERROR - ❌ Ошибка в службе Orders Monitor: ValueError: too many values to unpack (expected 2)
00:29:39 - StarvellBot - INFO - ⬅️  2
00:29:52 - aiogram.dispatcher - INFO - Polling stopped
