13:56:13 - StarvellBot - INFO - ✅ Логирование настроено
13:56:13 - StarvellBot - INFO - ============================================================
13:56:13 - StarvellBot - INFO - 🚀 StarvellBot Manager Starting...
13:56:13 - StarvellBot - INFO - ============================================================
13:56:13 - StarvellBot - INFO - 📋 Загрузка конфигурации...
13:56:13 - config_manager - INFO - ✅ Конфигурация загружена из config_data.json
13:56:14 - StarvellBot - INFO - 🚀 Запуск Telegram Manager...
13:56:14 - StarvellBot - INFO - 🤖 Инициализация StarvellBot...
13:56:14 - StarvellBot - INFO - ⚙️ Инициализация Service Manager...
13:56:14 - StarvellBot - INFO - ============================================================
13:56:14 - StarvellBot - INFO - ✅ Все компоненты инициализированы успешно!
13:56:14 - StarvellBot - INFO - ============================================================
13:56:14 - StarvellBot - INFO - 
13:56:14 - StarvellBot - INFO - 📱 Откройте Telegram бота для управления
13:56:14 - StarvellBot - INFO - 🎛️ Доступные команды:
13:56:14 - StarvellBot - INFO -    /start - начать работу
13:56:14 - StarvellBot - INFO -    /services - управление службами
13:56:14 - StarvellBot - INFO -    /config - редактирование настроек
13:56:14 - StarvellBot - INFO -    /status - статус служб
13:56:14 - StarvellBot - INFO -    /help - справка
13:56:14 - StarvellBot - INFO - 
13:56:14 - StarvellBot - INFO - ============================================================
13:56:14 - aiogram.dispatcher - INFO - Start polling
13:56:14 - pyrogram.session.auth - INFO - Start creating a new auth key on DC2
13:56:14 - pyrogram.connection.connection - INFO - Connecting...
13:56:14 - pyrogram.connection.connection - INFO - Connected! Production DC2 - IPv4
13:56:14 - aiogram.dispatcher - INFO - Run polling for bot @testzabwinobotsfadsgdsbot id=8298689795 - 'test'
13:56:16 - pyrogram.session.auth - INFO - Done auth key exchange: DhGenOk
13:56:16 - pyrogram.connection.connection - INFO - Disconnected
13:56:16 - pyrogram.connection.connection - INFO - Connecting...
13:56:16 - pyrogram.connection.connection - INFO - Connected! Production DC2 - IPv4
13:56:16 - pyrogram.session.session - INFO - NetworkTask started
13:56:16 - pyrogram.client - INFO - Time synced: 2026-02-28 13:56:17.068957
13:56:16 - pyrogram.session.session - INFO - Session initialized: Pyrogram v2.2.19 (Layer 222)
13:56:16 - pyrogram.session.session - INFO - Device: CPython 3.13.5 - Pyrogram 2.2.19
13:56:16 - pyrogram.session.session - INFO - System: Windows 10 (en)
13:56:16 - pyrogram.session.session - INFO - Session started
13:56:16 - pyrogram.session.session - INFO - PingTask started
13:56:16 - aiogram.event - INFO - Update id=826344466 is handled. Duration 277 ms by bot id=8298689795
13:56:19 - aiogram.event - INFO - Update id=826344467 is handled. Duration 223 ms by bot id=8298689795
13:56:21 - aiogram.event - INFO - Update id=826344468 is handled. Duration 328 ms by bot id=8298689795
13:56:23 - aiogram.event - INFO - Update id=826344469 is handled. Duration 306 ms by bot id=8298689795
13:56:26 - aiogram.event - INFO - Update id=826344470 is handled. Duration 223 ms by bot id=8298689795
13:56:33 - config_manager - INFO - ✅ Конфигурация сохранена в config_data.json
13:56:33 - aiogram.event - INFO - Update id=826344471 is handled. Duration 129 ms by bot id=8298689795
13:56:42 - config_manager - INFO - ✅ Конфигурация сохранена в config_data.json
13:56:42 - aiogram.event - INFO - Update id=826344472 is handled. Duration 116 ms by bot id=8298689795
13:56:45 - aiogram.event - INFO - Update id=826344473 is handled. Duration 120 ms by bot id=8298689795
13:56:51 - config_manager - INFO - ✅ Конфигурация сохранена в config_data.json
13:56:51 - aiogram.event - INFO - Update id=826344474 is handled. Duration 125 ms by bot id=8298689795
13:56:57 - aiogram.event - INFO - Update id=826344475 is not handled. Duration 0 ms by bot id=8298689795
13:56:57 - aiogram.event - ERROR - Cause exception while process update id=826344475 by bot id=8298689795
TypeError: ConfigManager.edit_dict() missing 1 required positional argument: 'val_type'
Traceback (most recent call last):
  File "C:\Users\ezhik\PycharmProjects\PythonProject5\.venv\Lib\site-packages\aiogram\dispatcher\dispatcher.py", line 320, in _process_update
    response = await self.feed_update(bot, update, **kwargs)
               ^^^^^^^^^^^^^^^^^^^^^^^^^^^^^^^^^^^^^^^^^^^^^
  File "C:\Users\ezhik\PycharmProjects\PythonProject5\.venv\Lib\site-packages\aiogram\dispatcher\dispatcher.py", line 164, in feed_update
    response = await self.update.wrap_outer_middleware(
               ^^^^^^^^^^^^^^^^^^^^^^^^^^^^^^^^^^^^^^^^
    ...<7 lines>...
    )
    ^
  File "C:\Users\ezhik\PycharmProjects\PythonProject5\.venv\Lib\site-packages\aiogram\dispatcher\middlewares\error.py", line 27, in __call__
    return await handler(event, data)
           ^^^^^^^^^^^^^^^^^^^^^^^^^^
  File "C:\Users\ezhik\PycharmProjects\PythonProject5\.venv\Lib\site-packages\aiogram\dispatcher\middlewares\user_context.py", line 58, in __call__
    return await handler(event, data)
           ^^^^^^^^^^^^^^^^^^^^^^^^^^
  File "C:\Users\ezhik\PycharmProjects\PythonProject5\.venv\Lib\site-packages\aiogram\fsm\middleware.py", line 43, in __call__
    return await handler(event, data)
           ^^^^^^^^^^^^^^^^^^^^^^^^^^
  File "C:\Users\ezhik\PycharmProjects\PythonProject5\.venv\Lib\site-packages\aiogram\dispatcher\event\telegram.py", line 126, in trigger
    return await wrapped_inner(event, kwargs)
           ^^^^^^^^^^^^^^^^^^^^^^^^^^^^^^^^^^
  File "C:\Users\ezhik\PycharmProjects\PythonProject5\.venv\Lib\site-packages\aiogram\dispatcher\event\handler.py", line 71, in call
    return await wrapped()
           ^^^^^^^^^^^^^^^
  File "C:\Users\ezhik\PycharmProjects\PythonProject5\.venv\Lib\site-packages\aiogram\dispatcher\dispatcher.py", line 283, in _listen_update
    return await self.propagate_event(update_type=update_type, event=event, **kwargs)
           ^^^^^^^^^^^^^^^^^^^^^^^^^^^^^^^^^^^^^^^^^^^^^^^^^^^^^^^^^^^^^^^^^^^^^^^^^^
  File "C:\Users\ezhik\PycharmProjects\PythonProject5\.venv\Lib\site-packages\aiogram\dispatcher\router.py", line 161, in propagate_event
    return await observer.wrap_outer_middleware(_wrapped, event=event, data=kwargs)
           ^^^^^^^^^^^^^^^^^^^^^^^^^^^^^^^^^^^^^^^^^^^^^^^^^^^^^^^^^^^^^^^^^^^^^^^^
  File "C:\Users\ezhik\PycharmProjects\PythonProject5\.venv\Lib\site-packages\aiogram\dispatcher\router.py", line 153, in _wrapped
    return await self._propagate_event(
           ^^^^^^^^^^^^^^^^^^^^^^^^^^^^
    ...<4 lines>...
    )
    ^
  File "C:\Users\ezhik\PycharmProjects\PythonProject5\.venv\Lib\site-packages\aiogram\dispatcher\router.py", line 189, in _propagate_event
    response = await router.propagate_event(update_type=update_type, event=event, **kwargs)
               ^^^^^^^^^^^^^^^^^^^^^^^^^^^^^^^^^^^^^^^^^^^^^^^^^^^^^^^^^^^^^^^^^^^^^^^^^^^^
  File "C:\Users\ezhik\PycharmProjects\PythonProject5\.venv\Lib\site-packages\aiogram\dispatcher\router.py", line 161, in propagate_event
    return await observer.wrap_outer_middleware(_wrapped, event=event, data=kwargs)
           ^^^^^^^^^^^^^^^^^^^^^^^^^^^^^^^^^^^^^^^^^^^^^^^^^^^^^^^^^^^^^^^^^^^^^^^^
  File "C:\Users\ezhik\PycharmProjects\PythonProject5\.venv\Lib\site-packages\aiogram\dispatcher\router.py", line 153, in _wrapped
    return await self._propagate_event(
           ^^^^^^^^^^^^^^^^^^^^^^^^^^^^
    ...<4 lines>...
    )
    ^
  File "C:\Users\ezhik\PycharmProjects\PythonProject5\.venv\Lib\site-packages\aiogram\dispatcher\router.py", line 181, in _propagate_event
    response = await observer.trigger(event, **kwargs)
               ^^^^^^^^^^^^^^^^^^^^^^^^^^^^^^^^^^^^^^^
  File "C:\Users\ezhik\PycharmProjects\PythonProject5\.venv\Lib\site-packages\aiogram\dispatcher\event\telegram.py", line 126, in trigger
    return await wrapped_inner(event, kwargs)
           ^^^^^^^^^^^^^^^^^^^^^^^^^^^^^^^^^^
  File "C:\Users\ezhik\PycharmProjects\PythonProject5\.venv\Lib\site-packages\aiogram\dispatcher\event\handler.py", line 71, in call
    return await wrapped()
           ^^^^^^^^^^^^^^^
  File "C:\Users\ezhik\PycharmProjects\PythonProject5\telegram_manager.py", line 650, in process_config_value_advanced_message
    result, ok = process_add_msg(keys, field, raw_value, pos=pos)
                 ~~~~~~~~~~~~~~~^^^^^^^^^^^^^^^^^^^^^^^^^^^^^^^^^
  File "C:\Users\ezhik\PycharmProjects\PythonProject5\telegram_manager.py", line 284, in process_add_msg
    ok, result = cc.edit_dict(cur, cast_val)
                 ~~~~~~~~~~~~^^^^^^^^^^^^^^^
TypeError: ConfigManager.edit_dict() missing 1 required positional argument: 'val_type'
13:59:29 - aiogram.dispatcher - INFO - Polling stopped
13:59:29 - pyrogram.session.session - INFO - PingTask stopped
13:59:29 - pyrogram.session.session - INFO - NetworkTask stopped
13:59:29 - pyrogram.connection.connection - INFO - Disconnected
13:59:29 - pyrogram.session.session - INFO - Session stopped
13:59:29 - asyncio - ERROR - Task exception was never retrieved
future: <Task finished name='Task-2' coro=<StarsAPIGiver.init_sessions() done, defined at C:\Users\ezhik\PycharmProjects\PythonProject5\stars_api_giver.py:28> exception=UnicodeDecodeError('utf-8', b'\xff', 0, 1, 'invalid start byte')>
Traceback (most recent call last):
  File "C:\Users\ezhik\PycharmProjects\PythonProject5\stars_api_giver.py", line 32, in init_sessions
    self.flags[session] = 0
    
  File "C:\Users\ezhik\PycharmProjects\PythonProject5\stars_api_giver.py", line 36, in get_star_balance
    async def get_star_balance(self, session):
                   ^^^^^^^^^^^^^^^^^^^^^^^^^^^
  File "C:\Users\ezhik\PycharmProjects\PythonProject5\.venv\Lib\site-packages\pyrogram\client.py", line 441, in __aenter__
    return await self.start()
           ^^^^^^^^^^^^^^^^^^
  File "C:\Users\ezhik\PycharmProjects\PythonProject5\.venv\Lib\site-packages\pyrogram\methods\utilities\start.py", line 89, in start
    await self.authorize()
  File "C:\Users\ezhik\PycharmProjects\PythonProject5\.venv\Lib\site-packages\pyrogram\client.py", line 474, in authorize
    value = await ainput("Enter phone number or bot token: ", loop=self.loop)
            ^^^^^^^^^^^^^^^^^^^^^^^^^^^^^^^^^^^^^^^^^^^^^^^^^^^^^^^^^^^^^^^^^
  File "C:\Users\ezhik\PycharmProjects\PythonProject5\.venv\Lib\site-packages\pyrogram\utils.py", line 57, in ainput
    return await loop.run_in_executor(executor, func)
           ^^^^^^^^^^^^^^^^^^^^^^^^^^^^^^^^^^^^^^^^^^
  File "C:\Users\ezhik\AppData\Local\Programs\Python\Python313\Lib\concurrent\futures\thread.py", line 59, in run
    result = self.fn(*self.args, **self.kwargs)
  File "<frozen codecs>", line 325, in decode
UnicodeDecodeError: 'utf-8' codec can't decode byte 0xff in position 0: invalid start byte
13:59:29 - StarvellBot - INFO - 👋 Завершение работы...
13:59:29 - aiogram.dispatcher - INFO - Polling stopped for bot @testzabwinobotsfadsgdsbot id=8298689795 - 'test'
13:59:29 - StarvellBot - INFO - ⏸ Остановка по Ctrl+C
