17:53:30 - StarvellBot - INFO - ✅ Логирование настроено
17:53:30 - StarvellBot - INFO - ============================================================
17:53:30 - StarvellBot - INFO - 🚀 StarvellBot Manager Starting...
17:53:30 - StarvellBot - INFO - ============================================================
17:53:30 - StarvellBot - INFO - 📋 Загрузка конфигурации...
17:53:30 - config_manager - INFO - ✅ Конфигурация загружена из config_data.json
17:53:31 - StarvellBot - INFO - 🚀 Запуск Telegram Manager...
17:53:31 - StarvellBot - INFO - 🤖 Инициализация StarvellBot...
17:53:31 - StarvellBot - INFO - ⚙️ Инициализация Service Manager...
17:53:31 - StarvellBot - INFO - ============================================================
17:53:31 - StarvellBot - INFO - ✅ Все компоненты инициализированы успешно!
17:53:31 - StarvellBot - INFO - ============================================================
17:53:31 - StarvellBot - INFO - 
17:53:31 - StarvellBot - INFO - 📱 Откройте Telegram бота для управления
17:53:31 - StarvellBot - INFO - 🎛️ Доступные команды:
17:53:31 - StarvellBot - INFO -    /start - начать работу
17:53:31 - StarvellBot - INFO -    /services - управление службами
17:53:31 - StarvellBot - INFO -    /config - редактирование настроек
17:53:31 - StarvellBot - INFO -    /status - статус служб
17:53:31 - StarvellBot - INFO -    /help - справка
17:53:31 - StarvellBot - INFO - 
17:53:31 - StarvellBot - INFO - ============================================================
17:53:31 - aiogram.dispatcher - INFO - Start polling
17:53:31 - aiogram.dispatcher - INFO - Run polling for bot @testzabwinobotsfadsgdsbot id=8298689795 - 'test'
17:53:31 - aiogram.event - INFO - Update id=826344587 is handled. Duration 369 ms by bot id=8298689795
17:53:33 - aiogram.event - INFO - Update id=826344588 is handled. Duration 281 ms by bot id=8298689795
17:53:34 - aiogram.event - INFO - Update id=826344589 is handled. Duration 237 ms by bot id=8298689795
17:53:38 - aiogram.event - INFO - Update id=826344590 is handled. Duration 102 ms by bot id=8298689795
17:53:40 - aiogram.event - INFO - Update id=826344591 is handled. Duration 219 ms by bot id=8298689795
17:53:40 - service_manager - INFO - ▶️ Запуск службы Orders Monitor...
17:53:41 - StarvellBot - INFO - 🟢 WebSocket connected
17:53:41 - StarvellBot - INFO - ✅ WebSocket готов, запускаем проверку заказов
17:53:41 - StarvellBot - INFO - ⬅️  0{"sid":"tMb5q08EBIkRer1sAcxy","upgrades":[],"pingInterval":25000,"pingTimeout":20000,"maxPayload":1000000}
17:53:41 - StarvellBot - WARNING - ➡️  Connecting to namespace: /chats
17:53:41 - StarvellBot - WARNING - ➡️  Connecting to namespace: /user-notifications
17:53:41 - StarvellBot - WARNING - ➡️  Connecting to namespace: /orders
17:53:41 - StarvellBot - WARNING - ➡️  Connecting to namespace: /user-presence
17:53:41 - StarvellBot - WARNING - ➡️  Connecting to namespace: /online
17:53:41 - StarvellBot - INFO - ⬅️  40/chats,{"sid":"HeYgs2tvEoGQDUI1Acxz"}
17:53:41 - StarvellBot - INFO - ⬅️  40/user-notifications,{"sid":"-Wdlq26BkxE4wmKCAcx0"}
17:53:41 - StarvellBot - INFO - ⬅️  40/orders,{"sid":"PvgJacDa8WD0RoN3Acx1"}
17:53:41 - StarvellBot - INFO - ⬅️  40/user-presence,{"sid":"HM8lP6K1LJ-7NoTnAcx2"}
17:53:41 - StarvellBot - INFO - ⬅️  40/online,{"sid":"7uGIZ8u07UJ69-mbAcx3"}
17:53:41 - service_manager - INFO - ✅ Служба Orders Monitor запущена
17:53:41 - aiogram.event - INFO - Update id=826344592 is handled. Duration 775 ms by bot id=8298689795
17:53:42 - aiogram.event - INFO - Update id=826344593 is handled. Duration 205 ms by bot id=8298689795
17:53:43 - aiogram.event - INFO - Update id=826344594 is handled. Duration 204 ms by bot id=8298689795
17:53:44 - service_manager - INFO - ▶️ Запуск службы Price Dumper...
17:53:44 - StarvellBot - INFO - ✅ WebSocket готов, запускаем автопонижение цен
17:53:44 - StarvellBot - INFO - 🔄 Проверяем цены...
17:53:44 - service_manager - INFO - ✅ Служба Price Dumper запущена
17:53:44 - StarvellBot - INFO - Успешно парсили ордеры
17:53:44 - StarvellBot - INFO - 📦 Найдено 2 наших предложений
17:53:44 - StarvellBot - ERROR - ❌ Ошибка в dumper: 'description'
17:53:44 - aiogram.event - INFO - Update id=826344595 is handled. Duration 664 ms by bot id=8298689795
17:53:49 - aiogram.dispatcher - INFO - Polling stopped
