15:14:15 - StarvellBot - INFO - ✅ Логирование настроено
15:14:15 - StarvellBot - INFO - ============================================================
15:14:15 - StarvellBot - INFO - 🚀 StarvellBot Manager Starting...
15:14:15 - StarvellBot - INFO - ============================================================
15:14:15 - StarvellBot - INFO - 📋 Загрузка конфигурации...
15:14:15 - config_manager - INFO - ✅ Конфигурация загружена из config_data.json
15:14:16 - pyrogram.crypto.aes - WARNING - TgCrypto is missing! Pyrogram will work the same, but at a much slower speed. More info: https://docs.pyrogram.org/topics/speedups
15:14:17 - StarvellBot - INFO - 🚀 Запуск Telegram Manager...
15:14:17 - StarvellBot - INFO - 🤖 Инициализация StarvellBot...
15:14:17 - StarvellBot - INFO - ⚙️ Инициализация Service Manager...
15:14:17 - StarvellBot - INFO - ============================================================
15:14:17 - StarvellBot - INFO - ✅ Все компоненты инициализированы успешно!
15:14:17 - StarvellBot - INFO - ============================================================
15:14:17 - StarvellBot - INFO - 
15:14:17 - StarvellBot - INFO - 📱 Откройте Telegram бота для управления
15:14:17 - StarvellBot - INFO - 🎛️ Доступные команды:
15:14:17 - StarvellBot - INFO -    /start - начать работу
15:14:17 - StarvellBot - INFO -    /services - управление службами
15:14:17 - StarvellBot - INFO -    /config - редактирование настроек
15:14:17 - StarvellBot - INFO -    /status - статус служб
15:14:17 - StarvellBot - INFO -    /help - справка
15:14:17 - StarvellBot - INFO - 
15:14:17 - StarvellBot - INFO - ============================================================
15:14:17 - aiogram.dispatcher - INFO - Start polling
15:14:17 - asyncio - ERROR - Task exception was never retrieved
future: <Task finished name='Task-2' coro=<StarsAPIGiver.init_sessions() done, defined at C:\Users\ezhik\PycharmProjects\PythonProject5\stars_api_giver.py:23> exception=TypeError("'NoneType' object is not iterable")>
Traceback (most recent call last):
  File "C:\Users\ezhik\PycharmProjects\PythonProject5\stars_api_giver.py", line 25, in init_sessions
    for session in sessions:
                   ^^^^^^^^
TypeError: 'NoneType' object is not iterable
15:14:17 - aiogram.dispatcher - INFO - Run polling for bot @testzabwinobotsfadsgdsbot id=8298689795 - 'test'
15:14:27 - aiogram.event - INFO - Update id=826343789 is handled. Duration 219 ms by bot id=8298689795
15:14:28 - aiogram.event - INFO - Update id=826343790 is handled. Duration 152 ms by bot id=8298689795
15:14:31 - aiogram.event - INFO - Update id=826343791 is handled. Duration 156 ms by bot id=8298689795
15:14:31 - aiogram.event - INFO - Update id=826343792 is handled. Duration 167 ms by bot id=8298689795
15:14:32 - aiogram.event - INFO - Update id=826343793 is handled. Duration 156 ms by bot id=8298689795
15:14:41 - config_manager - INFO - ✅ Конфигурация сохранена в config_data.json
15:14:41 - aiogram.event - INFO - Update id=826343794 is handled. Duration 177 ms by bot id=8298689795
15:14:43 - aiogram.event - INFO - Update id=826343795 is handled. Duration 162 ms by bot id=8298689795
15:16:16 - aiogram.dispatcher - INFO - Polling stopped
