17:34:30 - StarvellBot - INFO - ✅ Логирование настроено
17:34:30 - StarvellBot - INFO - ============================================================
17:34:30 - StarvellBot - INFO - 🚀 StarvellBot Manager Starting...
17:34:30 - StarvellBot - INFO - ============================================================
17:34:30 - StarvellBot - INFO - 📋 Загрузка конфигурации...
17:34:30 - config_manager - INFO - ✅ Конфигурация загружена из config_data.json
17:34:33 - StarvellBot - INFO - 🚀 Запуск Telegram Manager...
17:34:33 - StarvellBot - INFO - 🤖 Инициализация StarvellBot...
17:34:33 - StarvellBot - INFO - ⚙️ Инициализация Service Manager...
17:34:33 - StarvellBot - INFO - ============================================================
17:34:33 - StarvellBot - INFO - ✅ Все компоненты инициализированы успешно!
17:34:33 - StarvellBot - INFO - ============================================================
17:34:33 - StarvellBot - INFO - 
17:34:33 - StarvellBot - INFO - 📱 Откройте Telegram бота для управления
17:34:33 - StarvellBot - INFO - 🎛️ Доступные команды:
17:34:33 - StarvellBot - INFO -    /start - начать работу
17:34:33 - StarvellBot - INFO -    /services - управление службами
17:34:33 - StarvellBot - INFO -    /config - редактирование настроек
17:34:33 - StarvellBot - INFO -    /status - статус служб
17:34:33 - StarvellBot - INFO -    /help - справка
17:34:33 - StarvellBot - INFO - 
17:34:33 - StarvellBot - INFO - ============================================================
17:34:33 - aiogram.dispatcher - INFO - Start polling
17:34:33 - aiogram.dispatcher - INFO - Run polling for bot @testzabwinobotsfadsgdsbot id=8298689795 - 'test'
17:36:05 - aiogram.event - INFO - Update id=826344526 is handled. Duration 219 ms by bot id=8298689795
17:36:08 - aiogram.event - INFO - Update id=826344527 is handled. Duration 99 ms by bot id=8298689795
17:36:10 - aiogram.event - INFO - Update id=826344528 is handled. Duration 309 ms by bot id=8298689795
17:36:12 - aiogram.event - INFO - Update id=826344529 is handled. Duration 154 ms by bot id=8298689795
17:37:41 - aiogram.event - INFO - Update id=826344530 is handled. Duration 192 ms by bot id=8298689795
17:37:44 - config_manager - INFO - ✅ Конфигурация сохранена в config_data.json
17:37:44 - aiogram.event - INFO - Update id=826344531 is handled. Duration 93 ms by bot id=8298689795
17:38:20 - config_manager - INFO - ✅ Конфигурация сохранена в config_data.json
17:38:20 - aiogram.event - INFO - Update id=826344532 is handled. Duration 98 ms by bot id=8298689795
17:38:39 - config_manager - INFO - ✅ Конфигурация сохранена в config_data.json
17:38:39 - aiogram.event - INFO - Update id=826344533 is handled. Duration 87 ms by bot id=8298689795
17:38:46 - config_manager - INFO - ✅ Конфигурация сохранена в config_data.json
17:38:47 - aiogram.event - INFO - Update id=826344534 is handled. Duration 124 ms by bot id=8298689795
17:38:59 - config_manager - INFO - ✅ Конфигурация сохранена в config_data.json
17:38:59 - aiogram.event - INFO - Update id=826344535 is handled. Duration 107 ms by bot id=8298689795
17:39:03 - aiogram.event - INFO - Update id=826344536 is handled. Duration 169 ms by bot id=8298689795
17:39:04 - aiogram.event - INFO - Update id=826344537 is handled. Duration 186 ms by bot id=8298689795
17:39:14 - aiogram.event - INFO - Update id=826344538 is handled. Duration 169 ms by bot id=8298689795
17:39:15 - aiogram.event - INFO - Update id=826344539 is handled. Duration 153 ms by bot id=8298689795
17:39:21 - config_manager - INFO - ✅ Конфигурация сохранена в config_data.json
17:39:21 - aiogram.event - INFO - Update id=826344540 is handled. Duration 97 ms by bot id=8298689795
17:39:42 - config_manager - INFO - ✅ Конфигурация сохранена в config_data.json
17:39:42 - aiogram.event - INFO - Update id=826344541 is handled. Duration 83 ms by bot id=8298689795
17:40:29 - aiogram.event - INFO - Update id=826344542 is handled. Duration 93 ms by bot id=8298689795
17:40:33 - config_manager - INFO - ✅ Конфигурация сохранена в config_data.json
17:40:33 - aiogram.event - INFO - Update id=826344543 is handled. Duration 107 ms by bot id=8298689795
17:41:06 - aiogram.event - INFO - Update id=826344544 is handled. Duration 107 ms by bot id=8298689795
17:41:20 - aiogram.event - INFO - Update id=826344545 is handled. Duration 198 ms by bot id=8298689795
17:41:21 - aiogram.event - INFO - Update id=826344546 is handled. Duration 185 ms by bot id=8298689795
17:41:22 - config_manager - INFO - ✅ Конфигурация сохранена в config_data.json
17:41:22 - aiogram.event - INFO - Update id=826344547 is handled. Duration 163 ms by bot id=8298689795
17:41:24 - aiogram.event - INFO - Update id=826344548 is handled. Duration 275 ms by bot id=8298689795
17:41:25 - aiogram.event - INFO - Update id=826344549 is handled. Duration 153 ms by bot id=8298689795
17:41:31 - config_manager - INFO - ✅ Конфигурация сохранена в config_data.json
17:41:31 - aiogram.event - INFO - Update id=826344550 is handled. Duration 93 ms by bot id=8298689795
17:41:38 - config_manager - INFO - ✅ Конфигурация сохранена в config_data.json
17:41:38 - aiogram.event - INFO - Update id=826344551 is handled. Duration 109 ms by bot id=8298689795
17:41:52 - aiogram.event - INFO - Update id=826344552 is handled. Duration 98 ms by bot id=8298689795
17:43:37 - aiogram.event - INFO - Update id=826344553 is handled. Duration 281 ms by bot id=8298689795
17:43:38 - aiogram.event - INFO - Update id=826344554 is handled. Duration 238 ms by bot id=8298689795
17:43:39 - config_manager - INFO - ✅ Конфигурация сохранена в config_data.json
17:43:40 - aiogram.event - INFO - Update id=826344555 is handled. Duration 168 ms by bot id=8298689795
17:43:41 - aiogram.event - INFO - Update id=826344556 is handled. Duration 172 ms by bot id=8298689795
17:43:43 - aiogram.event - INFO - Update id=826344557 is handled. Duration 161 ms by bot id=8298689795
17:44:01 - config_manager - INFO - ✅ Конфигурация сохранена в config_data.json
17:44:01 - aiogram.event - INFO - Update id=826344558 is handled. Duration 123 ms by bot id=8298689795
17:44:12 - config_manager - INFO - ✅ Конфигурация сохранена в config_data.json
17:44:12 - aiogram.event - INFO - Update id=826344559 is handled. Duration 83 ms by bot id=8298689795
17:44:27 - aiogram.event - INFO - Update id=826344560 is handled. Duration 88 ms by bot id=8298689795
17:44:31 - config_manager - INFO - ✅ Конфигурация сохранена в config_data.json
17:44:31 - aiogram.event - INFO - Update id=826344561 is handled. Duration 131 ms by bot id=8298689795
17:44:34 - config_manager - INFO - ✅ Конфигурация сохранена в config_data.json
17:44:34 - aiogram.event - INFO - Update id=826344562 is handled. Duration 138 ms by bot id=8298689795
17:47:18 - aiogram.event - INFO - Update id=826344563 is handled. Duration 156 ms by bot id=8298689795
17:47:31 - config_manager - INFO - ✅ Конфигурация сохранена в config_data.json
17:47:31 - aiogram.event - INFO - Update id=826344564 is handled. Duration 87 ms by bot id=8298689795
17:47:32 - aiogram.event - INFO - Update id=826344565 is handled. Duration 110 ms by bot id=8298689795
17:47:33 - aiogram.event - INFO - Update id=826344566 is handled. Duration 187 ms by bot id=8298689795
17:47:35 - config_manager - INFO - ✅ Конфигурация сохранена в config_data.json
17:47:35 - aiogram.event - INFO - Update id=826344567 is handled. Duration 183 ms by bot id=8298689795
17:47:41 - config_manager - INFO - ✅ Конфигурация сохранена в config_data.json
17:47:41 - aiogram.event - INFO - Update id=826344568 is handled. Duration 182 ms by bot id=8298689795
17:47:44 - aiogram.event - INFO - Update id=826344569 is handled. Duration 151 ms by bot id=8298689795
17:47:53 - aiogram.event - INFO - Update id=826344570 is handled. Duration 151 ms by bot id=8298689795
17:47:54 - config_manager - INFO - ✅ Конфигурация сохранена в config_data.json
17:47:54 - aiogram.event - INFO - Update id=826344571 is handled. Duration 247 ms by bot id=8298689795
17:47:55 - aiogram.event - INFO - Update id=826344572 is handled. Duration 160 ms by bot id=8298689795
17:48:17 - aiogram.event - INFO - Update id=826344573 is handled. Duration 202 ms by bot id=8298689795
17:48:19 - config_manager - INFO - ✅ Конфигурация сохранена в config_data.json
17:48:19 - aiogram.event - INFO - Update id=826344574 is handled. Duration 103 ms by bot id=8298689795
17:48:21 - aiogram.event - INFO - Update id=826344575 is handled. Duration 96 ms by bot id=8298689795
17:48:21 - aiogram.event - INFO - Update id=826344576 is handled. Duration 235 ms by bot id=8298689795
17:48:23 - config_manager - INFO - ✅ Конфигурация сохранена в config_data.json
17:48:23 - aiogram.event - INFO - Update id=826344577 is handled. Duration 94 ms by bot id=8298689795
17:48:24 - config_manager - INFO - ✅ Конфигурация сохранена в config_data.json
17:48:24 - aiogram.event - INFO - Update id=826344578 is handled. Duration 130 ms by bot id=8298689795
17:48:27 - aiogram.event - INFO - Update id=826344579 is handled. Duration 170 ms by bot id=8298689795
17:48:28 - aiogram.event - INFO - Update id=826344580 is handled. Duration 172 ms by bot id=8298689795
17:48:31 - config_manager - INFO - ✅ Конфигурация сохранена в config_data.json
17:48:31 - aiogram.event - INFO - Update id=826344581 is handled. Duration 167 ms by bot id=8298689795
17:48:33 - aiogram.event - INFO - Update id=826344582 is handled. Duration 183 ms by bot id=8298689795
17:50:05 - aiogram.event - INFO - Update id=826344583 is handled. Duration 277 ms by bot id=8298689795
17:50:06 - aiogram.event - INFO - Update id=826344584 is handled. Duration 170 ms by bot id=8298689795
17:50:07 - aiogram.event - INFO - Update id=826344585 is handled. Duration 155 ms by bot id=8298689795
17:50:09 - aiogram.event - INFO - Update id=826344586 is handled. Duration 174 ms by bot id=8298689795
17:53:25 - aiogram.dispatcher - INFO - Polling stopped
