18:18:06 - StarvellBot - INFO - ✅ Логирование настроено
18:18:06 - StarvellBot - INFO - ============================================================
18:18:06 - StarvellBot - INFO - 🚀 StarvellBot Manager Starting...
18:18:06 - StarvellBot - INFO - ============================================================
18:18:06 - StarvellBot - INFO - 📋 Загрузка конфигурации...
18:18:06 - config_manager - INFO - ✅ Конфигурация загружена из config_data.json
18:18:07 - StarvellBot - INFO - 🚀 Запуск Telegram Manager...
18:18:07 - StarvellBot - INFO - 🤖 Инициализация StarvellBot...
18:18:07 - StarvellBot - INFO - ⚙️ Инициализация Service Manager...
18:18:07 - StarvellBot - INFO - ============================================================
18:18:07 - StarvellBot - INFO - ✅ Все компоненты инициализированы успешно!
18:18:07 - StarvellBot - INFO - ============================================================
18:18:07 - StarvellBot - INFO - 
18:18:07 - StarvellBot - INFO - 📱 Откройте Telegram бота для управления
18:18:07 - StarvellBot - INFO - 🎛️ Доступные команды:
18:18:07 - StarvellBot - INFO -    /start - начать работу
18:18:07 - StarvellBot - INFO -    /services - управление службами
18:18:07 - StarvellBot - INFO -    /config - редактирование настроек
18:18:07 - StarvellBot - INFO -    /status - статус служб
18:18:07 - StarvellBot - INFO -    /help - справка
18:18:07 - StarvellBot - INFO - 
18:18:07 - StarvellBot - INFO - ============================================================
18:18:07 - aiogram.dispatcher - INFO - Start polling
18:18:07 - aiogram.dispatcher - INFO - Run polling for bot @testzabwinobotsfadsgdsbot id=8298689795 - 'test'
18:18:07 - aiogram.event - INFO - Update id=826344715 is handled. Duration 315 ms by bot id=8298689795
18:18:09 - aiogram.event - INFO - Update id=826344716 is handled. Duration 162 ms by bot id=8298689795
18:18:13 - aiogram.event - INFO - Update id=826344717 is handled. Duration 208 ms by bot id=8298689795
18:18:14 - config_manager - INFO - ✅ Конфигурация сохранена в config_data.json
18:18:14 - aiogram.event - INFO - Update id=826344718 is handled. Duration 169 ms by bot id=8298689795
18:18:15 - aiogram.event - INFO - Update id=826344719 is handled. Duration 187 ms by bot id=8298689795
18:18:16 - aiogram.event - INFO - Update id=826344720 is handled. Duration 150 ms by bot id=8298689795
18:18:19 - config_manager - INFO - ✅ Конфигурация сохранена в config_data.json
18:18:19 - aiogram.event - INFO - Update id=826344721 is handled. Duration 105 ms by bot id=8298689795
18:18:25 - config_manager - INFO - ✅ Конфигурация сохранена в config_data.json
18:18:25 - aiogram.event - INFO - Update id=826344722 is handled. Duration 132 ms by bot id=8298689795
18:18:26 - aiogram.event - INFO - Update id=826344723 is handled. Duration 86 ms by bot id=8298689795
18:18:31 - config_manager - INFO - ✅ Конфигурация сохранена в config_data.json
18:18:31 - aiogram.event - INFO - Update id=826344724 is handled. Duration 91 ms by bot id=8298689795
18:18:40 - aiogram.event - INFO - Update id=826344725 is not handled. Duration 0 ms by bot id=8298689795
18:18:40 - aiogram.event - ERROR - Cause exception while process update id=826344725 by bot id=8298689795
NameError: name 're' is not defined
Traceback (most recent call last):
  File "C:\Users\ezhik\PycharmProjects\PythonProject5\config_manager.py", line 231, in _parse_single_value
    return json.loads(v), True
           ~~~~~~~~~~^^^
  File "C:\Users\ezhik\AppData\Local\Programs\Python\Python313\Lib\json\__init__.py", line 346, in loads
    return _default_decoder.decode(s)
           ~~~~~~~~~~~~~~~~~~~~~~~^^^
  File "C:\Users\ezhik\AppData\Local\Programs\Python\Python313\Lib\json\decoder.py", line 345, in decode
    obj, end = self.raw_decode(s, idx=_w(s, 0).end())
               ~~~~~~~~~~~~~~~^^^^^^^^^^^^^^^^^^^^^^^
  File "C:\Users\ezhik\AppData\Local\Programs\Python\Python313\Lib\json\decoder.py", line 363, in raw_decode
    raise JSONDecodeError("Expecting value", s, err.value) from None
json.decoder.JSONDecodeError: Expecting value: line 1 column 11 (char 10)

During handling of the above exception, another exception occurred:

Traceback (most recent call last):
  File "C:\Users\ezhik\PycharmProjects\PythonProject5\.venv\Lib\site-packages\aiogram\dispatcher\dispatcher.py", line 320, in _process_update
    response = await self.feed_update(bot, update, **kwargs)
               ^^^^^^^^^^^^^^^^^^^^^^^^^^^^^^^^^^^^^^^^^^^^^
  File "C:\Users\ezhik\PycharmProjects\PythonProject5\.venv\Lib\site-packages\aiogram\dispatcher\dispatcher.py", line 164, in feed_update
    response = await self.update.wrap_outer_middleware(
               ^^^^^^^^^^^^^^^^^^^^^^^^^^^^^^^^^^^^^^^^
    ...<7 lines>...
    )
    ^
  File "C:\Users\ezhik\PycharmProjects\PythonProject5\.venv\Lib\site-packages\aiogram\dispatcher\middlewares\error.py", line 27, in __call__
    return await handler(event, data)
           ^^^^^^^^^^^^^^^^^^^^^^^^^^
  File "C:\Users\ezhik\PycharmProjects\PythonProject5\.venv\Lib\site-packages\aiogram\dispatcher\middlewares\user_context.py", line 58, in __call__
    return await handler(event, data)
           ^^^^^^^^^^^^^^^^^^^^^^^^^^
  File "C:\Users\ezhik\PycharmProjects\PythonProject5\.venv\Lib\site-packages\aiogram\fsm\middleware.py", line 43, in __call__
    return await handler(event, data)
           ^^^^^^^^^^^^^^^^^^^^^^^^^^
  File "C:\Users\ezhik\PycharmProjects\PythonProject5\.venv\Lib\site-packages\aiogram\dispatcher\event\telegram.py", line 126, in trigger
    return await wrapped_inner(event, kwargs)
           ^^^^^^^^^^^^^^^^^^^^^^^^^^^^^^^^^^
  File "C:\Users\ezhik\PycharmProjects\PythonProject5\.venv\Lib\site-packages\aiogram\dispatcher\event\handler.py", line 71, in call
    return await wrapped()
           ^^^^^^^^^^^^^^^
  File "C:\Users\ezhik\PycharmProjects\PythonProject5\.venv\Lib\site-packages\aiogram\dispatcher\dispatcher.py", line 283, in _listen_update
    return await self.propagate_event(update_type=update_type, event=event, **kwargs)
           ^^^^^^^^^^^^^^^^^^^^^^^^^^^^^^^^^^^^^^^^^^^^^^^^^^^^^^^^^^^^^^^^^^^^^^^^^^
  File "C:\Users\ezhik\PycharmProjects\PythonProject5\.venv\Lib\site-packages\aiogram\dispatcher\router.py", line 161, in propagate_event
    return await observer.wrap_outer_middleware(_wrapped, event=event, data=kwargs)
           ^^^^^^^^^^^^^^^^^^^^^^^^^^^^^^^^^^^^^^^^^^^^^^^^^^^^^^^^^^^^^^^^^^^^^^^^
  File "C:\Users\ezhik\PycharmProjects\PythonProject5\.venv\Lib\site-packages\aiogram\dispatcher\router.py", line 153, in _wrapped
    return await self._propagate_event(
           ^^^^^^^^^^^^^^^^^^^^^^^^^^^^
    ...<4 lines>...
    )
    ^
  File "C:\Users\ezhik\PycharmProjects\PythonProject5\.venv\Lib\site-packages\aiogram\dispatcher\router.py", line 189, in _propagate_event
    response = await router.propagate_event(update_type=update_type, event=event, **kwargs)
               ^^^^^^^^^^^^^^^^^^^^^^^^^^^^^^^^^^^^^^^^^^^^^^^^^^^^^^^^^^^^^^^^^^^^^^^^^^^^
  File "C:\Users\ezhik\PycharmProjects\PythonProject5\.venv\Lib\site-packages\aiogram\dispatcher\router.py", line 161, in propagate_event
    return await observer.wrap_outer_middleware(_wrapped, event=event, data=kwargs)
           ^^^^^^^^^^^^^^^^^^^^^^^^^^^^^^^^^^^^^^^^^^^^^^^^^^^^^^^^^^^^^^^^^^^^^^^^
  File "C:\Users\ezhik\PycharmProjects\PythonProject5\.venv\Lib\site-packages\aiogram\dispatcher\router.py", line 153, in _wrapped
    return await self._propagate_event(
           ^^^^^^^^^^^^^^^^^^^^^^^^^^^^
    ...<4 lines>...
    )
    ^
  File "C:\Users\ezhik\PycharmProjects\PythonProject5\.venv\Lib\site-packages\aiogram\dispatcher\router.py", line 181, in _propagate_event
    response = await observer.trigger(event, **kwargs)
               ^^^^^^^^^^^^^^^^^^^^^^^^^^^^^^^^^^^^^^^
  File "C:\Users\ezhik\PycharmProjects\PythonProject5\.venv\Lib\site-packages\aiogram\dispatcher\event\telegram.py", line 126, in trigger
    return await wrapped_inner(event, kwargs)
           ^^^^^^^^^^^^^^^^^^^^^^^^^^^^^^^^^^
  File "C:\Users\ezhik\PycharmProjects\PythonProject5\.venv\Lib\site-packages\aiogram\dispatcher\event\handler.py", line 71, in call
    return await wrapped()
           ^^^^^^^^^^^^^^^
  File "C:\Users\ezhik\PycharmProjects\PythonProject5\telegram_manager.py", line 654, in process_config_value_advanced_message
    result, ok = process_add_msg(keys, field, raw_value, pos=pos)
                 ~~~~~~~~~~~~~~~^^^^^^^^^^^^^^^^^^^^^^^^^^^^^^^^^
  File "C:\Users\ezhik\PycharmProjects\PythonProject5\telegram_manager.py", line 267, in process_add_msg
    cast_val, ok = parse_value(value)
                   ~~~~~~~~~~~^^^^^^^
  File "C:\Users\ezhik\PycharmProjects\PythonProject5\config_manager.py", line 179, in parse_value
    parsed_v, ok = _parse_single_value(v)
                   ~~~~~~~~~~~~~~~~~~~^^^
  File "C:\Users\ezhik\PycharmProjects\PythonProject5\config_manager.py", line 234, in _parse_single_value
    return json.loads(quote_unquoted(v.replace("'", '"'))), True
                      ~~~~~~~~~~~~~~^^^^^^^^^^^^^^^^^^^^^
  File "C:\Users\ezhik\PycharmProjects\PythonProject5\config_manager.py", line 224, in quote_unquoted
    return re.sub(
           ^^
NameError: name 're' is not defined. Did you forget to import 're'?
18:18:59 - aiogram.dispatcher - INFO - Polling stopped
