14:29:03 - StarvellBot - INFO - ✅ Логирование настроено
14:29:03 - StarvellBot - INFO - ============================================================
14:29:03 - StarvellBot - INFO - 🚀 StarvellBot Manager Starting...
14:29:03 - StarvellBot - INFO - ============================================================
14:29:03 - StarvellBot - INFO - 📋 Загрузка конфигурации...
14:29:03 - config_manager - INFO - ✅ Конфигурация загружена из config_data.json
14:29:05 - pyrogram.crypto.aes - WARNING - TgCrypto is missing! Pyrogram will work the same, but at a much slower speed. More info: https://docs.pyrogram.org/topics/speedups
14:29:05 - StarvellBot - INFO - 🚀 Запуск Telegram Manager...
14:29:05 - StarvellBot - INFO - 🤖 Инициализация StarvellBot...
14:29:05 - StarvellBot - INFO - ⚙️ Инициализация Service Manager...
14:29:05 - StarvellBot - INFO - ============================================================
14:29:05 - StarvellBot - INFO - ✅ Все компоненты инициализированы успешно!
14:29:05 - StarvellBot - INFO - ============================================================
14:29:05 - StarvellBot - INFO - 
14:29:05 - StarvellBot - INFO - 📱 Откройте Telegram бота для управления
14:29:05 - StarvellBot - INFO - 🎛️ Доступные команды:
14:29:05 - StarvellBot - INFO -    /start - начать работу
14:29:05 - StarvellBot - INFO -    /services - управление службами
14:29:05 - StarvellBot - INFO -    /config - редактирование настроек
14:29:05 - StarvellBot - INFO -    /status - статус служб
14:29:05 - StarvellBot - INFO -    /help - справка
14:29:05 - StarvellBot - INFO - 
14:29:05 - StarvellBot - INFO - ============================================================
14:29:05 - aiogram.dispatcher - INFO - Start polling
14:29:05 - asyncio - ERROR - Task exception was never retrieved
future: <Task finished name='Task-2' coro=<StarsAPIGiver.init_sessions() done, defined at C:\Users\ezhik\PycharmProjects\PythonProject5\stars_api_giver.py:23> exception=TypeError("'NoneType' object is not iterable")>
Traceback (most recent call last):
  File "C:\Users\ezhik\PycharmProjects\PythonProject5\stars_api_giver.py", line 25, in init_sessions
    for session in sessions:
                   ^^^^^^^^
TypeError: 'NoneType' object is not iterable
14:29:06 - aiogram.dispatcher - INFO - Run polling for bot @testzabwinobotsfadsgdsbot id=8298689795 - 'test'
14:29:06 - aiogram.event - INFO - Update id=826343716 is handled. Duration 231 ms by bot id=8298689795
14:29:06 - aiogram.event - INFO - Update id=826343717 is handled. Duration 257 ms by bot id=8298689795
14:29:07 - aiogram.event - INFO - Update id=826343718 is handled. Duration 302 ms by bot id=8298689795
14:29:10 - aiogram.event - INFO - Update id=826343719 is handled. Duration 489 ms by bot id=8298689795
14:29:12 - aiogram.event - INFO - Update id=826343720 is handled. Duration 276 ms by bot id=8298689795
14:30:18 - aiogram.dispatcher - INFO - Polling stopped
