18:19:04 - StarvellBot - INFO - ✅ Логирование настроено
18:19:04 - StarvellBot - INFO - ============================================================
18:19:04 - StarvellBot - INFO - 🚀 StarvellBot Manager Starting...
18:19:04 - StarvellBot - INFO - ============================================================
18:19:04 - StarvellBot - INFO - 📋 Загрузка конфигурации...
18:19:04 - config_manager - INFO - ✅ Конфигурация загружена из config_data.json
18:19:05 - StarvellBot - INFO - 🚀 Запуск Telegram Manager...
18:19:05 - StarvellBot - INFO - 🤖 Инициализация StarvellBot...
18:19:05 - StarvellBot - INFO - ⚙️ Инициализация Service Manager...
18:19:05 - StarvellBot - INFO - ============================================================
18:19:05 - StarvellBot - INFO - ✅ Все компоненты инициализированы успешно!
18:19:05 - StarvellBot - INFO - ============================================================
18:19:05 - StarvellBot - INFO - 
18:19:05 - StarvellBot - INFO - 📱 Откройте Telegram бота для управления
18:19:05 - StarvellBot - INFO - 🎛️ Доступные команды:
18:19:05 - StarvellBot - INFO -    /start - начать работу
18:19:05 - StarvellBot - INFO -    /services - управление службами
18:19:05 - StarvellBot - INFO -    /config - редактирование настроек
18:19:05 - StarvellBot - INFO -    /status - статус служб
18:19:05 - StarvellBot - INFO -    /help - справка
18:19:05 - StarvellBot - INFO - 
18:19:05 - StarvellBot - INFO - ============================================================
18:19:05 - aiogram.dispatcher - INFO - Start polling
18:19:05 - aiogram.dispatcher - INFO - Run polling for bot @testzabwinobotsfadsgdsbot id=8298689795 - 'test'
18:19:10 - aiogram.event - INFO - Update id=826344726 is handled. Duration 220 ms by bot id=8298689795
18:19:21 - aiogram.event - INFO - Update id=826344727 is handled. Duration 165 ms by bot id=8298689795
18:19:22 - aiogram.event - INFO - Update id=826344728 is handled. Duration 195 ms by bot id=8298689795
18:19:27 - aiogram.event - INFO - Update id=826344729 is handled. Duration 150 ms by bot id=8298689795
18:19:29 - aiogram.event - INFO - Update id=826344730 is handled. Duration 150 ms by bot id=8298689795
18:19:33 - aiogram.event - INFO - Update id=826344731 is handled. Duration 159 ms by bot id=8298689795
18:19:34 - aiogram.event - INFO - Update id=826344732 is handled. Duration 167 ms by bot id=8298689795
18:19:35 - aiogram.event - INFO - Update id=826344733 is handled. Duration 193 ms by bot id=8298689795
18:19:37 - aiogram.event - INFO - Update id=826344734 is handled. Duration 160 ms by bot id=8298689795
18:19:39 - aiogram.event - INFO - Update id=826344735 is handled. Duration 204 ms by bot id=8298689795
18:19:40 - aiogram.event - INFO - Update id=826344736 is handled. Duration 188 ms by bot id=8298689795
18:19:41 - aiogram.event - INFO - Update id=826344737 is handled. Duration 187 ms by bot id=8298689795
18:19:45 - aiogram.event - INFO - Update id=826344738 is handled. Duration 328 ms by bot id=8298689795
18:19:46 - aiogram.event - INFO - Update id=826344739 is handled. Duration 236 ms by bot id=8298689795
18:19:47 - config_manager - INFO - ✅ Конфигурация сохранена в config_data.json
18:19:47 - aiogram.event - INFO - Update id=826344740 is handled. Duration 194 ms by bot id=8298689795
18:19:48 - aiogram.event - INFO - Update id=826344741 is handled. Duration 153 ms by bot id=8298689795
18:19:50 - aiogram.event - INFO - Update id=826344742 is handled. Duration 194 ms by bot id=8298689795
18:20:07 - aiogram.event - INFO - Update id=826344743 is handled. Duration 206 ms by bot id=8298689795
18:20:09 - aiogram.event - INFO - Update id=826344744 is handled. Duration 162 ms by bot id=8298689795
18:20:10 - config_manager - INFO - ✅ Конфигурация сохранена в config_data.json
18:20:10 - aiogram.event - INFO - Update id=826344745 is handled. Duration 164 ms by bot id=8298689795
18:20:11 - aiogram.event - INFO - Update id=826344746 is handled. Duration 166 ms by bot id=8298689795
18:20:19 - aiogram.event - INFO - Update id=826344747 is handled. Duration 204 ms by bot id=8298689795
18:20:22 - config_manager - INFO - ✅ Конфигурация сохранена в config_data.json
18:20:22 - aiogram.event - INFO - Update id=826344748 is handled. Duration 103 ms by bot id=8298689795
18:20:40 - config_manager - INFO - ✅ Конфигурация сохранена в config_data.json
18:20:40 - aiogram.event - INFO - Update id=826344749 is handled. Duration 109 ms by bot id=8298689795
18:20:50 - config_manager - INFO - ✅ Конфигурация сохранена в config_data.json
18:20:51 - aiogram.event - INFO - Update id=826344750 is handled. Duration 92 ms by bot id=8298689795
18:20:59 - config_manager - INFO - ✅ Конфигурация сохранена в config_data.json
18:20:59 - aiogram.event - INFO - Update id=826344751 is handled. Duration 90 ms by bot id=8298689795
18:21:08 - config_manager - INFO - ✅ Конфигурация сохранена в config_data.json
18:21:08 - aiogram.event - INFO - Update id=826344752 is handled. Duration 103 ms by bot id=8298689795
18:21:13 - aiogram.event - INFO - Update id=826344753 is handled. Duration 172 ms by bot id=8298689795
18:21:15 - aiogram.event - INFO - Update id=826344754 is handled. Duration 228 ms by bot id=8298689795
18:21:18 - config_manager - INFO - ✅ Конфигурация сохранена в config_data.json
18:21:19 - aiogram.event - INFO - Update id=826344755 is handled. Duration 129 ms by bot id=8298689795
18:21:30 - config_manager - INFO - ✅ Конфигурация сохранена в config_data.json
18:21:30 - aiogram.event - INFO - Update id=826344756 is handled. Duration 154 ms by bot id=8298689795
18:21:37 - aiogram.event - INFO - Update id=826344757 is handled. Duration 82 ms by bot id=8298689795
18:21:41 - config_manager - INFO - ✅ Конфигурация сохранена в config_data.json
18:21:41 - aiogram.event - INFO - Update id=826344758 is handled. Duration 89 ms by bot id=8298689795
18:21:53 - config_manager - INFO - ✅ Конфигурация сохранена в config_data.json
18:21:53 - aiogram.event - INFO - Update id=826344759 is handled. Duration 268 ms by bot id=8298689795
18:21:55 - aiogram.event - INFO - Update id=826344760 is handled. Duration 167 ms by bot id=8298689795
18:25:58 - aiogram.event - INFO - Update id=826344761 is handled. Duration 337 ms by bot id=8298689795
18:30:24 - aiogram.event - INFO - Update id=826344762 is handled. Duration 161 ms by bot id=8298689795
18:35:48 - aiogram.event - INFO - Update id=826344763 is handled. Duration 172 ms by bot id=8298689795
18:35:51 - aiogram.event - INFO - Update id=826344764 is handled. Duration 191 ms by bot id=8298689795
18:35:52 - aiogram.event - INFO - Update id=826344765 is handled. Duration 344 ms by bot id=8298689795
18:35:54 - aiogram.event - INFO - Update id=826344766 is handled. Duration 409 ms by bot id=8298689795
18:35:59 - config_manager - INFO - ✅ Конфигурация сохранена в config_data.json
18:35:59 - aiogram.event - INFO - Update id=826344767 is handled. Duration 246 ms by bot id=8298689795
18:36:15 - config_manager - INFO - ✅ Конфигурация сохранена в config_data.json
18:36:15 - aiogram.event - INFO - Update id=826344768 is handled. Duration 99 ms by bot id=8298689795
18:36:30 - aiogram.event - INFO - Update id=826344769 is handled. Duration 92 ms by bot id=8298689795
18:36:36 - config_manager - INFO - ✅ Конфигурация сохранена в config_data.json
18:36:36 - aiogram.event - INFO - Update id=826344770 is handled. Duration 110 ms by bot id=8298689795
18:37:24 - config_manager - INFO - ✅ Конфигурация сохранена в config_data.json
18:37:25 - aiogram.event - INFO - Update id=826344771 is handled. Duration 96 ms by bot id=8298689795
18:37:27 - aiogram.event - INFO - Update id=826344772 is handled. Duration 158 ms by bot id=8298689795
18:37:29 - aiogram.event - INFO - Update id=826344773 is handled. Duration 202 ms by bot id=8298689795
18:45:17 - aiogram.event - INFO - Update id=826344774 is handled. Duration 189 ms by bot id=8298689795
18:45:18 - aiogram.event - INFO - Update id=826344775 is handled. Duration 159 ms by bot id=8298689795
18:45:20 - service_manager - INFO - ▶️ Запуск службы Orders Monitor...
18:45:20 - StarvellBot - INFO - 🟢 WebSocket connected
18:45:20 - StarvellBot - INFO - ⬅️  0{"sid":"MANJej98C1T12LbSAdXp","upgrades":[],"pingInterval":25000,"pingTimeout":20000,"maxPayload":1000000}
18:45:20 - StarvellBot - WARNING - ➡️  Connecting to namespace: /chats
18:45:20 - StarvellBot - WARNING - ➡️  Connecting to namespace: /user-notifications
18:45:20 - StarvellBot - WARNING - ➡️  Connecting to namespace: /orders
18:45:20 - StarvellBot - WARNING - ➡️  Connecting to namespace: /user-presence
18:45:20 - StarvellBot - WARNING - ➡️  Connecting to namespace: /online
18:45:20 - StarvellBot - INFO - ✅ WebSocket готов, запускаем проверку заказов
18:45:20 - StarvellBot - INFO - ⬅️  40/chats,{"sid":"PdjVjEdL8s1qqJRRAdXq"}
18:45:20 - StarvellBot - INFO - ⬅️  40/user-notifications,{"sid":"9Hbx2NVc7IbLLRA-AdXr"}
18:45:20 - StarvellBot - INFO - ⬅️  40/orders,{"sid":"Xq9J9TU3XbuXWAeEAdXs"}
18:45:20 - StarvellBot - INFO - ⬅️  40/user-presence,{"sid":"4q9WgBm-duZO_5GSAdXt"}
18:45:20 - StarvellBot - INFO - ⬅️  40/online,{"sid":"nC_x5tBddF-6z1qqAdXu"}
18:45:20 - service_manager - INFO - ✅ Служба Orders Monitor запущена
18:45:20 - aiogram.event - INFO - Update id=826344776 is handled. Duration 700 ms by bot id=8298689795
18:45:22 - aiogram.event - INFO - Update id=826344777 is handled. Duration 217 ms by bot id=8298689795
18:45:22 - aiogram.event - INFO - Update id=826344778 is handled. Duration 155 ms by bot id=8298689795
18:45:23 - service_manager - INFO - ▶️ Запуск службы Price Dumper...
18:45:23 - StarvellBot - INFO - ✅ WebSocket готов, запускаем автопонижение цен
18:45:23 - StarvellBot - INFO - 🔄 Проверяем цены...
18:45:24 - service_manager - INFO - ✅ Служба Price Dumper запущена
18:45:24 - StarvellBot - INFO - Успешно парсили ордеры
18:45:24 - StarvellBot - INFO - 📦 Найдено 2 наших предложений
18:45:24 - StarvellBot - ERROR - Отсутствует айди в описании предложения при демпинге
18:45:24 - StarvellBot - ERROR - отсутствует категория демпинге
18:45:24 - StarvellBot - ERROR - Отсутствует айди в описании предложения при демпинге
18:45:24 - StarvellBot - ERROR - Отсутствует айди в описании предложения при демпинге
18:45:24 - StarvellBot - ERROR - Отсутствует айди в описании предложения при демпинге
18:45:24 - StarvellBot - ERROR - Отсутствует айди в описании предложения при демпинге
18:45:24 - StarvellBot - ERROR - Отсутствует айди в описании предложения при демпинге
18:45:24 - StarvellBot - ERROR - Отсутствует айди в описании предложения при демпинге
18:45:24 - StarvellBot - ERROR - Отсутствует айди в описании предложения при демпинге
18:45:24 - StarvellBot - ERROR - Отсутствует айди в описании предложения при демпинге
18:45:24 - StarvellBot - ERROR - Отсутствует айди в описании предложения при демпинге
18:45:24 - StarvellBot - ERROR - Отсутствует айди в описании предложения при демпинге
18:45:24 - StarvellBot - ERROR - Отсутствует айди в описании предложения при демпинге
18:45:24 - StarvellBot - ERROR - Отсутствует айди в описании предложения при демпинге
18:45:24 - StarvellBot - INFO - ✅ Проверка цен завершена
18:45:24 - aiogram.event - INFO - Update id=826344779 is handled. Duration 706 ms by bot id=8298689795
18:45:45 - StarvellBot - INFO - ⬅️  2
18:45:55 - StarvellBot - INFO - 🔄 Проверяем цены...
18:45:55 - StarvellBot.Fragment - INFO - Wallet balance: 1.104038 TON
18:45:56 - StarvellBot - INFO - Успешно парсили ордеры
18:45:56 - StarvellBot - INFO - 📦 Найдено 2 наших предложений
18:45:56 - StarvellBot - ERROR - Отсутствует айди в описании предложения при демпинге
18:45:56 - StarvellBot - ERROR - отсутствует категория демпинге
18:45:56 - StarvellBot - ERROR - Отсутствует айди в описании предложения при демпинге
18:45:56 - StarvellBot - ERROR - Отсутствует айди в описании предложения при демпинге
18:45:56 - StarvellBot - ERROR - Отсутствует айди в описании предложения при демпинге
18:45:56 - StarvellBot - ERROR - Отсутствует айди в описании предложения при демпинге
18:45:56 - StarvellBot - ERROR - Отсутствует айди в описании предложения при демпинге
18:45:56 - StarvellBot - ERROR - Отсутствует айди в описании предложения при демпинге
18:45:56 - StarvellBot - ERROR - Отсутствует айди в описании предложения при демпинге
18:45:56 - StarvellBot - ERROR - Отсутствует айди в описании предложения при демпинге
18:45:56 - StarvellBot - ERROR - Отсутствует айди в описании предложения при демпинге
18:45:56 - StarvellBot - ERROR - Отсутствует айди в описании предложения при демпинге
18:45:56 - StarvellBot - ERROR - Отсутствует айди в описании предложения при демпинге
18:45:56 - StarvellBot - ERROR - Отсутствует айди в описании предложения при демпинге
18:45:56 - StarvellBot - INFO - ✅ Проверка цен завершена
18:45:56 - StarvellBot - INFO - Успешно парсили ордеры
18:46:10 - StarvellBot - INFO - ⬅️  2
18:46:26 - StarvellBot - INFO - 🔄 Проверяем цены...
18:46:26 - StarvellBot - INFO - Успешно парсили ордеры
18:46:26 - StarvellBot - INFO - 📦 Найдено 2 наших предложений
18:46:26 - StarvellBot - ERROR - Отсутствует айди в описании предложения при демпинге
18:46:26 - StarvellBot - ERROR - отсутствует категория демпинге
18:46:26 - StarvellBot - ERROR - Отсутствует айди в описании предложения при демпинге
18:46:26 - StarvellBot - ERROR - Отсутствует айди в описании предложения при демпинге
18:46:26 - StarvellBot - ERROR - Отсутствует айди в описании предложения при демпинге
18:46:26 - StarvellBot - ERROR - Отсутствует айди в описании предложения при демпинге
18:46:26 - StarvellBot - ERROR - Отсутствует айди в описании предложения при демпинге
18:46:26 - StarvellBot - ERROR - Отсутствует айди в описании предложения при демпинге
18:46:26 - StarvellBot - ERROR - Отсутствует айди в описании предложения при демпинге
18:46:26 - StarvellBot - ERROR - Отсутствует айди в описании предложения при демпинге
18:46:26 - StarvellBot - ERROR - Отсутствует айди в описании предложения при демпинге
18:46:26 - StarvellBot - ERROR - Отсутствует айди в описании предложения при демпинге
18:46:26 - StarvellBot - ERROR - Отсутствует айди в описании предложения при демпинге
18:46:26 - StarvellBot - INFO - ✅ Проверка цен завершена
18:46:35 - StarvellBot - INFO - ⬅️  2
18:47:01 - StarvellBot - INFO - ⬅️  2
18:47:01 - StarvellBot - INFO - 🔄 Проверяем цены...
18:47:01 - StarvellBot.Fragment - INFO - Wallet balance: 1.104038 TON
18:47:01 - aiogram.event - INFO - Update id=826344780 is handled. Duration 317 ms by bot id=8298689795
18:47:02 - StarvellBot - INFO - Успешно парсили ордеры
18:47:02 - StarvellBot - INFO - Успешно парсили ордеры
18:47:02 - StarvellBot - INFO - 📦 Найдено 2 наших предложений
18:47:02 - StarvellBot - ERROR - Отсутствует айди в описании предложения при демпинге
18:47:02 - StarvellBot - ERROR - отсутствует категория демпинге
18:47:02 - StarvellBot - ERROR - Отсутствует айди в описании предложения при демпинге
18:47:02 - StarvellBot - ERROR - Отсутствует айди в описании предложения при демпинге
18:47:02 - StarvellBot - ERROR - Отсутствует айди в описании предложения при демпинге
18:47:02 - StarvellBot - ERROR - Отсутствует айди в описании предложения при демпинге
18:47:02 - StarvellBot - ERROR - Отсутствует айди в описании предложения при демпинге
18:47:02 - StarvellBot - ERROR - Отсутствует айди в описании предложения при демпинге
18:47:02 - StarvellBot - ERROR - Отсутствует айди в описании предложения при демпинге
18:47:02 - StarvellBot - ERROR - Отсутствует айди в описании предложения при демпинге
18:47:02 - StarvellBot - ERROR - Отсутствует айди в описании предложения при демпинге
18:47:02 - StarvellBot - ERROR - Отсутствует айди в описании предложения при демпинге
18:47:02 - StarvellBot - ERROR - Отсутствует айди в описании предложения при демпинге
18:47:02 - StarvellBot - INFO - ✅ Проверка цен завершена
18:47:06 - service_manager - INFO - ⏸ Служба Price Dumper остановлена
18:47:06 - service_manager - INFO - ⏸ Служба Price Dumper остановлена
18:47:06 - aiogram.event - INFO - Update id=826344781 is handled. Duration 197 ms by bot id=8298689795
18:47:07 - aiogram.event - INFO - Update id=826344782 is handled. Duration 205 ms by bot id=8298689795
18:47:08 - aiogram.event - INFO - Update id=826344783 is handled. Duration 157 ms by bot id=8298689795
18:47:09 - service_manager - INFO - Orders Monitor cancelled
18:47:09 - service_manager - INFO - ⏸ Служба Orders Monitor остановлена
18:47:09 - service_manager - INFO - ⏸ Служба Orders Monitor остановлена
18:47:10 - aiogram.event - INFO - Update id=826344784 is handled. Duration 252 ms by bot id=8298689795
18:47:12 - aiogram.event - INFO - Update id=826344785 is handled. Duration 148 ms by bot id=8298689795
18:47:32 - aiogram.event - INFO - Update id=826344786 is handled. Duration 90 ms by bot id=8298689795
18:47:34 - aiogram.event - INFO - Update id=826344787 is handled. Duration 190 ms by bot id=8298689795
18:47:35 - aiogram.event - INFO - Update id=826344788 is handled. Duration 188 ms by bot id=8298689795
18:47:37 - aiogram.event - INFO - Update id=826344789 is handled. Duration 420 ms by bot id=8298689795
18:47:38 - aiogram.event - INFO - Update id=826344790 is handled. Duration 175 ms by bot id=8298689795
18:47:39 - aiogram.event - INFO - Update id=826344791 is handled. Duration 149 ms by bot id=8298689795
18:47:41 - aiogram.event - INFO - Update id=826344792 is handled. Duration 155 ms by bot id=8298689795
18:47:43 - aiogram.event - INFO - Update id=826344793 is handled. Duration 238 ms by bot id=8298689795
18:47:47 - aiogram.event - INFO - Update id=826344794 is handled. Duration 189 ms by bot id=8298689795
18:47:48 - aiogram.event - INFO - Update id=826344795 is handled. Duration 401 ms by bot id=8298689795
18:47:50 - aiogram.event - INFO - Update id=826344796 is handled. Duration 170 ms by bot id=8298689795
18:47:54 - aiogram.event - INFO - Update id=826344797 is handled. Duration 154 ms by bot id=8298689795
18:48:05 - aiogram.event - INFO - Update id=826344798 is handled. Duration 263 ms by bot id=8298689795
18:48:06 - aiogram.event - INFO - Update id=826344799 is handled. Duration 181 ms by bot id=8298689795
18:48:08 - aiogram.event - INFO - Update id=826344800 is handled. Duration 180 ms by bot id=8298689795
18:49:14 - aiogram.dispatcher - INFO - Polling stopped
