15:17:24 - StarvellBot - INFO - ✅ Логирование настроено
15:17:24 - StarvellBot - INFO - ============================================================
15:17:24 - StarvellBot - INFO - 🚀 StarvellBot Manager Starting...
15:17:24 - StarvellBot - INFO - ============================================================
15:17:24 - StarvellBot - INFO - 📋 Загрузка конфигурации...
15:17:24 - config_manager - INFO - ✅ Конфигурация загружена из config_data.json
15:17:26 - pyrogram.crypto.aes - WARNING - TgCrypto is missing! Pyrogram will work the same, but at a much slower speed. More info: https://docs.pyrogram.org/topics/speedups
15:17:26 - StarvellBot - INFO - 🚀 Запуск Telegram Manager...
15:17:26 - StarvellBot - INFO - 🤖 Инициализация StarvellBot...
15:17:26 - StarvellBot - INFO - ⚙️ Инициализация Service Manager...
15:17:26 - StarvellBot - INFO - ============================================================
15:17:26 - StarvellBot - INFO - ✅ Все компоненты инициализированы успешно!
15:17:26 - StarvellBot - INFO - ============================================================
15:17:26 - StarvellBot - INFO - 
15:17:26 - StarvellBot - INFO - 📱 Откройте Telegram бота для управления
15:17:26 - StarvellBot - INFO - 🎛️ Доступные команды:
15:17:26 - StarvellBot - INFO -    /start - начать работу
15:17:26 - StarvellBot - INFO -    /services - управление службами
15:17:26 - StarvellBot - INFO -    /config - редактирование настроек
15:17:26 - StarvellBot - INFO -    /status - статус служб
15:17:26 - StarvellBot - INFO -    /help - справка
15:17:26 - StarvellBot - INFO - 
15:17:26 - StarvellBot - INFO - ============================================================
15:17:26 - aiogram.dispatcher - INFO - Start polling
15:17:26 - pyrogram.session.auth - INFO - Start creating a new auth key on DC2
15:17:26 - pyrogram.connection.connection - INFO - Connecting...
15:17:26 - pyrogram.connection.connection - INFO - Connected! Production DC2 - IPv4
15:17:26 - aiogram.dispatcher - INFO - Run polling for bot @testzabwinobotsfadsgdsbot id=8298689795 - 'test'
15:17:27 - aiogram.event - INFO - Update id=826343797 is handled. Duration 211 ms by bot id=8298689795
15:17:27 - aiogram.event - INFO - Update id=826343798 is handled. Duration 229 ms by bot id=8298689795
15:17:27 - aiogram.event - INFO - Update id=826343796 is handled. Duration 257 ms by bot id=8298689795
15:17:28 - pyrogram.session.auth - INFO - Done auth key exchange: DhGenOk
15:17:28 - pyrogram.connection.connection - INFO - Disconnected
15:17:28 - pyrogram.connection.connection - INFO - Connecting...
15:17:28 - pyrogram.connection.connection - INFO - Connected! Production DC2 - IPv4
15:17:28 - pyrogram.session.session - INFO - NetworkTask started
15:17:28 - pyrogram.client - INFO - Time synced: 2026-02-27 15:17:28.963718
15:17:28 - pyrogram.session.session - INFO - Session initialized: Pyrogram v2.2.19 (Layer 222)
15:17:28 - pyrogram.session.session - INFO - Device: CPython 3.13.5 - Pyrogram 2.2.19
15:17:28 - pyrogram.session.session - INFO - System: Windows 10 (en)
15:17:28 - pyrogram.session.session - INFO - Session started
15:17:28 - pyrogram.session.session - INFO - PingTask started
15:17:29 - aiogram.event - INFO - Update id=826343799 is handled. Duration 126 ms by bot id=8298689795
15:17:32 - aiogram.event - INFO - Update id=826343800 is handled. Duration 163 ms by bot id=8298689795
15:17:34 - aiogram.event - INFO - Update id=826343801 is handled. Duration 195 ms by bot id=8298689795
15:17:35 - aiogram.event - INFO - Update id=826343802 is handled. Duration 162 ms by bot id=8298689795
15:17:37 - aiogram.event - INFO - Update id=826343803 is handled. Duration 277 ms by bot id=8298689795
15:17:46 - config_manager - INFO - ✅ Конфигурация сохранена в config_data.json
15:17:46 - aiogram.event - INFO - Update id=826343804 is handled. Duration 149 ms by bot id=8298689795
15:17:53 - aiogram.event - INFO - Update id=826343805 is handled. Duration 94 ms by bot id=8298689795
15:17:57 - aiogram.event - INFO - Update id=826343806 is handled. Duration 88 ms by bot id=8298689795
15:18:13 - aiogram.event - INFO - Update id=826343807 is handled. Duration 90 ms by bot id=8298689795
15:19:00 - aiogram.dispatcher - INFO - Polling stopped
15:19:00 - pyrogram.session.session - INFO - PingTask stopped
15:19:00 - pyrogram.session.session - INFO - NetworkTask stopped
15:19:00 - pyrogram.connection.connection - INFO - Disconnected
15:19:00 - pyrogram.session.session - INFO - Session stopped
15:19:00 - asyncio - ERROR - Task exception was never retrieved
future: <Task finished name='Task-2' coro=<StarsAPIGiver.init_sessions() done, defined at C:\Users\ezhik\PycharmProjects\PythonProject5\stars_api_giver.py:23> exception=UnicodeDecodeError('utf-8', b'\xff', 0, 1, 'invalid start byte')>
Traceback (most recent call last):
  File "C:\Users\ezhik\PycharmProjects\PythonProject5\stars_api_giver.py", line 27, in init_sessions
    self.balances[session] = await self.get_star_balance(session)
                             ^^^^^^^^^^^^^^^^^^^^^^^^^^^^^^^^^^^^
  File "C:\Users\ezhik\PycharmProjects\PythonProject5\stars_api_giver.py", line 31, in get_star_balance
    async with Client(session, self.api_id, self.api_hash) as app:
               ~~~~~~^^^^^^^^^^^^^^^^^^^^^^^^^^^^^^^^^^^^^
  File "C:\Users\ezhik\PycharmProjects\PythonProject5\.venv\Lib\site-packages\pyrogram\client.py", line 441, in __aenter__
    return await self.start()
           ^^^^^^^^^^^^^^^^^^
  File "C:\Users\ezhik\PycharmProjects\PythonProject5\.venv\Lib\site-packages\pyrogram\methods\utilities\start.py", line 89, in start
    await self.authorize()
  File "C:\Users\ezhik\PycharmProjects\PythonProject5\.venv\Lib\site-packages\pyrogram\client.py", line 474, in authorize
    value = await ainput("Enter phone number or bot token: ", loop=self.loop)
            ^^^^^^^^^^^^^^^^^^^^^^^^^^^^^^^^^^^^^^^^^^^^^^^^^^^^^^^^^^^^^^^^^
  File "C:\Users\ezhik\PycharmProjects\PythonProject5\.venv\Lib\site-packages\pyrogram\utils.py", line 57, in ainput
    return await loop.run_in_executor(executor, func)
           ^^^^^^^^^^^^^^^^^^^^^^^^^^^^^^^^^^^^^^^^^^
  File "C:\Users\ezhik\AppData\Local\Programs\Python\Python313\Lib\concurrent\futures\thread.py", line 59, in run
    result = self.fn(*self.args, **self.kwargs)
  File "<frozen codecs>", line 325, in decode
UnicodeDecodeError: 'utf-8' codec can't decode byte 0xff in position 0: invalid start byte
