00:05:31 - StarvellBot - INFO - ✅ Логирование настроено
00:05:31 - StarvellBot - INFO - ============================================================
00:05:31 - StarvellBot - INFO - 🚀 StarvellBot Manager Starting...
00:05:31 - StarvellBot - INFO - ============================================================
00:05:31 - StarvellBot - INFO - 📋 Загрузка конфигурации...
00:05:31 - config_manager - INFO - ✅ Конфигурация загружена из config_data.json
00:05:32 - StarvellBot - INFO - 🚀 Запуск Telegram Manager...
00:05:32 - StarvellBot - INFO - 🤖 Инициализация StarvellBot...
00:05:32 - StarvellBot - INFO - ⚙️ Инициализация Service Manager...
00:05:32 - StarvellBot - INFO - ============================================================
00:05:32 - StarvellBot - INFO - ✅ Все компоненты инициализированы успешно!
00:05:32 - StarvellBot - INFO - ============================================================
00:05:32 - StarvellBot - INFO - 
00:05:32 - StarvellBot - INFO - 📱 Откройте Telegram бота для управления
00:05:32 - StarvellBot - INFO - 🎛️ Доступные команды:
00:05:32 - StarvellBot - INFO -    /start - начать работу
00:05:32 - StarvellBot - INFO -    /services - управление службами
00:05:32 - StarvellBot - INFO -    /config - редактирование настроек
00:05:32 - StarvellBot - INFO -    /status - статус служб
00:05:32 - StarvellBot - INFO -    /help - справка
00:05:32 - StarvellBot - INFO - 
00:05:32 - StarvellBot - INFO - ============================================================
00:05:32 - aiogram.dispatcher - INFO - Start polling
00:05:32 - aiogram.dispatcher - INFO - Run polling for bot @testzabwinobotsfadsgdsbot id=8298689795 - 'test'
00:05:33 - aiogram.event - INFO - Update id=826343505 is handled. Duration 228 ms by bot id=8298689795
00:05:34 - aiogram.event - INFO - Update id=826343506 is handled. Duration 153 ms by bot id=8298689795
00:05:36 - aiogram.event - INFO - Update id=826343507 is handled. Duration 176 ms by bot id=8298689795
00:05:41 - config_manager - INFO - ✅ Конфигурация сохранена в config_data.json
00:05:41 - aiogram.event - INFO - Update id=826343508 is handled. Duration 160 ms by bot id=8298689795
00:05:43 - aiogram.event - INFO - Update id=826343509 is handled. Duration 253 ms by bot id=8298689795
00:05:47 - config_manager - INFO - ✅ Конфигурация сохранена в config_data.json
00:05:47 - aiogram.event - INFO - Update id=826343510 is handled. Duration 274 ms by bot id=8298689795
00:05:49 - aiogram.event - INFO - Update id=826343511 is handled. Duration 300 ms by bot id=8298689795
00:05:51 - config_manager - INFO - ✅ Конфигурация сохранена в config_data.json
00:05:51 - aiogram.event - INFO - Update id=826343512 is handled. Duration 207 ms by bot id=8298689795
00:05:52 - aiogram.event - INFO - Update id=826343513 is handled. Duration 169 ms by bot id=8298689795
00:05:57 - aiogram.event - INFO - Update id=826343514 is handled. Duration 80 ms by bot id=8298689795
01:53:27 - aiogram.dispatcher - INFO - Polling stopped
