13:42:53 - StarvellBot - INFO - ✅ Логирование настроено
13:42:53 - StarvellBot - INFO - ============================================================
13:42:53 - StarvellBot - INFO - 🚀 StarvellBot Manager Starting...
13:42:53 - StarvellBot - INFO - ============================================================
13:42:53 - StarvellBot - INFO - 📋 Загрузка конфигурации...
13:42:53 - config_manager - INFO - ✅ Конфигурация загружена из config_data.json
13:43:00 - pyrogram.crypto.aes - WARNING - TgCrypto is missing! Pyrogram will work the same, but at a much slower speed. More info: https://docs.pyrogram.org/topics/speedups
13:43:03 - StarvellBot - INFO - 🚀 Запуск Telegram Manager...
13:43:03 - StarvellBot - INFO - 🤖 Инициализация StarvellBot...
13:43:03 - StarvellBot - INFO - ⚙️ Инициализация Service Manager...
13:43:03 - StarvellBot - INFO - ============================================================
13:43:03 - StarvellBot - INFO - ✅ Все компоненты инициализированы успешно!
13:43:03 - StarvellBot - INFO - ============================================================
13:43:03 - StarvellBot - INFO - 
13:43:03 - StarvellBot - INFO - 📱 Откройте Telegram бота для управления
13:43:03 - StarvellBot - INFO - 🎛️ Доступные команды:
13:43:03 - StarvellBot - INFO -    /start - начать работу
13:43:03 - StarvellBot - INFO -    /services - управление службами
13:43:03 - StarvellBot - INFO -    /config - редактирование настроек
13:43:03 - StarvellBot - INFO -    /status - статус служб
13:43:03 - StarvellBot - INFO -    /help - справка
13:43:03 - StarvellBot - INFO - 
13:43:03 - StarvellBot - INFO - ============================================================
13:43:03 - aiogram.dispatcher - INFO - Start polling
13:43:03 - aiogram.dispatcher - INFO - Run polling for bot @testzabwinobotsfadsgdsbot id=8298689795 - 'test'
13:43:08 - aiogram.event - INFO - Update id=826343668 is handled. Duration 233 ms by bot id=8298689795
13:43:09 - aiogram.event - INFO - Update id=826343669 is handled. Duration 155 ms by bot id=8298689795
13:43:21 - aiogram.event - INFO - Update id=826343670 is handled. Duration 172 ms by bot id=8298689795
16:52:26 - aiogram.dispatcher - INFO - Polling stopped
