13:52:49 - StarvellBot - INFO - ✅ Логирование настроено
13:52:49 - StarvellBot - INFO - ============================================================
13:52:49 - StarvellBot - INFO - 🚀 StarvellBot Manager Starting...
13:52:49 - StarvellBot - INFO - ============================================================
13:52:49 - StarvellBot - INFO - 📋 Загрузка конфигурации...
13:52:49 - config_manager - INFO - ✅ Конфигурация загружена из config_data.json
13:52:50 - StarvellBot - INFO - 🚀 Запуск Telegram Manager...
13:52:50 - StarvellBot - INFO - 🤖 Инициализация StarvellBot...
13:52:50 - StarvellBot - INFO - ⚙️ Инициализация Service Manager...
13:52:50 - StarvellBot - INFO - ============================================================
13:52:50 - StarvellBot - INFO - ✅ Все компоненты инициализированы успешно!
13:52:50 - StarvellBot - INFO - ============================================================
13:52:50 - StarvellBot - INFO - 
13:52:50 - StarvellBot - INFO - 📱 Откройте Telegram бота для управления
13:52:50 - StarvellBot - INFO - 🎛️ Доступные команды:
13:52:50 - StarvellBot - INFO -    /start - начать работу
13:52:50 - StarvellBot - INFO -    /services - управление службами
13:52:50 - StarvellBot - INFO -    /config - редактирование настроек
13:52:50 - StarvellBot - INFO -    /status - статус служб
13:52:50 - StarvellBot - INFO -    /help - справка
13:52:50 - StarvellBot - INFO - 
13:52:50 - StarvellBot - INFO - ============================================================
13:52:50 - aiogram.dispatcher - INFO - Start polling
13:52:50 - pyrogram.session.auth - INFO - Start creating a new auth key on DC2
13:52:50 - pyrogram.connection.connection - INFO - Connecting...
13:52:51 - pyrogram.connection.connection - INFO - Connected! Production DC2 - IPv4
13:52:54 - aiogram.dispatcher - INFO - Run polling for bot @testzabwinobotsfadsgdsbot id=8298689795 - 'test'
13:52:54 - pyrogram.session.auth - INFO - Done auth key exchange: DhGenOk
13:52:54 - pyrogram.connection.connection - INFO - Disconnected
13:52:54 - pyrogram.connection.connection - INFO - Connecting...
13:52:55 - pyrogram.connection.connection - INFO - Connected! Production DC2 - IPv4
13:52:55 - pyrogram.session.session - INFO - NetworkTask started
13:52:56 - pyrogram.client - INFO - Time synced: 2026-02-28 13:52:56.667553
13:52:58 - pyrogram.session.session - INFO - Session initialized: Pyrogram v2.2.19 (Layer 222)
13:52:58 - pyrogram.session.session - INFO - Device: CPython 3.13.5 - Pyrogram 2.2.19
13:52:58 - pyrogram.session.session - INFO - System: Windows 10 (en)
13:52:58 - pyrogram.session.session - INFO - Session started
13:52:58 - pyrogram.session.session - INFO - PingTask started
13:53:02 - aiogram.event - INFO - Update id=826344461 is handled. Duration 7237 ms by bot id=8298689795
13:53:11 - aiogram.event - INFO - Update id=826344462 is handled. Duration 884 ms by bot id=8298689795
13:53:17 - aiogram.dispatcher - ERROR - Failed to fetch updates - TelegramNetworkError: HTTP Client says - ClientOSError: [WinError 1236] Подключение к сети было разорвано локальной системой
13:53:17 - aiogram.dispatcher - WARNING - Sleep for 1.000000 seconds and try again... (tryings = 0, bot id = 8298689795)
13:53:17 - pyrogram.session.session - INFO - Restarting session due to - Server sent a null packet.
13:53:17 - pyrogram.session.session - INFO - NetworkTask stopped
13:53:17 - pyrogram.session.session - INFO - PingTask stopped
13:53:17 - pyrogram.connection.connection - INFO - Disconnected
13:53:17 - pyrogram.session.session - INFO - Session stopped
13:53:17 - pyrogram.connection.connection - INFO - Connecting...
13:53:17 - pyrogram.connection.connection - INFO - Connected! Production DC2 - IPv4
13:53:17 - pyrogram.session.session - INFO - NetworkTask started
13:53:18 - pyrogram.session.session - INFO - Session initialized: Pyrogram v2.2.19 (Layer 222)
13:53:18 - pyrogram.session.session - INFO - Device: CPython 3.13.5 - Pyrogram 2.2.19
13:53:18 - pyrogram.session.session - INFO - System: Windows 10 (en)
13:53:18 - pyrogram.session.session - INFO - Session started
13:53:18 - pyrogram.session.session - INFO - PingTask started
13:53:23 - aiogram.dispatcher - INFO - Connection established (tryings = 1, bot id = 8298689795)
13:53:27 - aiogram.event - INFO - Update id=826344463 is handled. Duration 4090 ms by bot id=8298689795
13:53:36 - aiogram.dispatcher - ERROR - Failed to fetch updates - TelegramNetworkError: HTTP Client says - ClientOSError: [WinError 1236] Подключение к сети было разорвано локальной системой
13:53:36 - aiogram.dispatcher - WARNING - Sleep for 1.000000 seconds and try again... (tryings = 0, bot id = 8298689795)
13:53:47 - aiogram.dispatcher - INFO - Connection established (tryings = 1, bot id = 8298689795)
13:54:10 - aiogram.event - INFO - Update id=826344464 is handled. Duration 358 ms by bot id=8298689795
13:54:12 - aiogram.event - INFO - Update id=826344465 is handled. Duration 145 ms by bot id=8298689795
13:56:09 - aiogram.dispatcher - INFO - Polling stopped
13:56:09 - pyrogram.session.session - INFO - PingTask stopped
13:56:09 - pyrogram.session.session - INFO - NetworkTask stopped
13:56:09 - pyrogram.connection.connection - INFO - Disconnected
13:56:09 - pyrogram.session.session - INFO - Session stopped
13:56:09 - asyncio - ERROR - Task exception was never retrieved
future: <Task finished name='Task-2' coro=<StarsAPIGiver.init_sessions() done, defined at C:\Users\ezhik\PycharmProjects\PythonProject5\stars_api_giver.py:28> exception=UnicodeDecodeError('utf-8', b'\xff', 0, 1, 'invalid start byte')>
Traceback (most recent call last):
  File "C:\Users\ezhik\PycharmProjects\PythonProject5\stars_api_giver.py", line 32, in init_sessions
    self.balances[session] = await self.get_star_balance(session)
                             ^^^^^^^^^^^^^^^^^^^^^^^^^^^^^^^^^^^^
  File "C:\Users\ezhik\PycharmProjects\PythonProject5\stars_api_giver.py", line 36, in get_star_balance
    async with Client(session, self.api_id, self.api_hash) as app:
               ~~~~~~^^^^^^^^^^^^^^^^^^^^^^^^^^^^^^^^^^^^^
  File "C:\Users\ezhik\PycharmProjects\PythonProject5\.venv\Lib\site-packages\pyrogram\client.py", line 441, in __aenter__
    return await self.start()
           ^^^^^^^^^^^^^^^^^^
  File "C:\Users\ezhik\PycharmProjects\PythonProject5\.venv\Lib\site-packages\pyrogram\methods\utilities\start.py", line 89, in start
    await self.authorize()
  File "C:\Users\ezhik\PycharmProjects\PythonProject5\.venv\Lib\site-packages\pyrogram\client.py", line 474, in authorize
    value = await ainput("Enter phone number or bot token: ", loop=self.loop)
            ^^^^^^^^^^^^^^^^^^^^^^^^^^^^^^^^^^^^^^^^^^^^^^^^^^^^^^^^^^^^^^^^^
  File "C:\Users\ezhik\PycharmProjects\PythonProject5\.venv\Lib\site-packages\pyrogram\utils.py", line 57, in ainput
    return await loop.run_in_executor(executor, func)
           ^^^^^^^^^^^^^^^^^^^^^^^^^^^^^^^^^^^^^^^^^^
  File "C:\Users\ezhik\AppData\Local\Programs\Python\Python313\Lib\concurrent\futures\thread.py", line 59, in run
    result = self.fn(*self.args, **self.kwargs)
  File "<frozen codecs>", line 325, in decode
UnicodeDecodeError: 'utf-8' codec can't decode byte 0xff in position 0: invalid start byte
