14:26:47 - StarvellBot - INFO - ✅ Логирование настроено
14:26:47 - StarvellBot - INFO - ============================================================
14:26:47 - StarvellBot - INFO - 🚀 StarvellBot Manager Starting...
14:26:47 - StarvellBot - INFO - ============================================================
14:26:47 - StarvellBot - INFO - 📋 Загрузка конфигурации...
14:26:47 - config_manager - INFO - ✅ Конфигурация загружена из config_data.json
14:26:49 - pyrogram.crypto.aes - WARNING - TgCrypto is missing! Pyrogram will work the same, but at a much slower speed. More info: https://docs.pyrogram.org/topics/speedups
14:26:50 - StarvellBot - INFO - 🚀 Запуск Telegram Manager...
14:26:50 - StarvellBot - INFO - 🤖 Инициализация StarvellBot...
14:26:50 - StarvellBot - INFO - ⚙️ Инициализация Service Manager...
14:26:50 - StarvellBot - INFO - ============================================================
14:26:50 - StarvellBot - INFO - ✅ Все компоненты инициализированы успешно!
14:26:50 - StarvellBot - INFO - ============================================================
14:26:50 - StarvellBot - INFO - 
14:26:50 - StarvellBot - INFO - 📱 Откройте Telegram бота для управления
14:26:50 - StarvellBot - INFO - 🎛️ Доступные команды:
14:26:50 - StarvellBot - INFO -    /start - начать работу
14:26:50 - StarvellBot - INFO -    /services - управление службами
14:26:50 - StarvellBot - INFO -    /config - редактирование настроек
14:26:50 - StarvellBot - INFO -    /status - статус служб
14:26:50 - StarvellBot - INFO -    /help - справка
14:26:50 - StarvellBot - INFO - 
14:26:50 - StarvellBot - INFO - ============================================================
14:26:50 - aiogram.dispatcher - INFO - Start polling
14:26:50 - asyncio - ERROR - Task exception was never retrieved
future: <Task finished name='Task-2' coro=<StarsAPIGiver.init_sessions() done, defined at C:\Users\ezhik\PycharmProjects\PythonProject5\stars_api_giver.py:23> exception=TypeError("'NoneType' object is not iterable")>
Traceback (most recent call last):
  File "C:\Users\ezhik\PycharmProjects\PythonProject5\stars_api_giver.py", line 25, in init_sessions
    for session in sessions:
                   ^^^^^^^^
TypeError: 'NoneType' object is not iterable
14:26:50 - aiogram.dispatcher - INFO - Run polling for bot @testzabwinobotsfadsgdsbot id=8298689795 - 'test'
14:26:50 - aiogram.event - INFO - Update id=826343704 is handled. Duration 212 ms by bot id=8298689795
14:26:51 - aiogram.event - INFO - Update id=826343705 is handled. Duration 182 ms by bot id=8298689795
14:26:53 - aiogram.event - INFO - Update id=826343706 is handled. Duration 290 ms by bot id=8298689795
14:27:48 - aiogram.dispatcher - INFO - Polling stopped
