21:49:31 - StarvellBot - INFO - ✅ Логирование настроено
21:49:31 - StarvellBot - INFO - ============================================================
21:49:31 - StarvellBot - INFO - 🚀 StarvellBot Manager Starting...
21:49:31 - StarvellBot - INFO - ============================================================
21:49:31 - StarvellBot - INFO - 📋 Загрузка конфигурации...
21:49:31 - config_manager - INFO - ✅ Конфигурация загружена из config_data.json
21:49:32 - StarvellBot - INFO - 🚀 Запуск Telegram Manager...
21:49:32 - StarvellBot - INFO - 🤖 Инициализация StarvellBot...
21:49:32 - StarvellBot - INFO - ⚙️ Инициализация Service Manager...
21:49:32 - StarvellBot - INFO - ============================================================
21:49:32 - StarvellBot - INFO - ✅ Все компоненты инициализированы успешно!
21:49:32 - StarvellBot - INFO - ============================================================
21:49:32 - StarvellBot - INFO - 
21:49:32 - StarvellBot - INFO - 📱 Откройте Telegram бота для управления
21:49:32 - StarvellBot - INFO - 🎛️ Доступные команды:
21:49:32 - StarvellBot - INFO -    /start - начать работу
21:49:32 - StarvellBot - INFO -    /services - управление службами
21:49:32 - StarvellBot - INFO -    /config - редактирование настроек
21:49:32 - StarvellBot - INFO -    /status - статус служб
21:49:32 - StarvellBot - INFO -    /help - справка
21:49:32 - StarvellBot - INFO - 
21:49:32 - StarvellBot - INFO - ============================================================
21:49:32 - aiogram.dispatcher - INFO - Start polling
21:49:33 - aiogram.dispatcher - INFO - Run polling for bot @testzabwinobotsfadsgdsbot id=8298689795 - 'test'
21:51:05 - aiogram.event - INFO - Update id=826344901 is handled. Duration 284 ms by bot id=8298689795
21:51:06 - aiogram.event - INFO - Update id=826344902 is handled. Duration 165 ms by bot id=8298689795
21:51:07 - service_manager - INFO - ▶️ Запуск службы Orders Monitor...
21:51:07 - StarvellBot - INFO - 🟢 WebSocket connected
21:51:07 - StarvellBot - INFO - ✅ WebSocket готов, запускаем проверку заказов
21:51:07 - StarvellBot - INFO - ⬅️  0{"sid":"pMh1NQAb1UTwCI7XAfPI","upgrades":[],"pingInterval":25000,"pingTimeout":20000,"maxPayload":1000000}
21:51:07 - StarvellBot - WARNING - ➡️  Connecting to namespace: /chats
21:51:07 - StarvellBot - WARNING - ➡️  Connecting to namespace: /user-notifications
21:51:07 - StarvellBot - WARNING - ➡️  Connecting to namespace: /orders
21:51:07 - StarvellBot - WARNING - ➡️  Connecting to namespace: /user-presence
21:51:07 - StarvellBot - WARNING - ➡️  Connecting to namespace: /online
21:51:07 - StarvellBot - INFO - ⬅️  40/chats,{"sid":"x5h_a3c8NJs2ftTbAfPJ"}
21:51:07 - StarvellBot - INFO - ⬅️  40/user-notifications,{"sid":"hcLofdFqOrdRYwLnAfPK"}
21:51:07 - StarvellBot - INFO - ⬅️  40/orders,{"sid":"QxJ2gC5EsrUZEB-UAfPL"}
21:51:07 - StarvellBot - INFO - ⬅️  40/user-presence,{"sid":"O0Eakj6mebykj0BOAfPM"}
21:51:07 - StarvellBot - INFO - ⬅️  40/online,{"sid":"9jEQclZYV-mfaOxJAfPN"}
21:51:07 - service_manager - INFO - ✅ Служба Orders Monitor запущена
21:51:07 - aiogram.event - INFO - Update id=826344903 is handled. Duration 656 ms by bot id=8298689795
21:51:32 - StarvellBot - INFO - ⬅️  2
21:51:57 - StarvellBot - INFO - ⬅️  2
21:52:22 - StarvellBot - INFO - ⬅️  2
21:52:48 - StarvellBot - INFO - ⬅️  2
21:53:00 - StarvellBot - INFO - ⬅️  42/user-notifications,["sale_update",{"orderId":"019caabf-2bd9-5f73-4d55-dc77952b8690","delta":1}]
21:53:00 - StarvellBot - INFO - 🛒 NEW ORDER!
21:53:00 - StarvellBot - INFO - Order ID: 019caabf-2bd9-5f73-4d55-dc77952b8690
21:53:00 - StarvellBot - INFO - ⚙️  Processing order 019caabf-2bd9-5f73-4d55-dc77952b8690...
21:53:01 - StarvellBot - INFO - ⭐ Звёзд в заказе: 21
21:53:01 - StarvellBot - INFO - 📝 Введённый username: ezhiqq
21:53:01 - StarvellBot - INFO - ============================================================
21:53:01 - StarvellBot - INFO - 📦 Order ID: 019caabf-2bd9-5f73-4d55-dc77952b8690
21:53:01 - StarvellBot - INFO - 💰 Total Price: 4021
21:53:01 - StarvellBot - INFO - 🔢 Quantity: 1
21:53:01 - StarvellBot - INFO - ⭐ Stars: 21
21:53:01 - StarvellBot - INFO - 👤 Buyer ID: 152876
21:53:01 - StarvellBot - INFO - 📝 Telegram Username (entered): ezhiqq
21:53:01 - StarvellBot - INFO - 💬 Chat ID: 019c2109-ea20-da88-5085-3849eef57778
21:53:01 - StarvellBot - INFO - ============================================================
21:53:01 - StarvellBot - INFO - ✅ Order 019caabf-2bd9-5f73-4d55-dc77952b8690 updated in database
21:53:01 - StarvellBot - INFO - ⬅️  42/chats,["message_created",{"id":"019caabf-2bf0-cb3f-1d43-64ef7f980651","content":"","type":"NOTIFICATION","metadata":{"orderId":"019caabf-2bd9-5f73-4d55-dc77952b8690","notificationType":"ORDER_PAYMENT"},"isHidden":false,"images":[],"authorId":null,"buyerId":152876,"sellerId":null,"adminId":null,"chatId":"019c2109-ea20-da88-5085-3849eef57778","visibleTo":null,"createdAt":"2026-03-01T18:53:01.262Z","updatedAt":"2026-03-01T18:53:01.262Z","author":null,"buyer":{"id":152876,"username":"xezz"},"seller":null,"admin":null,"order":{"id":"019caabf-2bd9-5f73-4d55-dc77952b8690","quantity":1,"totalPrice":4021,"status":"CREATED","refundedAt":null,"refundReasonCode":null,"orderArgs":[{"id":"959d1d7b-1a35-429c-98a1-c9a753579a43","value":"ezhiqq","nameRu":"Telegram Username"}],"offerDetails":{"game":{"id":14,"name":"Telegram","slug":"telegram"},"type":"LOT","images":[{"id":"ef9a8163-b1a9-4558-bd04-362b1dfe43e1","width":289,"height":291,"extension":"jpg"},{"id":"18da3a42-7827-426c-9e23-27e70f5a8203","width":248,"height":294,"extension":"jpg"}],"category":{"id":182,"name":"Звёзды","slug":"stars","currencyDisplayUnits":null},"attributes":[{"id":"2c2c2dc0-93fd-4cdc-8bb6-c3fb0e79612a","value":{"id":"9abe5573-3184-401c-8bec-de0d8dd38529","nameRu":"Подарком"},"nameRu":"Способ получения"}],"subCategory":{"id":642,"name":"21 звезда"},"availability":99999977,"deliveryTime":{"to":{"unit":"MINUTES","value":5},"from":{"unit":"MINUTES","value":1}},"descriptions":{"rus":{"description":"⭐Вы получаете любой подарок за 25 звёзд на ваш выбор (Подарок или Розу)\n\nПроцесс выполнения:\n1️⃣ Оплачиваете заказ\n2️⃣ Пишите ваш юзернейм @username в чат и какой подарок вы хотите\n3️⃣ Я выполняю пополнение\n4️⃣ Проверяете → Подтверждаете\n\n⚠️ Важно: Проверьте правильность введённого @username. Ошибки могут привести к зачислению звёзд на другой аккаунт, и возврат средств будет невозможен.\n\nid: 21stars"}},"instantDelivery":false}},"dispute":null}]
21:53:01 - StarvellBot - INFO - ⬅️  42/chats,["message_created",{"id":"019caabf-2bfb-f2e4-9ce8-4109aca57e49","content":"е","type":"DEFAULT","metadata":{"isAutoResponse":true},"isHidden":false,"images":[],"authorId":139527,"buyerId":null,"sellerId":null,"adminId":null,"chatId":"019c2109-ea20-da88-5085-3849eef57778","visibleTo":null,"createdAt":"2026-03-01T18:53:01.307Z","updatedAt":"2026-03-01T18:53:01.262Z","author":{"id":139527,"username":"Bronto","roles":[]}}]
21:53:01 - StarvellBot - INFO - ⬅️  42/chats,["chat_read",{"lastReadAt":"2026-03-01T18:53:01.683Z","chatId":"019c2109-ea20-da88-5085-3849eef57778"}]
21:53:01 - StarvellBot - INFO - ⬅️  42/chats,["message_created",{"id":"019caabf-3009-09c2-75a6-2d087b63e5a0","content":"🧾 Ваш заказ:\n#️⃣ ID: 019caabf-2bd9-5f73-4d55-dc77952b8690\n👤 Username: ezhiqq\n⭐ Stars: 21 | 1 шт.\n\nВсе верно?\n✅ Да (+) | Нет (-) ❌","type":"DEFAULT","metadata":null,"isHidden":false,"images":[],"authorId":139527,"buyerId":null,"sellerId":null,"adminId":null,"chatId":"019c2109-ea20-da88-5085-3849eef57778","visibleTo":null,"createdAt":"2026-03-01T18:53:02.344Z","updatedAt":"2026-03-01T18:53:02.344Z","author":{"id":139527,"username":"Bronto","roles":[]},"buyer":null,"seller":null,"admin":null,"order":null,"dispute":null}]
21:53:02 - StarvellBot - INFO - ⬅️  42/chats,["chat_read",{"lastReadAt":"2026-03-01T18:53:02.874Z","chatId":"019c2109-ea20-da88-5085-3849eef57778"}]
21:53:04 - StarvellBot - INFO - пропустили
21:53:07 - StarvellBot - INFO - ⬅️  42/chats,["message_created",{"id":"019caabf-46aa-e794-ffaf-4db7c0725abd","content":"+","type":"DEFAULT","metadata":null,"isHidden":false,"images":[],"authorId":152876,"buyerId":null,"sellerId":null,"adminId":null,"chatId":"019c2109-ea20-da88-5085-3849eef57778","visibleTo":null,"createdAt":"2026-03-01T18:53:08.137Z","updatedAt":"2026-03-01T18:53:08.137Z","author":{"id":152876,"username":"xezz","roles":[]},"buyer":null,"seller":null,"admin":null,"order":null,"dispute":null}]
21:53:07 - StarvellBot - ERROR - ❌ Error in on_message_created: 'StarGiftOrder' object is not subscriptable
21:53:13 - StarvellBot - INFO - ⬅️  2
21:53:15 - StarvellBot - INFO - пропустили
21:53:25 - StarvellBot - INFO - пропустили
21:53:36 - StarvellBot - INFO - пропустили
21:53:38 - StarvellBot - INFO - ⬅️  2
21:53:47 - StarvellBot - INFO - пропустили
21:53:58 - StarvellBot - INFO - пропустили
21:54:03 - StarvellBot - INFO - ⬅️  2
21:54:08 - StarvellBot - INFO - пропустили
21:54:19 - StarvellBot - INFO - пропустили
21:54:28 - StarvellBot - INFO - ⬅️  2
21:54:30 - StarvellBot - INFO - пропустили
21:54:40 - StarvellBot - INFO - пропустили
21:54:51 - StarvellBot - INFO - пропустили
21:54:53 - StarvellBot - INFO - ⬅️  2
21:54:56 - aiogram.dispatcher - INFO - Polling stopped
