02:07:07 - StarvellBot - INFO - ✅ Логирование настроено
02:07:07 - StarvellBot - INFO - ============================================================
02:07:07 - StarvellBot - INFO - 🚀 StarvellBot Manager Starting...
02:07:07 - StarvellBot - INFO - ============================================================
02:07:07 - StarvellBot - INFO - 📋 Загрузка конфигурации...
02:07:07 - config_manager - INFO - ✅ Конфигурация загружена из config_data.json
02:07:09 - StarvellBot - INFO - 🚀 Запуск Telegram Manager...
02:07:09 - StarvellBot - INFO - 🤖 Инициализация StarvellBot...
02:07:09 - StarvellBot - INFO - ⚙️ Инициализация Service Manager...
02:07:09 - StarvellBot - INFO - ============================================================
02:07:09 - StarvellBot - INFO - ✅ Все компоненты инициализированы успешно!
02:07:09 - StarvellBot - INFO - ============================================================
02:07:09 - StarvellBot - INFO - 
02:07:09 - StarvellBot - INFO - 📱 Откройте Telegram бота для управления
02:07:09 - StarvellBot - INFO - 🎛️ Доступные команды:
02:07:09 - StarvellBot - INFO -    /start - начать работу
02:07:09 - StarvellBot - INFO -    /services - управление службами
02:07:09 - StarvellBot - INFO -    /config - редактирование настроек
02:07:09 - StarvellBot - INFO -    /status - статус служб
02:07:09 - StarvellBot - INFO -    /help - справка
02:07:09 - StarvellBot - INFO - 
02:07:09 - StarvellBot - INFO - ============================================================
02:07:09 - aiogram.dispatcher - INFO - Start polling
02:07:09 - pyrogram.session.auth - INFO - Start creating a new auth key on DC2
02:07:09 - pyrogram.connection.connection - INFO - Connecting...
02:07:09 - pyrogram.connection.connection - INFO - Connected! Production DC2 - IPv4
02:07:09 - aiogram.dispatcher - INFO - Run polling for bot @testzabwinobotsfadsgdsbot id=8298689795 - 'test'
02:07:11 - pyrogram.session.auth - INFO - Done auth key exchange: DhGenOk
02:07:11 - pyrogram.connection.connection - INFO - Disconnected
02:07:11 - pyrogram.connection.connection - INFO - Connecting...
02:07:11 - pyrogram.connection.connection - INFO - Connected! Production DC2 - IPv4
02:07:11 - pyrogram.session.session - INFO - NetworkTask started
02:07:11 - pyrogram.client - INFO - Time synced: 2026-02-28 02:07:12.157148
02:07:11 - pyrogram.session.session - INFO - Session initialized: Pyrogram v2.2.19 (Layer 222)
02:07:11 - pyrogram.session.session - INFO - Device: CPython 3.13.5 - Pyrogram 2.2.19
02:07:11 - pyrogram.session.session - INFO - System: Windows 10 (en)
02:07:11 - pyrogram.session.session - INFO - Session started
02:07:11 - pyrogram.session.session - INFO - PingTask started
02:07:29 - aiogram.event - INFO - Update id=826344057 is handled. Duration 209 ms by bot id=8298689795
02:07:31 - aiogram.event - INFO - Update id=826344058 is handled. Duration 158 ms by bot id=8298689795
02:07:33 - aiogram.event - INFO - Update id=826344059 is handled. Duration 147 ms by bot id=8298689795
02:07:38 - aiogram.event - INFO - Update id=826344060 is handled. Duration 146 ms by bot id=8298689795
02:07:44 - aiogram.event - INFO - Update id=826344061 is handled. Duration 141 ms by bot id=8298689795
02:07:45 - config_manager - INFO - ✅ Конфигурация сохранена в config_data.json
02:07:45 - aiogram.event - INFO - Update id=826344062 is handled. Duration 151 ms by bot id=8298689795
02:07:46 - aiogram.event - INFO - Update id=826344063 is handled. Duration 185 ms by bot id=8298689795
02:07:50 - aiogram.event - INFO - Update id=826344064 is handled. Duration 148 ms by bot id=8298689795
02:07:53 - aiogram.event - INFO - Update id=826344065 is handled. Duration 144 ms by bot id=8298689795
02:07:54 - aiogram.event - INFO - Update id=826344066 is handled. Duration 176 ms by bot id=8298689795
02:07:55 - config_manager - INFO - ✅ Конфигурация сохранена в config_data.json
02:07:55 - aiogram.event - INFO - Update id=826344067 is handled. Duration 144 ms by bot id=8298689795
02:07:56 - aiogram.event - INFO - Update id=826344068 is handled. Duration 143 ms by bot id=8298689795
02:07:58 - aiogram.event - INFO - Update id=826344069 is handled. Duration 146 ms by bot id=8298689795
02:07:59 - aiogram.event - INFO - Update id=826344070 is handled. Duration 155 ms by bot id=8298689795
02:08:00 - aiogram.event - INFO - Update id=826344071 is handled. Duration 150 ms by bot id=8298689795
02:08:01 - aiogram.event - INFO - Update id=826344072 is handled. Duration 154 ms by bot id=8298689795
02:08:22 - config_manager - INFO - ✅ Конфигурация сохранена в config_data.json
02:08:22 - aiogram.event - INFO - Update id=826344073 is handled. Duration 164 ms by bot id=8298689795
02:08:44 - config_manager - INFO - ✅ Конфигурация сохранена в config_data.json
02:08:44 - aiogram.event - INFO - Update id=826344074 is handled. Duration 162 ms by bot id=8298689795
02:15:37 - config_manager - INFO - ✅ Конфигурация сохранена в config_data.json
02:15:37 - aiogram.event - INFO - Update id=826344075 is handled. Duration 166 ms by bot id=8298689795
02:16:51 - config_manager - INFO - ✅ Конфигурация сохранена в config_data.json
02:16:51 - aiogram.event - INFO - Update id=826344076 is handled. Duration 164 ms by bot id=8298689795
02:20:40 - config_manager - INFO - ✅ Конфигурация сохранена в config_data.json
02:20:40 - aiogram.event - INFO - Update id=826344077 is handled. Duration 158 ms by bot id=8298689795
02:20:46 - aiogram.event - INFO - Update id=826344078 is handled. Duration 170 ms by bot id=8298689795
02:21:00 - aiogram.event - INFO - Update id=826344079 is handled. Duration 170 ms by bot id=8298689795
02:21:13 - config_manager - INFO - ✅ Конфигурация сохранена в config_data.json
02:21:14 - aiogram.event - INFO - Update id=826344080 is handled. Duration 162 ms by bot id=8298689795
02:21:32 - config_manager - INFO - ✅ Конфигурация сохранена в config_data.json
02:21:32 - aiogram.event - INFO - Update id=826344081 is handled. Duration 161 ms by bot id=8298689795
02:21:35 - aiogram.event - INFO - Update id=826344082 is handled. Duration 154 ms by bot id=8298689795
02:21:43 - config_manager - INFO - ✅ Конфигурация сохранена в config_data.json
02:21:43 - aiogram.event - INFO - Update id=826344083 is handled. Duration 169 ms by bot id=8298689795
02:23:28 - config_manager - INFO - ✅ Конфигурация сохранена в config_data.json
02:23:28 - aiogram.event - INFO - Update id=826344084 is handled. Duration 166 ms by bot id=8298689795
02:23:34 - aiogram.event - INFO - Update id=826344085 is handled. Duration 151 ms by bot id=8298689795
02:23:43 - aiogram.event - INFO - Update id=826344086 is handled. Duration 140 ms by bot id=8298689795
02:23:44 - config_manager - INFO - ✅ Конфигурация сохранена в config_data.json
02:23:44 - aiogram.event - INFO - Update id=826344087 is handled. Duration 149 ms by bot id=8298689795
02:23:46 - aiogram.event - INFO - Update id=826344088 is handled. Duration 141 ms by bot id=8298689795
02:23:47 - aiogram.event - INFO - Update id=826344089 is handled. Duration 296 ms by bot id=8298689795
02:23:53 - config_manager - INFO - ✅ Конфигурация сохранена в config_data.json
02:23:53 - aiogram.event - INFO - Update id=826344090 is handled. Duration 162 ms by bot id=8298689795
02:24:29 - config_manager - INFO - ✅ Конфигурация сохранена в config_data.json
02:24:29 - aiogram.event - INFO - Update id=826344091 is handled. Duration 158 ms by bot id=8298689795
02:24:33 - aiogram.event - INFO - Update id=826344092 is handled. Duration 155 ms by bot id=8298689795
02:24:37 - config_manager - INFO - ✅ Конфигурация сохранена в config_data.json
02:24:38 - aiogram.event - INFO - Update id=826344093 is handled. Duration 203 ms by bot id=8298689795
02:24:50 - config_manager - INFO - ✅ Конфигурация сохранена в config_data.json
02:24:51 - aiogram.event - INFO - Update id=826344094 is handled. Duration 164 ms by bot id=8298689795
02:24:52 - aiogram.event - INFO - Update id=826344095 is handled. Duration 141 ms by bot id=8298689795
02:28:58 - aiogram.dispatcher - INFO - Polling stopped
02:28:58 - pyrogram.session.session - INFO - PingTask stopped
02:28:58 - pyrogram.session.session - INFO - NetworkTask stopped
02:28:58 - pyrogram.connection.connection - INFO - Disconnected
02:28:58 - pyrogram.session.session - INFO - Session stopped
02:28:58 - asyncio - ERROR - Task exception was never retrieved
future: <Task finished name='Task-2' coro=<StarsAPIGiver.init_sessions() done, defined at C:\Users\ezhik\PycharmProjects\PythonProject5\stars_api_giver.py:28> exception=UnicodeDecodeError('utf-8', b'\xff', 0, 1, 'invalid start byte')>
Traceback (most recent call last):
  File "C:\Users\ezhik\PycharmProjects\PythonProject5\stars_api_giver.py", line 32, in init_sessions
    self.balances[session] = await self.get_star_balance(session)
                             ^^^^^^^^^^^^^^^^^^^^^^^^^^^^^^^^^^^^
  File "C:\Users\ezhik\PycharmProjects\PythonProject5\stars_api_giver.py", line 36, in get_star_balance
    async with Client(session, self.api_id, self.api_hash) as app:
               ~~~~~~^^^^^^^^^^^^^^^^^^^^^^^^^^^^^^^^^^^^^
  File "C:\Users\ezhik\PycharmProjects\PythonProject5\.venv\Lib\site-packages\pyrogram\client.py", line 441, in __aenter__
    return await self.start()
           ^^^^^^^^^^^^^^^^^^
  File "C:\Users\ezhik\PycharmProjects\PythonProject5\.venv\Lib\site-packages\pyrogram\methods\utilities\start.py", line 89, in start
    await self.authorize()
  File "C:\Users\ezhik\PycharmProjects\PythonProject5\.venv\Lib\site-packages\pyrogram\client.py", line 474, in authorize
    value = await ainput("Enter phone number or bot token: ", loop=self.loop)
            ^^^^^^^^^^^^^^^^^^^^^^^^^^^^^^^^^^^^^^^^^^^^^^^^^^^^^^^^^^^^^^^^^
  File "C:\Users\ezhik\PycharmProjects\PythonProject5\.venv\Lib\site-packages\pyrogram\utils.py", line 57, in ainput
    return await loop.run_in_executor(executor, func)
           ^^^^^^^^^^^^^^^^^^^^^^^^^^^^^^^^^^^^^^^^^^
  File "C:\Users\ezhik\AppData\Local\Programs\Python\Python313\Lib\concurrent\futures\thread.py", line 59, in run
    result = self.fn(*self.args, **self.kwargs)
  File "<frozen codecs>", line 325, in decode
UnicodeDecodeError: 'utf-8' codec can't decode byte 0xff in position 0: invalid start byte
02:28:59 - StarvellBot - INFO - 👋 Завершение работы...
02:28:59 - aiogram.dispatcher - INFO - Polling stopped for bot @testzabwinobotsfadsgdsbot id=8298689795 - 'test'
02:28:59 - StarvellBot - INFO - ⏸ Остановка по Ctrl+C
