02:09:28 - StarvellBot - INFO - ✅ Логирование настроено
02:09:28 - StarvellBot - INFO - ============================================================
02:09:28 - StarvellBot - INFO - 🚀 StarvellBot Manager Starting...
02:09:28 - StarvellBot - INFO - ============================================================
02:09:28 - StarvellBot - INFO - 📋 Загрузка конфигурации...
02:09:28 - config_manager - INFO - ✅ Конфигурация загружена из config_data.json
02:09:29 - StarvellBot - INFO - 🚀 Запуск Telegram Manager...
02:09:29 - StarvellBot - INFO - 🤖 Инициализация StarvellBot...
02:09:29 - StarvellBot - INFO - ⚙️ Инициализация Service Manager...
02:09:29 - StarvellBot - INFO - ============================================================
02:09:29 - StarvellBot - INFO - ✅ Все компоненты инициализированы успешно!
02:09:29 - StarvellBot - INFO - ============================================================
02:09:29 - StarvellBot - INFO - 
02:09:29 - StarvellBot - INFO - 📱 Откройте Telegram бота для управления
02:09:29 - StarvellBot - INFO - 🎛️ Доступные команды:
02:09:29 - StarvellBot - INFO -    /start - начать работу
02:09:29 - StarvellBot - INFO -    /services - управление службами
02:09:29 - StarvellBot - INFO -    /config - редактирование настроек
02:09:29 - StarvellBot - INFO -    /status - статус служб
02:09:29 - StarvellBot - INFO -    /help - справка
02:09:29 - StarvellBot - INFO - 
02:09:29 - StarvellBot - INFO - ============================================================
02:09:29 - aiogram.dispatcher - INFO - Start polling
02:09:29 - aiogram.dispatcher - INFO - Run polling for bot @testzabwinobotsfadsgdsbot id=8298689795 - 'test'
02:09:30 - aiogram.event - INFO - Update id=826343542 is handled. Duration 201 ms by bot id=8298689795
02:09:31 - aiogram.event - INFO - Update id=826343543 is handled. Duration 144 ms by bot id=8298689795
02:09:32 - aiogram.event - INFO - Update id=826343544 is handled. Duration 155 ms by bot id=8298689795
02:09:33 - aiogram.event - INFO - Update id=826343545 is handled. Duration 179 ms by bot id=8298689795
02:09:43 - aiogram.event - INFO - Update id=826343546 is not handled. Duration 0 ms by bot id=8298689795
02:09:43 - aiogram.event - ERROR - Cause exception while process update id=826343546 by bot id=8298689795
KeyError: 'types'
Traceback (most recent call last):
  File "C:\Users\ezhik\PycharmProjects\PythonProject5\.venv\Lib\site-packages\aiogram\dispatcher\dispatcher.py", line 320, in _process_update
    response = await self.feed_update(bot, update, **kwargs)
               ^^^^^^^^^^^^^^^^^^^^^^^^^^^^^^^^^^^^^^^^^^^^^
  File "C:\Users\ezhik\PycharmProjects\PythonProject5\.venv\Lib\site-packages\aiogram\dispatcher\dispatcher.py", line 164, in feed_update
    response = await self.update.wrap_outer_middleware(
               ^^^^^^^^^^^^^^^^^^^^^^^^^^^^^^^^^^^^^^^^
    ...<7 lines>...
    )
    ^
  File "C:\Users\ezhik\PycharmProjects\PythonProject5\.venv\Lib\site-packages\aiogram\dispatcher\middlewares\error.py", line 27, in __call__
    return await handler(event, data)
           ^^^^^^^^^^^^^^^^^^^^^^^^^^
  File "C:\Users\ezhik\PycharmProjects\PythonProject5\.venv\Lib\site-packages\aiogram\dispatcher\middlewares\user_context.py", line 58, in __call__
    return await handler(event, data)
           ^^^^^^^^^^^^^^^^^^^^^^^^^^
  File "C:\Users\ezhik\PycharmProjects\PythonProject5\.venv\Lib\site-packages\aiogram\fsm\middleware.py", line 43, in __call__
    return await handler(event, data)
           ^^^^^^^^^^^^^^^^^^^^^^^^^^
  File "C:\Users\ezhik\PycharmProjects\PythonProject5\.venv\Lib\site-packages\aiogram\dispatcher\event\telegram.py", line 126, in trigger
    return await wrapped_inner(event, kwargs)
           ^^^^^^^^^^^^^^^^^^^^^^^^^^^^^^^^^^
  File "C:\Users\ezhik\PycharmProjects\PythonProject5\.venv\Lib\site-packages\aiogram\dispatcher\event\handler.py", line 71, in call
    return await wrapped()
           ^^^^^^^^^^^^^^^
  File "C:\Users\ezhik\PycharmProjects\PythonProject5\.venv\Lib\site-packages\aiogram\dispatcher\dispatcher.py", line 283, in _listen_update
    return await self.propagate_event(update_type=update_type, event=event, **kwargs)
           ^^^^^^^^^^^^^^^^^^^^^^^^^^^^^^^^^^^^^^^^^^^^^^^^^^^^^^^^^^^^^^^^^^^^^^^^^^
  File "C:\Users\ezhik\PycharmProjects\PythonProject5\.venv\Lib\site-packages\aiogram\dispatcher\router.py", line 161, in propagate_event
    return await observer.wrap_outer_middleware(_wrapped, event=event, data=kwargs)
           ^^^^^^^^^^^^^^^^^^^^^^^^^^^^^^^^^^^^^^^^^^^^^^^^^^^^^^^^^^^^^^^^^^^^^^^^
  File "C:\Users\ezhik\PycharmProjects\PythonProject5\.venv\Lib\site-packages\aiogram\dispatcher\router.py", line 153, in _wrapped
    return await self._propagate_event(
           ^^^^^^^^^^^^^^^^^^^^^^^^^^^^
    ...<4 lines>...
    )
    ^
  File "C:\Users\ezhik\PycharmProjects\PythonProject5\.venv\Lib\site-packages\aiogram\dispatcher\router.py", line 189, in _propagate_event
    response = await router.propagate_event(update_type=update_type, event=event, **kwargs)
               ^^^^^^^^^^^^^^^^^^^^^^^^^^^^^^^^^^^^^^^^^^^^^^^^^^^^^^^^^^^^^^^^^^^^^^^^^^^^
  File "C:\Users\ezhik\PycharmProjects\PythonProject5\.venv\Lib\site-packages\aiogram\dispatcher\router.py", line 161, in propagate_event
    return await observer.wrap_outer_middleware(_wrapped, event=event, data=kwargs)
           ^^^^^^^^^^^^^^^^^^^^^^^^^^^^^^^^^^^^^^^^^^^^^^^^^^^^^^^^^^^^^^^^^^^^^^^^
  File "C:\Users\ezhik\PycharmProjects\PythonProject5\.venv\Lib\site-packages\aiogram\dispatcher\router.py", line 153, in _wrapped
    return await self._propagate_event(
           ^^^^^^^^^^^^^^^^^^^^^^^^^^^^
    ...<4 lines>...
    )
    ^
  File "C:\Users\ezhik\PycharmProjects\PythonProject5\.venv\Lib\site-packages\aiogram\dispatcher\router.py", line 181, in _propagate_event
    response = await observer.trigger(event, **kwargs)
               ^^^^^^^^^^^^^^^^^^^^^^^^^^^^^^^^^^^^^^^
  File "C:\Users\ezhik\PycharmProjects\PythonProject5\.venv\Lib\site-packages\aiogram\dispatcher\event\telegram.py", line 126, in trigger
    return await wrapped_inner(event, kwargs)
           ^^^^^^^^^^^^^^^^^^^^^^^^^^^^^^^^^^
  File "C:\Users\ezhik\PycharmProjects\PythonProject5\.venv\Lib\site-packages\aiogram\dispatcher\event\handler.py", line 71, in call
    return await wrapped()
           ^^^^^^^^^^^^^^^
  File "C:\Users\ezhik\PycharmProjects\PythonProject5\telegram_manager.py", line 424, in process_config_value
    types = meta["types"]
            ~~~~^^^^^^^^^
KeyError: 'types'
02:09:50 - aiogram.dispatcher - INFO - Polling stopped
