23:55:22 - StarvellBot - INFO - ✅ Логирование настроено
23:55:22 - StarvellBot - INFO - ============================================================
23:55:22 - StarvellBot - INFO - 🚀 StarvellBot Manager Starting...
23:55:22 - StarvellBot - INFO - ============================================================
23:55:22 - StarvellBot - INFO - 📋 Загрузка конфигурации...
23:55:22 - config_manager - INFO - ✅ Конфигурация загружена из config_data.json
23:55:23 - StarvellBot - INFO - 🚀 Запуск Telegram Manager...
23:55:23 - StarvellBot - INFO - 🤖 Инициализация StarvellBot...
23:55:23 - StarvellBot - INFO - ⚙️ Инициализация Service Manager...
23:55:23 - StarvellBot - INFO - ============================================================
23:55:23 - StarvellBot - INFO - ✅ Все компоненты инициализированы успешно!
23:55:23 - StarvellBot - INFO - ============================================================
23:55:23 - StarvellBot - INFO - 
23:55:23 - StarvellBot - INFO - 📱 Откройте Telegram бота для управления
23:55:23 - StarvellBot - INFO - 🎛️ Доступные команды:
23:55:23 - StarvellBot - INFO -    /start - начать работу
23:55:23 - StarvellBot - INFO -    /services - управление службами
23:55:23 - StarvellBot - INFO -    /config - редактирование настроек
23:55:23 - StarvellBot - INFO -    /status - статус служб
23:55:23 - StarvellBot - INFO -    /help - справка
23:55:23 - StarvellBot - INFO - 
23:55:23 - StarvellBot - INFO - ============================================================
23:55:23 - aiogram.dispatcher - INFO - Start polling
23:55:23 - aiogram.dispatcher - INFO - Run polling for bot @testzabwinobotsfadsgdsbot id=8298689795 - 'test'
23:57:07 - aiogram.event - INFO - Update id=826343477 is handled. Duration 207 ms by bot id=8298689795
23:57:09 - aiogram.event - INFO - Update id=826343478 is handled. Duration 155 ms by bot id=8298689795
23:57:11 - aiogram.event - INFO - Update id=826343479 is handled. Duration 150 ms by bot id=8298689795
23:57:13 - aiogram.event - INFO - Update id=826343480 is handled. Duration 96 ms by bot id=8298689795
23:57:24 - aiogram.event - INFO - Update id=826343481 is handled. Duration 84 ms by bot id=8298689795
23:57:26 - aiogram.event - INFO - Update id=826343482 is handled. Duration 148 ms by bot id=8298689795
23:57:29 - aiogram.event - INFO - Update id=826343483 is handled. Duration 157 ms by bot id=8298689795
23:57:31 - aiogram.event - INFO - Update id=826343484 is handled. Duration 113 ms by bot id=8298689795
23:58:02 - aiogram.event - INFO - Update id=826343485 is handled. Duration 81 ms by bot id=8298689795
00:00:25 - aiogram.dispatcher - INFO - Polling stopped
