21:55:01 - StarvellBot - INFO - ✅ Логирование настроено
21:55:01 - StarvellBot - INFO - ============================================================
21:55:01 - StarvellBot - INFO - 🚀 StarvellBot Manager Starting...
21:55:01 - StarvellBot - INFO - ============================================================
21:55:01 - StarvellBot - INFO - 📋 Загрузка конфигурации...
21:55:01 - config_manager - INFO - ✅ Конфигурация загружена из config_data.json
21:55:03 - StarvellBot - INFO - 🚀 Запуск Telegram Manager...
21:55:03 - StarvellBot - INFO - 🤖 Инициализация StarvellBot...
21:55:03 - StarvellBot - INFO - ⚙️ Инициализация Service Manager...
21:55:03 - StarvellBot - INFO - ============================================================
21:55:03 - StarvellBot - INFO - ✅ Все компоненты инициализированы успешно!
21:55:03 - StarvellBot - INFO - ============================================================
21:55:03 - StarvellBot - INFO - 
21:55:03 - StarvellBot - INFO - 📱 Откройте Telegram бота для управления
21:55:03 - StarvellBot - INFO - 🎛️ Доступные команды:
21:55:03 - StarvellBot - INFO -    /start - начать работу
21:55:03 - StarvellBot - INFO -    /services - управление службами
21:55:03 - StarvellBot - INFO -    /config - редактирование настроек
21:55:03 - StarvellBot - INFO -    /status - статус служб
21:55:03 - StarvellBot - INFO -    /help - справка
21:55:03 - StarvellBot - INFO - 
21:55:03 - StarvellBot - INFO - ============================================================
21:55:03 - aiogram.dispatcher - INFO - Start polling
21:55:03 - aiogram.dispatcher - INFO - Run polling for bot @testzabwinobotsfadsgdsbot id=8298689795 - 'test'
21:55:18 - aiogram.event - INFO - Update id=826344904 is handled. Duration 268 ms by bot id=8298689795
21:55:19 - aiogram.event - INFO - Update id=826344905 is handled. Duration 258 ms by bot id=8298689795
21:55:20 - service_manager - INFO - ▶️ Запуск службы Orders Monitor...
21:55:20 - StarvellBot - INFO - 🟢 WebSocket connected
21:55:20 - StarvellBot - INFO - ⬅️  0{"sid":"fhT-jcDJhaWzYsYDAfHm","upgrades":[],"pingInterval":25000,"pingTimeout":20000,"maxPayload":1000000}
21:55:20 - StarvellBot - WARNING - ➡️  Connecting to namespace: /chats
21:55:20 - StarvellBot - WARNING - ➡️  Connecting to namespace: /user-notifications
21:55:20 - StarvellBot - WARNING - ➡️  Connecting to namespace: /orders
21:55:20 - StarvellBot - WARNING - ➡️  Connecting to namespace: /user-presence
21:55:20 - StarvellBot - WARNING - ➡️  Connecting to namespace: /online
21:55:20 - StarvellBot - INFO - ✅ WebSocket готов, запускаем проверку заказов
21:55:20 - StarvellBot - INFO - ⬅️  40/chats,{"sid":"PSDjGumJX1xaYd-XAfHn"}
21:55:20 - StarvellBot - INFO - ⬅️  40/user-notifications,{"sid":"-MCwcA-J2SzM9FRuAfHo"}
21:55:20 - StarvellBot - INFO - ⬅️  40/orders,{"sid":"xM5H4bb2vvtz3eYZAfHp"}
21:55:20 - StarvellBot - INFO - ⬅️  40/user-presence,{"sid":"d-68pR-8HwjUA5KaAfHq"}
21:55:20 - StarvellBot - INFO - ⬅️  40/online,{"sid":"HbE5MxB4i0gn910yAfHr"}
21:55:20 - service_manager - INFO - ✅ Служба Orders Monitor запущена
21:55:20 - aiogram.event - INFO - Update id=826344906 is handled. Duration 655 ms by bot id=8298689795
21:55:40 - aiogram.dispatcher - INFO - Polling stopped
