17:33:00 - StarvellBot - INFO - ✅ Логирование настроено
17:33:00 - StarvellBot - INFO - ============================================================
17:33:00 - StarvellBot - INFO - 🚀 StarvellBot Manager Starting...
17:33:00 - StarvellBot - INFO - ============================================================
17:33:00 - StarvellBot - INFO - 📋 Загрузка конфигурации...
17:33:00 - config_manager - INFO - ✅ Конфигурация загружена из config_data.json
17:33:00 - config_manager - INFO - ✅ config.py сгенерирован: config.py
17:33:01 - StarvellBot - INFO - 📱 Инициализация Telegram Manager...
17:33:01 - config_manager - INFO - ✅ Конфигурация загружена из config_data.json
17:33:01 - StarvellBot - INFO - 🤖 Инициализация StarvellBot...
17:33:01 - StarvellBot - INFO - ⚙️ Инициализация Service Manager...
17:33:01 - StarvellBot - INFO - ============================================================
17:33:01 - StarvellBot - INFO - ✅ Все компоненты инициализированы успешно!
17:33:01 - StarvellBot - INFO - ============================================================
17:33:01 - StarvellBot - INFO - 
17:33:01 - StarvellBot - INFO - 📱 Откройте Telegram бота для управления
17:33:01 - StarvellBot - INFO - 🎛️ Доступные команды:
17:33:01 - StarvellBot - INFO -    /start - начать работу
17:33:01 - StarvellBot - INFO -    /services - управление службами
17:33:01 - StarvellBot - INFO -    /config - редактирование настроек
17:33:01 - StarvellBot - INFO -    /status - статус служб
17:33:01 - StarvellBot - INFO -    /help - справка
17:33:01 - StarvellBot - INFO - 
17:33:01 - StarvellBot - INFO - ============================================================
17:33:01 - telegram_manager - INFO - 🚀 Запуск Telegram Manager...
17:33:01 - aiogram.dispatcher - INFO - Start polling
17:33:02 - aiogram.dispatcher - INFO - Run polling for bot @testzabwinobotsfadsgdsbot id=8298689795 - 'test'
17:33:02 - aiogram.event - INFO - Update id=826343426 is handled. Duration 357 ms by bot id=8298689795
17:33:28 - aiogram.event - INFO - Update id=826343427 is handled. Duration 180 ms by bot id=8298689795
17:33:29 - service_manager - INFO - ▶️ Запуск службы Orders Monitor...
17:33:29 - StarvellBot - INFO - 🟢 WebSocket connected
17:33:29 - StarvellBot - INFO - ⬅️  0{"sid":"MOCYfqZQhVPwN3GdADH3","upgrades":[],"pingInterval":25000,"pingTimeout":20000,"maxPayload":1000000}
17:33:29 - StarvellBot - WARNING - ➡️  Connecting to namespace: /chats
17:33:29 - StarvellBot - WARNING - ➡️  Connecting to namespace: /user-notifications
17:33:29 - StarvellBot - WARNING - ➡️  Connecting to namespace: /orders
17:33:29 - StarvellBot - WARNING - ➡️  Connecting to namespace: /user-presence
17:33:29 - StarvellBot - WARNING - ➡️  Connecting to namespace: /online
17:33:29 - StarvellBot - INFO - ✅ WebSocket готов, запускаем проверку заказов
17:33:29 - StarvellBot - INFO - ⬅️  40/chats,{"sid":"yAEDD7e83VRFS-oqADH4"}
17:33:29 - StarvellBot - INFO - ⬅️  40/user-notifications,{"sid":"eIKhZGap4UO9cbfKADH5"}
17:33:29 - StarvellBot - INFO - ⬅️  40/orders,{"sid":"YjF5NC04dZyKYFolADH6"}
17:33:29 - StarvellBot - INFO - ⬅️  40/user-presence,{"sid":"ylnv9Y-sroesV_BnADH7"}
17:33:29 - StarvellBot - INFO - ⬅️  40/online,{"sid":"AhF0_rRrD3Q4bIBeADH8"}
17:33:29 - StarvellBot - INFO - ⬅️  41/chats,
17:33:29 - StarvellBot - INFO - ⬅️  41/user-notifications,
17:33:29 - StarvellBot - INFO - ⬅️  41/orders,
17:33:29 - StarvellBot - INFO - ⬅️  41/user-presence,
17:33:29 - StarvellBot - INFO - ⬅️  41/online,
17:33:29 - service_manager - INFO - ✅ Служба Orders Monitor запущена
17:33:29 - aiogram.event - INFO - Update id=826343428 is handled. Duration 664 ms by bot id=8298689795
17:33:29 - StarvellBot - WARNING - Попытка 0 - пробуем еще раз
17:33:30 - StarvellBot - WARNING - Попытка 1 - пробуем еще раз
17:33:30 - StarvellBot - WARNING - ⚠️ Не удалось получить список заказов
17:33:31 - aiogram.event - INFO - Update id=826343429 is handled. Duration 168 ms by bot id=8298689795
17:33:31 - aiogram.event - INFO - Update id=826343430 is handled. Duration 162 ms by bot id=8298689795
17:33:32 - service_manager - INFO - ▶️ Запуск службы Price Dumper...
17:33:32 - StarvellBot - INFO - ✅ WebSocket готов, запускаем автопонижение цен
17:33:32 - StarvellBot - INFO - 🔄 Проверяем цены...
17:33:32 - service_manager - INFO - ✅ Служба Price Dumper запущена
17:33:32 - StarvellBot - INFO - Успешно парсили ордеры
17:33:32 - StarvellBot - INFO - 📦 Найдено 2 наших предложений
17:33:32 - StarvellBot - ERROR - ❌ Ошибка в dumper: 'offers'
17:33:32 - aiogram.event - INFO - Update id=826343431 is handled. Duration 669 ms by bot id=8298689795
17:33:54 - StarvellBot - INFO - ⬅️  2
17:34:03 - StarvellBot - INFO - 🔄 Проверяем цены...
17:34:04 - StarvellBot.Fragment - INFO - Wallet balance: 1.104038 TON
17:34:04 - StarvellBot - INFO - Успешно парсили ордеры
17:34:04 - StarvellBot - INFO - 📦 Найдено 2 наших предложений
17:34:04 - StarvellBot - ERROR - ❌ Ошибка в dumper: 'offers'
17:34:04 - StarvellBot - INFO - Успешно парсили ордеры
17:34:19 - StarvellBot - INFO - ⬅️  2
17:34:34 - StarvellBot - INFO - 🔄 Проверяем цены...
17:34:35 - StarvellBot - INFO - Успешно парсили ордеры
17:34:35 - StarvellBot - INFO - 📦 Найдено 2 наших предложений
17:34:35 - StarvellBot - ERROR - ❌ Ошибка в dumper: 'offers'
17:34:44 - StarvellBot - INFO - ⬅️  2
