01:10:52 - StarvellBot - INFO - ✅ Логирование настроено
01:10:52 - StarvellBot - INFO - ============================================================
01:10:52 - StarvellBot - INFO - 🚀 StarvellBot Manager Starting...
01:10:52 - StarvellBot - INFO - ============================================================
01:10:52 - StarvellBot - INFO - 📋 Загрузка конфигурации...
01:10:52 - config_manager - INFO - ✅ Конфигурация загружена из config_data.json
01:10:53 - StarvellBot - INFO - 🚀 Запуск Telegram Manager...
01:10:53 - StarvellBot - INFO - 🤖 Инициализация StarvellBot...
01:10:53 - StarvellBot - INFO - ⚙️ Инициализация Service Manager...
01:10:53 - StarvellBot - INFO - ============================================================
01:10:53 - StarvellBot - INFO - ✅ Все компоненты инициализированы успешно!
01:10:53 - StarvellBot - INFO - ============================================================
01:10:53 - StarvellBot - INFO - 
01:10:53 - StarvellBot - INFO - 📱 Откройте Telegram бота для управления
01:10:53 - StarvellBot - INFO - 🎛️ Доступные команды:
01:10:53 - StarvellBot - INFO -    /start - начать работу
01:10:53 - StarvellBot - INFO -    /services - управление службами
01:10:53 - StarvellBot - INFO -    /config - редактирование настроек
01:10:53 - StarvellBot - INFO -    /status - статус служб
01:10:53 - StarvellBot - INFO -    /help - справка
01:10:53 - StarvellBot - INFO - 
01:10:53 - StarvellBot - INFO - ============================================================
01:10:53 - aiogram.dispatcher - INFO - Start polling
01:10:53 - aiogram.dispatcher - INFO - Run polling for bot @starvellbrontobot id=8278054066 - 'StarvellBronto'
01:10:59 - aiogram.event - INFO - Update id=750237850 is handled. Duration 498 ms by bot id=8278054066
01:11:05 - aiogram.dispatcher - INFO - Polling stopped
