01:29:57 - StarvellBot - INFO - ✅ Логирование настроено
01:29:57 - StarvellBot - INFO - ============================================================
01:29:57 - StarvellBot - INFO - 🚀 StarvellBot Manager Starting...
01:29:57 - StarvellBot - INFO - ============================================================
01:29:57 - StarvellBot - INFO - 📋 Загрузка конфигурации...
01:29:57 - config_manager - INFO - ✅ Конфигурация загружена из config_data.json
01:29:58 - StarvellBot - INFO - 🚀 Запуск Telegram Manager...
01:29:58 - StarvellBot - INFO - 🤖 Инициализация StarvellBot...
01:29:58 - StarvellBot - INFO - ⚙️ Инициализация Service Manager...
01:29:58 - StarvellBot - INFO - ============================================================
01:29:58 - StarvellBot - INFO - ✅ Все компоненты инициализированы успешно!
01:29:58 - StarvellBot - INFO - ============================================================
01:29:58 - StarvellBot - INFO - 
01:29:58 - StarvellBot - INFO - 📱 Откройте Telegram бота для управления
01:29:58 - StarvellBot - INFO - 🎛️ Доступные команды:
01:29:58 - StarvellBot - INFO -    /start - начать работу
01:29:58 - StarvellBot - INFO -    /services - управление службами
01:29:58 - StarvellBot - INFO -    /config - редактирование настроек
01:29:58 - StarvellBot - INFO -    /status - статус служб
01:29:58 - StarvellBot - INFO -    /help - справка
01:29:58 - StarvellBot - INFO - 
01:29:58 - StarvellBot - INFO - ============================================================
01:29:58 - aiogram.dispatcher - INFO - Start polling
01:29:58 - aiogram.dispatcher - INFO - Run polling for bot @starvellbrontobot id=8278054066 - 'StarvellBronto'
01:29:58 - aiogram.event - INFO - Update id=750237852 is handled. Duration 219 ms by bot id=8278054066
01:29:58 - aiogram.event - INFO - Update id=750237853 is handled. Duration 238 ms by bot id=8278054066
01:29:58 - aiogram.event - INFO - Update id=750237851 is handled. Duration 270 ms by bot id=8278054066
01:30:02 - aiogram.event - INFO - Update id=750237854 is handled. Duration 114 ms by bot id=8278054066
01:30:11 - aiogram.event - INFO - Update id=750237855 is handled. Duration 168 ms by bot id=8278054066
01:30:12 - service_manager - INFO - ▶️ Запуск службы Orders Monitor...
01:30:12 - pyrogram.session.auth - INFO - Start creating a new auth key on DC2
01:30:12 - pyrogram.connection.connection - INFO - Connecting...
01:30:13 - pyrogram.connection.connection - INFO - Connected! Production DC2 - IPv4
01:30:13 - service_manager - INFO - ✅ Служба Orders Monitor запущена
01:30:13 - aiogram.event - INFO - Update id=750237856 is handled. Duration 652 ms by bot id=8278054066
01:30:14 - pyrogram.session.auth - INFO - Done auth key exchange: DhGenOk
01:30:14 - pyrogram.connection.connection - INFO - Disconnected
01:30:14 - pyrogram.connection.connection - INFO - Connecting...
01:30:14 - pyrogram.connection.connection - INFO - Connected! Production DC2 - IPv4
01:30:14 - pyrogram.session.session - INFO - NetworkTask started
01:30:14 - pyrogram.client - INFO - Time synced: 2026-03-03 01:30:15.885102
01:30:14 - pyrogram.session.session - INFO - Session initialized: Pyrogram v2.2.19 (Layer 222)
01:30:14 - pyrogram.session.session - INFO - Device: CPython 3.13.5 - Pyrogram 2.2.19
01:30:14 - pyrogram.session.session - INFO - System: Windows 10 (en)
01:30:14 - pyrogram.session.session - INFO - Session started
01:30:14 - pyrogram.session.session - INFO - PingTask started
01:30:19 - aiogram.dispatcher - INFO - Polling stopped
01:30:19 - pyrogram.session.session - INFO - PingTask stopped
01:30:19 - pyrogram.session.session - INFO - NetworkTask stopped
01:30:19 - pyrogram.connection.connection - INFO - Disconnected
01:30:19 - pyrogram.session.session - INFO - Session stopped
01:30:19 - service_manager - ERROR - ❌ Ошибка в службе Orders Monitor: UnicodeDecodeError: 'utf-8' codec can't decode byte 0xff in position 0: invalid start byte
01:30:19 - StarvellBot - INFO - 👋 Завершение работы...
01:30:19 - aiogram.dispatcher - INFO - Polling stopped for bot @starvellbrontobot id=8278054066 - 'StarvellBronto'
01:30:19 - StarvellBot - INFO - ⏸ Остановка по Ctrl+C
