17:54:47 - StarvellBot - INFO - ✅ Логирование настроено
17:54:47 - StarvellBot - INFO - ============================================================
17:54:47 - StarvellBot - INFO - 🚀 StarvellBot Manager Starting...
17:54:47 - StarvellBot - INFO - ============================================================
17:54:47 - StarvellBot - INFO - 📋 Загрузка конфигурации...
17:54:47 - config_manager - INFO - ✅ Конфигурация загружена из config_data.json
17:54:48 - StarvellBot - INFO - 🚀 Запуск Telegram Manager...
17:54:48 - StarvellBot - INFO - 🤖 Инициализация StarvellBot...
17:54:48 - StarvellBot - INFO - ⚙️ Инициализация Service Manager...
17:54:48 - StarvellBot - INFO - ============================================================
17:54:48 - StarvellBot - INFO - ✅ Все компоненты инициализированы успешно!
17:54:48 - StarvellBot - INFO - ============================================================
17:54:48 - StarvellBot - INFO - 
17:54:48 - StarvellBot - INFO - 📱 Откройте Telegram бота для управления
17:54:48 - StarvellBot - INFO - 🎛️ Доступные команды:
17:54:48 - StarvellBot - INFO -    /start - начать работу
17:54:48 - StarvellBot - INFO -    /services - управление службами
17:54:48 - StarvellBot - INFO -    /config - редактирование настроек
17:54:48 - StarvellBot - INFO -    /status - статус служб
17:54:48 - StarvellBot - INFO -    /help - справка
17:54:48 - StarvellBot - INFO - 
17:54:48 - StarvellBot - INFO - ============================================================
17:54:48 - aiogram.dispatcher - INFO - Start polling
17:54:48 - aiogram.dispatcher - INFO - Run polling for bot @testzabwinobotsfadsgdsbot id=8298689795 - 'test'
17:54:48 - aiogram.event - INFO - Update id=826344603 is handled. Duration 212 ms by bot id=8298689795
17:54:52 - aiogram.event - INFO - Update id=826344604 is handled. Duration 158 ms by bot id=8298689795
17:54:53 - service_manager - INFO - ▶️ Запуск службы Orders Monitor...
17:54:53 - StarvellBot - INFO - 🟢 WebSocket connected
17:54:53 - StarvellBot - INFO - ⬅️  0{"sid":"r2hMPpjr0qD4dvjDAdCZ","upgrades":[],"pingInterval":25000,"pingTimeout":20000,"maxPayload":1000000}
17:54:53 - StarvellBot - WARNING - ➡️  Connecting to namespace: /chats
17:54:53 - StarvellBot - WARNING - ➡️  Connecting to namespace: /user-notifications
17:54:53 - StarvellBot - WARNING - ➡️  Connecting to namespace: /orders
17:54:53 - StarvellBot - WARNING - ➡️  Connecting to namespace: /user-presence
17:54:53 - StarvellBot - WARNING - ➡️  Connecting to namespace: /online
17:54:53 - StarvellBot - INFO - ✅ WebSocket готов, запускаем проверку заказов
17:54:53 - StarvellBot - INFO - ⬅️  40/chats,{"sid":"G1lxOtqWDzs6ORS0AdCa"}
17:54:53 - StarvellBot - INFO - ⬅️  40/user-notifications,{"sid":"Xp6r-LDUiQiXWumFAdCb"}
17:54:53 - StarvellBot - INFO - ⬅️  40/orders,{"sid":"e-23hSmcBDLX03NxAdCc"}
17:54:53 - StarvellBot - INFO - ⬅️  40/user-presence,{"sid":"1F0203m_WBP-ja91AdCd"}
17:54:53 - StarvellBot - INFO - ⬅️  40/online,{"sid":"NJx-Gyxsur771_KTAdCe"}
17:54:54 - service_manager - INFO - ✅ Служба Orders Monitor запущена
17:54:54 - aiogram.event - INFO - Update id=826344605 is handled. Duration 718 ms by bot id=8298689795
17:54:55 - service_manager - INFO - ▶️ Запуск службы Price Dumper...
17:54:55 - StarvellBot - INFO - ✅ WebSocket готов, запускаем автопонижение цен
17:54:55 - StarvellBot - INFO - 🔄 Проверяем цены...
17:54:56 - service_manager - INFO - ✅ Служба Price Dumper запущена
17:54:56 - StarvellBot - INFO - Успешно парсили ордеры
17:54:56 - StarvellBot - INFO - 📦 Найдено 2 наших предложений
17:54:56 - StarvellBot - ERROR - Отсутствует айди в описании предложения при демпинге
17:54:56 - StarvellBot - ERROR - отсутствует категория демпинге
17:54:56 - StarvellBot - ERROR - Отсутствует айди в описании предложения при демпинге
17:54:56 - StarvellBot - ERROR - отсутствует категория демпинге
17:54:56 - StarvellBot - ERROR - Отсутствует айди в описании предложения при демпинге
17:54:56 - StarvellBot - ERROR - отсутствует категория демпинге
17:54:56 - StarvellBot - ERROR - Отсутствует айди в описании предложения при демпинге
17:54:56 - StarvellBot - ERROR - отсутствует категория демпинге
17:54:56 - StarvellBot - ERROR - Отсутствует айди в описании предложения при демпинге
17:54:56 - StarvellBot - ERROR - отсутствует категория демпинге
17:54:56 - aiogram.event - INFO - Update id=826344606 is handled. Duration 658 ms by bot id=8298689795
17:54:56 - StarvellBot - INFO - ✅ Цена обновлена: 32.5₽ (ID: 158554)
17:54:57 - StarvellBot - ERROR - Отсутствует айди в описании предложения при демпинге
17:54:57 - StarvellBot - ERROR - отсутствует категория демпинге
17:54:57 - StarvellBot - ERROR - Отсутствует айди в описании предложения при демпинге
17:54:57 - StarvellBot - ERROR - отсутствует категория демпинге
17:54:57 - StarvellBot - ERROR - Отсутствует айди в описании предложения при демпинге
17:54:57 - StarvellBot - ERROR - отсутствует категория демпинге
17:54:57 - StarvellBot - ERROR - Отсутствует айди в описании предложения при демпинге
17:54:57 - StarvellBot - ERROR - отсутствует категория демпинге
17:54:57 - StarvellBot - ERROR - Отсутствует айди в описании предложения при демпинге
17:54:57 - StarvellBot - ERROR - отсутствует категория демпинге
17:54:57 - StarvellBot - ERROR - Отсутствует айди в описании предложения при демпинге
17:54:57 - StarvellBot - ERROR - отсутствует категория демпинге
17:54:57 - StarvellBot - ERROR - Отсутствует айди в описании предложения при демпинге
17:54:57 - StarvellBot - ERROR - отсутствует категория демпинге
17:54:57 - StarvellBot - INFO - ✅ Проверка цен завершена
17:55:06 - aiogram.dispatcher - INFO - Polling stopped
