16:26:55 - StarvellBot - INFO - ✅ Логирование настроено
16:26:55 - StarvellBot - INFO - ============================================================
16:26:55 - StarvellBot - INFO - 🚀 StarvellBot Manager Starting...
16:26:55 - StarvellBot - INFO - ============================================================
16:26:55 - StarvellBot - INFO - 📋 Загрузка конфигурации...
16:26:55 - config_manager - INFO - ✅ Конфигурация загружена из config_data.json
16:26:56 - pyrogram.crypto.aes - WARNING - TgCrypto is missing! Pyrogram will work the same, but at a much slower speed. More info: https://docs.pyrogram.org/topics/speedups
16:26:57 - StarvellBot - INFO - 🚀 Запуск Telegram Manager...
16:26:57 - StarvellBot - INFO - 🤖 Инициализация StarvellBot...
16:26:57 - StarvellBot - INFO - ⚙️ Инициализация Service Manager...
16:26:57 - StarvellBot - INFO - ============================================================
16:26:57 - StarvellBot - INFO - ✅ Все компоненты инициализированы успешно!
16:26:57 - StarvellBot - INFO - ============================================================
16:26:57 - StarvellBot - INFO - 
16:26:57 - StarvellBot - INFO - 📱 Откройте Telegram бота для управления
16:26:57 - StarvellBot - INFO - 🎛️ Доступные команды:
16:26:57 - StarvellBot - INFO -    /start - начать работу
16:26:57 - StarvellBot - INFO -    /services - управление службами
16:26:57 - StarvellBot - INFO -    /config - редактирование настроек
16:26:57 - StarvellBot - INFO -    /status - статус служб
16:26:57 - StarvellBot - INFO -    /help - справка
16:26:57 - StarvellBot - INFO - 
16:26:57 - StarvellBot - INFO - ============================================================
16:26:57 - aiogram.dispatcher - INFO - Start polling
16:26:57 - pyrogram.session.auth - INFO - Start creating a new auth key on DC2
16:26:57 - pyrogram.connection.connection - INFO - Connecting...
16:26:57 - pyrogram.connection.connection - INFO - Connected! Production DC2 - IPv4
16:26:57 - aiogram.dispatcher - INFO - Run polling for bot @testzabwinobotsfadsgdsbot id=8298689795 - 'test'
16:26:58 - pyrogram.session.auth - INFO - Done auth key exchange: DhGenOk
16:26:58 - pyrogram.connection.connection - INFO - Disconnected
16:26:58 - pyrogram.connection.connection - INFO - Connecting...
16:26:59 - aiogram.event - INFO - Update id=826343911 is handled. Duration 223 ms by bot id=8298689795
16:26:59 - pyrogram.connection.connection - INFO - Connected! Production DC2 - IPv4
16:26:59 - pyrogram.session.session - INFO - NetworkTask started
16:26:59 - pyrogram.client - INFO - Time synced: 2026-02-27 16:26:59.795895
16:26:59 - pyrogram.session.session - INFO - Session initialized: Pyrogram v2.2.19 (Layer 222)
16:26:59 - pyrogram.session.session - INFO - Device: CPython 3.13.5 - Pyrogram 2.2.19
16:26:59 - pyrogram.session.session - INFO - System: Windows 10 (en)
16:26:59 - pyrogram.session.session - INFO - Session started
16:26:59 - pyrogram.session.session - INFO - PingTask started
16:27:00 - aiogram.event - INFO - Update id=826343912 is handled. Duration 165 ms by bot id=8298689795
16:27:03 - aiogram.event - INFO - Update id=826343913 is handled. Duration 150 ms by bot id=8298689795
16:27:06 - aiogram.event - INFO - Update id=826343914 is handled. Duration 182 ms by bot id=8298689795
16:27:07 - config_manager - INFO - ✅ Конфигурация сохранена в config_data.json
16:27:08 - aiogram.event - INFO - Update id=826343915 is handled. Duration 169 ms by bot id=8298689795
16:27:09 - aiogram.event - INFO - Update id=826343916 is handled. Duration 185 ms by bot id=8298689795
16:27:13 - aiogram.event - INFO - Update id=826343917 is handled. Duration 175 ms by bot id=8298689795
16:27:18 - config_manager - INFO - ✅ Конфигурация сохранена в config_data.json
16:27:18 - aiogram.event - INFO - Update id=826343918 is handled. Duration 195 ms by bot id=8298689795
16:27:42 - config_manager - INFO - ✅ Конфигурация сохранена в config_data.json
16:27:42 - aiogram.event - INFO - Update id=826343919 is handled. Duration 178 ms by bot id=8298689795
16:27:57 - config_manager - INFO - ✅ Конфигурация сохранена в config_data.json
16:27:57 - aiogram.event - INFO - Update id=826343920 is handled. Duration 305 ms by bot id=8298689795
16:27:59 - config_manager - INFO - ✅ Конфигурация сохранена в config_data.json
16:27:59 - aiogram.event - INFO - Update id=826343921 is handled. Duration 178 ms by bot id=8298689795
16:28:07 - aiogram.event - INFO - Update id=826343922 is not handled. Duration 174 ms by bot id=8298689795
16:28:07 - aiogram.event - ERROR - Cause exception while process update id=826343922 by bot id=8298689795
IndexError: list index out of range
Traceback (most recent call last):
  File "C:\Users\ezhik\PycharmProjects\PythonProject5\.venv\Lib\site-packages\aiogram\dispatcher\dispatcher.py", line 320, in _process_update
    response = await self.feed_update(bot, update, **kwargs)
               ^^^^^^^^^^^^^^^^^^^^^^^^^^^^^^^^^^^^^^^^^^^^^
  File "C:\Users\ezhik\PycharmProjects\PythonProject5\.venv\Lib\site-packages\aiogram\dispatcher\dispatcher.py", line 164, in feed_update
    response = await self.update.wrap_outer_middleware(
               ^^^^^^^^^^^^^^^^^^^^^^^^^^^^^^^^^^^^^^^^
    ...<7 lines>...
    )
    ^
  File "C:\Users\ezhik\PycharmProjects\PythonProject5\.venv\Lib\site-packages\aiogram\dispatcher\middlewares\error.py", line 27, in __call__
    return await handler(event, data)
           ^^^^^^^^^^^^^^^^^^^^^^^^^^
  File "C:\Users\ezhik\PycharmProjects\PythonProject5\.venv\Lib\site-packages\aiogram\dispatcher\middlewares\user_context.py", line 58, in __call__
    return await handler(event, data)
           ^^^^^^^^^^^^^^^^^^^^^^^^^^
  File "C:\Users\ezhik\PycharmProjects\PythonProject5\.venv\Lib\site-packages\aiogram\fsm\middleware.py", line 43, in __call__
    return await handler(event, data)
           ^^^^^^^^^^^^^^^^^^^^^^^^^^
  File "C:\Users\ezhik\PycharmProjects\PythonProject5\.venv\Lib\site-packages\aiogram\dispatcher\event\telegram.py", line 126, in trigger
    return await wrapped_inner(event, kwargs)
           ^^^^^^^^^^^^^^^^^^^^^^^^^^^^^^^^^^
  File "C:\Users\ezhik\PycharmProjects\PythonProject5\.venv\Lib\site-packages\aiogram\dispatcher\event\handler.py", line 71, in call
    return await wrapped()
           ^^^^^^^^^^^^^^^
  File "C:\Users\ezhik\PycharmProjects\PythonProject5\.venv\Lib\site-packages\aiogram\dispatcher\dispatcher.py", line 283, in _listen_update
    return await self.propagate_event(update_type=update_type, event=event, **kwargs)
           ^^^^^^^^^^^^^^^^^^^^^^^^^^^^^^^^^^^^^^^^^^^^^^^^^^^^^^^^^^^^^^^^^^^^^^^^^^
  File "C:\Users\ezhik\PycharmProjects\PythonProject5\.venv\Lib\site-packages\aiogram\dispatcher\router.py", line 161, in propagate_event
    return await observer.wrap_outer_middleware(_wrapped, event=event, data=kwargs)
           ^^^^^^^^^^^^^^^^^^^^^^^^^^^^^^^^^^^^^^^^^^^^^^^^^^^^^^^^^^^^^^^^^^^^^^^^
  File "C:\Users\ezhik\PycharmProjects\PythonProject5\.venv\Lib\site-packages\aiogram\dispatcher\router.py", line 153, in _wrapped
    return await self._propagate_event(
           ^^^^^^^^^^^^^^^^^^^^^^^^^^^^
    ...<4 lines>...
    )
    ^
  File "C:\Users\ezhik\PycharmProjects\PythonProject5\.venv\Lib\site-packages\aiogram\dispatcher\router.py", line 189, in _propagate_event
    response = await router.propagate_event(update_type=update_type, event=event, **kwargs)
               ^^^^^^^^^^^^^^^^^^^^^^^^^^^^^^^^^^^^^^^^^^^^^^^^^^^^^^^^^^^^^^^^^^^^^^^^^^^^
  File "C:\Users\ezhik\PycharmProjects\PythonProject5\.venv\Lib\site-packages\aiogram\dispatcher\router.py", line 161, in propagate_event
    return await observer.wrap_outer_middleware(_wrapped, event=event, data=kwargs)
           ^^^^^^^^^^^^^^^^^^^^^^^^^^^^^^^^^^^^^^^^^^^^^^^^^^^^^^^^^^^^^^^^^^^^^^^^
  File "C:\Users\ezhik\PycharmProjects\PythonProject5\.venv\Lib\site-packages\aiogram\dispatcher\router.py", line 153, in _wrapped
    return await self._propagate_event(
           ^^^^^^^^^^^^^^^^^^^^^^^^^^^^
    ...<4 lines>...
    )
    ^
  File "C:\Users\ezhik\PycharmProjects\PythonProject5\.venv\Lib\site-packages\aiogram\dispatcher\router.py", line 181, in _propagate_event
    response = await observer.trigger(event, **kwargs)
               ^^^^^^^^^^^^^^^^^^^^^^^^^^^^^^^^^^^^^^^
  File "C:\Users\ezhik\PycharmProjects\PythonProject5\.venv\Lib\site-packages\aiogram\dispatcher\event\telegram.py", line 126, in trigger
    return await wrapped_inner(event, kwargs)
           ^^^^^^^^^^^^^^^^^^^^^^^^^^^^^^^^^^
  File "C:\Users\ezhik\PycharmProjects\PythonProject5\.venv\Lib\site-packages\aiogram\dispatcher\event\handler.py", line 71, in call
    return await wrapped()
           ^^^^^^^^^^^^^^^
  File "C:\Users\ezhik\PycharmProjects\PythonProject5\telegram_manager.py", line 619, in process_config_value_advanced_message
    allowed_fields[new_step]
    ~~~~~~~~~~~~~~^^^^^^^^^^
IndexError: list index out of range
16:31:09 - aiogram.dispatcher - INFO - Polling stopped
16:31:09 - pyrogram.session.session - INFO - PingTask stopped
16:31:09 - pyrogram.session.session - INFO - NetworkTask stopped
16:31:09 - pyrogram.connection.connection - INFO - Disconnected
16:31:09 - pyrogram.session.session - INFO - Session stopped
16:31:09 - asyncio - ERROR - Task exception was never retrieved
future: <Task finished name='Task-2' coro=<StarsAPIGiver.init_sessions() done, defined at C:\Users\ezhik\PycharmProjects\PythonProject5\stars_api_giver.py:23> exception=UnicodeDecodeError('utf-8', b'\xff', 0, 1, 'invalid start byte')>
Traceback (most recent call last):
  File "C:\Users\ezhik\PycharmProjects\PythonProject5\stars_api_giver.py", line 27, in init_sessions
    self.balances[session] = await self.get_star_balance(session)
                             ^^^^^^^^^^^^^^^^^^^^^^^^^^^^^^^^^^^^
  File "C:\Users\ezhik\PycharmProjects\PythonProject5\stars_api_giver.py", line 31, in get_star_balance
    async with Client(session, self.api_id, self.api_hash) as app:
               ~~~~~~^^^^^^^^^^^^^^^^^^^^^^^^^^^^^^^^^^^^^
  File "C:\Users\ezhik\PycharmProjects\PythonProject5\.venv\Lib\site-packages\pyrogram\client.py", line 441, in __aenter__
    return await self.start()
           ^^^^^^^^^^^^^^^^^^
  File "C:\Users\ezhik\PycharmProjects\PythonProject5\.venv\Lib\site-packages\pyrogram\methods\utilities\start.py", line 89, in start
    await self.authorize()
  File "C:\Users\ezhik\PycharmProjects\PythonProject5\.venv\Lib\site-packages\pyrogram\client.py", line 474, in authorize
    value = await ainput("Enter phone number or bot token: ", loop=self.loop)
            ^^^^^^^^^^^^^^^^^^^^^^^^^^^^^^^^^^^^^^^^^^^^^^^^^^^^^^^^^^^^^^^^^
  File "C:\Users\ezhik\PycharmProjects\PythonProject5\.venv\Lib\site-packages\pyrogram\utils.py", line 57, in ainput
    return await loop.run_in_executor(executor, func)
           ^^^^^^^^^^^^^^^^^^^^^^^^^^^^^^^^^^^^^^^^^^
  File "C:\Users\ezhik\AppData\Local\Programs\Python\Python313\Lib\concurrent\futures\thread.py", line 59, in run
    result = self.fn(*self.args, **self.kwargs)
  File "<frozen codecs>", line 325, in decode
UnicodeDecodeError: 'utf-8' codec can't decode byte 0xff in position 0: invalid start byte
