16:52:30 - StarvellBot - INFO - ✅ Логирование настроено
16:52:30 - StarvellBot - INFO - ============================================================
16:52:30 - StarvellBot - INFO - 🚀 StarvellBot Manager Starting...
16:52:30 - StarvellBot - INFO - ============================================================
16:52:30 - StarvellBot - INFO - 📋 Загрузка конфигурации...
16:52:30 - config_manager - INFO - ✅ Конфигурация загружена из config_data.json
16:52:37 - pyrogram.crypto.aes - WARNING - TgCrypto is missing! Pyrogram will work the same, but at a much slower speed. More info: https://docs.pyrogram.org/topics/speedups
16:52:38 - StarvellBot - INFO - 🚀 Запуск Telegram Manager...
16:52:38 - StarvellBot - INFO - 🤖 Инициализация StarvellBot...
16:52:38 - StarvellBot - INFO - ⚙️ Инициализация Service Manager...
16:52:38 - StarvellBot - INFO - ============================================================
16:52:38 - StarvellBot - INFO - ✅ Все компоненты инициализированы успешно!
16:52:38 - StarvellBot - INFO - ============================================================
16:52:38 - StarvellBot - INFO - 
16:52:38 - StarvellBot - INFO - 📱 Откройте Telegram бота для управления
16:52:38 - StarvellBot - INFO - 🎛️ Доступные команды:
16:52:38 - StarvellBot - INFO -    /start - начать работу
16:52:38 - StarvellBot - INFO -    /services - управление службами
16:52:38 - StarvellBot - INFO -    /config - редактирование настроек
16:52:38 - StarvellBot - INFO -    /status - статус служб
16:52:38 - StarvellBot - INFO -    /help - справка
16:52:38 - StarvellBot - INFO - 
16:52:38 - StarvellBot - INFO - ============================================================
16:52:38 - aiogram.dispatcher - INFO - Start polling
16:52:38 - aiogram.dispatcher - INFO - Run polling for bot @testzabwinobotsfadsgdsbot id=8298689795 - 'test'
16:52:47 - aiogram.event - INFO - Update id=826343671 is handled. Duration 211 ms by bot id=8298689795
16:52:48 - aiogram.event - INFO - Update id=826343672 is not handled. Duration 1 ms by bot id=8298689795
16:54:21 - aiogram.dispatcher - INFO - Polling stopped
