02:33:39 - StarvellBot - INFO - ✅ Логирование настроено
02:33:39 - StarvellBot - INFO - ============================================================
02:33:39 - StarvellBot - INFO - 🚀 StarvellBot Manager Starting...
02:33:39 - StarvellBot - INFO - ============================================================
02:33:39 - StarvellBot - INFO - 📋 Загрузка конфигурации...
02:33:39 - config_manager - INFO - ✅ Конфигурация загружена из config_data.json
02:33:40 - StarvellBot - INFO - 🚀 Запуск Telegram Manager...
02:33:40 - StarvellBot - INFO - 🤖 Инициализация StarvellBot...
02:33:40 - StarvellBot - INFO - ⚙️ Инициализация Service Manager...
02:33:40 - StarvellBot - INFO - ============================================================
02:33:40 - StarvellBot - INFO - ✅ Все компоненты инициализированы успешно!
02:33:40 - StarvellBot - INFO - ============================================================
02:33:40 - StarvellBot - INFO - 
02:33:40 - StarvellBot - INFO - 📱 Откройте Telegram бота для управления
02:33:40 - StarvellBot - INFO - 🎛️ Доступные команды:
02:33:40 - StarvellBot - INFO -    /start - начать работу
02:33:40 - StarvellBot - INFO -    /services - управление службами
02:33:40 - StarvellBot - INFO -    /config - редактирование настроек
02:33:40 - StarvellBot - INFO -    /status - статус служб
02:33:40 - StarvellBot - INFO -    /help - справка
02:33:40 - StarvellBot - INFO - 
02:33:40 - StarvellBot - INFO - ============================================================
02:33:40 - aiogram.dispatcher - INFO - Start polling
02:33:40 - pyrogram.session.auth - INFO - Start creating a new auth key on DC2
02:33:40 - pyrogram.connection.connection - INFO - Connecting...
02:33:40 - pyrogram.connection.connection - INFO - Connected! Production DC2 - IPv4
02:33:41 - aiogram.dispatcher - INFO - Run polling for bot @testzabwinobotsfadsgdsbot id=8298689795 - 'test'
02:33:42 - pyrogram.session.auth - INFO - Done auth key exchange: DhGenOk
02:33:42 - pyrogram.connection.connection - INFO - Disconnected
02:33:42 - pyrogram.connection.connection - INFO - Connecting...
02:33:42 - pyrogram.connection.connection - INFO - Connected! Production DC2 - IPv4
02:33:42 - pyrogram.session.session - INFO - NetworkTask started
02:33:42 - pyrogram.client - INFO - Time synced: 2026-02-28 02:33:43.562819
02:33:42 - pyrogram.session.session - INFO - Session initialized: Pyrogram v2.2.19 (Layer 222)
02:33:42 - pyrogram.session.session - INFO - Device: CPython 3.13.5 - Pyrogram 2.2.19
02:33:42 - pyrogram.session.session - INFO - System: Windows 10 (en)
02:33:42 - pyrogram.session.session - INFO - Session started
02:33:42 - pyrogram.session.session - INFO - PingTask started
02:33:44 - aiogram.event - INFO - Update id=826344120 is handled. Duration 266 ms by bot id=8298689795
02:33:45 - config_manager - INFO - ✅ Конфигурация сохранена в config_data.json
02:33:45 - aiogram.event - INFO - Update id=826344121 is handled. Duration 191 ms by bot id=8298689795
02:33:49 - aiogram.event - INFO - Update id=826344122 is handled. Duration 151 ms by bot id=8298689795
02:33:50 - aiogram.event - INFO - Update id=826344123 is handled. Duration 234 ms by bot id=8298689795
02:34:02 - config_manager - INFO - ✅ Конфигурация сохранена в config_data.json
02:34:02 - aiogram.event - INFO - Update id=826344124 is handled. Duration 160 ms by bot id=8298689795
02:34:07 - config_manager - INFO - ✅ Конфигурация сохранена в config_data.json
02:34:07 - aiogram.event - INFO - Update id=826344125 is handled. Duration 163 ms by bot id=8298689795
02:34:11 - aiogram.event - INFO - Update id=826344126 is handled. Duration 164 ms by bot id=8298689795
02:34:13 - config_manager - INFO - ✅ Конфигурация сохранена в config_data.json
02:34:13 - aiogram.event - INFO - Update id=826344127 is handled. Duration 162 ms by bot id=8298689795
02:34:24 - config_manager - INFO - ✅ Конфигурация сохранена в config_data.json
02:34:25 - aiogram.event - INFO - Update id=826344128 is handled. Duration 233 ms by bot id=8298689795
02:34:26 - aiogram.event - INFO - Update id=826344129 is handled. Duration 174 ms by bot id=8298689795
02:36:55 - aiogram.dispatcher - INFO - Polling stopped
02:36:55 - pyrogram.session.session - INFO - PingTask stopped
02:36:55 - pyrogram.session.session - INFO - NetworkTask stopped
02:36:55 - pyrogram.connection.connection - INFO - Disconnected
02:36:55 - pyrogram.session.session - INFO - Session stopped
02:36:55 - asyncio - ERROR - Task exception was never retrieved
future: <Task finished name='Task-2' coro=<StarsAPIGiver.init_sessions() done, defined at C:\Users\ezhik\PycharmProjects\PythonProject5\stars_api_giver.py:28> exception=UnicodeDecodeError('utf-8', b'\xff', 0, 1, 'invalid start byte')>
Traceback (most recent call last):
  File "C:\Users\ezhik\PycharmProjects\PythonProject5\stars_api_giver.py", line 32, in init_sessions
    self.balances[session] = await self.get_star_balance(session)
                             ^^^^^^^^^^^^^^^^^^^^^^^^^^^^^^^^^^^^
  File "C:\Users\ezhik\PycharmProjects\PythonProject5\stars_api_giver.py", line 36, in get_star_balance
    async with Client(session, self.api_id, self.api_hash) as app:
               ~~~~~~^^^^^^^^^^^^^^^^^^^^^^^^^^^^^^^^^^^^^
  File "C:\Users\ezhik\PycharmProjects\PythonProject5\.venv\Lib\site-packages\pyrogram\client.py", line 441, in __aenter__
    return await self.start()
           ^^^^^^^^^^^^^^^^^^
  File "C:\Users\ezhik\PycharmProjects\PythonProject5\.venv\Lib\site-packages\pyrogram\methods\utilities\start.py", line 89, in start
    await self.authorize()
  File "C:\Users\ezhik\PycharmProjects\PythonProject5\.venv\Lib\site-packages\pyrogram\client.py", line 474, in authorize
    value = await ainput("Enter phone number or bot token: ", loop=self.loop)
            ^^^^^^^^^^^^^^^^^^^^^^^^^^^^^^^^^^^^^^^^^^^^^^^^^^^^^^^^^^^^^^^^^
  File "C:\Users\ezhik\PycharmProjects\PythonProject5\.venv\Lib\site-packages\pyrogram\utils.py", line 57, in ainput
    return await loop.run_in_executor(executor, func)
           ^^^^^^^^^^^^^^^^^^^^^^^^^^^^^^^^^^^^^^^^^^
  File "C:\Users\ezhik\AppData\Local\Programs\Python\Python313\Lib\concurrent\futures\thread.py", line 59, in run
    result = self.fn(*self.args, **self.kwargs)
  File "<frozen codecs>", line 325, in decode
UnicodeDecodeError: 'utf-8' codec can't decode byte 0xff in position 0: invalid start byte
