02:18:33 - StarvellBot - INFO - ✅ Логирование настроено
02:18:33 - StarvellBot - INFO - ============================================================
02:18:33 - StarvellBot - INFO - 🚀 StarvellBot Manager Starting...
02:18:33 - StarvellBot - INFO - ============================================================
02:18:33 - StarvellBot - INFO - 📋 Загрузка конфигурации...
02:18:33 - config_manager - INFO - ✅ Конфигурация загружена из config_data.json
02:18:34 - StarvellBot - INFO - 🚀 Запуск Telegram Manager...
02:18:34 - StarvellBot - INFO - 🤖 Инициализация StarvellBot...
02:18:34 - StarvellBot - INFO - ⚙️ Инициализация Service Manager...
02:18:34 - StarvellBot - INFO - ============================================================
02:18:34 - StarvellBot - INFO - ✅ Все компоненты инициализированы успешно!
02:18:34 - StarvellBot - INFO - ============================================================
02:18:34 - StarvellBot - INFO - 
02:18:34 - StarvellBot - INFO - 📱 Откройте Telegram бота для управления
02:18:34 - StarvellBot - INFO - 🎛️ Доступные команды:
02:18:34 - StarvellBot - INFO -    /start - начать работу
02:18:34 - StarvellBot - INFO -    /services - управление службами
02:18:34 - StarvellBot - INFO -    /config - редактирование настроек
02:18:34 - StarvellBot - INFO -    /status - статус служб
02:18:34 - StarvellBot - INFO -    /help - справка
02:18:34 - StarvellBot - INFO - 
02:18:34 - StarvellBot - INFO - ============================================================
02:18:34 - aiogram.dispatcher - INFO - Start polling
02:18:34 - aiogram.dispatcher - INFO - Run polling for bot @testzabwinobotsfadsgdsbot id=8298689795 - 'test'
02:18:35 - aiogram.event - INFO - Update id=826343562 is handled. Duration 334 ms by bot id=8298689795
02:18:36 - aiogram.event - INFO - Update id=826343563 is handled. Duration 148 ms by bot id=8298689795
02:18:38 - aiogram.event - INFO - Update id=826343564 is handled. Duration 147 ms by bot id=8298689795
02:18:39 - aiogram.event - INFO - Update id=826343565 is handled. Duration 140 ms by bot id=8298689795
02:18:40 - aiogram.event - INFO - Update id=826343566 is handled. Duration 168 ms by bot id=8298689795
02:18:42 - aiogram.event - INFO - Update id=826343567 is handled. Duration 79 ms by bot id=8298689795
02:19:12 - aiogram.dispatcher - INFO - Polling stopped
