23:30:34 - StarvellBot - INFO - ✅ Логирование настроено
23:30:34 - StarvellBot - INFO - ============================================================
23:30:34 - StarvellBot - INFO - 🚀 StarvellBot Manager Starting...
23:30:34 - StarvellBot - INFO - ============================================================
23:30:34 - StarvellBot - INFO - 📋 Загрузка конфигурации...
23:30:34 - config_manager - INFO - ✅ Конфигурация загружена из config_data.json
23:30:35 - StarvellBot - INFO - 🚀 Запуск Telegram Manager...
23:30:35 - StarvellBot - INFO - 🤖 Инициализация StarvellBot...
23:30:35 - StarvellBot - INFO - ⚙️ Инициализация Service Manager...
23:30:35 - StarvellBot - INFO - ============================================================
23:30:35 - StarvellBot - INFO - ✅ Все компоненты инициализированы успешно!
23:30:35 - StarvellBot - INFO - ============================================================
23:30:35 - StarvellBot - INFO - 
23:30:35 - StarvellBot - INFO - 📱 Откройте Telegram бота для управления
23:30:35 - StarvellBot - INFO - 🎛️ Доступные команды:
23:30:35 - StarvellBot - INFO -    /start - начать работу
23:30:35 - StarvellBot - INFO -    /services - управление службами
23:30:35 - StarvellBot - INFO -    /config - редактирование настроек
23:30:35 - StarvellBot - INFO -    /status - статус служб
23:30:35 - StarvellBot - INFO -    /help - справка
23:30:35 - StarvellBot - INFO - 
23:30:35 - StarvellBot - INFO - ============================================================
23:30:35 - aiogram.dispatcher - INFO - Start polling
23:30:35 - aiogram.dispatcher - INFO - Run polling for bot @testzabwinobotsfadsgdsbot id=8298689795 - 'test'
23:30:36 - aiogram.event - INFO - Update id=826344937 is handled. Duration 209 ms by bot id=8298689795
23:30:38 - aiogram.event - INFO - Update id=826344938 is handled. Duration 103 ms by bot id=8298689795
23:30:40 - aiogram.event - INFO - Update id=826344939 is handled. Duration 94 ms by bot id=8298689795
23:30:44 - aiogram.event - INFO - Update id=826344940 is handled. Duration 183 ms by bot id=8298689795
23:30:46 - aiogram.event - INFO - Update id=826344941 is handled. Duration 307 ms by bot id=8298689795
23:30:51 - aiogram.event - INFO - Update id=826344942 is handled. Duration 159 ms by bot id=8298689795
23:30:54 - aiogram.event - INFO - Update id=826344943 is handled. Duration 146 ms by bot id=8298689795
23:30:56 - aiogram.event - INFO - Update id=826344944 is handled. Duration 164 ms by bot id=8298689795
23:30:58 - aiogram.event - INFO - Update id=826344945 is handled. Duration 144 ms by bot id=8298689795
23:31:05 - aiogram.event - INFO - Update id=826344946 is handled. Duration 363 ms by bot id=8298689795
23:31:07 - aiogram.event - INFO - Update id=826344947 is handled. Duration 143 ms by bot id=8298689795
23:31:10 - config_manager - INFO - ✅ Конфигурация сохранена в config_data.json
23:31:10 - aiogram.event - INFO - Update id=826344948 is handled. Duration 86 ms by bot id=8298689795
23:31:32 - config_manager - INFO - ✅ Конфигурация сохранена в config_data.json
23:31:32 - aiogram.event - INFO - Update id=826344949 is handled. Duration 117 ms by bot id=8298689795
23:31:46 - aiogram.event - INFO - Update id=826344950 is handled. Duration 80 ms by bot id=8298689795
23:32:06 - config_manager - INFO - ✅ Конфигурация сохранена в config_data.json
23:32:06 - aiogram.event - INFO - Update id=826344951 is handled. Duration 106 ms by bot id=8298689795
23:36:18 - config_manager - INFO - ✅ Конфигурация сохранена в config_data.json
23:36:18 - aiogram.event - INFO - Update id=826344952 is handled. Duration 144 ms by bot id=8298689795
23:36:29 - aiogram.event - INFO - Update id=826344953 is handled. Duration 151 ms by bot id=8298689795
23:36:30 - aiogram.event - INFO - Update id=826344954 is handled. Duration 163 ms by bot id=8298689795
23:38:35 - aiogram.event - INFO - Update id=826344955 is handled. Duration 155 ms by bot id=8298689795
23:38:38 - aiogram.event - INFO - Update id=826344956 is handled. Duration 145 ms by bot id=8298689795
23:38:40 - aiogram.event - INFO - Update id=826344957 is handled. Duration 145 ms by bot id=8298689795
23:38:41 - aiogram.event - INFO - Update id=826344958 is handled. Duration 142 ms by bot id=8298689795
23:38:42 - aiogram.event - INFO - Update id=826344959 is handled. Duration 192 ms by bot id=8298689795
23:38:43 - aiogram.event - INFO - Update id=826344960 is handled. Duration 212 ms by bot id=8298689795
23:39:29 - aiogram.event - INFO - Update id=826344961 is handled. Duration 79 ms by bot id=8298689795
23:39:30 - aiogram.event - INFO - Update id=826344962 is handled. Duration 88 ms by bot id=8298689795
23:39:31 - aiogram.event - INFO - Update id=826344963 is handled. Duration 180 ms by bot id=8298689795
23:39:31 - service_manager - INFO - ▶️ Запуск службы Orders Monitor...
23:39:32 - pyrogram.connection.connection - INFO - Connecting...
23:39:37 - service_manager - INFO - ✅ Служба Orders Monitor запущена
23:39:37 - pyrogram.connection.connection - INFO - Connected! Production DC2 - IPv4
23:39:37 - pyrogram.session.session - INFO - NetworkTask started
23:39:37 - pyrogram.client - INFO - Time synced: 2026-03-01 23:39:38.340211
23:39:37 - pyrogram.session.session - INFO - Session initialized: Pyrogram v2.2.19 (Layer 222)
23:39:37 - pyrogram.session.session - INFO - Device: CPython 3.13.5 - Pyrogram 2.2.19
23:39:37 - pyrogram.session.session - INFO - System: Windows 10 (en)
23:39:37 - pyrogram.session.session - INFO - Session started
23:39:37 - pyrogram.session.session - INFO - PingTask started
23:39:37 - aiogram.event - INFO - Update id=826344964 is handled. Duration 5723 ms by bot id=8298689795
23:39:37 - StarvellBot.Fragment - INFO - Wallet balance: 1.104038 TON
23:39:37 - service_manager - ERROR - ❌ Ошибка в службе Orders Monitor: ValueError: max() iterable argument is empty
23:39:37 - pyrogram.dispatcher - INFO - Started 20 HandlerTasks
23:39:38 - pyrogram.dispatcher - INFO - Stopped 20 HandlerTasks
23:39:38 - pyrogram.session.session - INFO - PingTask stopped
23:39:38 - pyrogram.session.session - INFO - NetworkTask stopped
23:39:38 - pyrogram.connection.connection - INFO - Disconnected
23:39:38 - pyrogram.session.session - INFO - Session stopped
23:39:38 - TelegramApiGiver - INFO - ✅ Сессии инициализированы: ['my_account']
23:39:38 - pyrogram.connection.connection - INFO - Connecting...
23:39:38 - pyrogram.connection.connection - INFO - Connected! Production DC2 - IPv4
23:39:38 - pyrogram.session.session - INFO - NetworkTask started
23:39:38 - pyrogram.client - INFO - Time synced: 2026-03-01 23:39:39.424434
23:39:38 - StarvellBot - INFO - 🟢 WebSocket connected
23:39:38 - StarvellBot - INFO - ✅ WebSocket готов, запускаем проверку заказов
23:39:38 - StarvellBot - INFO - ⬅️  0{"sid":"kI2n7Gyf69DLMPqLAgQg","upgrades":[],"pingInterval":25000,"pingTimeout":20000,"maxPayload":1000000}
23:39:38 - StarvellBot - WARNING - ➡️  Connecting to namespace: /chats
23:39:38 - StarvellBot - WARNING - ➡️  Connecting to namespace: /user-notifications
23:39:38 - StarvellBot - WARNING - ➡️  Connecting to namespace: /orders
23:39:38 - StarvellBot - WARNING - ➡️  Connecting to namespace: /user-presence
23:39:38 - StarvellBot - WARNING - ➡️  Connecting to namespace: /online
23:39:38 - StarvellBot - INFO - ⬅️  40/chats,{"sid":"EZBE6SsfRJneiML8AgQh"}
23:39:38 - StarvellBot - INFO - ⬅️  40/user-notifications,{"sid":"DbeCl5_Yu_5C8HRiAgQi"}
23:39:38 - StarvellBot - INFO - ⬅️  40/orders,{"sid":"mQ5PiCVJiPQnMokTAgQj"}
23:39:38 - StarvellBot - INFO - ⬅️  40/user-presence,{"sid":"S3oyhEJwxbJWKs0xAgQk"}
23:39:38 - StarvellBot - INFO - ⬅️  40/online,{"sid":"IC-_geUlRgQKId78AgQl"}
23:39:38 - pyrogram.session.session - INFO - Session initialized: Pyrogram v2.2.19 (Layer 222)
23:39:38 - pyrogram.session.session - INFO - Device: CPython 3.13.5 - Pyrogram 2.2.19
23:39:38 - pyrogram.session.session - INFO - System: Windows 10 (en)
23:39:38 - pyrogram.session.session - INFO - Session started
23:39:38 - pyrogram.session.session - INFO - PingTask started
23:39:39 - pyrogram.dispatcher - INFO - Started 20 HandlerTasks
23:39:39 - pyrogram.dispatcher - INFO - Stopped 20 HandlerTasks
23:39:39 - pyrogram.session.session - INFO - PingTask stopped
23:39:39 - pyrogram.session.session - INFO - NetworkTask stopped
23:39:39 - pyrogram.connection.connection - INFO - Disconnected
23:39:39 - pyrogram.session.session - INFO - Session stopped
23:39:39 - StarvellBot - INFO - ⬅️  42/chats,["message_created",{"id":"019cab20-d10c-e687-4837-e9f87128356f","content":"","type":"NOTIFICATION","metadata":{"orderId":"019cab20-7db7-7c49-2fd9-d6b0b2d85d29","notificationType":"ORDER_REFUND"},"isHidden":false,"images":[],"authorId":null,"buyerId":152876,"sellerId":139527,"adminId":null,"chatId":"019c2109-ea20-da88-5085-3849eef57778","visibleTo":null,"createdAt":"2026-03-01T20:39:40.533Z","updatedAt":"2026-03-01T20:39:40.533Z","author":null,"buyer":{"id":152876,"username":"xezz"},"seller":{"id":139527,"username":"Bronto"},"admin":null,"order":{"id":"019cab20-7db7-7c49-2fd9-d6b0b2d85d29","quantity":1,"totalPrice":3360,"status":"REFUND","refundedAt":"2026-03-01T20:39:40.542Z","refundReasonCode":null,"orderArgs":[{"id":"959d1d7b-1a35-429c-98a1-c9a753579a43","value":"ezhiqq","nameRu":"Telegram Username"}],"offerDetails":{"game":{"id":14,"name":"Telegram","slug":"telegram"},"type":"LOT","images":[],"category":{"id":182,"name":"Звёзды","slug":"stars","currencyDisplayUnits":null},"attributes":[{"id":"2c2c2dc0-93fd-4cdc-8bb6-c3fb0e79612a","value":{"id":"9abe5573-3184-401c-8bec-de0d8dd38529","nameRu":"Подарком"},"nameRu":"Способ получения"},{"id":"6a2ce94f-d18a-46b5-8adc-73ded5fa965e","value":{"numericValue":34},"nameRu":"Количество звёзд"}],"subCategory":{"id":654,"name":"Другое количество"},"availability":111,"deliveryTime":null,"descriptions":{"rus":{"description":"test\n\nid: 34stars"}},"instantDelivery":false}},"dispute":null}]
23:39:39 - StarvellBot - INFO - ⬅️  42/user-notifications,["sale_update",{"orderId":"019cab20-7db7-7c49-2fd9-d6b0b2d85d29","delta":-1}]
23:39:39 - StarvellBot - WARNING - 💸 Order refunded: 019cab20-7db7-7c49-2fd9-d6b0b2d85d29 (delta: -1)
23:39:39 - StarvellBot - INFO - ⬅️  42/chats,["chat_read",{"lastReadAt":"2026-03-01T20:39:40.722Z","chatId":"019c2109-ea20-da88-5085-3849eef57778"}]
23:39:39 - StarvellBot - INFO - ⬅️  42/chats,["chat_read",{"lastReadAt":"2026-03-01T20:39:40.719Z","chatId":"019c2109-ea20-da88-5085-3849eef57778"}]
23:39:39 - StarvellBot - INFO - ⬅️  42/chats,["message_created",{"id":"019cab20-d1fd-b83b-1516-17d3f109b1f0","content":"❌ К сожалению, ваш заказ был отменен и средства возвращены.\n\nЕсли у вас возникли вопросы, пожалуйста, свяжитесь с поддержкой.","type":"DEFAULT","metadata":null,"isHidden":false,"images":[],"authorId":139527,"buyerId":null,"sellerId":null,"adminId":null,"chatId":"019c2109-ea20-da88-5085-3849eef57778","visibleTo":null,"createdAt":"2026-03-01T20:39:40.796Z","updatedAt":"2026-03-01T20:39:40.796Z","author":{"id":139527,"username":"Bronto","roles":[]},"buyer":null,"seller":null,"admin":null,"order":null,"dispute":null}]
23:39:39 - StarvellBot - INFO - ⬅️  42/chats,["chat_read",{"lastReadAt":"2026-03-01T20:39:40.887Z","chatId":"019c2109-ea20-da88-5085-3849eef57778"}]
23:39:51 - StarvellBot - INFO - ⬅️  42/user-notifications,["sale_update",{"orderId":"019cab21-00ba-cb0e-cc4c-d144a880a8a7","delta":1}]
23:39:51 - StarvellBot - INFO - 🛒 NEW ORDER!
23:39:51 - StarvellBot - INFO - Order ID: 019cab21-00ba-cb0e-cc4c-d144a880a8a7
23:39:51 - StarvellBot - INFO - ⚙️  Processing order 019cab21-00ba-cb0e-cc4c-d144a880a8a7...
23:39:52 - StarvellBot - INFO - ⭐ Звёзд в заказе: 34
23:39:52 - StarvellBot - INFO - 📝 Введённый username: ezhiqq
23:39:52 - StarvellBot - INFO - ============================================================
23:39:52 - StarvellBot - INFO - 📦 Order ID: 019cab21-00ba-cb0e-cc4c-d144a880a8a7
23:39:52 - StarvellBot - INFO - 💰 Total Price: 3360
23:39:52 - StarvellBot - INFO - 🔢 Quantity: 1
23:39:52 - StarvellBot - INFO - ⭐ Stars: 34
23:39:52 - StarvellBot - INFO - 👤 Buyer ID: 152876
23:39:52 - StarvellBot - INFO - 📝 Telegram Username (entered): ezhiqq
23:39:52 - StarvellBot - INFO - 💬 Chat ID: 019c2109-ea20-da88-5085-3849eef57778
23:39:52 - StarvellBot - INFO - ============================================================
23:39:52 - StarvellBot - INFO - ✅ Order 019cab21-00ba-cb0e-cc4c-d144a880a8a7 updated in database
23:39:52 - StarvellBot - INFO - ⬅️  42/chats,["message_created",{"id":"019cab21-00c9-3f94-d8c0-70ac2a77f65c","content":"","type":"NOTIFICATION","metadata":{"orderId":"019cab21-00ba-cb0e-cc4c-d144a880a8a7","notificationType":"ORDER_PAYMENT"},"isHidden":false,"images":[],"authorId":null,"buyerId":152876,"sellerId":null,"adminId":null,"chatId":"019c2109-ea20-da88-5085-3849eef57778","visibleTo":null,"createdAt":"2026-03-01T20:39:52.754Z","updatedAt":"2026-03-01T20:39:52.754Z","author":null,"buyer":{"id":152876,"username":"xezz"},"seller":null,"admin":null,"order":{"id":"019cab21-00ba-cb0e-cc4c-d144a880a8a7","quantity":1,"totalPrice":3360,"status":"CREATED","refundedAt":null,"refundReasonCode":null,"orderArgs":[{"id":"959d1d7b-1a35-429c-98a1-c9a753579a43","value":"ezhiqq","nameRu":"Telegram Username"}],"offerDetails":{"game":{"id":14,"name":"Telegram","slug":"telegram"},"type":"LOT","images":[],"category":{"id":182,"name":"Звёзды","slug":"stars","currencyDisplayUnits":null},"attributes":[{"id":"2c2c2dc0-93fd-4cdc-8bb6-c3fb0e79612a","value":{"id":"9abe5573-3184-401c-8bec-de0d8dd38529","nameRu":"Подарком"},"nameRu":"Способ получения"},{"id":"6a2ce94f-d18a-46b5-8adc-73ded5fa965e","value":{"numericValue":34},"nameRu":"Количество звёзд"}],"subCategory":{"id":654,"name":"Другое количество"},"availability":110,"deliveryTime":null,"descriptions":{"rus":{"description":"test\n\nid: 34stars"}},"instantDelivery":false}},"dispute":null}]
23:39:52 - StarvellBot - INFO - ⬅️  42/chats,["message_created",{"id":"019cab21-00d5-0821-86a4-344dd4cd6f3c","content":"test","type":"DEFAULT","metadata":{"isAutoResponse":true},"isHidden":false,"images":[],"authorId":139527,"buyerId":null,"sellerId":null,"adminId":null,"chatId":"019c2109-ea20-da88-5085-3849eef57778","visibleTo":null,"createdAt":"2026-03-01T20:39:52.788Z","updatedAt":"2026-03-01T20:39:52.754Z","author":{"id":139527,"username":"Bronto","roles":[]}}]
23:39:52 - StarvellBot - INFO - ⬅️  42/chats,["chat_read",{"lastReadAt":"2026-03-01T20:39:53.104Z","chatId":"019c2109-ea20-da88-5085-3849eef57778"}]
23:39:52 - StarvellBot - INFO - ⬅️  42/chats,["message_created",{"id":"019cab21-04a7-be76-53b1-70ba79b14003","content":"🧾 Ваш заказ:\n#️⃣ ID: 019cab21-00ba-cb0e-cc4c-d144a880a8a7\n👤 Username: ezhiqq\n⭐ Stars: 34 | 1 шт.\n\nВсе верно?\n✅ Да (+) | Нет (-) ❌","type":"DEFAULT","metadata":null,"isHidden":false,"images":[],"authorId":139527,"buyerId":null,"sellerId":null,"adminId":null,"chatId":"019c2109-ea20-da88-5085-3849eef57778","visibleTo":null,"createdAt":"2026-03-01T20:39:53.766Z","updatedAt":"2026-03-01T20:39:53.766Z","author":{"id":139527,"username":"Bronto","roles":[]},"buyer":null,"seller":null,"admin":null,"order":null,"dispute":null}]
23:39:52 - StarvellBot - INFO - ⬅️  42/chats,["chat_read",{"lastReadAt":"2026-03-01T20:39:53.860Z","chatId":"019c2109-ea20-da88-5085-3849eef57778"}]
23:39:53 - pyrogram.session.session - WARNING - [1] Retrying "updates.GetChannelDifference" due to: Request timed out
23:39:56 - StarvellBot - INFO - ⬅️  42/chats,["message_created",{"id":"019cab21-12b0-63c3-dff6-00b041910aa7","content":"+","type":"DEFAULT","metadata":null,"isHidden":false,"images":[],"authorId":152876,"buyerId":null,"sellerId":null,"adminId":null,"chatId":"019c2109-ea20-da88-5085-3849eef57778","visibleTo":null,"createdAt":"2026-03-01T20:39:57.359Z","updatedAt":"2026-03-01T20:39:57.359Z","author":{"id":152876,"username":"xezz","roles":[]},"buyer":null,"seller":null,"admin":null,"order":null,"dispute":null}]
23:39:56 - TelegramApiGiver - INFO - 📦 Начинаем заказ: ezhiqq | 1 шт. | 34 звёзд всего
23:39:56 - TelegramApiGiver - INFO -    Маска: {13: 1, 21: 1, 43: 0, 85: 0}
23:39:56 - TelegramApiGiver - INFO -    Сессия: my_account
23:39:56 - TelegramApiGiver - INFO -    🔄 Итерация 1/1
23:39:56 - TelegramApiGiver - INFO -    Попытка 1: отправляем {13: 1, 21: 1, 43: 0, 85: 0}
23:39:56 - TelegramApiGiver - INFO -    🎁 send_gifts: сессия=my_account цель=ezhiqq
23:39:57 - pyrogram.connection.connection - INFO - Connecting...
23:39:57 - pyrogram.connection.connection - INFO - Connected! Production DC2 - IPv4
23:39:57 - pyrogram.session.session - INFO - NetworkTask started
23:39:57 - pyrogram.client - INFO - Time synced: 2026-03-01 23:39:58.079898
23:39:57 - pyrogram.session.session - INFO - Session initialized: Pyrogram v2.2.19 (Layer 222)
23:39:57 - pyrogram.session.session - INFO - Device: CPython 3.13.5 - Pyrogram 2.2.19
23:39:57 - pyrogram.session.session - INFO - System: Windows 10 (en)
23:39:57 - pyrogram.session.session - INFO - Session started
23:39:57 - pyrogram.session.session - INFO - PingTask started
23:39:57 - pyrogram.dispatcher - INFO - Started 20 HandlerTasks
23:39:58 - TelegramApiGiver - INFO -    ✅ Подарок 5170145012310081615 (тип 13) → ezhiqq
23:39:58 - TelegramApiGiver - INFO -    ✅ Подарок 5170250947678437525 (тип 21) → ezhiqq
23:39:58 - pyrogram.dispatcher - INFO - Stopped 20 HandlerTasks
23:39:58 - pyrogram.session.session - INFO - PingTask stopped
23:39:58 - pyrogram.session.session - INFO - NetworkTask stopped
23:39:58 - pyrogram.connection.connection - INFO - Disconnected
23:39:58 - pyrogram.session.session - INFO - Session stopped
23:39:58 - TelegramApiGiver - INFO -    ✅ Итерация 1 успешна. Прогресс: {13: 1, 21: 1, 43: 0, 85: 0}
23:39:58 - TelegramApiGiver - INFO - ✅ Заказ выполнен: ezhiqq | 1 шт.
23:39:59 - StarvellBot - INFO - ⬅️  42/chats,["message_created",{"id":"019cab21-138b-c111-b46e-97bd59a39395","content":"🐬 Ваш заказ был добавлен в очередь, ожидайте","type":"DEFAULT","metadata":null,"isHidden":false,"images":[],"authorId":139527,"buyerId":null,"sellerId":null,"adminId":null,"chatId":"019c2109-ea20-da88-5085-3849eef57778","visibleTo":null,"createdAt":"2026-03-01T20:39:57.579Z","updatedAt":"2026-03-01T20:39:57.579Z","author":{"id":139527,"username":"Bronto","roles":[]},"buyer":null,"seller":null,"admin":null,"order":null,"dispute":null}]
23:39:59 - StarvellBot - INFO - ⬅️  42/chats,["chat_read",{"lastReadAt":"2026-03-01T20:39:57.692Z","chatId":"019c2109-ea20-da88-5085-3849eef57778"}]
23:39:59 - StarvellBot - INFO - ⬅️  42/chats,["message_created",{"id":"019cab21-1cfd-1d29-8433-694d0c4ebfa9","content":"✅ Звезды отправлены на ваш аккаунт.🙏 Не забудьте подтвердить заказ.🙂 Мне было бы очень приятно получить отзыв <3","type":"DEFAULT","metadata":null,"isHidden":false,"images":[],"authorId":139527,"buyerId":null,"sellerId":null,"adminId":null,"chatId":"019c2109-ea20-da88-5085-3849eef57778","visibleTo":null,"createdAt":"2026-03-01T20:39:59.997Z","updatedAt":"2026-03-01T20:39:59.997Z","author":{"id":139527,"username":"Bronto","roles":[]},"buyer":null,"seller":null,"admin":null,"order":null,"dispute":null}]
23:39:59 - StarvellBot - INFO - ⬅️  42/chats,["chat_read",{"lastReadAt":"2026-03-01T20:40:00.115Z","chatId":"019c2109-ea20-da88-5085-3849eef57778"}]
23:40:00 - StarvellBot - INFO - пропустили
23:40:03 - StarvellBot - INFO - ⬅️  2
23:40:09 - pyrogram.session.session - WARNING - [2] Retrying "updates.GetChannelDifference" due to: Request timed out
23:40:10 - StarvellBot - INFO - пропустили
23:40:21 - StarvellBot - INFO - пропустили
23:40:22 - StarvellBot - INFO - ⬅️  42/chats,["message_created",{"id":"019cab21-76bc-d6a2-d94a-a53e6bc8c092","content":"","type":"NOTIFICATION","metadata":{"orderId":"019cab21-00ba-cb0e-cc4c-d144a880a8a7","notificationType":"ORDER_REFUND"},"isHidden":false,"images":[],"authorId":null,"buyerId":152876,"sellerId":139527,"adminId":null,"chatId":"019c2109-ea20-da88-5085-3849eef57778","visibleTo":null,"createdAt":"2026-03-01T20:40:22.936Z","updatedAt":"2026-03-01T20:40:22.936Z","author":null,"buyer":{"id":152876,"username":"xezz"},"seller":{"id":139527,"username":"Bronto"},"admin":null,"order":{"id":"019cab21-00ba-cb0e-cc4c-d144a880a8a7","quantity":1,"totalPrice":3360,"status":"REFUND","refundedAt":"2026-03-01T20:40:22.943Z","refundReasonCode":null,"orderArgs":[{"id":"959d1d7b-1a35-429c-98a1-c9a753579a43","value":"ezhiqq","nameRu":"Telegram Username"}],"offerDetails":{"game":{"id":14,"name":"Telegram","slug":"telegram"},"type":"LOT","images":[],"category":{"id":182,"name":"Звёзды","slug":"stars","currencyDisplayUnits":null},"attributes":[{"id":"2c2c2dc0-93fd-4cdc-8bb6-c3fb0e79612a","value":{"id":"9abe5573-3184-401c-8bec-de0d8dd38529","nameRu":"Подарком"},"nameRu":"Способ получения"},{"id":"6a2ce94f-d18a-46b5-8adc-73ded5fa965e","value":{"numericValue":34},"nameRu":"Количество звёзд"}],"subCategory":{"id":654,"name":"Другое количество"},"availability":110,"deliveryTime":null,"descriptions":{"rus":{"description":"test\n\nid: 34stars"}},"instantDelivery":false}},"dispute":null}]
23:40:22 - StarvellBot - INFO - ⬅️  42/user-notifications,["sale_update",{"orderId":"019cab21-00ba-cb0e-cc4c-d144a880a8a7","delta":-1}]
23:40:22 - StarvellBot - WARNING - 💸 Order refunded: 019cab21-00ba-cb0e-cc4c-d144a880a8a7 (delta: -1)
23:40:22 - StarvellBot - INFO - ⬅️  42/chats,["chat_read",{"lastReadAt":"2026-03-01T20:40:23.088Z","chatId":"019c2109-ea20-da88-5085-3849eef57778"}]
23:40:22 - StarvellBot - INFO - ⬅️  42/chats,["chat_read",{"lastReadAt":"2026-03-01T20:40:23.088Z","chatId":"019c2109-ea20-da88-5085-3849eef57778"}]
23:40:22 - StarvellBot - INFO - ⬅️  42/chats,["message_created",{"id":"019cab21-77b5-2d59-9969-1accceaf00d5","content":"❌ К сожалению, ваш заказ был отменен и средства возвращены.\n\nЕсли у вас возникли вопросы, пожалуйста, свяжитесь с поддержкой.","type":"DEFAULT","metadata":null,"isHidden":false,"images":[],"authorId":139527,"buyerId":null,"sellerId":null,"adminId":null,"chatId":"019c2109-ea20-da88-5085-3849eef57778","visibleTo":null,"createdAt":"2026-03-01T20:40:23.220Z","updatedAt":"2026-03-01T20:40:23.220Z","author":{"id":139527,"username":"Bronto","roles":[]},"buyer":null,"seller":null,"admin":null,"order":null,"dispute":null}]
23:40:22 - StarvellBot - INFO - ⬅️  42/chats,["chat_read",{"lastReadAt":"2026-03-01T20:40:23.320Z","chatId":"019c2109-ea20-da88-5085-3849eef57778"}]
23:40:25 - pyrogram.session.session - WARNING - [3] Retrying "updates.GetChannelDifference" due to: Request timed out
23:40:28 - StarvellBot - INFO - ⬅️  2
23:40:34 - aiogram.event - INFO - Update id=826344965 is handled. Duration 86 ms by bot id=8298689795
23:40:36 - aiogram.event - INFO - Update id=826344966 is handled. Duration 148 ms by bot id=8298689795
23:40:37 - aiogram.event - INFO - Update id=826344967 is handled. Duration 144 ms by bot id=8298689795
23:40:41 - pyrogram.session.session - WARNING - [4] Retrying "updates.GetChannelDifference" due to: Request timed out
23:40:53 - StarvellBot - INFO - ⬅️  2
23:40:57 - pyrogram.session.session - WARNING - [5] Retrying "updates.GetChannelDifference" due to: Request timed out
23:40:58 - aiogram.event - INFO - Update id=826344968 is handled. Duration 352 ms by bot id=8298689795
23:40:59 - aiogram.event - INFO - Update id=826344969 is handled. Duration 153 ms by bot id=8298689795
23:41:01 - config_manager - INFO - ✅ Конфигурация сохранена в config_data.json
23:41:01 - aiogram.event - INFO - Update id=826344970 is handled. Duration 121 ms by bot id=8298689795
23:41:10 - config_manager - INFO - ✅ Конфигурация сохранена в config_data.json
23:41:10 - aiogram.event - INFO - Update id=826344971 is handled. Duration 89 ms by bot id=8298689795
23:41:12 - aiogram.event - INFO - Update id=826344972 is handled. Duration 79 ms by bot id=8298689795
23:41:13 - pyrogram.session.session - WARNING - [6] Retrying "updates.GetChannelDifference" due to: Request timed out
23:41:16 - config_manager - INFO - ✅ Конфигурация сохранена в config_data.json
23:41:17 - aiogram.event - INFO - Update id=826344973 is handled. Duration 83 ms by bot id=8298689795
23:41:18 - StarvellBot - INFO - ⬅️  2
23:41:29 - pyrogram.session.session - WARNING - [7] Retrying "updates.GetChannelDifference" due to: Request timed out
23:41:43 - StarvellBot - INFO - ⬅️  2
23:41:45 - pyrogram.session.session - WARNING - [8] Retrying "updates.GetChannelDifference" due to: Request timed out
23:42:01 - pyrogram.session.session - WARNING - [9] Retrying "updates.GetChannelDifference" due to: Request timed out
23:42:08 - StarvellBot - INFO - ⬅️  2
23:42:17 - pyrogram.session.session - WARNING - [10] Retrying "updates.GetChannelDifference" due to: Request timed out
23:42:18 - asyncio - ERROR - Task exception was never retrieved
future: <Task finished name='Task-197' coro=<Client.handle_updates() done, defined at C:\Users\ezhik\PycharmProjects\PythonProject5\.venv\Lib\site-packages\pyrogram\client.py:796> exception=TimeoutError('Failed to invoke "updates.GetChannelDifference" after 10 retries')>
Traceback (most recent call last):
  File "C:\Users\ezhik\PycharmProjects\PythonProject5\.venv\Lib\site-packages\pyrogram\client.py", line 839, in handle_updates
    diff = await self.invoke(
           ^^^^^^^^^^^^^^^^^^
    ...<12 lines>...
    )
    ^
  File "C:\Users\ezhik\PycharmProjects\PythonProject5\.venv\Lib\site-packages\pyrogram\methods\advanced\invoke.py", line 107, in invoke
    r = await session.invoke(
        ^^^^^^^^^^^^^^^^^^^^^
    ...<5 lines>...
    )
    ^
  File "C:\Users\ezhik\PycharmProjects\PythonProject5\.venv\Lib\site-packages\pyrogram\session\session.py", line 573, in invoke
    raise TimeoutError(f'Failed to invoke "{query_name}" after {retries} retries')
TimeoutError: Failed to invoke "updates.GetChannelDifference" after 10 retries
23:42:33 - StarvellBot - INFO - ⬅️  2
23:42:59 - StarvellBot - INFO - ⬅️  2
23:43:24 - StarvellBot - INFO - ⬅️  2
23:43:49 - StarvellBot - INFO - ⬅️  2
23:44:14 - StarvellBot - INFO - ⬅️  2
23:44:25 - config_manager - INFO - ✅ Конфигурация сохранена в config_data.json
23:44:25 - aiogram.event - INFO - Update id=826344974 is handled. Duration 81 ms by bot id=8298689795
23:44:27 - aiogram.event - INFO - Update id=826344975 is handled. Duration 203 ms by bot id=8298689795
23:44:39 - StarvellBot - INFO - ⬅️  2
23:45:04 - StarvellBot - INFO - ⬅️  2
23:45:29 - StarvellBot - INFO - ⬅️  2
23:45:52 - StarvellBot - INFO - ⬅️  42/user-notifications,["sale_update",{"orderId":"019cab26-80cd-34d5-f15d-a285e9437fff","delta":1}]
23:45:52 - StarvellBot - INFO - 🛒 NEW ORDER!
23:45:52 - StarvellBot - INFO - Order ID: 019cab26-80cd-34d5-f15d-a285e9437fff
23:45:52 - StarvellBot - INFO - ⚙️  Processing order 019cab26-80cd-34d5-f15d-a285e9437fff...
23:45:52 - StarvellBot - INFO - ⭐ Звёзд в заказе: 39
23:45:52 - StarvellBot - INFO - 📝 Введённый username: ezhiqq
23:45:52 - StarvellBot - INFO - ============================================================
23:45:52 - StarvellBot - INFO - 📦 Order ID: 019cab26-80cd-34d5-f15d-a285e9437fff
23:45:52 - StarvellBot - INFO - 💰 Total Price: 3360
23:45:52 - StarvellBot - INFO - 🔢 Quantity: 1
23:45:52 - StarvellBot - INFO - ⭐ Stars: 39
23:45:52 - StarvellBot - INFO - 👤 Buyer ID: 152876
23:45:52 - StarvellBot - INFO - 📝 Telegram Username (entered): ezhiqq
23:45:52 - StarvellBot - INFO - 💬 Chat ID: 019c2109-ea20-da88-5085-3849eef57778
23:45:52 - StarvellBot - INFO - ============================================================
23:45:52 - StarvellBot - INFO - ✅ Order 019cab26-80cd-34d5-f15d-a285e9437fff updated in database
23:45:53 - StarvellBot - INFO - ⬅️  42/chats,["message_created",{"id":"019cab26-80e0-2867-6add-d9d7fc97ade8","content":"","type":"NOTIFICATION","metadata":{"orderId":"019cab26-80cd-34d5-f15d-a285e9437fff","notificationType":"ORDER_PAYMENT"},"isHidden":false,"images":[],"authorId":null,"buyerId":152876,"sellerId":null,"adminId":null,"chatId":"019c2109-ea20-da88-5085-3849eef57778","visibleTo":null,"createdAt":"2026-03-01T20:45:53.218Z","updatedAt":"2026-03-01T20:45:53.218Z","author":null,"buyer":{"id":152876,"username":"xezz"},"seller":null,"admin":null,"order":{"id":"019cab26-80cd-34d5-f15d-a285e9437fff","quantity":1,"totalPrice":3360,"status":"CREATED","refundedAt":null,"refundReasonCode":null,"orderArgs":[{"id":"959d1d7b-1a35-429c-98a1-c9a753579a43","value":"ezhiqq","nameRu":"Telegram Username"}],"offerDetails":{"game":{"id":14,"name":"Telegram","slug":"telegram"},"type":"LOT","images":[],"category":{"id":182,"name":"Звёзды","slug":"stars","currencyDisplayUnits":null},"attributes":[{"id":"2c2c2dc0-93fd-4cdc-8bb6-c3fb0e79612a","value":{"id":"9abe5573-3184-401c-8bec-de0d8dd38529","nameRu":"Подарком"},"nameRu":"Способ получения"},{"id":"6a2ce94f-d18a-46b5-8adc-73ded5fa965e","value":{"numericValue":39},"nameRu":"Количество звёзд"}],"subCategory":{"id":654,"name":"Другое количество"},"availability":109,"deliveryTime":null,"descriptions":{"rus":{"description":"test\n\nid: 39stars"}},"instantDelivery":false}},"dispute":null}]
23:45:53 - StarvellBot - INFO - ⬅️  42/chats,["message_created",{"id":"019cab26-80ec-3fdc-d92b-a46ba01c1c97","content":"test","type":"DEFAULT","metadata":{"isAutoResponse":true},"isHidden":false,"images":[],"authorId":139527,"buyerId":null,"sellerId":null,"adminId":null,"chatId":"019c2109-ea20-da88-5085-3849eef57778","visibleTo":null,"createdAt":"2026-03-01T20:45:53.259Z","updatedAt":"2026-03-01T20:45:53.218Z","author":{"id":139527,"username":"Bronto","roles":[]}}]
23:45:53 - StarvellBot - INFO - ⬅️  42/chats,["chat_read",{"lastReadAt":"2026-03-01T20:45:53.669Z","chatId":"019c2109-ea20-da88-5085-3849eef57778"}]
23:45:53 - StarvellBot - INFO - ⬅️  42/chats,["message_created",{"id":"019cab26-849e-12ca-f278-28ba81e4ca59","content":"🧾 Ваш заказ:\n#️⃣ ID: 019cab26-80cd-34d5-f15d-a285e9437fff\n👤 Username: ezhiqq\n⭐ Stars: 39 | 1 шт.\n\nВсе верно?\n✅ Да (+) | Нет (-) ❌","type":"DEFAULT","metadata":null,"isHidden":false,"images":[],"authorId":139527,"buyerId":null,"sellerId":null,"adminId":null,"chatId":"019c2109-ea20-da88-5085-3849eef57778","visibleTo":null,"createdAt":"2026-03-01T20:45:54.206Z","updatedAt":"2026-03-01T20:45:54.206Z","author":{"id":139527,"username":"Bronto","roles":[]},"buyer":null,"seller":null,"admin":null,"order":null,"dispute":null}]
23:45:53 - StarvellBot - INFO - ⬅️  42/chats,["chat_read",{"lastReadAt":"2026-03-01T20:45:54.308Z","chatId":"019c2109-ea20-da88-5085-3849eef57778"}]
23:45:54 - StarvellBot - INFO - ⬅️  2
23:45:58 - StarvellBot - INFO - пропустили
23:46:05 - StarvellBot - INFO - ⬅️  42/chats,["message_created",{"id":"019cab26-b4be-a3e7-7fd1-910ca793d569","content":"+","type":"DEFAULT","metadata":null,"isHidden":false,"images":[],"authorId":152876,"buyerId":null,"sellerId":null,"adminId":null,"chatId":"019c2109-ea20-da88-5085-3849eef57778","visibleTo":null,"createdAt":"2026-03-01T20:46:06.525Z","updatedAt":"2026-03-01T20:46:06.525Z","author":{"id":152876,"username":"xezz","roles":[]},"buyer":null,"seller":null,"admin":null,"order":null,"dispute":null}]
23:46:05 - TelegramApiGiver - INFO - 📦 Начинаем заказ: ezhiqq | 1 шт. | 39 звёзд всего
23:46:05 - TelegramApiGiver - INFO -    Маска: {13: 3, 21: 0, 43: 0, 85: 0}
23:46:05 - TelegramApiGiver - INFO -    Сессия: my_account
23:46:05 - TelegramApiGiver - INFO -    🔄 Итерация 1/1
23:46:05 - TelegramApiGiver - INFO -    Попытка 1: отправляем {13: 3, 21: 0, 43: 0, 85: 0}
23:46:05 - TelegramApiGiver - INFO -    🎁 send_gifts: сессия=my_account цель=ezhiqq
23:46:06 - pyrogram.connection.connection - INFO - Connecting...
23:46:06 - pyrogram.connection.connection - INFO - Connected! Production DC2 - IPv4
23:46:06 - pyrogram.session.session - INFO - NetworkTask started
23:46:06 - pyrogram.client - INFO - Time synced: 2026-03-01 23:46:07.228534
23:46:06 - pyrogram.session.session - INFO - Session initialized: Pyrogram v2.2.19 (Layer 222)
23:46:06 - pyrogram.session.session - INFO - Device: CPython 3.13.5 - Pyrogram 2.2.19
23:46:06 - pyrogram.session.session - INFO - System: Windows 10 (en)
23:46:06 - pyrogram.session.session - INFO - Session started
23:46:06 - pyrogram.session.session - INFO - PingTask started
23:46:06 - pyrogram.dispatcher - INFO - Started 20 HandlerTasks
23:46:07 - TelegramApiGiver - INFO -    ✅ Подарок 5170145012310081615 (тип 13) → ezhiqq
23:46:07 - TelegramApiGiver - INFO -    ✅ Подарок 5170233102089322756 (тип 13) → ezhiqq
23:46:07 - TelegramApiGiver - INFO -    ✅ Подарок 5170145012310081615 (тип 13) → ezhiqq
23:46:07 - pyrogram.dispatcher - INFO - Stopped 20 HandlerTasks
23:46:07 - pyrogram.session.session - INFO - PingTask stopped
23:46:07 - pyrogram.session.session - INFO - NetworkTask stopped
23:46:07 - pyrogram.connection.connection - INFO - Disconnected
23:46:07 - pyrogram.session.session - INFO - Session stopped
23:46:07 - TelegramApiGiver - INFO -    ✅ Итерация 1 успешна. Прогресс: {13: 3, 21: 0, 43: 0, 85: 0}
23:46:07 - TelegramApiGiver - INFO - ✅ Заказ выполнен: ezhiqq | 1 шт.
23:46:07 - StarvellBot - INFO - ⬅️  42/chats,["message_created",{"id":"019cab26-b5a4-fbfe-26a0-0d03a9aff3b5","content":"🐬 Ваш заказ был добавлен в очередь, ожидайте","type":"DEFAULT","metadata":null,"isHidden":false,"images":[],"authorId":139527,"buyerId":null,"sellerId":null,"adminId":null,"chatId":"019c2109-ea20-da88-5085-3849eef57778","visibleTo":null,"createdAt":"2026-03-01T20:46:06.756Z","updatedAt":"2026-03-01T20:46:06.756Z","author":{"id":139527,"username":"Bronto","roles":[]},"buyer":null,"seller":null,"admin":null,"order":null,"dispute":null}]
23:46:07 - StarvellBot - INFO - ⬅️  42/chats,["chat_read",{"lastReadAt":"2026-03-01T20:46:06.849Z","chatId":"019c2109-ea20-da88-5085-3849eef57778"}]
23:46:07 - StarvellBot - INFO - ⬅️  42/chats,["message_created",{"id":"019cab26-bd79-b081-7cbc-711f53a48d66","content":"✅ Звезды отправлены на ваш аккаунт.🙏 Не забудьте подтвердить заказ.🙂 Мне было бы очень приятно получить отзыв <3","type":"DEFAULT","metadata":null,"isHidden":false,"images":[],"authorId":139527,"buyerId":null,"sellerId":null,"adminId":null,"chatId":"019c2109-ea20-da88-5085-3849eef57778","visibleTo":null,"createdAt":"2026-03-01T20:46:08.760Z","updatedAt":"2026-03-01T20:46:08.760Z","author":{"id":139527,"username":"Bronto","roles":[]},"buyer":null,"seller":null,"admin":null,"order":null,"dispute":null}]
23:46:07 - StarvellBot - INFO - ⬅️  42/chats,["chat_read",{"lastReadAt":"2026-03-01T20:46:08.852Z","chatId":"019c2109-ea20-da88-5085-3849eef57778"}]
23:46:09 - StarvellBot - INFO - пропустили
23:46:19 - StarvellBot - INFO - ⬅️  2
23:46:20 - StarvellBot - INFO - пропустили
23:46:27 - aiogram.event - INFO - Update id=826344976 is handled. Duration 102 ms by bot id=8298689795
23:46:28 - aiogram.event - INFO - Update id=826344977 is handled. Duration 144 ms by bot id=8298689795
23:46:29 - aiogram.event - INFO - Update id=826344978 is handled. Duration 265 ms by bot id=8298689795
23:46:30 - StarvellBot - INFO - пропустили
23:46:32 - aiogram.event - INFO - Update id=826344979 is handled. Duration 164 ms by bot id=8298689795
23:46:33 - aiogram.event - INFO - Update id=826344980 is handled. Duration 182 ms by bot id=8298689795
23:46:37 - aiogram.event - INFO - Update id=826344981 is handled. Duration 273 ms by bot id=8298689795
23:46:38 - config_manager - INFO - ✅ Конфигурация сохранена в config_data.json
23:46:38 - aiogram.event - INFO - Update id=826344982 is handled. Duration 175 ms by bot id=8298689795
23:46:39 - aiogram.event - INFO - Update id=826344983 is handled. Duration 168 ms by bot id=8298689795
23:46:41 - StarvellBot - INFO - пропустили
23:46:44 - StarvellBot - INFO - ⬅️  2
23:46:46 - aiogram.event - INFO - Update id=826344984 is handled. Duration 169 ms by bot id=8298689795
23:46:50 - config_manager - INFO - ✅ Конфигурация сохранена в config_data.json
23:46:50 - aiogram.event - INFO - Update id=826344985 is handled. Duration 93 ms by bot id=8298689795
23:46:51 - StarvellBot - INFO - пропустили
23:47:02 - StarvellBot - INFO - пропустили
23:47:09 - StarvellBot - INFO - ⬅️  2
23:47:13 - StarvellBot - INFO - пропустили
23:47:13 - aiogram.event - INFO - Update id=826344986 is handled. Duration 152 ms by bot id=8298689795
23:47:14 - aiogram.event - INFO - Update id=826344987 is handled. Duration 147 ms by bot id=8298689795
23:47:15 - aiogram.event - INFO - Update id=826344988 is handled. Duration 233 ms by bot id=8298689795
23:47:16 - config_manager - INFO - ✅ Конфигурация сохранена в config_data.json
23:47:16 - aiogram.event - INFO - Update id=826344989 is handled. Duration 168 ms by bot id=8298689795
23:47:16 - aiogram.event - INFO - Update id=826344990 is handled. Duration 200 ms by bot id=8298689795
23:47:18 - aiogram.event - INFO - Update id=826344991 is handled. Duration 260 ms by bot id=8298689795
23:47:22 - config_manager - INFO - ✅ Конфигурация сохранена в config_data.json
23:47:22 - aiogram.event - INFO - Update id=826344992 is handled. Duration 85 ms by bot id=8298689795
23:47:23 - StarvellBot - INFO - пропустили
23:47:25 - aiogram.event - INFO - Update id=826344993 is handled. Duration 89 ms by bot id=8298689795
23:47:26 - aiogram.event - INFO - Update id=826344994 is handled. Duration 88 ms by bot id=8298689795
23:47:26 - aiogram.event - INFO - Update id=826344995 is handled. Duration 100 ms by bot id=8298689795
23:47:27 - aiogram.event - INFO - Update id=826344996 is not handled. Duration 92 ms by bot id=8298689795
23:47:27 - aiogram.event - ERROR - Cause exception while process update id=826344996 by bot id=8298689795
TelegramBadRequest: Telegram server says - Bad Request: BUTTON_DATA_INVALID
Traceback (most recent call last):
  File "C:\Users\ezhik\PycharmProjects\PythonProject5\telegram_manager.py", line 664, in process_config_value_advanced_message
    allowed_fields[new_step]
    ~~~~~~~~~~~~~~^^^^^^^^^^
IndexError: list index out of range

During handling of the above exception, another exception occurred:

Traceback (most recent call last):
  File "C:\Users\ezhik\PycharmProjects\PythonProject5\.venv\Lib\site-packages\aiogram\dispatcher\dispatcher.py", line 320, in _process_update
    response = await self.feed_update(bot, update, **kwargs)
               ^^^^^^^^^^^^^^^^^^^^^^^^^^^^^^^^^^^^^^^^^^^^^
  File "C:\Users\ezhik\PycharmProjects\PythonProject5\.venv\Lib\site-packages\aiogram\dispatcher\dispatcher.py", line 164, in feed_update
    response = await self.update.wrap_outer_middleware(
               ^^^^^^^^^^^^^^^^^^^^^^^^^^^^^^^^^^^^^^^^
    ...<7 lines>...
    )
    ^
  File "C:\Users\ezhik\PycharmProjects\PythonProject5\.venv\Lib\site-packages\aiogram\dispatcher\middlewares\error.py", line 27, in __call__
    return await handler(event, data)
           ^^^^^^^^^^^^^^^^^^^^^^^^^^
  File "C:\Users\ezhik\PycharmProjects\PythonProject5\.venv\Lib\site-packages\aiogram\dispatcher\middlewares\user_context.py", line 58, in __call__
    return await handler(event, data)
           ^^^^^^^^^^^^^^^^^^^^^^^^^^
  File "C:\Users\ezhik\PycharmProjects\PythonProject5\.venv\Lib\site-packages\aiogram\fsm\middleware.py", line 43, in __call__
    return await handler(event, data)
           ^^^^^^^^^^^^^^^^^^^^^^^^^^
  File "C:\Users\ezhik\PycharmProjects\PythonProject5\.venv\Lib\site-packages\aiogram\dispatcher\event\telegram.py", line 126, in trigger
    return await wrapped_inner(event, kwargs)
           ^^^^^^^^^^^^^^^^^^^^^^^^^^^^^^^^^^
  File "C:\Users\ezhik\PycharmProjects\PythonProject5\.venv\Lib\site-packages\aiogram\dispatcher\event\handler.py", line 71, in call
    return await wrapped()
           ^^^^^^^^^^^^^^^
  File "C:\Users\ezhik\PycharmProjects\PythonProject5\.venv\Lib\site-packages\aiogram\dispatcher\dispatcher.py", line 283, in _listen_update
    return await self.propagate_event(update_type=update_type, event=event, **kwargs)
           ^^^^^^^^^^^^^^^^^^^^^^^^^^^^^^^^^^^^^^^^^^^^^^^^^^^^^^^^^^^^^^^^^^^^^^^^^^
  File "C:\Users\ezhik\PycharmProjects\PythonProject5\.venv\Lib\site-packages\aiogram\dispatcher\router.py", line 161, in propagate_event
    return await observer.wrap_outer_middleware(_wrapped, event=event, data=kwargs)
           ^^^^^^^^^^^^^^^^^^^^^^^^^^^^^^^^^^^^^^^^^^^^^^^^^^^^^^^^^^^^^^^^^^^^^^^^
  File "C:\Users\ezhik\PycharmProjects\PythonProject5\.venv\Lib\site-packages\aiogram\dispatcher\router.py", line 153, in _wrapped
    return await self._propagate_event(
           ^^^^^^^^^^^^^^^^^^^^^^^^^^^^
    ...<4 lines>...
    )
    ^
  File "C:\Users\ezhik\PycharmProjects\PythonProject5\.venv\Lib\site-packages\aiogram\dispatcher\router.py", line 189, in _propagate_event
    response = await router.propagate_event(update_type=update_type, event=event, **kwargs)
               ^^^^^^^^^^^^^^^^^^^^^^^^^^^^^^^^^^^^^^^^^^^^^^^^^^^^^^^^^^^^^^^^^^^^^^^^^^^^
  File "C:\Users\ezhik\PycharmProjects\PythonProject5\.venv\Lib\site-packages\aiogram\dispatcher\router.py", line 161, in propagate_event
    return await observer.wrap_outer_middleware(_wrapped, event=event, data=kwargs)
           ^^^^^^^^^^^^^^^^^^^^^^^^^^^^^^^^^^^^^^^^^^^^^^^^^^^^^^^^^^^^^^^^^^^^^^^^
  File "C:\Users\ezhik\PycharmProjects\PythonProject5\.venv\Lib\site-packages\aiogram\dispatcher\router.py", line 153, in _wrapped
    return await self._propagate_event(
           ^^^^^^^^^^^^^^^^^^^^^^^^^^^^
    ...<4 lines>...
    )
    ^
  File "C:\Users\ezhik\PycharmProjects\PythonProject5\.venv\Lib\site-packages\aiogram\dispatcher\router.py", line 181, in _propagate_event
    response = await observer.trigger(event, **kwargs)
               ^^^^^^^^^^^^^^^^^^^^^^^^^^^^^^^^^^^^^^^
  File "C:\Users\ezhik\PycharmProjects\PythonProject5\.venv\Lib\site-packages\aiogram\dispatcher\event\telegram.py", line 126, in trigger
    return await wrapped_inner(event, kwargs)
           ^^^^^^^^^^^^^^^^^^^^^^^^^^^^^^^^^^
  File "C:\Users\ezhik\PycharmProjects\PythonProject5\.venv\Lib\site-packages\aiogram\dispatcher\event\handler.py", line 71, in call
    return await wrapped()
           ^^^^^^^^^^^^^^^
  File "C:\Users\ezhik\PycharmProjects\PythonProject5\telegram_manager.py", line 666, in process_config_value_advanced_message
    await message.answer('Успешно добавили все новые значения, возвращаем..', reply_markup=_build_advanced_keyboard(keys), parse_mode="HTML")
  File "C:\Users\ezhik\PycharmProjects\PythonProject5\.venv\Lib\site-packages\aiogram\methods\base.py", line 82, in emit
    return await bot(self)
           ^^^^^^^^^^^^^^^
  File "C:\Users\ezhik\PycharmProjects\PythonProject5\.venv\Lib\site-packages\aiogram\client\bot.py", line 484, in __call__
    return await self.session(self, method, timeout=request_timeout)
           ^^^^^^^^^^^^^^^^^^^^^^^^^^^^^^^^^^^^^^^^^^^^^^^^^^^^^^^^^
  File "C:\Users\ezhik\PycharmProjects\PythonProject5\.venv\Lib\site-packages\aiogram\client\session\base.py", line 259, in __call__
    return cast(TelegramType, await middleware(bot, method))
                              ^^^^^^^^^^^^^^^^^^^^^^^^^^^^^
  File "C:\Users\ezhik\PycharmProjects\PythonProject5\.venv\Lib\site-packages\aiogram\client\session\aiohttp.py", line 177, in make_request
    response = self.check_response(
        bot=bot,
    ...<2 lines>...
        content=raw_result,
    )
  File "C:\Users\ezhik\PycharmProjects\PythonProject5\.venv\Lib\site-packages\aiogram\client\session\base.py", line 121, in check_response
    raise TelegramBadRequest(method=method, message=description)
aiogram.exceptions.TelegramBadRequest: Telegram server says - Bad Request: BUTTON_DATA_INVALID
23:47:30 - aiogram.event - INFO - Update id=826344997 is not handled. Duration 137 ms by bot id=8298689795
23:47:30 - aiogram.event - ERROR - Cause exception while process update id=826344997 by bot id=8298689795
TelegramBadRequest: Telegram server says - Bad Request: BUTTON_DATA_INVALID
Traceback (most recent call last):
  File "C:\Users\ezhik\PycharmProjects\PythonProject5\.venv\Lib\site-packages\aiogram\dispatcher\dispatcher.py", line 320, in _process_update
    response = await self.feed_update(bot, update, **kwargs)
               ^^^^^^^^^^^^^^^^^^^^^^^^^^^^^^^^^^^^^^^^^^^^^
  File "C:\Users\ezhik\PycharmProjects\PythonProject5\.venv\Lib\site-packages\aiogram\dispatcher\dispatcher.py", line 164, in feed_update
    response = await self.update.wrap_outer_middleware(
               ^^^^^^^^^^^^^^^^^^^^^^^^^^^^^^^^^^^^^^^^
    ...<7 lines>...
    )
    ^
  File "C:\Users\ezhik\PycharmProjects\PythonProject5\.venv\Lib\site-packages\aiogram\dispatcher\middlewares\error.py", line 27, in __call__
    return await handler(event, data)
           ^^^^^^^^^^^^^^^^^^^^^^^^^^
  File "C:\Users\ezhik\PycharmProjects\PythonProject5\.venv\Lib\site-packages\aiogram\dispatcher\middlewares\user_context.py", line 58, in __call__
    return await handler(event, data)
           ^^^^^^^^^^^^^^^^^^^^^^^^^^
  File "C:\Users\ezhik\PycharmProjects\PythonProject5\.venv\Lib\site-packages\aiogram\fsm\middleware.py", line 43, in __call__
    return await handler(event, data)
           ^^^^^^^^^^^^^^^^^^^^^^^^^^
  File "C:\Users\ezhik\PycharmProjects\PythonProject5\.venv\Lib\site-packages\aiogram\dispatcher\event\telegram.py", line 126, in trigger
    return await wrapped_inner(event, kwargs)
           ^^^^^^^^^^^^^^^^^^^^^^^^^^^^^^^^^^
  File "C:\Users\ezhik\PycharmProjects\PythonProject5\.venv\Lib\site-packages\aiogram\dispatcher\event\handler.py", line 71, in call
    return await wrapped()
           ^^^^^^^^^^^^^^^
  File "C:\Users\ezhik\PycharmProjects\PythonProject5\.venv\Lib\site-packages\aiogram\dispatcher\dispatcher.py", line 283, in _listen_update
    return await self.propagate_event(update_type=update_type, event=event, **kwargs)
           ^^^^^^^^^^^^^^^^^^^^^^^^^^^^^^^^^^^^^^^^^^^^^^^^^^^^^^^^^^^^^^^^^^^^^^^^^^
  File "C:\Users\ezhik\PycharmProjects\PythonProject5\.venv\Lib\site-packages\aiogram\dispatcher\router.py", line 161, in propagate_event
    return await observer.wrap_outer_middleware(_wrapped, event=event, data=kwargs)
           ^^^^^^^^^^^^^^^^^^^^^^^^^^^^^^^^^^^^^^^^^^^^^^^^^^^^^^^^^^^^^^^^^^^^^^^^
  File "C:\Users\ezhik\PycharmProjects\PythonProject5\.venv\Lib\site-packages\aiogram\dispatcher\router.py", line 153, in _wrapped
    return await self._propagate_event(
           ^^^^^^^^^^^^^^^^^^^^^^^^^^^^
    ...<4 lines>...
    )
    ^
  File "C:\Users\ezhik\PycharmProjects\PythonProject5\.venv\Lib\site-packages\aiogram\dispatcher\router.py", line 189, in _propagate_event
    response = await router.propagate_event(update_type=update_type, event=event, **kwargs)
               ^^^^^^^^^^^^^^^^^^^^^^^^^^^^^^^^^^^^^^^^^^^^^^^^^^^^^^^^^^^^^^^^^^^^^^^^^^^^
  File "C:\Users\ezhik\PycharmProjects\PythonProject5\.venv\Lib\site-packages\aiogram\dispatcher\router.py", line 161, in propagate_event
    return await observer.wrap_outer_middleware(_wrapped, event=event, data=kwargs)
           ^^^^^^^^^^^^^^^^^^^^^^^^^^^^^^^^^^^^^^^^^^^^^^^^^^^^^^^^^^^^^^^^^^^^^^^^
  File "C:\Users\ezhik\PycharmProjects\PythonProject5\.venv\Lib\site-packages\aiogram\dispatcher\router.py", line 153, in _wrapped
    return await self._propagate_event(
           ^^^^^^^^^^^^^^^^^^^^^^^^^^^^
    ...<4 lines>...
    )
    ^
  File "C:\Users\ezhik\PycharmProjects\PythonProject5\.venv\Lib\site-packages\aiogram\dispatcher\router.py", line 181, in _propagate_event
    response = await observer.trigger(event, **kwargs)
               ^^^^^^^^^^^^^^^^^^^^^^^^^^^^^^^^^^^^^^^
  File "C:\Users\ezhik\PycharmProjects\PythonProject5\.venv\Lib\site-packages\aiogram\dispatcher\event\telegram.py", line 126, in trigger
    return await wrapped_inner(event, kwargs)
           ^^^^^^^^^^^^^^^^^^^^^^^^^^^^^^^^^^
  File "C:\Users\ezhik\PycharmProjects\PythonProject5\.venv\Lib\site-packages\aiogram\dispatcher\event\handler.py", line 71, in call
    return await wrapped()
           ^^^^^^^^^^^^^^^
  File "C:\Users\ezhik\PycharmProjects\PythonProject5\telegram_manager.py", line 574, in cb_config_edit
    await callback.message.edit_text(
    ...<6 lines>...
    )
  File "C:\Users\ezhik\PycharmProjects\PythonProject5\.venv\Lib\site-packages\aiogram\methods\base.py", line 82, in emit
    return await bot(self)
           ^^^^^^^^^^^^^^^
  File "C:\Users\ezhik\PycharmProjects\PythonProject5\.venv\Lib\site-packages\aiogram\client\bot.py", line 484, in __call__
    return await self.session(self, method, timeout=request_timeout)
           ^^^^^^^^^^^^^^^^^^^^^^^^^^^^^^^^^^^^^^^^^^^^^^^^^^^^^^^^^
  File "C:\Users\ezhik\PycharmProjects\PythonProject5\.venv\Lib\site-packages\aiogram\client\session\base.py", line 259, in __call__
    return cast(TelegramType, await middleware(bot, method))
                              ^^^^^^^^^^^^^^^^^^^^^^^^^^^^^
  File "C:\Users\ezhik\PycharmProjects\PythonProject5\.venv\Lib\site-packages\aiogram\client\session\aiohttp.py", line 177, in make_request
    response = self.check_response(
        bot=bot,
    ...<2 lines>...
        content=raw_result,
    )
  File "C:\Users\ezhik\PycharmProjects\PythonProject5\.venv\Lib\site-packages\aiogram\client\session\base.py", line 121, in check_response
    raise TelegramBadRequest(method=method, message=description)
aiogram.exceptions.TelegramBadRequest: Telegram server says - Bad Request: BUTTON_DATA_INVALID
23:47:34 - StarvellBot - INFO - пропустили
23:47:34 - StarvellBot - INFO - ⬅️  2
23:47:40 - aiogram.event - INFO - Update id=826344998 is handled. Duration 135 ms by bot id=8298689795
23:47:41 - aiogram.event - INFO - Update id=826344999 is handled. Duration 168 ms by bot id=8298689795
23:47:41 - aiogram.event - INFO - Update id=826345000 is handled. Duration 185 ms by bot id=8298689795
23:47:43 - aiogram.event - INFO - Update id=826345001 is handled. Duration 344 ms by bot id=8298689795
23:47:44 - StarvellBot - INFO - пропустили
23:47:45 - aiogram.event - INFO - Update id=826345002 is handled. Duration 154 ms by bot id=8298689795
23:47:46 - aiogram.event - INFO - Update id=826345003 is not handled. Duration 158 ms by bot id=8298689795
23:47:46 - aiogram.event - ERROR - Cause exception while process update id=826345003 by bot id=8298689795
TelegramBadRequest: Telegram server says - Bad Request: BUTTON_DATA_INVALID
Traceback (most recent call last):
  File "C:\Users\ezhik\PycharmProjects\PythonProject5\.venv\Lib\site-packages\aiogram\dispatcher\dispatcher.py", line 320, in _process_update
    response = await self.feed_update(bot, update, **kwargs)
               ^^^^^^^^^^^^^^^^^^^^^^^^^^^^^^^^^^^^^^^^^^^^^
  File "C:\Users\ezhik\PycharmProjects\PythonProject5\.venv\Lib\site-packages\aiogram\dispatcher\dispatcher.py", line 164, in feed_update
    response = await self.update.wrap_outer_middleware(
               ^^^^^^^^^^^^^^^^^^^^^^^^^^^^^^^^^^^^^^^^
    ...<7 lines>...
    )
    ^
  File "C:\Users\ezhik\PycharmProjects\PythonProject5\.venv\Lib\site-packages\aiogram\dispatcher\middlewares\error.py", line 27, in __call__
    return await handler(event, data)
           ^^^^^^^^^^^^^^^^^^^^^^^^^^
  File "C:\Users\ezhik\PycharmProjects\PythonProject5\.venv\Lib\site-packages\aiogram\dispatcher\middlewares\user_context.py", line 58, in __call__
    return await handler(event, data)
           ^^^^^^^^^^^^^^^^^^^^^^^^^^
  File "C:\Users\ezhik\PycharmProjects\PythonProject5\.venv\Lib\site-packages\aiogram\fsm\middleware.py", line 43, in __call__
    return await handler(event, data)
           ^^^^^^^^^^^^^^^^^^^^^^^^^^
  File "C:\Users\ezhik\PycharmProjects\PythonProject5\.venv\Lib\site-packages\aiogram\dispatcher\event\telegram.py", line 126, in trigger
    return await wrapped_inner(event, kwargs)
           ^^^^^^^^^^^^^^^^^^^^^^^^^^^^^^^^^^
  File "C:\Users\ezhik\PycharmProjects\PythonProject5\.venv\Lib\site-packages\aiogram\dispatcher\event\handler.py", line 71, in call
    return await wrapped()
           ^^^^^^^^^^^^^^^
  File "C:\Users\ezhik\PycharmProjects\PythonProject5\.venv\Lib\site-packages\aiogram\dispatcher\dispatcher.py", line 283, in _listen_update
    return await self.propagate_event(update_type=update_type, event=event, **kwargs)
           ^^^^^^^^^^^^^^^^^^^^^^^^^^^^^^^^^^^^^^^^^^^^^^^^^^^^^^^^^^^^^^^^^^^^^^^^^^
  File "C:\Users\ezhik\PycharmProjects\PythonProject5\.venv\Lib\site-packages\aiogram\dispatcher\router.py", line 161, in propagate_event
    return await observer.wrap_outer_middleware(_wrapped, event=event, data=kwargs)
           ^^^^^^^^^^^^^^^^^^^^^^^^^^^^^^^^^^^^^^^^^^^^^^^^^^^^^^^^^^^^^^^^^^^^^^^^
  File "C:\Users\ezhik\PycharmProjects\PythonProject5\.venv\Lib\site-packages\aiogram\dispatcher\router.py", line 153, in _wrapped
    return await self._propagate_event(
           ^^^^^^^^^^^^^^^^^^^^^^^^^^^^
    ...<4 lines>...
    )
    ^
  File "C:\Users\ezhik\PycharmProjects\PythonProject5\.venv\Lib\site-packages\aiogram\dispatcher\router.py", line 189, in _propagate_event
    response = await router.propagate_event(update_type=update_type, event=event, **kwargs)
               ^^^^^^^^^^^^^^^^^^^^^^^^^^^^^^^^^^^^^^^^^^^^^^^^^^^^^^^^^^^^^^^^^^^^^^^^^^^^
  File "C:\Users\ezhik\PycharmProjects\PythonProject5\.venv\Lib\site-packages\aiogram\dispatcher\router.py", line 161, in propagate_event
    return await observer.wrap_outer_middleware(_wrapped, event=event, data=kwargs)
           ^^^^^^^^^^^^^^^^^^^^^^^^^^^^^^^^^^^^^^^^^^^^^^^^^^^^^^^^^^^^^^^^^^^^^^^^
  File "C:\Users\ezhik\PycharmProjects\PythonProject5\.venv\Lib\site-packages\aiogram\dispatcher\router.py", line 153, in _wrapped
    return await self._propagate_event(
           ^^^^^^^^^^^^^^^^^^^^^^^^^^^^
    ...<4 lines>...
    )
    ^
  File "C:\Users\ezhik\PycharmProjects\PythonProject5\.venv\Lib\site-packages\aiogram\dispatcher\router.py", line 181, in _propagate_event
    response = await observer.trigger(event, **kwargs)
               ^^^^^^^^^^^^^^^^^^^^^^^^^^^^^^^^^^^^^^^
  File "C:\Users\ezhik\PycharmProjects\PythonProject5\.venv\Lib\site-packages\aiogram\dispatcher\event\telegram.py", line 126, in trigger
    return await wrapped_inner(event, kwargs)
           ^^^^^^^^^^^^^^^^^^^^^^^^^^^^^^^^^^
  File "C:\Users\ezhik\PycharmProjects\PythonProject5\.venv\Lib\site-packages\aiogram\dispatcher\event\handler.py", line 71, in call
    return await wrapped()
           ^^^^^^^^^^^^^^^
  File "C:\Users\ezhik\PycharmProjects\PythonProject5\telegram_manager.py", line 574, in cb_config_edit
    await callback.message.edit_text(
    ...<6 lines>...
    )
  File "C:\Users\ezhik\PycharmProjects\PythonProject5\.venv\Lib\site-packages\aiogram\methods\base.py", line 82, in emit
    return await bot(self)
           ^^^^^^^^^^^^^^^
  File "C:\Users\ezhik\PycharmProjects\PythonProject5\.venv\Lib\site-packages\aiogram\client\bot.py", line 484, in __call__
    return await self.session(self, method, timeout=request_timeout)
           ^^^^^^^^^^^^^^^^^^^^^^^^^^^^^^^^^^^^^^^^^^^^^^^^^^^^^^^^^
  File "C:\Users\ezhik\PycharmProjects\PythonProject5\.venv\Lib\site-packages\aiogram\client\session\base.py", line 259, in __call__
    return cast(TelegramType, await middleware(bot, method))
                              ^^^^^^^^^^^^^^^^^^^^^^^^^^^^^
  File "C:\Users\ezhik\PycharmProjects\PythonProject5\.venv\Lib\site-packages\aiogram\client\session\aiohttp.py", line 177, in make_request
    response = self.check_response(
        bot=bot,
    ...<2 lines>...
        content=raw_result,
    )
  File "C:\Users\ezhik\PycharmProjects\PythonProject5\.venv\Lib\site-packages\aiogram\client\session\base.py", line 121, in check_response
    raise TelegramBadRequest(method=method, message=description)
aiogram.exceptions.TelegramBadRequest: Telegram server says - Bad Request: BUTTON_DATA_INVALID
23:47:48 - aiogram.event - INFO - Update id=826345004 is not handled. Duration 243 ms by bot id=8298689795
23:47:48 - aiogram.event - ERROR - Cause exception while process update id=826345004 by bot id=8298689795
TelegramBadRequest: Telegram server says - Bad Request: BUTTON_DATA_INVALID
Traceback (most recent call last):
  File "C:\Users\ezhik\PycharmProjects\PythonProject5\.venv\Lib\site-packages\aiogram\dispatcher\dispatcher.py", line 320, in _process_update
    response = await self.feed_update(bot, update, **kwargs)
               ^^^^^^^^^^^^^^^^^^^^^^^^^^^^^^^^^^^^^^^^^^^^^
  File "C:\Users\ezhik\PycharmProjects\PythonProject5\.venv\Lib\site-packages\aiogram\dispatcher\dispatcher.py", line 164, in feed_update
    response = await self.update.wrap_outer_middleware(
               ^^^^^^^^^^^^^^^^^^^^^^^^^^^^^^^^^^^^^^^^
    ...<7 lines>...
    )
    ^
  File "C:\Users\ezhik\PycharmProjects\PythonProject5\.venv\Lib\site-packages\aiogram\dispatcher\middlewares\error.py", line 27, in __call__
    return await handler(event, data)
           ^^^^^^^^^^^^^^^^^^^^^^^^^^
  File "C:\Users\ezhik\PycharmProjects\PythonProject5\.venv\Lib\site-packages\aiogram\dispatcher\middlewares\user_context.py", line 58, in __call__
    return await handler(event, data)
           ^^^^^^^^^^^^^^^^^^^^^^^^^^
  File "C:\Users\ezhik\PycharmProjects\PythonProject5\.venv\Lib\site-packages\aiogram\fsm\middleware.py", line 43, in __call__
    return await handler(event, data)
           ^^^^^^^^^^^^^^^^^^^^^^^^^^
  File "C:\Users\ezhik\PycharmProjects\PythonProject5\.venv\Lib\site-packages\aiogram\dispatcher\event\telegram.py", line 126, in trigger
    return await wrapped_inner(event, kwargs)
           ^^^^^^^^^^^^^^^^^^^^^^^^^^^^^^^^^^
  File "C:\Users\ezhik\PycharmProjects\PythonProject5\.venv\Lib\site-packages\aiogram\dispatcher\event\handler.py", line 71, in call
    return await wrapped()
           ^^^^^^^^^^^^^^^
  File "C:\Users\ezhik\PycharmProjects\PythonProject5\.venv\Lib\site-packages\aiogram\dispatcher\dispatcher.py", line 283, in _listen_update
    return await self.propagate_event(update_type=update_type, event=event, **kwargs)
           ^^^^^^^^^^^^^^^^^^^^^^^^^^^^^^^^^^^^^^^^^^^^^^^^^^^^^^^^^^^^^^^^^^^^^^^^^^
  File "C:\Users\ezhik\PycharmProjects\PythonProject5\.venv\Lib\site-packages\aiogram\dispatcher\router.py", line 161, in propagate_event
    return await observer.wrap_outer_middleware(_wrapped, event=event, data=kwargs)
           ^^^^^^^^^^^^^^^^^^^^^^^^^^^^^^^^^^^^^^^^^^^^^^^^^^^^^^^^^^^^^^^^^^^^^^^^
  File "C:\Users\ezhik\PycharmProjects\PythonProject5\.venv\Lib\site-packages\aiogram\dispatcher\router.py", line 153, in _wrapped
    return await self._propagate_event(
           ^^^^^^^^^^^^^^^^^^^^^^^^^^^^
    ...<4 lines>...
    )
    ^
  File "C:\Users\ezhik\PycharmProjects\PythonProject5\.venv\Lib\site-packages\aiogram\dispatcher\router.py", line 189, in _propagate_event
    response = await router.propagate_event(update_type=update_type, event=event, **kwargs)
               ^^^^^^^^^^^^^^^^^^^^^^^^^^^^^^^^^^^^^^^^^^^^^^^^^^^^^^^^^^^^^^^^^^^^^^^^^^^^
  File "C:\Users\ezhik\PycharmProjects\PythonProject5\.venv\Lib\site-packages\aiogram\dispatcher\router.py", line 161, in propagate_event
    return await observer.wrap_outer_middleware(_wrapped, event=event, data=kwargs)
           ^^^^^^^^^^^^^^^^^^^^^^^^^^^^^^^^^^^^^^^^^^^^^^^^^^^^^^^^^^^^^^^^^^^^^^^^
  File "C:\Users\ezhik\PycharmProjects\PythonProject5\.venv\Lib\site-packages\aiogram\dispatcher\router.py", line 153, in _wrapped
    return await self._propagate_event(
           ^^^^^^^^^^^^^^^^^^^^^^^^^^^^
    ...<4 lines>...
    )
    ^
  File "C:\Users\ezhik\PycharmProjects\PythonProject5\.venv\Lib\site-packages\aiogram\dispatcher\router.py", line 181, in _propagate_event
    response = await observer.trigger(event, **kwargs)
               ^^^^^^^^^^^^^^^^^^^^^^^^^^^^^^^^^^^^^^^
  File "C:\Users\ezhik\PycharmProjects\PythonProject5\.venv\Lib\site-packages\aiogram\dispatcher\event\telegram.py", line 126, in trigger
    return await wrapped_inner(event, kwargs)
           ^^^^^^^^^^^^^^^^^^^^^^^^^^^^^^^^^^
  File "C:\Users\ezhik\PycharmProjects\PythonProject5\.venv\Lib\site-packages\aiogram\dispatcher\event\handler.py", line 71, in call
    return await wrapped()
           ^^^^^^^^^^^^^^^
  File "C:\Users\ezhik\PycharmProjects\PythonProject5\telegram_manager.py", line 574, in cb_config_edit
    await callback.message.edit_text(
    ...<6 lines>...
    )
  File "C:\Users\ezhik\PycharmProjects\PythonProject5\.venv\Lib\site-packages\aiogram\methods\base.py", line 82, in emit
    return await bot(self)
           ^^^^^^^^^^^^^^^
  File "C:\Users\ezhik\PycharmProjects\PythonProject5\.venv\Lib\site-packages\aiogram\client\bot.py", line 484, in __call__
    return await self.session(self, method, timeout=request_timeout)
           ^^^^^^^^^^^^^^^^^^^^^^^^^^^^^^^^^^^^^^^^^^^^^^^^^^^^^^^^^
  File "C:\Users\ezhik\PycharmProjects\PythonProject5\.venv\Lib\site-packages\aiogram\client\session\base.py", line 259, in __call__
    return cast(TelegramType, await middleware(bot, method))
                              ^^^^^^^^^^^^^^^^^^^^^^^^^^^^^
  File "C:\Users\ezhik\PycharmProjects\PythonProject5\.venv\Lib\site-packages\aiogram\client\session\aiohttp.py", line 177, in make_request
    response = self.check_response(
        bot=bot,
    ...<2 lines>...
        content=raw_result,
    )
  File "C:\Users\ezhik\PycharmProjects\PythonProject5\.venv\Lib\site-packages\aiogram\client\session\base.py", line 121, in check_response
    raise TelegramBadRequest(method=method, message=description)
aiogram.exceptions.TelegramBadRequest: Telegram server says - Bad Request: BUTTON_DATA_INVALID
23:47:55 - StarvellBot - INFO - пропустили
23:47:59 - StarvellBot - INFO - ⬅️  2
23:48:05 - StarvellBot - INFO - пропустили
23:48:16 - StarvellBot - INFO - пропустили
23:48:24 - StarvellBot - INFO - ⬅️  2
23:48:27 - StarvellBot - INFO - пропустили
23:48:37 - StarvellBot - INFO - пропустили
23:48:48 - StarvellBot - INFO - пропустили
23:48:49 - StarvellBot - INFO - ⬅️  2
23:48:58 - StarvellBot - INFO - пропустили
23:49:09 - StarvellBot - INFO - пропустили
23:49:15 - StarvellBot - INFO - ⬅️  2
23:49:19 - StarvellBot - INFO - пропустили
23:49:25 - aiogram.dispatcher - INFO - Polling stopped
