21:33:16 - StarvellBot - INFO - ✅ Логирование настроено
21:33:16 - StarvellBot - INFO - ============================================================
21:33:16 - StarvellBot - INFO - 🚀 StarvellBot Manager Starting...
21:33:16 - StarvellBot - INFO - ============================================================
21:33:16 - StarvellBot - INFO - 📋 Загрузка конфигурации...
21:33:16 - config_manager - INFO - ✅ Конфигурация загружена из config_data.json
21:33:17 - StarvellBot - INFO - 🚀 Запуск Telegram Manager...
21:33:17 - StarvellBot - INFO - 🤖 Инициализация StarvellBot...
21:33:17 - StarvellBot - INFO - ⚙️ Инициализация Service Manager...
21:33:17 - StarvellBot - INFO - ============================================================
21:33:17 - StarvellBot - INFO - ✅ Все компоненты инициализированы успешно!
21:33:17 - StarvellBot - INFO - ============================================================
21:33:17 - StarvellBot - INFO - 
21:33:17 - StarvellBot - INFO - 📱 Откройте Telegram бота для управления
21:33:17 - StarvellBot - INFO - 🎛️ Доступные команды:
21:33:17 - StarvellBot - INFO -    /start - начать работу
21:33:17 - StarvellBot - INFO -    /services - управление службами
21:33:17 - StarvellBot - INFO -    /config - редактирование настроек
21:33:17 - StarvellBot - INFO -    /status - статус служб
21:33:17 - StarvellBot - INFO -    /help - справка
21:33:17 - StarvellBot - INFO - 
21:33:17 - StarvellBot - INFO - ============================================================
21:33:17 - aiogram.dispatcher - INFO - Start polling
21:33:17 - aiogram.dispatcher - INFO - Run polling for bot @testzabwinobotsfadsgdsbot id=8298689795 - 'test'
21:33:19 - aiogram.event - INFO - Update id=826344883 is handled. Duration 520 ms by bot id=8298689795
21:33:20 - aiogram.event - INFO - Update id=826344884 is handled. Duration 387 ms by bot id=8298689795
21:33:21 - service_manager - INFO - ▶️ Запуск службы Orders Monitor...
21:33:21 - StarvellBot - INFO - 🟢 WebSocket connected
21:33:21 - StarvellBot - INFO - ✅ WebSocket готов, запускаем проверку заказов
21:33:21 - StarvellBot - INFO - ⬅️  0{"sid":"j4RrrFO0ltJ81UhiAfF1","upgrades":[],"pingInterval":25000,"pingTimeout":20000,"maxPayload":1000000}
21:33:21 - StarvellBot - WARNING - ➡️  Connecting to namespace: /chats
21:33:21 - StarvellBot - WARNING - ➡️  Connecting to namespace: /user-notifications
21:33:21 - StarvellBot - WARNING - ➡️  Connecting to namespace: /orders
21:33:21 - StarvellBot - WARNING - ➡️  Connecting to namespace: /user-presence
21:33:21 - StarvellBot - WARNING - ➡️  Connecting to namespace: /online
21:33:21 - StarvellBot - INFO - ⬅️  40/chats,{"sid":"1AsU31O4k-SPLyH4AfF2"}
21:33:21 - StarvellBot - INFO - ⬅️  40/user-notifications,{"sid":"8vT9e7KoFgPU71d4AfF3"}
21:33:21 - StarvellBot - INFO - ⬅️  40/orders,{"sid":"qIlH2H3mcpApgxRjAfF4"}
21:33:21 - StarvellBot - INFO - ⬅️  40/user-presence,{"sid":"Gn6evUKUxRUZye0PAfF5"}
21:33:21 - StarvellBot - INFO - ⬅️  40/online,{"sid":"OwI8WoJlg-Qh1TqTAfF6"}
21:33:21 - service_manager - INFO - ✅ Служба Orders Monitor запущена
21:33:21 - aiogram.event - INFO - Update id=826344885 is handled. Duration 679 ms by bot id=8298689795
21:33:46 - StarvellBot - INFO - ⬅️  2
21:33:58 - StarvellBot - INFO - ⬅️  42/user-notifications,["sale_update",{"orderId":"019caaad-bdde-9b90-1b25-d7dac9ee8e84","delta":1}]
21:33:58 - StarvellBot - INFO - 🛒 NEW ORDER!
21:33:58 - StarvellBot - INFO - Order ID: 019caaad-bdde-9b90-1b25-d7dac9ee8e84
21:33:58 - StarvellBot - INFO - ⚙️  Processing order 019caaad-bdde-9b90-1b25-d7dac9ee8e84...
21:33:58 - StarvellBot - ERROR - Ошибка при процессинге 019caaad-bdde-9b90-1b25-d7dac9ee8e84
21:33:59 - StarvellBot - INFO - ⬅️  42/chats,["message_created",{"id":"019caaad-bdee-2972-93cf-c5c435ad3a7c","content":"","type":"NOTIFICATION","metadata":{"orderId":"019caaad-bdde-9b90-1b25-d7dac9ee8e84","notificationType":"ORDER_PAYMENT"},"isHidden":false,"images":[],"authorId":null,"buyerId":152876,"sellerId":null,"adminId":null,"chatId":"019c2109-ea20-da88-5085-3849eef57778","visibleTo":null,"createdAt":"2026-03-01T18:33:58.986Z","updatedAt":"2026-03-01T18:33:58.986Z","author":null,"buyer":{"id":152876,"username":"xezz"},"seller":null,"admin":null,"order":{"id":"019caaad-bdde-9b90-1b25-d7dac9ee8e84","quantity":1,"totalPrice":4021,"status":"CREATED","refundedAt":null,"refundReasonCode":null,"orderArgs":[{"id":"959d1d7b-1a35-429c-98a1-c9a753579a43","value":"ezhiqq","nameRu":"Telegram Username"}],"offerDetails":{"game":{"id":14,"name":"Telegram","slug":"telegram"},"type":"LOT","images":[{"id":"ef9a8163-b1a9-4558-bd04-362b1dfe43e1","width":289,"height":291,"extension":"jpg"},{"id":"18da3a42-7827-426c-9e23-27e70f5a8203","width":248,"height":294,"extension":"jpg"}],"category":{"id":182,"name":"Звёзды","slug":"stars","currencyDisplayUnits":null},"attributes":[{"id":"2c2c2dc0-93fd-4cdc-8bb6-c3fb0e79612a","value":{"id":"9abe5573-3184-401c-8bec-de0d8dd38529","nameRu":"Подарком"},"nameRu":"Способ получения"}],"subCategory":{"id":642,"name":"21 звезда"},"availability":99999982,"deliveryTime":{"to":{"unit":"MINUTES","value":5},"from":{"unit":"MINUTES","value":1}},"descriptions":{"rus":{"description":"⭐Вы получаете любой подарок за 25 звёзд на ваш выбор (Подарок или Розу)\n\nПроцесс выполнения:\n1️⃣ Оплачиваете заказ\n2️⃣ Пишите ваш юзернейм @username в чат и какой подарок вы хотите\n3️⃣ Я выполняю пополнение\n4️⃣ Проверяете → Подтверждаете\n\n⚠️ Важно: Проверьте правильность введённого @username. Ошибки могут привести к зачислению звёзд на другой аккаунт, и возврат средств будет невозможен.\n\nid: 21stars"}},"instantDelivery":false}},"dispute":null}]
21:33:59 - StarvellBot - INFO - ⬅️  42/chats,["message_created",{"id":"019caaad-bdfd-e99c-abc9-eafba342c9d2","content":"е","type":"DEFAULT","metadata":{"isAutoResponse":true},"isHidden":false,"images":[],"authorId":139527,"buyerId":null,"sellerId":null,"adminId":null,"chatId":"019c2109-ea20-da88-5085-3849eef57778","visibleTo":null,"createdAt":"2026-03-01T18:33:59.036Z","updatedAt":"2026-03-01T18:33:58.986Z","author":{"id":139527,"username":"Bronto","roles":[]}}]
21:33:59 - StarvellBot - INFO - ⬅️  42/chats,["chat_read",{"lastReadAt":"2026-03-01T18:33:59.425Z","chatId":"019c2109-ea20-da88-5085-3849eef57778"}]
21:33:59 - StarvellBot - INFO - ⬅️  42/chats,["message_created",{"id":"019caaad-c163-3ae1-236d-cabbb0143f43","content":"","type":"NOTIFICATION","metadata":{"orderId":"019caaad-bdde-9b90-1b25-d7dac9ee8e84","notificationType":"ORDER_REFUND"},"isHidden":false,"images":[],"authorId":null,"buyerId":152876,"sellerId":139527,"adminId":null,"chatId":"019c2109-ea20-da88-5085-3849eef57778","visibleTo":null,"createdAt":"2026-03-01T18:33:59.894Z","updatedAt":"2026-03-01T18:33:59.894Z","author":null,"buyer":{"id":152876,"username":"xezz"},"seller":{"id":139527,"username":"Bronto"},"admin":null,"order":{"id":"019caaad-bdde-9b90-1b25-d7dac9ee8e84","quantity":1,"totalPrice":4021,"status":"REFUND","refundedAt":"2026-03-01T18:33:59.903Z","refundReasonCode":null,"orderArgs":[{"id":"959d1d7b-1a35-429c-98a1-c9a753579a43","value":"ezhiqq","nameRu":"Telegram Username"}],"offerDetails":{"game":{"id":14,"name":"Telegram","slug":"telegram"},"type":"LOT","images":[{"id":"ef9a8163-b1a9-4558-bd04-362b1dfe43e1","width":289,"height":291,"extension":"jpg"},{"id":"18da3a42-7827-426c-9e23-27e70f5a8203","width":248,"height":294,"extension":"jpg"}],"category":{"id":182,"name":"Звёзды","slug":"stars","currencyDisplayUnits":null},"attributes":[{"id":"2c2c2dc0-93fd-4cdc-8bb6-c3fb0e79612a","value":{"id":"9abe5573-3184-401c-8bec-de0d8dd38529","nameRu":"Подарком"},"nameRu":"Способ получения"}],"subCategory":{"id":642,"name":"21 звезда"},"availability":99999982,"deliveryTime":{"to":{"unit":"MINUTES","value":5},"from":{"unit":"MINUTES","value":1}},"descriptions":{"rus":{"description":"⭐Вы получаете любой подарок за 25 звёзд на ваш выбор (Подарок или Розу)\n\nПроцесс выполнения:\n1️⃣ Оплачиваете заказ\n2️⃣ Пишите ваш юзернейм @username в чат и какой подарок вы хотите\n3️⃣ Я выполняю пополнение\n4️⃣ Проверяете → Подтверждаете\n\n⚠️ Важно: Проверьте правильность введённого @username. Ошибки могут привести к зачислению звёзд на другой аккаунт, и возврат средств будет невозможен.\n\nid: 21stars"}},"instantDelivery":false}},"dispute":null}]
21:33:59 - StarvellBot - INFO - ⬅️  42/user-notifications,["sale_update",{"orderId":"019caaad-bdde-9b90-1b25-d7dac9ee8e84","delta":-1}]
21:33:59 - StarvellBot - WARNING - 💸 Order refunded: 019caaad-bdde-9b90-1b25-d7dac9ee8e84 (delta: -1)
21:33:59 - StarvellBot - INFO - ⬅️  42/chats,["chat_read",{"lastReadAt":"2026-03-01T18:34:00.085Z","chatId":"019c2109-ea20-da88-5085-3849eef57778"}]
21:33:59 - StarvellBot - INFO - ⬅️  42/chats,["chat_read",{"lastReadAt":"2026-03-01T18:34:00.106Z","chatId":"019c2109-ea20-da88-5085-3849eef57778"}]
21:33:59 - StarvellBot - INFO - ⬅️  42/chats,["message_created",{"id":"019caaad-c274-71c6-4642-5883d9d45582","content":"❌ К сожалению, ваш заказ был отменен и средства возвращены.\n\nЕсли у вас возникли вопросы, пожалуйста, свяжитесь с поддержкой.","type":"DEFAULT","metadata":null,"isHidden":false,"images":[],"authorId":139527,"buyerId":null,"sellerId":null,"adminId":null,"chatId":"019c2109-ea20-da88-5085-3849eef57778","visibleTo":null,"createdAt":"2026-03-01T18:34:00.179Z","updatedAt":"2026-03-01T18:34:00.179Z","author":{"id":139527,"username":"Bronto","roles":[]},"buyer":null,"seller":null,"admin":null,"order":null,"dispute":null}]
21:33:59 - StarvellBot - INFO - ⬅️  42/chats,["chat_read",{"lastReadAt":"2026-03-01T18:34:00.276Z","chatId":"019c2109-ea20-da88-5085-3849eef57778"}]
21:34:11 - StarvellBot - INFO - ⬅️  2
21:34:36 - StarvellBot - INFO - ⬅️  2
21:35:01 - StarvellBot - INFO - ⬅️  2
21:35:24 - aiogram.dispatcher - INFO - Polling stopped
