18:49:35 - StarvellBot - INFO - ✅ Логирование настроено
18:49:35 - StarvellBot - INFO - ============================================================
18:49:35 - StarvellBot - INFO - 🚀 StarvellBot Manager Starting...
18:49:35 - StarvellBot - INFO - ============================================================
18:49:35 - StarvellBot - INFO - 📋 Загрузка конфигурации...
18:49:35 - config_manager - INFO - ✅ Конфигурация загружена из config_data.json
18:49:36 - StarvellBot - INFO - 🚀 Запуск Telegram Manager...
18:49:36 - StarvellBot - INFO - 🤖 Инициализация StarvellBot...
18:49:36 - StarvellBot - INFO - ⚙️ Инициализация Service Manager...
18:49:36 - StarvellBot - INFO - ============================================================
18:49:36 - StarvellBot - INFO - ✅ Все компоненты инициализированы успешно!
18:49:36 - StarvellBot - INFO - ============================================================
18:49:36 - StarvellBot - INFO - 
18:49:36 - StarvellBot - INFO - 📱 Откройте Telegram бота для управления
18:49:36 - StarvellBot - INFO - 🎛️ Доступные команды:
18:49:36 - StarvellBot - INFO -    /start - начать работу
18:49:36 - StarvellBot - INFO -    /services - управление службами
18:49:36 - StarvellBot - INFO -    /config - редактирование настроек
18:49:36 - StarvellBot - INFO -    /status - статус служб
18:49:36 - StarvellBot - INFO -    /help - справка
18:49:36 - StarvellBot - INFO - 
18:49:36 - StarvellBot - INFO - ============================================================
18:49:36 - aiogram.dispatcher - INFO - Start polling
18:49:36 - aiogram.dispatcher - INFO - Run polling for bot @testzabwinobotsfadsgdsbot id=8298689795 - 'test'
18:49:38 - aiogram.event - INFO - Update id=826344801 is handled. Duration 296 ms by bot id=8298689795
18:49:38 - service_manager - INFO - ▶️ Запуск службы Orders Monitor...
18:49:38 - StarvellBot - INFO - 🟢 WebSocket connected
18:49:38 - StarvellBot - INFO - ⬅️  0{"sid":"zLSbmsns1uvjaGk5AdSW","upgrades":[],"pingInterval":25000,"pingTimeout":20000,"maxPayload":1000000}
18:49:38 - StarvellBot - WARNING - ➡️  Connecting to namespace: /chats
18:49:38 - StarvellBot - WARNING - ➡️  Connecting to namespace: /user-notifications
18:49:38 - StarvellBot - WARNING - ➡️  Connecting to namespace: /orders
18:49:38 - StarvellBot - WARNING - ➡️  Connecting to namespace: /user-presence
18:49:38 - StarvellBot - WARNING - ➡️  Connecting to namespace: /online
18:49:38 - StarvellBot - INFO - ✅ WebSocket готов, запускаем проверку заказов
18:49:38 - StarvellBot - INFO - ⬅️  40/chats,{"sid":"twqtpJQUwgb7EFcKAdSX"}
18:49:38 - StarvellBot - INFO - ⬅️  40/user-notifications,{"sid":"tjSrK5QCS6HLohu7AdSY"}
18:49:38 - StarvellBot - INFO - ⬅️  40/orders,{"sid":"ZHobTaMXVIXIFLaqAdSZ"}
18:49:38 - StarvellBot - INFO - ⬅️  40/user-presence,{"sid":"rhxN9fnVbxMSCZ12AdSa"}
18:49:38 - StarvellBot - INFO - ⬅️  40/online,{"sid":"L6DYoAy7D98CUeDIAdSb"}
18:49:39 - service_manager - INFO - ✅ Служба Orders Monitor запущена
18:49:39 - aiogram.event - INFO - Update id=826344802 is handled. Duration 654 ms by bot id=8298689795
18:49:40 - aiogram.event - INFO - Update id=826344803 is handled. Duration 179 ms by bot id=8298689795
18:49:41 - aiogram.event - INFO - Update id=826344804 is handled. Duration 254 ms by bot id=8298689795
18:49:41 - service_manager - INFO - ▶️ Запуск службы Price Dumper...
18:49:41 - StarvellBot - INFO - ✅ WebSocket готов, запускаем автопонижение цен
18:49:41 - StarvellBot - INFO - 🔄 Проверяем цены...
18:49:42 - service_manager - INFO - ✅ Служба Price Dumper запущена
18:49:42 - StarvellBot - INFO - Успешно парсили ордеры
18:49:42 - StarvellBot - INFO - 📦 Найдено 2 наших предложений
18:49:42 - StarvellBot - ERROR - Отсутствует айди в описании предложения при демпинге
18:49:42 - StarvellBot - ERROR - отсутствует категория демпинге
18:49:42 - StarvellBot - INFO - 📊 Обрабатываем предложение 181438: 26 звёзд по 35.0₽
18:49:42 - StarvellBot - INFO - 📊 Получено 9 предложений конкурентов
18:49:42 - StarvellBot - ERROR - Отсутствует айди в описании предложения при демпинге
18:49:42 - StarvellBot - ERROR - Отсутствует айди в описании предложения при демпинге
18:49:42 - StarvellBot - ERROR - Отсутствует айди в описании предложения при демпинге
18:49:42 - StarvellBot - ERROR - Отсутствует айди в описании предложения при демпинге
18:49:42 - StarvellBot - ERROR - Отсутствует айди в описании предложения при демпинге
18:49:42 - StarvellBot - ERROR - Отсутствует айди в описании предложения при демпинге
18:49:42 - StarvellBot - ERROR - Отсутствует айди в описании предложения при демпинге
18:49:42 - StarvellBot - ERROR - Отсутствует айди в описании предложения при демпинге
18:49:42 - StarvellBot - ERROR - Отсутствует айди в описании предложения при демпинге
18:49:42 - StarvellBot - ERROR - Отсутствует айди в описании предложения при демпинге
18:49:42 - StarvellBot - ERROR - Отсутствует айди в описании предложения при демпинге
18:49:42 - StarvellBot - INFO - ✅ Проверка цен завершена
18:49:42 - aiogram.event - INFO - Update id=826344805 is handled. Duration 776 ms by bot id=8298689795
18:49:43 - aiogram.event - INFO - Update id=826344806 is handled. Duration 195 ms by bot id=8298689795
18:50:03 - StarvellBot - INFO - ⬅️  2
18:50:14 - StarvellBot - INFO - 🔄 Проверяем цены...
18:50:14 - StarvellBot.Fragment - INFO - Wallet balance: 1.104038 TON
18:50:14 - aiogram.dispatcher - INFO - Polling stopped
