15:19:48 - StarvellBot - INFO - ✅ Логирование настроено
15:19:48 - StarvellBot - INFO - ============================================================
15:19:48 - StarvellBot - INFO - 🚀 StarvellBot Manager Starting...
15:19:48 - StarvellBot - INFO - ============================================================
15:19:48 - StarvellBot - INFO - 📋 Загрузка конфигурации...
15:19:48 - config_manager - INFO - ✅ Конфигурация загружена из config_data.json
15:19:50 - pyrogram.crypto.aes - WARNING - TgCrypto is missing! Pyrogram will work the same, but at a much slower speed. More info: https://docs.pyrogram.org/topics/speedups
15:19:51 - StarvellBot - INFO - 🚀 Запуск Telegram Manager...
15:19:51 - StarvellBot - INFO - 🤖 Инициализация StarvellBot...
15:19:51 - StarvellBot - INFO - ⚙️ Инициализация Service Manager...
15:19:51 - StarvellBot - INFO - ============================================================
15:19:51 - StarvellBot - INFO - ✅ Все компоненты инициализированы успешно!
15:19:51 - StarvellBot - INFO - ============================================================
15:19:51 - StarvellBot - INFO - 
15:19:51 - StarvellBot - INFO - 📱 Откройте Telegram бота для управления
15:19:51 - StarvellBot - INFO - 🎛️ Доступные команды:
15:19:51 - StarvellBot - INFO -    /start - начать работу
15:19:51 - StarvellBot - INFO -    /services - управление службами
15:19:51 - StarvellBot - INFO -    /config - редактирование настроек
15:19:51 - StarvellBot - INFO -    /status - статус служб
15:19:51 - StarvellBot - INFO -    /help - справка
15:19:51 - StarvellBot - INFO - 
15:19:51 - StarvellBot - INFO - ============================================================
15:19:51 - aiogram.dispatcher - INFO - Start polling
15:19:51 - pyrogram.session.auth - INFO - Start creating a new auth key on DC2
15:19:51 - pyrogram.connection.connection - INFO - Connecting...
15:19:51 - pyrogram.connection.connection - INFO - Connected! Production DC2 - IPv4
15:19:51 - aiogram.dispatcher - INFO - Run polling for bot @testzabwinobotsfadsgdsbot id=8298689795 - 'test'
15:19:51 - aiogram.event - INFO - Update id=826343808 is handled. Duration 218 ms by bot id=8298689795
15:19:52 - pyrogram.session.auth - INFO - Done auth key exchange: DhGenOk
15:19:52 - pyrogram.connection.connection - INFO - Disconnected
15:19:52 - pyrogram.connection.connection - INFO - Connecting...
15:19:52 - pyrogram.connection.connection - INFO - Connected! Production DC2 - IPv4
15:19:52 - pyrogram.session.session - INFO - NetworkTask started
15:19:52 - pyrogram.client - INFO - Time synced: 2026-02-27 15:19:53.210995
15:19:52 - pyrogram.session.session - INFO - Session initialized: Pyrogram v2.2.19 (Layer 222)
15:19:52 - pyrogram.session.session - INFO - Device: CPython 3.13.5 - Pyrogram 2.2.19
15:19:52 - pyrogram.session.session - INFO - System: Windows 10 (en)
15:19:52 - pyrogram.session.session - INFO - Session started
15:19:52 - pyrogram.session.session - INFO - PingTask started
15:19:55 - aiogram.event - INFO - Update id=826343809 is handled. Duration 169 ms by bot id=8298689795
15:20:52 - pyrogram.session.session - INFO - Restarting session due to - Server sent a null packet.
15:20:52 - pyrogram.session.session - INFO - NetworkTask stopped
15:20:52 - pyrogram.session.session - INFO - PingTask stopped
15:20:52 - aiogram.dispatcher - ERROR - Failed to fetch updates - TelegramNetworkError: HTTP Client says - ClientOSError: [WinError 1236] Подключение к сети было разорвано локальной системой
15:20:52 - aiogram.dispatcher - WARNING - Sleep for 1.000000 seconds and try again... (tryings = 0, bot id = 8298689795)
15:20:52 - pyrogram.connection.connection - INFO - Disconnected
15:20:52 - pyrogram.session.session - INFO - Session stopped
15:20:52 - pyrogram.connection.connection - INFO - Connecting...
15:20:53 - pyrogram.connection.connection - INFO - Connected! Production DC2 - IPv4
15:20:53 - pyrogram.session.session - INFO - NetworkTask started
15:20:53 - pyrogram.session.session - INFO - Session initialized: Pyrogram v2.2.19 (Layer 222)
15:20:53 - pyrogram.session.session - INFO - Device: CPython 3.13.5 - Pyrogram 2.2.19
15:20:53 - pyrogram.session.session - INFO - System: Windows 10 (en)
15:20:53 - pyrogram.session.session - INFO - Session started
15:20:53 - pyrogram.session.session - INFO - PingTask started
15:21:04 - aiogram.dispatcher - INFO - Connection established (tryings = 1, bot id = 8298689795)
15:22:15 - aiogram.dispatcher - INFO - Polling stopped
15:22:15 - pyrogram.session.session - INFO - PingTask stopped
15:22:15 - pyrogram.session.session - INFO - NetworkTask stopped
15:22:15 - pyrogram.connection.connection - INFO - Disconnected
15:22:15 - pyrogram.session.session - INFO - Session stopped
15:22:15 - asyncio - ERROR - Task exception was never retrieved
future: <Task finished name='Task-2' coro=<StarsAPIGiver.init_sessions() done, defined at C:\Users\ezhik\PycharmProjects\PythonProject5\stars_api_giver.py:23> exception=UnicodeDecodeError('utf-8', b'\xff', 0, 1, 'invalid start byte')>
Traceback (most recent call last):
  File "C:\Users\ezhik\PycharmProjects\PythonProject5\stars_api_giver.py", line 27, in init_sessions
    self.balances[session] = await self.get_star_balance(session)
                             ^^^^^^^^^^^^^^^^^^^^^^^^^^^^^^^^^^^^
  File "C:\Users\ezhik\PycharmProjects\PythonProject5\stars_api_giver.py", line 31, in get_star_balance
    async with Client(session, self.api_id, self.api_hash) as app:
               ~~~~~~^^^^^^^^^^^^^^^^^^^^^^^^^^^^^^^^^^^^^
  File "C:\Users\ezhik\PycharmProjects\PythonProject5\.venv\Lib\site-packages\pyrogram\client.py", line 441, in __aenter__
    return await self.start()
           ^^^^^^^^^^^^^^^^^^
  File "C:\Users\ezhik\PycharmProjects\PythonProject5\.venv\Lib\site-packages\pyrogram\methods\utilities\start.py", line 89, in start
    await self.authorize()
  File "C:\Users\ezhik\PycharmProjects\PythonProject5\.venv\Lib\site-packages\pyrogram\client.py", line 474, in authorize
    value = await ainput("Enter phone number or bot token: ", loop=self.loop)
            ^^^^^^^^^^^^^^^^^^^^^^^^^^^^^^^^^^^^^^^^^^^^^^^^^^^^^^^^^^^^^^^^^
  File "C:\Users\ezhik\PycharmProjects\PythonProject5\.venv\Lib\site-packages\pyrogram\utils.py", line 57, in ainput
    return await loop.run_in_executor(executor, func)
           ^^^^^^^^^^^^^^^^^^^^^^^^^^^^^^^^^^^^^^^^^^
  File "C:\Users\ezhik\AppData\Local\Programs\Python\Python313\Lib\concurrent\futures\thread.py", line 59, in run
    result = self.fn(*self.args, **self.kwargs)
  File "<frozen codecs>", line 325, in decode
UnicodeDecodeError: 'utf-8' codec can't decode byte 0xff in position 0: invalid start byte
