00:04:23 - StarvellBot - INFO - ✅ Логирование настроено
00:04:23 - StarvellBot - INFO - ============================================================
00:04:23 - StarvellBot - INFO - 🚀 StarvellBot Manager Starting...
00:04:23 - StarvellBot - INFO - ============================================================
00:04:23 - StarvellBot - INFO - 📋 Загрузка конфигурации...
00:04:23 - config_manager - INFO - ✅ Конфигурация загружена из config_data.json
00:04:24 - StarvellBot - INFO - 🚀 Запуск Telegram Manager...
00:04:24 - StarvellBot - INFO - 🤖 Инициализация StarvellBot...
00:04:24 - StarvellBot - INFO - ⚙️ Инициализация Service Manager...
00:04:24 - StarvellBot - INFO - ============================================================
00:04:24 - StarvellBot - INFO - ✅ Все компоненты инициализированы успешно!
00:04:24 - StarvellBot - INFO - ============================================================
00:04:24 - StarvellBot - INFO - 
00:04:24 - StarvellBot - INFO - 📱 Откройте Telegram бота для управления
00:04:24 - StarvellBot - INFO - 🎛️ Доступные команды:
00:04:24 - StarvellBot - INFO -    /start - начать работу
00:04:24 - StarvellBot - INFO -    /services - управление службами
00:04:24 - StarvellBot - INFO -    /config - редактирование настроек
00:04:24 - StarvellBot - INFO -    /status - статус служб
00:04:24 - StarvellBot - INFO -    /help - справка
00:04:24 - StarvellBot - INFO - 
00:04:24 - StarvellBot - INFO - ============================================================
00:04:24 - aiogram.dispatcher - INFO - Start polling
00:04:24 - aiogram.dispatcher - INFO - Run polling for bot @testzabwinobotsfadsgdsbot id=8298689795 - 'test'
00:04:40 - aiogram.event - INFO - Update id=826345042 is handled. Duration 268 ms by bot id=8298689795
00:05:03 - aiogram.event - INFO - Update id=826345043 is handled. Duration 387 ms by bot id=8298689795
00:05:04 - aiogram.event - INFO - Update id=826345044 is handled. Duration 157 ms by bot id=8298689795
00:05:21 - aiogram.event - INFO - Update id=826345045 is handled. Duration 146 ms by bot id=8298689795
00:05:44 - aiogram.event - INFO - Update id=826345046 is handled. Duration 166 ms by bot id=8298689795
00:05:47 - aiogram.event - INFO - Update id=826345047 is handled. Duration 234 ms by bot id=8298689795
00:05:48 - aiogram.event - INFO - Update id=826345048 is handled. Duration 170 ms by bot id=8298689795
00:05:55 - aiogram.event - INFO - Update id=826345049 is handled. Duration 156 ms by bot id=8298689795
00:06:00 - aiogram.event - INFO - Update id=826345050 is handled. Duration 152 ms by bot id=8298689795
00:06:03 - aiogram.event - INFO - Update id=826345051 is handled. Duration 147 ms by bot id=8298689795
00:06:07 - aiogram.event - INFO - Update id=826345052 is handled. Duration 204 ms by bot id=8298689795
00:06:09 - aiogram.event - INFO - Update id=826345053 is handled. Duration 151 ms by bot id=8298689795
00:06:10 - aiogram.event - INFO - Update id=826345054 is handled. Duration 153 ms by bot id=8298689795
00:06:14 - aiogram.event - INFO - Update id=826345055 is handled. Duration 157 ms by bot id=8298689795
00:06:15 - aiogram.event - INFO - Update id=826345056 is handled. Duration 148 ms by bot id=8298689795
00:06:31 - aiogram.event - INFO - Update id=826345057 is handled. Duration 164 ms by bot id=8298689795
00:06:32 - aiogram.event - INFO - Update id=826345058 is handled. Duration 194 ms by bot id=8298689795
00:06:38 - aiogram.event - INFO - Update id=826345059 is handled. Duration 154 ms by bot id=8298689795
00:06:43 - aiogram.event - INFO - Update id=826345060 is handled. Duration 155 ms by bot id=8298689795
00:07:38 - aiogram.event - INFO - Update id=826345061 is handled. Duration 154 ms by bot id=8298689795
00:08:07 - aiogram.event - INFO - Update id=826345062 is handled. Duration 165 ms by bot id=8298689795
00:08:11 - aiogram.event - INFO - Update id=826345063 is handled. Duration 146 ms by bot id=8298689795
00:10:01 - aiogram.event - INFO - Update id=826345064 is handled. Duration 164 ms by bot id=8298689795
00:10:13 - aiogram.event - INFO - Update id=826345065 is handled. Duration 170 ms by bot id=8298689795
00:10:26 - aiogram.event - INFO - Update id=826345066 is handled. Duration 92 ms by bot id=8298689795
00:10:33 - aiogram.event - INFO - Update id=826345067 is handled. Duration 164 ms by bot id=8298689795
00:10:34 - service_manager - INFO - ▶️ Запуск службы Orders Monitor...
00:10:34 - pyrogram.connection.connection - INFO - Connecting...
00:10:39 - service_manager - INFO - ✅ Служба Orders Monitor запущена
00:10:39 - pyrogram.connection.connection - INFO - Connected! Production DC2 - IPv4
00:10:39 - pyrogram.session.session - INFO - NetworkTask started
00:10:39 - pyrogram.client - INFO - Time synced: 2026-03-02 00:10:40.398714
00:10:39 - aiogram.event - INFO - Update id=826345068 is handled. Duration 5480 ms by bot id=8298689795
00:10:39 - pyrogram.session.session - INFO - Session initialized: Pyrogram v2.2.19 (Layer 222)
00:10:39 - pyrogram.session.session - INFO - Device: CPython 3.13.5 - Pyrogram 2.2.19
00:10:39 - pyrogram.session.session - INFO - System: Windows 10 (en)
00:10:39 - pyrogram.session.session - INFO - Session started
00:10:39 - pyrogram.session.session - INFO - PingTask started
00:10:39 - aiogram.event - INFO - Update id=826345069 is handled. Duration 207 ms by bot id=8298689795
00:10:39 - StarvellBot.Fragment - INFO - Wallet balance: 1.104038 TON
00:10:39 - service_manager - ERROR - ❌ Ошибка в службе Orders Monitor: ValueError: max() iterable argument is empty
00:10:40 - pyrogram.dispatcher - INFO - Started 20 HandlerTasks
00:10:40 - pyrogram.dispatcher - INFO - Stopped 20 HandlerTasks
00:10:40 - pyrogram.session.session - INFO - PingTask stopped
00:10:40 - pyrogram.session.session - INFO - NetworkTask stopped
00:10:40 - pyrogram.connection.connection - INFO - Disconnected
00:10:40 - pyrogram.session.session - INFO - Session stopped
00:10:40 - TelegramApiGiver - INFO - ✅ Сессии инициализированы: ['my_account']
00:10:40 - pyrogram.connection.connection - INFO - Connecting...
00:10:40 - pyrogram.connection.connection - INFO - Connected! Production DC2 - IPv4
00:10:40 - pyrogram.session.session - INFO - NetworkTask started
00:10:40 - pyrogram.client - INFO - Time synced: 2026-03-02 00:10:41.503115
00:10:40 - aiogram.event - INFO - Update id=826345070 is handled. Duration 141 ms by bot id=8298689795
00:10:40 - StarvellBot - INFO - 🟢 WebSocket connected
00:10:40 - StarvellBot - INFO - ✅ WebSocket готов, запускаем проверку заказов
00:10:40 - StarvellBot - INFO - ⬅️  0{"sid":"PQT8VfMso_SmY6p7AgIf","upgrades":[],"pingInterval":25000,"pingTimeout":20000,"maxPayload":1000000}
00:10:40 - StarvellBot - WARNING - ➡️  Connecting to namespace: /chats
00:10:40 - StarvellBot - WARNING - ➡️  Connecting to namespace: /user-notifications
00:10:40 - StarvellBot - WARNING - ➡️  Connecting to namespace: /orders
00:10:40 - StarvellBot - WARNING - ➡️  Connecting to namespace: /user-presence
00:10:40 - StarvellBot - WARNING - ➡️  Connecting to namespace: /online
00:10:40 - pyrogram.session.session - INFO - Session initialized: Pyrogram v2.2.19 (Layer 222)
00:10:40 - pyrogram.session.session - INFO - Device: CPython 3.13.5 - Pyrogram 2.2.19
00:10:40 - pyrogram.session.session - INFO - System: Windows 10 (en)
00:10:40 - pyrogram.session.session - INFO - Session started
00:10:40 - pyrogram.session.session - INFO - PingTask started
00:10:40 - StarvellBot - INFO - ⬅️  40/chats,{"sid":"zNhBR_RBX37AkUknAgIg"}
00:10:40 - StarvellBot - INFO - ⬅️  40/user-notifications,{"sid":"weZsYfCWmgdtsBd4AgIh"}
00:10:40 - StarvellBot - INFO - ⬅️  40/orders,{"sid":"I6_t3ez2wu1hGKEjAgIi"}
00:10:40 - StarvellBot - INFO - ⬅️  40/user-presence,{"sid":"TMvq5kKdJBZj8TyzAgIj"}
00:10:40 - StarvellBot - INFO - ⬅️  40/online,{"sid":"UkOK_9RYAn_JXpOuAgIk"}
00:10:41 - service_manager - INFO - ▶️ Запуск службы Price Dumper...
00:10:41 - StarvellBot - INFO - ✅ WebSocket готов, запускаем автопонижение цен
00:10:41 - StarvellBot - INFO - 🔄 Проверяем цены...
00:10:41 - pyrogram.dispatcher - INFO - Started 20 HandlerTasks
00:10:41 - pyrogram.dispatcher - INFO - Stopped 20 HandlerTasks
00:10:41 - pyrogram.session.session - INFO - PingTask stopped
00:10:41 - pyrogram.session.session - INFO - NetworkTask stopped
00:10:41 - pyrogram.connection.connection - INFO - Disconnected
00:10:41 - pyrogram.session.session - INFO - Session stopped
00:10:41 - service_manager - INFO - ✅ Служба Price Dumper запущена
00:10:41 - StarvellBot - INFO - Успешно парсили ордеры
00:10:41 - StarvellBot - INFO - 📦 Найдено 2 наших предложений
00:10:41 - StarvellBot - ERROR - Отсутствует айди в описании предложения при демпинге
00:10:41 - StarvellBot - ERROR - Отсутствует айди в описании предложения при демпинге
00:10:41 - StarvellBot - ERROR - Отсутствует айди в описании предложения при демпинге
00:10:41 - StarvellBot - ERROR - Отсутствует айди в описании предложения при демпинге
00:10:41 - StarvellBot - ERROR - Отсутствует айди в описании предложения при демпинге
00:10:41 - StarvellBot - ERROR - Отсутствует айди в описании предложения при демпинге
00:10:41 - StarvellBot - ERROR - Отсутствует айди в описании предложения при демпинге
00:10:41 - StarvellBot - ERROR - Отсутствует айди в описании предложения при демпинге
00:10:41 - StarvellBot - ERROR - Отсутствует айди в описании предложения при демпинге
00:10:41 - StarvellBot - ERROR - Отсутствует айди в описании предложения при демпинге
00:10:41 - StarvellBot - ERROR - Отсутствует айди в описании предложения при демпинге
00:10:41 - aiogram.event - INFO - Update id=826345071 is handled. Duration 662 ms by bot id=8298689795
00:10:41 - StarvellBot - INFO - ✅ Цена обновлена: 31.0₽ (ID: 181438)
00:10:42 - StarvellBot - INFO - 📊 Обрабатываем предложение 134567: 25 звёзд по 35.9₽
00:10:43 - StarvellBot - INFO - 📊 Получено 6 предложений конкурентов
00:10:43 - StarvellBot - INFO - 💰 Оптимизируем первое место: 35.9₽ → 33.9₽
00:10:43 - StarvellBot - INFO - ✅ Цена обновлена: 33.9₽ (ID: 134567)
00:10:44 - StarvellBot - INFO - ✅ Проверка цен завершена
00:11:05 - StarvellBot - INFO - ⬅️  2
00:11:14 - StarvellBot - INFO - 🔄 Проверяем цены...
00:11:14 - StarvellBot - INFO - Успешно парсили ордеры
00:11:14 - StarvellBot - INFO - 📦 Найдено 2 наших предложений
00:11:14 - StarvellBot - ERROR - Отсутствует айди в описании предложения при демпинге
00:11:14 - StarvellBot - ERROR - Отсутствует айди в описании предложения при демпинге
00:11:14 - StarvellBot - ERROR - Отсутствует айди в описании предложения при демпинге
00:11:14 - StarvellBot - ERROR - Отсутствует айди в описании предложения при демпинге
00:11:14 - StarvellBot - ERROR - Отсутствует айди в описании предложения при демпинге
00:11:14 - StarvellBot - ERROR - Отсутствует айди в описании предложения при демпинге
00:11:14 - StarvellBot - ERROR - Отсутствует айди в описании предложения при демпинге
00:11:14 - StarvellBot - ERROR - Отсутствует айди в описании предложения при демпинге
00:11:14 - StarvellBot - ERROR - Отсутствует айди в описании предложения при демпинге
00:11:14 - StarvellBot - ERROR - Отсутствует айди в описании предложения при демпинге
00:11:14 - StarvellBot - ERROR - Отсутствует айди в описании предложения при демпинге
00:11:14 - StarvellBot - INFO - 📊 Обрабатываем предложение 134567: 25 звёзд по 33.9₽
00:11:15 - StarvellBot - INFO - 📊 Получено 6 предложений конкурентов
00:11:15 - StarvellBot - INFO - 📊 Обрабатываем предложение 181438: 26 звёзд по 31.0₽
00:11:15 - StarvellBot - INFO - 📊 Получено 7 предложений конкурентов
00:11:15 - StarvellBot - INFO -    advgifts: отфильтровали конкурентов по 26 звёзд → 0 шт.
00:11:15 - StarvellBot - INFO - ✅ Наше предложение 181438 единственное в категории
00:11:15 - StarvellBot - INFO - ✅ Проверка цен завершена
00:11:28 - StarvellBot - INFO - ⬅️  42/chats,["message_created",{"id":"019cab3d-f2be-5cf3-0e94-40964f571028","content":"","type":"NOTIFICATION","metadata":{"orderId":"019cab34-18ab-174d-af1a-1fbc1e4eff67","notificationType":"ORDER_REFUND"},"isHidden":false,"images":[],"authorId":null,"buyerId":152876,"sellerId":139527,"adminId":null,"chatId":"019c2109-ea20-da88-5085-3849eef57778","visibleTo":null,"createdAt":"2026-03-01T21:11:29.717Z","updatedAt":"2026-03-01T21:11:29.717Z","author":null,"buyer":{"id":152876,"username":"xezz"},"seller":{"id":139527,"username":"Bronto"},"admin":null,"order":{"id":"019cab34-18ab-174d-af1a-1fbc1e4eff67","quantity":1,"totalPrice":3360,"status":"REFUND","refundedAt":"2026-03-01T21:11:29.724Z","refundReasonCode":null,"orderArgs":[{"id":"959d1d7b-1a35-429c-98a1-c9a753579a43","value":"eszhiqq","nameRu":"Telegram Username"}],"offerDetails":{"game":{"id":14,"name":"Telegram","slug":"telegram"},"type":"LOT","images":[],"category":{"id":182,"name":"Звёзды","slug":"stars","currencyDisplayUnits":null},"attributes":[{"id":"2c2c2dc0-93fd-4cdc-8bb6-c3fb0e79612a","value":{"id":"9abe5573-3184-401c-8bec-de0d8dd38529","nameRu":"Подарком"},"nameRu":"Способ получения"},{"id":"6a2ce94f-d18a-46b5-8adc-73ded5fa965e","value":{"numericValue":26},"nameRu":"Количество звёзд"}],"subCategory":{"id":654,"name":"Другое количество"},"availability":107,"deliveryTime":null,"descriptions":{"rus":{"description":"test\n\nid: 26stars"}},"instantDelivery":false}},"dispute":null}]
00:11:29 - StarvellBot - INFO - ⬅️  42/user-notifications,["sale_update",{"orderId":"019cab34-18ab-174d-af1a-1fbc1e4eff67","delta":-1}]
00:11:29 - StarvellBot - WARNING - 💸 Order refunded: 019cab34-18ab-174d-af1a-1fbc1e4eff67 (delta: -1)
00:11:29 - StarvellBot - INFO - ⬅️  42/chats,["message_created",{"id":"019cab3d-f39b-01c8-e119-3e151b326101","content":"❌ К сожалению, ваш заказ был отменен и средства возвращены.\n\nЕсли у вас возникли вопросы, пожалуйста, свяжитесь с поддержкой.","type":"DEFAULT","metadata":null,"isHidden":false,"images":[],"authorId":139527,"buyerId":null,"sellerId":null,"adminId":null,"chatId":"019c2109-ea20-da88-5085-3849eef57778","visibleTo":null,"createdAt":"2026-03-01T21:11:29.946Z","updatedAt":"2026-03-01T21:11:29.946Z","author":{"id":139527,"username":"Bronto","roles":[]},"buyer":null,"seller":null,"admin":null,"order":null,"dispute":null}]
00:11:29 - StarvellBot - INFO - ⬅️  42/chats,["chat_read",{"lastReadAt":"2026-03-01T21:11:29.989Z","chatId":"019c2109-ea20-da88-5085-3849eef57778"}]
00:11:29 - StarvellBot - INFO - ⬅️  42/chats,["chat_read",{"lastReadAt":"2026-03-01T21:11:30.002Z","chatId":"019c2109-ea20-da88-5085-3849eef57778"}]
00:11:29 - StarvellBot - INFO - ⬅️  42/chats,["chat_read",{"lastReadAt":"2026-03-01T21:11:30.045Z","chatId":"019c2109-ea20-da88-5085-3849eef57778"}]
00:11:30 - StarvellBot - INFO - ⬅️  2
00:11:45 - StarvellBot - INFO - 🔄 Проверяем цены...
00:11:45 - StarvellBot - INFO - Успешно парсили ордеры
00:11:45 - StarvellBot - INFO - 📦 Найдено 2 наших предложений
00:11:45 - StarvellBot - ERROR - Отсутствует айди в описании предложения при демпинге
00:11:45 - StarvellBot - ERROR - Отсутствует айди в описании предложения при демпинге
00:11:45 - StarvellBot - ERROR - Отсутствует айди в описании предложения при демпинге
00:11:45 - StarvellBot - ERROR - Отсутствует айди в описании предложения при демпинге
00:11:45 - StarvellBot - ERROR - Отсутствует айди в описании предложения при демпинге
00:11:45 - StarvellBot - ERROR - Отсутствует айди в описании предложения при демпинге
00:11:45 - StarvellBot - ERROR - Отсутствует айди в описании предложения при демпинге
00:11:45 - StarvellBot - ERROR - Отсутствует айди в описании предложения при демпинге
00:11:45 - StarvellBot - ERROR - Отсутствует айди в описании предложения при демпинге
00:11:45 - StarvellBot - ERROR - Отсутствует айди в описании предложения при демпинге
00:11:45 - StarvellBot - ERROR - Отсутствует айди в описании предложения при демпинге
00:11:45 - StarvellBot - INFO - 📊 Обрабатываем предложение 134567: 25 звёзд по 33.9₽
00:11:46 - StarvellBot - INFO - 📊 Получено 6 предложений конкурентов
00:11:46 - StarvellBot - INFO - 📊 Обрабатываем предложение 181438: 26 звёзд по 31.0₽
00:11:46 - StarvellBot - INFO - 📊 Получено 7 предложений конкурентов
00:11:46 - StarvellBot - INFO -    advgifts: отфильтровали конкурентов по 26 звёзд → 0 шт.
00:11:46 - StarvellBot - INFO - ✅ Наше предложение 181438 единственное в категории
00:11:46 - StarvellBot - INFO - ✅ Проверка цен завершена
00:11:55 - StarvellBot - INFO - ⬅️  2
00:12:16 - StarvellBot - INFO - 🔄 Проверяем цены...
00:12:16 - StarvellBot - INFO - Успешно парсили ордеры
00:12:16 - StarvellBot - INFO - 📦 Найдено 2 наших предложений
00:12:16 - StarvellBot - ERROR - Отсутствует айди в описании предложения при демпинге
00:12:16 - StarvellBot - ERROR - Отсутствует айди в описании предложения при демпинге
00:12:16 - StarvellBot - ERROR - Отсутствует айди в описании предложения при демпинге
00:12:16 - StarvellBot - ERROR - Отсутствует айди в описании предложения при демпинге
00:12:16 - StarvellBot - ERROR - Отсутствует айди в описании предложения при демпинге
00:12:16 - StarvellBot - ERROR - Отсутствует айди в описании предложения при демпинге
00:12:16 - StarvellBot - ERROR - Отсутствует айди в описании предложения при демпинге
00:12:16 - StarvellBot - ERROR - Отсутствует айди в описании предложения при демпинге
00:12:16 - StarvellBot - ERROR - Отсутствует айди в описании предложения при демпинге
00:12:16 - StarvellBot - ERROR - Отсутствует айди в описании предложения при демпинге
00:12:16 - StarvellBot - ERROR - Отсутствует айди в описании предложения при демпинге
00:12:16 - StarvellBot - INFO - 📊 Обрабатываем предложение 134567: 25 звёзд по 33.9₽
00:12:17 - StarvellBot - INFO - 📊 Получено 6 предложений конкурентов
00:12:17 - StarvellBot - INFO - 📊 Обрабатываем предложение 181438: 26 звёзд по 31.0₽
00:12:17 - StarvellBot - INFO - 📊 Получено 7 предложений конкурентов
00:12:17 - StarvellBot - INFO -    advgifts: отфильтровали конкурентов по 26 звёзд → 0 шт.
00:12:17 - StarvellBot - INFO - ✅ Наше предложение 181438 единственное в категории
00:12:17 - StarvellBot - INFO - ✅ Проверка цен завершена
00:12:20 - StarvellBot - INFO - ⬅️  2
00:12:26 - StarvellBot - INFO - ⬅️  42/user-notifications,["sale_update",{"orderId":"019cab3e-d4ef-74f7-c425-abdcb1fd3a60","delta":1}]
00:12:26 - StarvellBot - INFO - 🛒 NEW ORDER!
00:12:26 - StarvellBot - INFO - Order ID: 019cab3e-d4ef-74f7-c425-abdcb1fd3a60
00:12:26 - StarvellBot - INFO - ⚙️  Processing order 019cab3e-d4ef-74f7-c425-abdcb1fd3a60...
00:12:27 - StarvellBot - INFO - ⭐ Звёзд в заказе: 26
00:12:27 - StarvellBot - INFO - 📝 Введённый username: ezhiqq
00:12:27 - StarvellBot - INFO - ============================================================
00:12:27 - StarvellBot - INFO - 📦 Order ID: 019cab3e-d4ef-74f7-c425-abdcb1fd3a60
00:12:27 - StarvellBot - INFO - 💰 Total Price: 3472
00:12:27 - StarvellBot - INFO - 🔢 Quantity: 1
00:12:27 - StarvellBot - INFO - ⭐ Stars: 26
00:12:27 - StarvellBot - INFO - 👤 Buyer ID: 152876
00:12:27 - StarvellBot - INFO - 📝 Telegram Username (entered): ezhiqq
00:12:27 - StarvellBot - INFO - 💬 Chat ID: 019c2109-ea20-da88-5085-3849eef57778
00:12:27 - StarvellBot - INFO - ============================================================
00:12:27 - StarvellBot - INFO - ✅ Order 019cab3e-d4ef-74f7-c425-abdcb1fd3a60 updated in database
00:12:27 - StarvellBot - INFO - ⬅️  42/chats,["message_created",{"id":"019cab3e-d4fb-4a04-4880-cf6314644d24","content":"","type":"NOTIFICATION","metadata":{"orderId":"019cab3e-d4ef-74f7-c425-abdcb1fd3a60","notificationType":"ORDER_PAYMENT"},"isHidden":false,"images":[],"authorId":null,"buyerId":152876,"sellerId":null,"adminId":null,"chatId":"019c2109-ea20-da88-5085-3849eef57778","visibleTo":null,"createdAt":"2026-03-01T21:12:27.620Z","updatedAt":"2026-03-01T21:12:27.620Z","author":null,"buyer":{"id":152876,"username":"xezz"},"seller":null,"admin":null,"order":{"id":"019cab3e-d4ef-74f7-c425-abdcb1fd3a60","quantity":1,"totalPrice":3472,"status":"CREATED","refundedAt":null,"refundReasonCode":null,"orderArgs":[{"id":"959d1d7b-1a35-429c-98a1-c9a753579a43","value":"ezhiqq","nameRu":"Telegram Username"}],"offerDetails":{"game":{"id":14,"name":"Telegram","slug":"telegram"},"type":"LOT","images":[],"category":{"id":182,"name":"Звёзды","slug":"stars","currencyDisplayUnits":null},"attributes":[{"id":"2c2c2dc0-93fd-4cdc-8bb6-c3fb0e79612a","value":{"id":"9abe5573-3184-401c-8bec-de0d8dd38529","nameRu":"Подарком"},"nameRu":"Способ получения"},{"id":"6a2ce94f-d18a-46b5-8adc-73ded5fa965e","value":{"numericValue":26},"nameRu":"Количество звёзд"}],"subCategory":{"id":654,"name":"Другое количество"},"availability":106,"deliveryTime":null,"descriptions":{"rus":{"description":"test\n\nid: 26stars"}},"instantDelivery":false}},"dispute":null}]
00:12:27 - StarvellBot - INFO - ⬅️  42/chats,["message_created",{"id":"019cab3e-d503-7c28-c59a-d2cdcb8d289f","content":"test","type":"DEFAULT","metadata":{"isAutoResponse":true},"isHidden":false,"images":[],"authorId":139527,"buyerId":null,"sellerId":null,"adminId":null,"chatId":"019c2109-ea20-da88-5085-3849eef57778","visibleTo":null,"createdAt":"2026-03-01T21:12:27.651Z","updatedAt":"2026-03-01T21:12:27.620Z","author":{"id":139527,"username":"Bronto","roles":[]}}]
00:12:27 - StarvellBot - INFO - ⬅️  42/chats,["chat_read",{"lastReadAt":"2026-03-01T21:12:27.976Z","chatId":"019c2109-ea20-da88-5085-3849eef57778"}]
00:12:27 - StarvellBot - INFO - ⬅️  42/chats,["message_created",{"id":"019cab3e-d89b-c04d-7467-4c815e5f145e","content":"🧾 Ваш заказ:\n#️⃣ ID: 019cab3e-d4ef-74f7-c425-abdcb1fd3a60\n👤 Username: ezhiqq\n⭐ Stars: 26 | 1 шт.\n\nВсе верно?\n✅ Да (+) | Нет (-) ❌","type":"DEFAULT","metadata":null,"isHidden":false,"images":[],"authorId":139527,"buyerId":null,"sellerId":null,"adminId":null,"chatId":"019c2109-ea20-da88-5085-3849eef57778","visibleTo":null,"createdAt":"2026-03-01T21:12:28.571Z","updatedAt":"2026-03-01T21:12:28.571Z","author":{"id":139527,"username":"Bronto","roles":[]},"buyer":null,"seller":null,"admin":null,"order":null,"dispute":null}]
00:12:27 - StarvellBot - INFO - ⬅️  42/chats,["chat_read",{"lastReadAt":"2026-03-01T21:12:28.666Z","chatId":"019c2109-ea20-da88-5085-3849eef57778"}]
00:12:30 - StarvellBot - INFO - ⬅️  42/chats,["message_created",{"id":"019cab3e-e2c3-43f9-7151-0a8c1953b3e7","content":"+","type":"DEFAULT","metadata":null,"isHidden":false,"images":[],"authorId":152876,"buyerId":null,"sellerId":null,"adminId":null,"chatId":"019c2109-ea20-da88-5085-3849eef57778","visibleTo":null,"createdAt":"2026-03-01T21:12:31.170Z","updatedAt":"2026-03-01T21:12:31.170Z","author":{"id":152876,"username":"xezz","roles":[]},"buyer":null,"seller":null,"admin":null,"order":null,"dispute":null}]
00:12:30 - TelegramApiGiver - INFO - 📦 Начинаем заказ: ezhiqq | 1 шт. | 26 звёзд всего
00:12:30 - TelegramApiGiver - INFO -    Маска: {13: 2, 21: 0, 43: 0, 85: 0}
00:12:30 - TelegramApiGiver - INFO -    Сессия: my_account
00:12:30 - TelegramApiGiver - INFO -    🔄 Итерация 1/1
00:12:30 - TelegramApiGiver - INFO -    Попытка 1: отправляем {13: 2, 21: 0, 43: 0, 85: 0}
00:12:30 - TelegramApiGiver - INFO -    🎁 send_gifts: сессия=my_account цель=ezhiqq
00:12:30 - pyrogram.connection.connection - INFO - Connecting...
00:12:30 - pyrogram.connection.connection - INFO - Connected! Production DC2 - IPv4
00:12:30 - pyrogram.session.session - INFO - NetworkTask started
00:12:30 - pyrogram.client - INFO - Time synced: 2026-03-02 00:12:31.900471
00:12:31 - pyrogram.session.session - INFO - Session initialized: Pyrogram v2.2.19 (Layer 222)
00:12:31 - pyrogram.session.session - INFO - Device: CPython 3.13.5 - Pyrogram 2.2.19
00:12:31 - pyrogram.session.session - INFO - System: Windows 10 (en)
00:12:31 - pyrogram.session.session - INFO - Session started
00:12:31 - pyrogram.session.session - INFO - PingTask started
00:12:31 - pyrogram.dispatcher - INFO - Started 20 HandlerTasks
00:12:32 - TelegramApiGiver - INFO -    ✅ Подарок 5170233102089322756 (тип 13) → ezhiqq
00:12:32 - TelegramApiGiver - INFO -    ✅ Подарок 5170233102089322756 (тип 13) → ezhiqq
00:12:32 - pyrogram.dispatcher - INFO - Stopped 20 HandlerTasks
00:12:32 - pyrogram.session.session - INFO - PingTask stopped
00:12:32 - pyrogram.session.session - INFO - NetworkTask stopped
00:12:32 - pyrogram.connection.connection - INFO - Disconnected
00:12:32 - pyrogram.session.session - INFO - Session stopped
00:12:32 - TelegramApiGiver - INFO -    ✅ Итерация 1 успешна. Прогресс: {13: 2, 21: 0, 43: 0, 85: 0}
00:12:32 - TelegramApiGiver - INFO - ✅ Заказ выполнен: ezhiqq | 1 шт.
00:12:32 - StarvellBot - INFO - ⬅️  42/chats,["message_created",{"id":"019cab3e-e3a1-6903-6fe9-a450c6301f6c","content":"🐬 Ваш заказ был добавлен в очередь, ожидайте","type":"DEFAULT","metadata":null,"isHidden":false,"images":[],"authorId":139527,"buyerId":null,"sellerId":null,"adminId":null,"chatId":"019c2109-ea20-da88-5085-3849eef57778","visibleTo":null,"createdAt":"2026-03-01T21:12:31.392Z","updatedAt":"2026-03-01T21:12:31.392Z","author":{"id":139527,"username":"Bronto","roles":[]},"buyer":null,"seller":null,"admin":null,"order":null,"dispute":null}]
00:12:32 - StarvellBot - INFO - ⬅️  42/chats,["chat_read",{"lastReadAt":"2026-03-01T21:12:31.555Z","chatId":"019c2109-ea20-da88-5085-3849eef57778"}]
00:12:32 - StarvellBot - INFO - ⬅️  42/chats,["message_created",{"id":"019cab3e-ec20-dad1-5030-f71e619881ab","content":"✅ Звезды отправлены на ваш аккаунт.🙏 Не забудьте подтвердить заказ.🙂 Мне было бы очень приятно получить отзыв <3","type":"DEFAULT","metadata":null,"isHidden":false,"images":[],"authorId":139527,"buyerId":null,"sellerId":null,"adminId":null,"chatId":"019c2109-ea20-da88-5085-3849eef57778","visibleTo":null,"createdAt":"2026-03-01T21:12:33.568Z","updatedAt":"2026-03-01T21:12:33.568Z","author":{"id":139527,"username":"Bronto","roles":[]},"buyer":null,"seller":null,"admin":null,"order":null,"dispute":null}]
00:12:32 - StarvellBot - INFO - ⬅️  42/chats,["chat_read",{"lastReadAt":"2026-03-01T21:12:33.656Z","chatId":"019c2109-ea20-da88-5085-3849eef57778"}]
00:12:37 - StarvellBot - INFO - пропустили
00:12:43 - aiogram.event - INFO - Update id=826345072 is handled. Duration 86 ms by bot id=8298689795
00:12:44 - aiogram.event - INFO - Update id=826345073 is handled. Duration 155 ms by bot id=8298689795
00:12:45 - aiogram.event - INFO - Update id=826345074 is handled. Duration 143 ms by bot id=8298689795
00:12:46 - StarvellBot - INFO - ⬅️  2
00:12:46 - aiogram.event - INFO - Update id=826345075 is handled. Duration 141 ms by bot id=8298689795
00:12:47 - StarvellBot - INFO - 🔄 Проверяем цены...
00:12:47 - StarvellBot - INFO - Успешно парсили ордеры
00:12:47 - StarvellBot - INFO - 📦 Найдено 2 наших предложений
00:12:47 - StarvellBot - ERROR - Отсутствует айди в описании предложения при демпинге
00:12:47 - StarvellBot - ERROR - Отсутствует айди в описании предложения при демпинге
00:12:47 - StarvellBot - ERROR - Отсутствует айди в описании предложения при демпинге
00:12:47 - StarvellBot - ERROR - Отсутствует айди в описании предложения при демпинге
00:12:47 - StarvellBot - ERROR - Отсутствует айди в описании предложения при демпинге
00:12:47 - StarvellBot - ERROR - Отсутствует айди в описании предложения при демпинге
00:12:47 - StarvellBot - ERROR - Отсутствует айди в описании предложения при демпинге
00:12:47 - StarvellBot - ERROR - Отсутствует айди в описании предложения при демпинге
00:12:47 - StarvellBot - ERROR - Отсутствует айди в описании предложения при демпинге
00:12:47 - StarvellBot - ERROR - Отсутствует айди в описании предложения при демпинге
00:12:47 - StarvellBot - ERROR - Отсутствует айди в описании предложения при демпинге
00:12:47 - StarvellBot - INFO - 📊 Обрабатываем предложение 134567: 25 звёзд по 33.9₽
00:12:48 - StarvellBot - INFO - 📊 Получено 6 предложений конкурентов
00:12:48 - StarvellBot - INFO - 📊 Обрабатываем предложение 181438: 26 звёзд по 31.0₽
00:12:48 - StarvellBot - INFO - 📊 Получено 7 предложений конкурентов
00:12:48 - StarvellBot - INFO -    advgifts: отфильтровали конкурентов по 26 звёзд → 0 шт.
00:12:48 - StarvellBot - INFO - ✅ Наше предложение 181438 единственное в категории
00:12:48 - StarvellBot - INFO - ✅ Проверка цен завершена
00:12:48 - StarvellBot - INFO - пропустили
00:12:50 - aiogram.event - INFO - Update id=826345076 is handled. Duration 279 ms by bot id=8298689795
00:12:58 - StarvellBot - INFO - пропустили
00:13:00 - aiogram.event - INFO - Update id=826345077 is handled. Duration 142 ms by bot id=8298689795
00:13:05 - aiogram.event - INFO - Update id=826345078 is handled. Duration 161 ms by bot id=8298689795
00:13:09 - StarvellBot - INFO - пропустили
00:13:11 - StarvellBot - INFO - ⬅️  2
00:13:18 - StarvellBot - INFO - 🔄 Проверяем цены...
00:13:18 - StarvellBot - INFO - Успешно парсили ордеры
00:13:18 - StarvellBot - INFO - 📦 Найдено 2 наших предложений
00:13:18 - StarvellBot - ERROR - Отсутствует айди в описании предложения при демпинге
00:13:18 - StarvellBot - ERROR - Отсутствует айди в описании предложения при демпинге
00:13:18 - StarvellBot - ERROR - Отсутствует айди в описании предложения при демпинге
00:13:18 - StarvellBot - ERROR - Отсутствует айди в описании предложения при демпинге
00:13:18 - StarvellBot - ERROR - Отсутствует айди в описании предложения при демпинге
00:13:18 - StarvellBot - ERROR - Отсутствует айди в описании предложения при демпинге
00:13:18 - StarvellBot - ERROR - Отсутствует айди в описании предложения при демпинге
00:13:18 - StarvellBot - ERROR - Отсутствует айди в описании предложения при демпинге
00:13:18 - StarvellBot - ERROR - Отсутствует айди в описании предложения при демпинге
00:13:18 - StarvellBot - ERROR - Отсутствует айди в описании предложения при демпинге
00:13:18 - StarvellBot - ERROR - Отсутствует айди в описании предложения при демпинге
00:13:18 - StarvellBot - INFO - 📊 Обрабатываем предложение 134567: 25 звёзд по 33.9₽
00:13:18 - StarvellBot - INFO - 📊 Получено 6 предложений конкурентов
00:13:18 - StarvellBot - INFO - 📊 Обрабатываем предложение 181438: 26 звёзд по 31.0₽
00:13:19 - StarvellBot - INFO - 📊 Получено 7 предложений конкурентов
00:13:19 - StarvellBot - INFO -    advgifts: отфильтровали конкурентов по 26 звёзд → 0 шт.
00:13:19 - StarvellBot - INFO - ✅ Наше предложение 181438 единственное в категории
00:13:19 - StarvellBot - INFO - ✅ Проверка цен завершена
00:13:19 - StarvellBot - INFO - пропустили
00:13:30 - StarvellBot - INFO - пропустили
00:13:36 - StarvellBot - INFO - ⬅️  2
00:13:41 - StarvellBot - INFO - пропустили
00:13:49 - StarvellBot - INFO - 🔄 Проверяем цены...
00:13:49 - StarvellBot - INFO - Успешно парсили ордеры
00:13:49 - StarvellBot - INFO - 📦 Найдено 2 наших предложений
00:13:49 - StarvellBot - ERROR - Отсутствует айди в описании предложения при демпинге
00:13:49 - StarvellBot - ERROR - Отсутствует айди в описании предложения при демпинге
00:13:49 - StarvellBot - ERROR - Отсутствует айди в описании предложения при демпинге
00:13:49 - StarvellBot - ERROR - Отсутствует айди в описании предложения при демпинге
00:13:49 - StarvellBot - ERROR - Отсутствует айди в описании предложения при демпинге
00:13:49 - StarvellBot - ERROR - Отсутствует айди в описании предложения при демпинге
00:13:49 - StarvellBot - ERROR - Отсутствует айди в описании предложения при демпинге
00:13:49 - StarvellBot - ERROR - Отсутствует айди в описании предложения при демпинге
00:13:49 - StarvellBot - ERROR - Отсутствует айди в описании предложения при демпинге
00:13:49 - StarvellBot - ERROR - Отсутствует айди в описании предложения при демпинге
00:13:49 - StarvellBot - ERROR - Отсутствует айди в описании предложения при демпинге
00:13:49 - StarvellBot - INFO - 📊 Обрабатываем предложение 134567: 25 звёзд по 33.9₽
00:13:49 - StarvellBot - INFO - 📊 Получено 6 предложений конкурентов
00:13:49 - StarvellBot - INFO - 📊 Обрабатываем предложение 181438: 26 звёзд по 31.0₽
00:13:50 - StarvellBot - INFO - 📊 Получено 7 предложений конкурентов
00:13:50 - StarvellBot - INFO -    advgifts: отфильтровали конкурентов по 26 звёзд → 0 шт.
00:13:50 - StarvellBot - INFO - ✅ Наше предложение 181438 единственное в категории
00:13:50 - StarvellBot - INFO - ✅ Проверка цен завершена
00:13:51 - StarvellBot - INFO - пропустили
00:14:01 - StarvellBot - INFO - ⬅️  2
00:14:02 - StarvellBot - INFO - пропустили
00:14:12 - StarvellBot - INFO - пропустили
00:14:15 - config_manager - INFO - ✅ Конфигурация сохранена в config_data.json
00:14:15 - aiogram.event - INFO - Update id=826345079 is handled. Duration 93 ms by bot id=8298689795
00:14:19 - config_manager - INFO - ✅ Конфигурация сохранена в config_data.json
00:14:20 - aiogram.event - INFO - Update id=826345080 is handled. Duration 89 ms by bot id=8298689795
00:14:20 - StarvellBot - INFO - 🔄 Проверяем цены...
00:14:20 - StarvellBot - INFO - Успешно парсили ордеры
00:14:20 - StarvellBot - INFO - 📦 Найдено 2 наших предложений
00:14:20 - StarvellBot - ERROR - Отсутствует айди в описании предложения при демпинге
00:14:20 - StarvellBot - ERROR - Отсутствует айди в описании предложения при демпинге
00:14:20 - StarvellBot - ERROR - Отсутствует айди в описании предложения при демпинге
00:14:20 - StarvellBot - ERROR - Отсутствует айди в описании предложения при демпинге
00:14:20 - StarvellBot - ERROR - Отсутствует айди в описании предложения при демпинге
00:14:20 - StarvellBot - ERROR - Отсутствует айди в описании предложения при демпинге
00:14:20 - StarvellBot - ERROR - Отсутствует айди в описании предложения при демпинге
00:14:20 - StarvellBot - ERROR - Отсутствует айди в описании предложения при демпинге
00:14:20 - StarvellBot - ERROR - Отсутствует айди в описании предложения при демпинге
00:14:20 - StarvellBot - ERROR - Отсутствует айди в описании предложения при демпинге
00:14:20 - StarvellBot - ERROR - Отсутствует айди в описании предложения при демпинге
00:14:20 - StarvellBot - INFO - 📊 Обрабатываем предложение 134567: 25 звёзд по 33.9₽
00:14:20 - StarvellBot - INFO - 📊 Получено 6 предложений конкурентов
00:14:20 - StarvellBot - INFO - 📊 Обрабатываем предложение 181438: 26 звёзд по 31.0₽
00:14:21 - StarvellBot - INFO - 📊 Получено 7 предложений конкурентов
00:14:21 - StarvellBot - INFO -    advgifts: отфильтровали конкурентов по 26 звёзд → 0 шт.
00:14:21 - StarvellBot - INFO - ✅ Наше предложение 181438 единственное в категории
00:14:21 - StarvellBot - INFO - ✅ Проверка цен завершена
00:14:21 - aiogram.event - INFO - Update id=826345081 is handled. Duration 81 ms by bot id=8298689795
00:14:23 - StarvellBot - INFO - пропустили
00:14:24 - config_manager - INFO - ✅ Конфигурация сохранена в config_data.json
00:14:25 - aiogram.event - INFO - Update id=826345082 is handled. Duration 82 ms by bot id=8298689795
00:14:26 - StarvellBot - INFO - ⬅️  2
00:14:33 - StarvellBot - INFO - пропустили
00:14:44 - StarvellBot - INFO - пропустили
00:14:51 - StarvellBot - INFO - 🔄 Проверяем цены...
00:14:51 - StarvellBot - INFO - ⬅️  2
00:14:51 - StarvellBot - INFO - Успешно парсили ордеры
00:14:51 - StarvellBot - INFO - 📦 Найдено 2 наших предложений
00:14:51 - StarvellBot - ERROR - Отсутствует айди в описании предложения при демпинге
00:14:51 - StarvellBot - ERROR - Отсутствует айди в описании предложения при демпинге
00:14:51 - StarvellBot - ERROR - Отсутствует айди в описании предложения при демпинге
00:14:51 - StarvellBot - ERROR - Отсутствует айди в описании предложения при демпинге
00:14:51 - StarvellBot - ERROR - Отсутствует айди в описании предложения при демпинге
00:14:51 - StarvellBot - ERROR - Отсутствует айди в описании предложения при демпинге
00:14:51 - StarvellBot - ERROR - Отсутствует айди в описании предложения при демпинге
00:14:51 - StarvellBot - ERROR - Отсутствует айди в описании предложения при демпинге
00:14:51 - StarvellBot - ERROR - Отсутствует айди в описании предложения при демпинге
00:14:51 - StarvellBot - ERROR - Отсутствует айди в описании предложения при демпинге
00:14:51 - StarvellBot - ERROR - Отсутствует айди в описании предложения при демпинге
00:14:51 - StarvellBot - INFO - 📊 Обрабатываем предложение 134567: 25 звёзд по 33.9₽
00:14:51 - StarvellBot - INFO - 📊 Получено 6 предложений конкурентов
00:14:51 - StarvellBot - INFO - 📊 Обрабатываем предложение 181438: 26 звёзд по 31.0₽
00:14:52 - StarvellBot - INFO - 📊 Получено 7 предложений конкурентов
00:14:52 - StarvellBot - INFO -    advgifts: отфильтровали конкурентов по 26 звёзд → 0 шт.
00:14:52 - StarvellBot - INFO - ✅ Наше предложение 181438 единственное в категории
00:14:52 - StarvellBot - INFO - ✅ Проверка цен завершена
00:14:54 - config_manager - INFO - ✅ Конфигурация сохранена в config_data.json
00:14:54 - aiogram.event - INFO - Update id=826345083 is handled. Duration 86 ms by bot id=8298689795
00:14:55 - StarvellBot - INFO - пропустили
00:15:05 - StarvellBot - INFO - пропустили
00:15:16 - StarvellBot - INFO - пропустили
00:15:16 - StarvellBot - INFO - ⬅️  2
00:15:16 - StarvellBot - INFO - ⬅️  42/chats,["message_created",{"id":"019cab41-6c07-b80f-c535-59b8de37142a","content":"","type":"NOTIFICATION","metadata":{"orderId":"019cab3e-d4ef-74f7-c425-abdcb1fd3a60","notificationType":"ORDER_REFUND"},"isHidden":false,"images":[],"authorId":null,"buyerId":152876,"sellerId":139527,"adminId":null,"chatId":"019c2109-ea20-da88-5085-3849eef57778","visibleTo":null,"createdAt":"2026-03-01T21:15:17.370Z","updatedAt":"2026-03-01T21:15:17.370Z","author":null,"buyer":{"id":152876,"username":"xezz"},"seller":{"id":139527,"username":"Bronto"},"admin":null,"order":{"id":"019cab3e-d4ef-74f7-c425-abdcb1fd3a60","quantity":1,"totalPrice":3472,"status":"REFUND","refundedAt":"2026-03-01T21:15:17.380Z","refundReasonCode":null,"orderArgs":[{"id":"959d1d7b-1a35-429c-98a1-c9a753579a43","value":"ezhiqq","nameRu":"Telegram Username"}],"offerDetails":{"game":{"id":14,"name":"Telegram","slug":"telegram"},"type":"LOT","images":[],"category":{"id":182,"name":"Звёзды","slug":"stars","currencyDisplayUnits":null},"attributes":[{"id":"2c2c2dc0-93fd-4cdc-8bb6-c3fb0e79612a","value":{"id":"9abe5573-3184-401c-8bec-de0d8dd38529","nameRu":"Подарком"},"nameRu":"Способ получения"},{"id":"6a2ce94f-d18a-46b5-8adc-73ded5fa965e","value":{"numericValue":26},"nameRu":"Количество звёзд"}],"subCategory":{"id":654,"name":"Другое количество"},"availability":106,"deliveryTime":null,"descriptions":{"rus":{"description":"test\n\nid: 26stars"}},"instantDelivery":false}},"dispute":null}]
00:15:16 - StarvellBot - INFO - ⬅️  42/user-notifications,["sale_update",{"orderId":"019cab3e-d4ef-74f7-c425-abdcb1fd3a60","delta":-1}]
00:15:16 - StarvellBot - WARNING - 💸 Order refunded: 019cab3e-d4ef-74f7-c425-abdcb1fd3a60 (delta: -1)
00:15:16 - StarvellBot - INFO - ⬅️  42/chats,["chat_read",{"lastReadAt":"2026-03-01T21:15:17.628Z","chatId":"019c2109-ea20-da88-5085-3849eef57778"}]
00:15:16 - StarvellBot - INFO - ⬅️  42/chats,["chat_read",{"lastReadAt":"2026-03-01T21:15:17.641Z","chatId":"019c2109-ea20-da88-5085-3849eef57778"}]
00:15:16 - StarvellBot - INFO - ⬅️  42/chats,["message_created",{"id":"019cab41-6d00-b2da-1261-950fe2aef007","content":"❌ К сожалению, ваш заказ был отменен и средства возвращены.\n\nЕсли у вас возникли вопросы, пожалуйста, свяжитесь с поддержкой.","type":"DEFAULT","metadata":null,"isHidden":false,"images":[],"authorId":139527,"buyerId":null,"sellerId":null,"adminId":null,"chatId":"019c2109-ea20-da88-5085-3849eef57778","visibleTo":null,"createdAt":"2026-03-01T21:15:17.631Z","updatedAt":"2026-03-01T21:15:17.631Z","author":{"id":139527,"username":"Bronto","roles":[]},"buyer":null,"seller":null,"admin":null,"order":null,"dispute":null}]
00:15:16 - StarvellBot - INFO - ⬅️  42/chats,["chat_read",{"lastReadAt":"2026-03-01T21:15:17.749Z","chatId":"019c2109-ea20-da88-5085-3849eef57778"}]
00:15:22 - StarvellBot - INFO - 🔄 Проверяем цены...
00:15:22 - StarvellBot - INFO - Успешно парсили ордеры
00:15:22 - StarvellBot - INFO - 📦 Найдено 2 наших предложений
00:15:22 - StarvellBot - ERROR - Отсутствует айди в описании предложения при демпинге
00:15:22 - StarvellBot - ERROR - Отсутствует айди в описании предложения при демпинге
00:15:22 - StarvellBot - ERROR - Отсутствует айди в описании предложения при демпинге
00:15:22 - StarvellBot - ERROR - Отсутствует айди в описании предложения при демпинге
00:15:22 - StarvellBot - ERROR - Отсутствует айди в описании предложения при демпинге
00:15:22 - StarvellBot - ERROR - Отсутствует айди в описании предложения при демпинге
00:15:22 - StarvellBot - ERROR - Отсутствует айди в описании предложения при демпинге
00:15:22 - StarvellBot - ERROR - Отсутствует айди в описании предложения при демпинге
00:15:22 - StarvellBot - ERROR - Отсутствует айди в описании предложения при демпинге
00:15:22 - StarvellBot - ERROR - Отсутствует айди в описании предложения при демпинге
00:15:22 - StarvellBot - ERROR - Отсутствует айди в описании предложения при демпинге
00:15:22 - StarvellBot - INFO - 📊 Обрабатываем предложение 134567: 25 звёзд по 33.9₽
00:15:22 - StarvellBot - INFO - 📊 Получено 6 предложений конкурентов
00:15:22 - StarvellBot - INFO - 📊 Обрабатываем предложение 181438: 26 звёзд по 31.0₽
00:15:23 - StarvellBot - INFO - 📊 Получено 7 предложений конкурентов
00:15:23 - StarvellBot - INFO -    advgifts: отфильтровали конкурентов по 26 звёзд → 0 шт.
00:15:23 - StarvellBot - INFO - ✅ Наше предложение 181438 единственное в категории
00:15:23 - StarvellBot - INFO - ✅ Проверка цен завершена
00:15:41 - StarvellBot - INFO - ⬅️  2
00:15:53 - StarvellBot - INFO - 🔄 Проверяем цены...
00:15:53 - StarvellBot - INFO - Успешно парсили ордеры
00:15:53 - StarvellBot - INFO - 📦 Найдено 2 наших предложений
00:15:53 - StarvellBot - ERROR - Отсутствует айди в описании предложения при демпинге
00:15:53 - StarvellBot - ERROR - Отсутствует айди в описании предложения при демпинге
00:15:53 - StarvellBot - ERROR - Отсутствует айди в описании предложения при демпинге
00:15:53 - StarvellBot - ERROR - Отсутствует айди в описании предложения при демпинге
00:15:53 - StarvellBot - ERROR - Отсутствует айди в описании предложения при демпинге
00:15:53 - StarvellBot - ERROR - Отсутствует айди в описании предложения при демпинге
00:15:53 - StarvellBot - ERROR - Отсутствует айди в описании предложения при демпинге
00:15:53 - StarvellBot - ERROR - Отсутствует айди в описании предложения при демпинге
00:15:53 - StarvellBot - ERROR - Отсутствует айди в описании предложения при демпинге
00:15:53 - StarvellBot - ERROR - Отсутствует айди в описании предложения при демпинге
00:15:53 - StarvellBot - ERROR - Отсутствует айди в описании предложения при демпинге
00:15:53 - StarvellBot - INFO - 📊 Обрабатываем предложение 134567: 25 звёзд по 33.9₽
00:15:53 - StarvellBot - INFO - 📊 Получено 6 предложений конкурентов
00:15:53 - StarvellBot - INFO - 📊 Обрабатываем предложение 181438: 26 звёзд по 31.0₽
00:15:54 - StarvellBot - INFO - 📊 Получено 7 предложений конкурентов
00:15:54 - StarvellBot - INFO -    advgifts: отфильтровали конкурентов по 26 звёзд → 0 шт.
00:15:54 - StarvellBot - INFO - ✅ Наше предложение 181438 единственное в категории
00:15:54 - StarvellBot - INFO - ✅ Проверка цен завершена
00:16:06 - StarvellBot - INFO - ⬅️  2
00:16:22 - StarvellBot - INFO - ⬅️  42/user-notifications,["sale_update",{"orderId":"019cab42-6cfc-a04b-8987-f372c2fa5ec6","delta":1}]
00:16:22 - StarvellBot - INFO - 🛒 NEW ORDER!
00:16:22 - StarvellBot - INFO - Order ID: 019cab42-6cfc-a04b-8987-f372c2fa5ec6
00:16:22 - StarvellBot - INFO - ⚙️  Processing order 019cab42-6cfc-a04b-8987-f372c2fa5ec6...
00:16:22 - StarvellBot - INFO - ⭐ Звёзд в заказе: 43
00:16:22 - StarvellBot - INFO - 📝 Введённый username: ezhiqq
00:16:22 - StarvellBot - INFO - ============================================================
00:16:22 - StarvellBot - INFO - 📦 Order ID: 019cab42-6cfc-a04b-8987-f372c2fa5ec6
00:16:22 - StarvellBot - INFO - 💰 Total Price: 3360
00:16:22 - StarvellBot - INFO - 🔢 Quantity: 1
00:16:22 - StarvellBot - INFO - ⭐ Stars: 43
00:16:22 - StarvellBot - INFO - 👤 Buyer ID: 152876
00:16:22 - StarvellBot - INFO - 📝 Telegram Username (entered): ezhiqq
00:16:22 - StarvellBot - INFO - 💬 Chat ID: 019c2109-ea20-da88-5085-3849eef57778
00:16:22 - StarvellBot - INFO - ============================================================
00:16:22 - StarvellBot - INFO - ✅ Order 019cab42-6cfc-a04b-8987-f372c2fa5ec6 updated in database
00:16:23 - StarvellBot - INFO - ⬅️  42/chats,["message_created",{"id":"019cab42-6d12-0f96-79cb-4dad288d6cf8","content":"","type":"NOTIFICATION","metadata":{"orderId":"019cab42-6cfc-a04b-8987-f372c2fa5ec6","notificationType":"ORDER_PAYMENT"},"isHidden":false,"images":[],"authorId":null,"buyerId":152876,"sellerId":null,"adminId":null,"chatId":"019c2109-ea20-da88-5085-3849eef57778","visibleTo":null,"createdAt":"2026-03-01T21:16:23.154Z","updatedAt":"2026-03-01T21:16:23.154Z","author":null,"buyer":{"id":152876,"username":"xezz"},"seller":null,"admin":null,"order":{"id":"019cab42-6cfc-a04b-8987-f372c2fa5ec6","quantity":1,"totalPrice":3360,"status":"CREATED","refundedAt":null,"refundReasonCode":null,"orderArgs":[{"id":"09a8dffb-03cd-4715-9c18-d2216b67aa2e","value":"ezhiqq","nameRu":"Telegram Username"}],"offerDetails":{"game":{"id":14,"name":"Telegram","slug":"telegram"},"type":"LOT","images":[],"category":{"id":181,"name":"Подарки","slug":"gifts","currencyDisplayUnits":null},"attributes":[{"id":"560e95f8-ab37-4a98-a266-9c8a579cb771","value":{"id":"adab5e11-b8f9-46c8-ab03-07c8f95c3062","nameRu":"Другое"},"nameRu":"Тип подарка"},{"id":"dee935df-8a68-40d9-9ed6-f6023cb46196","value":{"id":"4627eb58-73ef-45c7-8b00-d01c2807aec8","nameRu":"Подарок"},"nameRu":"Способ передачи"}],"subCategory":{"id":623,"name":"Продажа"},"availability":1,"deliveryTime":null,"descriptions":{"rus":{"description":"fdfd\n\nid: ngmishka","briefDescription":"fdf"}},"instantDelivery":false}},"dispute":null}]
00:16:23 - StarvellBot - INFO - ⬅️  42/chats,["chat_read",{"lastReadAt":"2026-03-01T21:16:23.520Z","chatId":"019c2109-ea20-da88-5085-3849eef57778"}]
00:16:23 - StarvellBot - INFO - ⬅️  42/chats,["message_created",{"id":"019cab42-70af-7ef9-34f3-ef3085412850","content":"🧾 Ваш заказ:\n#️⃣ ID: 019cab42-6cfc-a04b-8987-f372c2fa5ec6\n👤 Username: ezhiqq\n⭐ Stars: 43 | 1 шт.\n\nВсе верно?\n✅ Да (+) | Нет (-) ❌","type":"DEFAULT","metadata":null,"isHidden":false,"images":[],"authorId":139527,"buyerId":null,"sellerId":null,"adminId":null,"chatId":"019c2109-ea20-da88-5085-3849eef57778","visibleTo":null,"createdAt":"2026-03-01T21:16:24.107Z","updatedAt":"2026-03-01T21:16:24.107Z","author":{"id":139527,"username":"Bronto","roles":[]},"buyer":null,"seller":null,"admin":null,"order":null,"dispute":null}]
00:16:23 - StarvellBot - INFO - ⬅️  42/chats,["chat_read",{"lastReadAt":"2026-03-01T21:16:24.212Z","chatId":"019c2109-ea20-da88-5085-3849eef57778"}]
00:16:24 - StarvellBot - INFO - 🔄 Проверяем цены...
00:16:24 - StarvellBot - INFO - Успешно парсили ордеры
00:16:24 - StarvellBot - INFO - 📦 Найдено 2 наших предложений
00:16:24 - StarvellBot - ERROR - Отсутствует айди в описании предложения при демпинге
00:16:24 - StarvellBot - ERROR - Отсутствует айди в описании предложения при демпинге
00:16:24 - StarvellBot - ERROR - Отсутствует айди в описании предложения при демпинге
00:16:24 - StarvellBot - ERROR - Отсутствует айди в описании предложения при демпинге
00:16:24 - StarvellBot - ERROR - Отсутствует айди в описании предложения при демпинге
00:16:24 - StarvellBot - ERROR - Отсутствует айди в описании предложения при демпинге
00:16:24 - StarvellBot - ERROR - Отсутствует айди в описании предложения при демпинге
00:16:24 - StarvellBot - ERROR - Отсутствует айди в описании предложения при демпинге
00:16:24 - StarvellBot - ERROR - Отсутствует айди в описании предложения при демпинге
00:16:24 - StarvellBot - ERROR - Отсутствует айди в описании предложения при демпинге
00:16:24 - StarvellBot - ERROR - Отсутствует айди в описании предложения при демпинге
00:16:24 - StarvellBot - INFO - 📊 Обрабатываем предложение 134567: 25 звёзд по 33.9₽
00:16:24 - StarvellBot - INFO - 📊 Получено 6 предложений конкурентов
00:16:24 - StarvellBot - INFO - 📊 Обрабатываем предложение 181438: 26 звёзд по 31.0₽
00:16:24 - StarvellBot - INFO - 📊 Получено 7 предложений конкурентов
00:16:24 - StarvellBot - INFO -    advgifts: отфильтровали конкурентов по 26 звёзд → 0 шт.
00:16:24 - StarvellBot - INFO - ✅ Наше предложение 181438 единственное в категории
00:16:24 - StarvellBot - INFO - ✅ Проверка цен завершена
00:16:29 - StarvellBot - INFO - пропустили
00:16:31 - StarvellBot - INFO - ⬅️  2
00:16:33 - StarvellBot - INFO - ⬅️  42/chats,["message_created",{"id":"019cab42-99fe-05fd-9403-945ae08841ae","content":"-","type":"DEFAULT","metadata":null,"isHidden":false,"images":[],"authorId":152876,"buyerId":null,"sellerId":null,"adminId":null,"chatId":"019c2109-ea20-da88-5085-3849eef57778","visibleTo":null,"createdAt":"2026-03-01T21:16:34.686Z","updatedAt":"2026-03-01T21:16:34.686Z","author":{"id":152876,"username":"xezz","roles":[]},"buyer":null,"seller":null,"admin":null,"order":null,"dispute":null}]
00:16:34 - StarvellBot - INFO - ⬅️  42/chats,["message_created",{"id":"019cab42-9b0f-5eb3-a27f-659ecd406e9d","content":"Начинаем заново..\n👤 Введите актуальный @username","type":"DEFAULT","metadata":null,"isHidden":false,"images":[],"authorId":139527,"buyerId":null,"sellerId":null,"adminId":null,"chatId":"019c2109-ea20-da88-5085-3849eef57778","visibleTo":null,"createdAt":"2026-03-01T21:16:34.959Z","updatedAt":"2026-03-01T21:16:34.959Z","author":{"id":139527,"username":"Bronto","roles":[]},"buyer":null,"seller":null,"admin":null,"order":null,"dispute":null}]
00:16:34 - StarvellBot - INFO - ⬅️  42/chats,["chat_read",{"lastReadAt":"2026-03-01T21:16:35.044Z","chatId":"019c2109-ea20-da88-5085-3849eef57778"}]
00:16:36 - StarvellBot - INFO - ⬅️  42/chats,["message_created",{"id":"019cab42-a448-b0d5-9920-33dc36e19d95","content":"ezhiqq","type":"DEFAULT","metadata":null,"isHidden":false,"images":[],"authorId":152876,"buyerId":null,"sellerId":null,"adminId":null,"chatId":"019c2109-ea20-da88-5085-3849eef57778","visibleTo":null,"createdAt":"2026-03-01T21:16:37.319Z","updatedAt":"2026-03-01T21:16:37.319Z","author":{"id":152876,"username":"xezz","roles":[]},"buyer":null,"seller":null,"admin":null,"order":null,"dispute":null}]
00:16:36 - StarvellBot - INFO - ⬅️  42/chats,["message_created",{"id":"019cab42-a521-944c-ba7e-52b3936223fa","content":"🧾 Ваш заказ:\n#️⃣ ID: 019cab42-6cfc-a04b-8987-f372c2fa5ec6\n👤 Username: ezhiqq\n⭐ Stars: 43 | 1 шт.\n\nВсе верно?\n✅ Да (+) | Нет (-) ❌","type":"DEFAULT","metadata":null,"isHidden":false,"images":[],"authorId":139527,"buyerId":null,"sellerId":null,"adminId":null,"chatId":"019c2109-ea20-da88-5085-3849eef57778","visibleTo":null,"createdAt":"2026-03-01T21:16:37.536Z","updatedAt":"2026-03-01T21:16:37.536Z","author":{"id":139527,"username":"Bronto","roles":[]},"buyer":null,"seller":null,"admin":null,"order":null,"dispute":null}]
00:16:36 - StarvellBot - INFO - ⬅️  42/chats,["chat_read",{"lastReadAt":"2026-03-01T21:16:37.635Z","chatId":"019c2109-ea20-da88-5085-3849eef57778"}]
00:16:40 - StarvellBot - INFO - пропустили
00:16:45 - StarvellBot - INFO - ⬅️  42/chats,["message_created",{"id":"019cab42-c94c-2b87-29c4-5cfa37d35dfd","content":"+","type":"DEFAULT","metadata":null,"isHidden":false,"images":[],"authorId":152876,"buyerId":null,"sellerId":null,"adminId":null,"chatId":"019c2109-ea20-da88-5085-3849eef57778","visibleTo":null,"createdAt":"2026-03-01T21:16:46.795Z","updatedAt":"2026-03-01T21:16:46.795Z","author":{"id":152876,"username":"xezz","roles":[]},"buyer":null,"seller":null,"admin":null,"order":null,"dispute":null}]
00:16:46 - TelegramApiGiver - INFO - 📦 Начинаем заказ: ezhiqq | 1 шт. | 43 звёзд всего
00:16:46 - TelegramApiGiver - INFO -    Маска: {13: 0, 21: 0, 43: 1, 85: 0}
00:16:46 - TelegramApiGiver - INFO -    Сессия: my_account
00:16:46 - TelegramApiGiver - INFO -    🔄 Итерация 1/1
00:16:46 - TelegramApiGiver - INFO -    Попытка 1: отправляем {13: 0, 21: 0, 43: 1, 85: 0}
00:16:46 - TelegramApiGiver - INFO -    🎁 send_gifts: сессия=my_account цель=ezhiqq
00:16:46 - pyrogram.connection.connection - INFO - Connecting...
00:16:46 - pyrogram.connection.connection - INFO - Connected! Production DC2 - IPv4
00:16:46 - pyrogram.session.session - INFO - NetworkTask started
00:16:46 - pyrogram.client - INFO - Time synced: 2026-03-02 00:16:47.487134
00:16:46 - pyrogram.session.session - INFO - Session initialized: Pyrogram v2.2.19 (Layer 222)
00:16:46 - pyrogram.session.session - INFO - Device: CPython 3.13.5 - Pyrogram 2.2.19
00:16:46 - pyrogram.session.session - INFO - System: Windows 10 (en)
00:16:46 - pyrogram.session.session - INFO - Session started
00:16:46 - pyrogram.session.session - INFO - PingTask started
00:16:47 - pyrogram.dispatcher - INFO - Started 20 HandlerTasks
00:16:47 - TelegramApiGiver - INFO -    ✅ Подарок 5800655655995968830 (тип 43) → ezhiqq
00:16:47 - pyrogram.dispatcher - INFO - Stopped 20 HandlerTasks
00:16:47 - pyrogram.session.session - INFO - PingTask stopped
00:16:47 - pyrogram.session.session - INFO - NetworkTask stopped
00:16:47 - pyrogram.connection.connection - INFO - Disconnected
00:16:47 - pyrogram.session.session - INFO - Session stopped
00:16:47 - TelegramApiGiver - INFO -    ✅ Итерация 1 успешна. Прогресс: {13: 0, 21: 0, 43: 1, 85: 0}
00:16:47 - TelegramApiGiver - INFO - ✅ Заказ выполнен: ezhiqq | 1 шт.
00:16:47 - StarvellBot - INFO - ⬅️  42/chats,["message_created",{"id":"019cab42-ca24-9292-7ee5-2b036968ccfd","content":"🐬 Ваш заказ был добавлен в очередь, ожидайте","type":"DEFAULT","metadata":null,"isHidden":false,"images":[],"authorId":139527,"buyerId":null,"sellerId":null,"adminId":null,"chatId":"019c2109-ea20-da88-5085-3849eef57778","visibleTo":null,"createdAt":"2026-03-01T21:16:47.011Z","updatedAt":"2026-03-01T21:16:47.011Z","author":{"id":139527,"username":"Bronto","roles":[]},"buyer":null,"seller":null,"admin":null,"order":null,"dispute":null}]
00:16:47 - StarvellBot - INFO - ⬅️  42/chats,["chat_read",{"lastReadAt":"2026-03-01T21:16:47.099Z","chatId":"019c2109-ea20-da88-5085-3849eef57778"}]
00:16:47 - StarvellBot - INFO - ⬅️  42/chats,["message_created",{"id":"019cab42-d05b-829e-40a8-b15dea6de784","content":"✅ Звезды отправлены на ваш аккаунт.🙏 Не забудьте подтвердить заказ.🙂 Мне было бы очень приятно получить отзыв <3","type":"DEFAULT","metadata":null,"isHidden":false,"images":[],"authorId":139527,"buyerId":null,"sellerId":null,"adminId":null,"chatId":"019c2109-ea20-da88-5085-3849eef57778","visibleTo":null,"createdAt":"2026-03-01T21:16:48.603Z","updatedAt":"2026-03-01T21:16:48.603Z","author":{"id":139527,"username":"Bronto","roles":[]},"buyer":null,"seller":null,"admin":null,"order":null,"dispute":null}]
00:16:47 - StarvellBot - INFO - ⬅️  42/chats,["chat_read",{"lastReadAt":"2026-03-01T21:16:48.691Z","chatId":"019c2109-ea20-da88-5085-3849eef57778"}]
00:16:50 - StarvellBot - INFO - пропустили
00:16:54 - StarvellBot - INFO - 🔄 Проверяем цены...
00:16:55 - StarvellBot - INFO - Успешно парсили ордеры
00:16:55 - StarvellBot - INFO - 📦 Найдено 2 наших предложений
00:16:55 - StarvellBot - ERROR - Отсутствует айди в описании предложения при демпинге
00:16:55 - StarvellBot - ERROR - Отсутствует айди в описании предложения при демпинге
00:16:55 - StarvellBot - ERROR - Отсутствует айди в описании предложения при демпинге
00:16:55 - StarvellBot - ERROR - Отсутствует айди в описании предложения при демпинге
00:16:55 - StarvellBot - ERROR - Отсутствует айди в описании предложения при демпинге
00:16:55 - StarvellBot - ERROR - Отсутствует айди в описании предложения при демпинге
00:16:55 - StarvellBot - ERROR - Отсутствует айди в описании предложения при демпинге
00:16:55 - StarvellBot - ERROR - Отсутствует айди в описании предложения при демпинге
00:16:55 - StarvellBot - ERROR - Отсутствует айди в описании предложения при демпинге
00:16:55 - StarvellBot - ERROR - Отсутствует айди в описании предложения при демпинге
00:16:55 - StarvellBot - ERROR - Отсутствует айди в описании предложения при демпинге
00:16:55 - StarvellBot - INFO - 📊 Обрабатываем предложение 134567: 25 звёзд по 33.9₽
00:16:55 - StarvellBot - INFO - 📊 Получено 6 предложений конкурентов
00:16:55 - StarvellBot - INFO - 📊 Обрабатываем предложение 181438: 26 звёзд по 31.0₽
00:16:55 - StarvellBot - INFO - 📊 Получено 7 предложений конкурентов
00:16:55 - StarvellBot - INFO -    advgifts: отфильтровали конкурентов по 26 звёзд → 0 шт.
00:16:55 - StarvellBot - INFO - ✅ Наше предложение 181438 единственное в категории
00:16:55 - StarvellBot - INFO - ✅ Проверка цен завершена
00:16:56 - StarvellBot - INFO - ⬅️  2
00:17:01 - StarvellBot - INFO - пропустили
00:17:12 - StarvellBot - INFO - пропустили
00:17:21 - StarvellBot - INFO - ⬅️  2
00:17:22 - StarvellBot - INFO - пропустили
00:17:25 - StarvellBot - INFO - 🔄 Проверяем цены...
00:17:26 - StarvellBot - INFO - Успешно парсили ордеры
00:17:26 - StarvellBot - INFO - 📦 Найдено 2 наших предложений
00:17:26 - StarvellBot - ERROR - Отсутствует айди в описании предложения при демпинге
00:17:26 - StarvellBot - ERROR - Отсутствует айди в описании предложения при демпинге
00:17:26 - StarvellBot - ERROR - Отсутствует айди в описании предложения при демпинге
00:17:26 - StarvellBot - ERROR - Отсутствует айди в описании предложения при демпинге
00:17:26 - StarvellBot - ERROR - Отсутствует айди в описании предложения при демпинге
00:17:26 - StarvellBot - ERROR - Отсутствует айди в описании предложения при демпинге
00:17:26 - StarvellBot - ERROR - Отсутствует айди в описании предложения при демпинге
00:17:26 - StarvellBot - ERROR - Отсутствует айди в описании предложения при демпинге
00:17:26 - StarvellBot - ERROR - Отсутствует айди в описании предложения при демпинге
00:17:26 - StarvellBot - ERROR - Отсутствует айди в описании предложения при демпинге
00:17:26 - StarvellBot - ERROR - Отсутствует айди в описании предложения при демпинге
00:17:26 - StarvellBot - INFO - 📊 Обрабатываем предложение 134567: 25 звёзд по 33.9₽
00:17:26 - StarvellBot - INFO - 📊 Получено 6 предложений конкурентов
00:17:26 - StarvellBot - INFO - 📊 Обрабатываем предложение 181438: 26 звёзд по 31.0₽
00:17:27 - StarvellBot - INFO - 📊 Получено 7 предложений конкурентов
00:17:27 - StarvellBot - INFO -    advgifts: отфильтровали конкурентов по 26 звёзд → 0 шт.
00:17:27 - StarvellBot - INFO - ✅ Наше предложение 181438 единственное в категории
00:17:27 - StarvellBot - INFO - ✅ Проверка цен завершена
00:17:33 - StarvellBot - INFO - пропустили
00:17:43 - StarvellBot - INFO - пропустили
00:17:46 - StarvellBot - INFO - ⬅️  2
00:17:54 - StarvellBot - INFO - пропустили
00:17:54 - aiogram.event - INFO - Update id=826345084 is not handled. Duration 0 ms by bot id=8298689795
00:17:57 - StarvellBot - INFO - 🔄 Проверяем цены...
00:17:57 - StarvellBot - INFO - Успешно парсили ордеры
00:17:57 - StarvellBot - INFO - 📦 Найдено 2 наших предложений
00:17:57 - StarvellBot - ERROR - Отсутствует айди в описании предложения при демпинге
00:17:57 - StarvellBot - ERROR - Отсутствует айди в описании предложения при демпинге
00:17:57 - StarvellBot - ERROR - Отсутствует айди в описании предложения при демпинге
00:17:57 - StarvellBot - ERROR - Отсутствует айди в описании предложения при демпинге
00:17:57 - StarvellBot - ERROR - Отсутствует айди в описании предложения при демпинге
00:17:57 - StarvellBot - ERROR - Отсутствует айди в описании предложения при демпинге
00:17:57 - StarvellBot - ERROR - Отсутствует айди в описании предложения при демпинге
00:17:57 - StarvellBot - ERROR - Отсутствует айди в описании предложения при демпинге
00:17:57 - StarvellBot - ERROR - Отсутствует айди в описании предложения при демпинге
00:17:57 - StarvellBot - ERROR - Отсутствует айди в описании предложения при демпинге
00:17:57 - StarvellBot - ERROR - Отсутствует айди в описании предложения при демпинге
00:17:57 - StarvellBot - INFO - 📊 Обрабатываем предложение 134567: 25 звёзд по 33.9₽
00:17:58 - StarvellBot - INFO - 📊 Получено 6 предложений конкурентов
00:17:58 - StarvellBot - INFO - 📊 Обрабатываем предложение 181438: 26 звёзд по 31.0₽
00:17:58 - StarvellBot - INFO - 📊 Получено 7 предложений конкурентов
00:17:58 - StarvellBot - INFO -    advgifts: отфильтровали конкурентов по 26 звёзд → 0 шт.
00:17:58 - StarvellBot - INFO - ✅ Наше предложение 181438 единственное в категории
00:17:58 - StarvellBot - INFO - ✅ Проверка цен завершена
00:17:59 - aiogram.event - INFO - Update id=826345085 is handled. Duration 82 ms by bot id=8298689795
00:18:01 - aiogram.event - INFO - Update id=826345086 is handled. Duration 150 ms by bot id=8298689795
00:18:02 - aiogram.event - INFO - Update id=826345087 is handled. Duration 192 ms by bot id=8298689795
00:18:04 - StarvellBot - INFO - пропустили
00:18:07 - aiogram.event - INFO - Update id=826345088 is handled. Duration 175 ms by bot id=8298689795
00:18:08 - aiogram.event - INFO - Update id=826345089 is handled. Duration 344 ms by bot id=8298689795
00:18:09 - config_manager - INFO - ✅ Конфигурация сохранена в config_data.json
00:18:09 - aiogram.event - INFO - Update id=826345090 is handled. Duration 271 ms by bot id=8298689795
00:18:10 - aiogram.event - INFO - Update id=826345091 is handled. Duration 165 ms by bot id=8298689795
00:18:10 - aiogram.event - INFO - Update id=826345092 is handled. Duration 171 ms by bot id=8298689795
00:18:11 - StarvellBot - INFO - ⬅️  2
00:18:12 - config_manager - INFO - ✅ Конфигурация сохранена в config_data.json
00:18:12 - aiogram.event - INFO - Update id=826345093 is handled. Duration 89 ms by bot id=8298689795
00:18:15 - StarvellBot - INFO - пропустили
00:18:22 - config_manager - INFO - ✅ Конфигурация сохранена в config_data.json
00:18:22 - aiogram.event - INFO - Update id=826345094 is handled. Duration 87 ms by bot id=8298689795
00:18:25 - StarvellBot - INFO - пропустили
00:18:28 - StarvellBot - INFO - 🔄 Проверяем цены...
00:18:28 - StarvellBot - INFO - Успешно парсили ордеры
00:18:28 - StarvellBot - INFO - 📦 Найдено 2 наших предложений
00:18:28 - StarvellBot - ERROR - Отсутствует айди в описании предложения при демпинге
00:18:28 - StarvellBot - ERROR - Отсутствует айди в описании предложения при демпинге
00:18:28 - StarvellBot - ERROR - Отсутствует айди в описании предложения при демпинге
00:18:28 - StarvellBot - ERROR - Отсутствует айди в описании предложения при демпинге
00:18:28 - StarvellBot - ERROR - Отсутствует айди в описании предложения при демпинге
00:18:28 - StarvellBot - ERROR - Отсутствует айди в описании предложения при демпинге
00:18:28 - StarvellBot - ERROR - Отсутствует айди в описании предложения при демпинге
00:18:28 - StarvellBot - ERROR - Отсутствует айди в описании предложения при демпинге
00:18:28 - StarvellBot - ERROR - Отсутствует айди в описании предложения при демпинге
00:18:28 - StarvellBot - ERROR - Отсутствует айди в описании предложения при демпинге
00:18:28 - StarvellBot - ERROR - Отсутствует айди в описании предложения при демпинге
00:18:28 - StarvellBot - INFO - 📊 Обрабатываем предложение 134567: 25 звёзд по 33.9₽
00:18:29 - StarvellBot - INFO - 📊 Получено 6 предложений конкурентов
00:18:29 - StarvellBot - INFO - 📊 Обрабатываем предложение 181438: 26 звёзд по 31.0₽
00:18:29 - StarvellBot - INFO - 📊 Получено 7 предложений конкурентов
00:18:29 - StarvellBot - INFO -    advgifts: отфильтровали конкурентов по 26 звёзд → 0 шт.
00:18:29 - StarvellBot - INFO - ✅ Наше предложение 181438 единственное в категории
00:18:29 - StarvellBot - INFO - ✅ Проверка цен завершена
00:18:34 - config_manager - INFO - ✅ Конфигурация сохранена в config_data.json
00:18:34 - aiogram.event - INFO - Update id=826345095 is handled. Duration 91 ms by bot id=8298689795
00:18:36 - StarvellBot - INFO - пропустили
00:18:36 - StarvellBot - INFO - ⬅️  2
00:18:40 - config_manager - INFO - ✅ Конфигурация сохранена в config_data.json
00:18:40 - aiogram.event - INFO - Update id=826345096 is handled. Duration 82 ms by bot id=8298689795
00:18:46 - StarvellBot - INFO - пропустили
00:18:47 - config_manager - INFO - ✅ Конфигурация сохранена в config_data.json
00:18:47 - aiogram.event - INFO - Update id=826345097 is handled. Duration 175 ms by bot id=8298689795
00:18:50 - aiogram.event - INFO - Update id=826345098 is handled. Duration 221 ms by bot id=8298689795
00:18:57 - StarvellBot - INFO - пропустили
00:18:59 - StarvellBot - INFO - 🔄 Проверяем цены...
00:18:59 - StarvellBot - INFO - Успешно парсили ордеры
00:18:59 - StarvellBot - INFO - 📦 Найдено 2 наших предложений
00:18:59 - StarvellBot - ERROR - Отсутствует айди в описании предложения при демпинге
00:18:59 - StarvellBot - ERROR - Отсутствует айди в описании предложения при демпинге
00:18:59 - StarvellBot - ERROR - Отсутствует айди в описании предложения при демпинге
00:18:59 - StarvellBot - ERROR - Отсутствует айди в описании предложения при демпинге
00:18:59 - StarvellBot - ERROR - Отсутствует айди в описании предложения при демпинге
00:18:59 - StarvellBot - ERROR - Отсутствует айди в описании предложения при демпинге
00:18:59 - StarvellBot - ERROR - Отсутствует айди в описании предложения при демпинге
00:18:59 - StarvellBot - ERROR - Отсутствует айди в описании предложения при демпинге
00:18:59 - StarvellBot - ERROR - Отсутствует айди в описании предложения при демпинге
00:18:59 - StarvellBot - ERROR - Отсутствует айди в описании предложения при демпинге
00:18:59 - StarvellBot - ERROR - Отсутствует айди в описании предложения при демпинге
00:18:59 - StarvellBot - INFO - 📊 Обрабатываем предложение 134567: 25 звёзд по 33.9₽
00:19:00 - StarvellBot - INFO - 📊 Получено 6 предложений конкурентов
00:19:00 - StarvellBot - INFO - 📊 Обрабатываем предложение 181438: 26 звёзд по 31.0₽
00:19:00 - StarvellBot - INFO - 📊 Получено 7 предложений конкурентов
00:19:00 - StarvellBot - INFO -    advgifts: отфильтровали конкурентов по 26 звёзд → 0 шт.
00:19:00 - StarvellBot - INFO - ✅ Наше предложение 181438 единственное в категории
00:19:00 - StarvellBot - INFO - ✅ Проверка цен завершена
00:19:01 - StarvellBot - INFO - ⬅️  2
00:19:08 - StarvellBot - INFO - пропустили
00:19:18 - StarvellBot - INFO - пропустили
00:19:27 - StarvellBot - INFO - ⬅️  2
00:19:29 - StarvellBot - INFO - пропустили
00:19:30 - StarvellBot - INFO - 🔄 Проверяем цены...
00:19:30 - StarvellBot - INFO - Успешно парсили ордеры
00:19:30 - StarvellBot - INFO - 📦 Найдено 2 наших предложений
00:19:30 - StarvellBot - ERROR - Отсутствует айди в описании предложения при демпинге
00:19:30 - StarvellBot - ERROR - Отсутствует айди в описании предложения при демпинге
00:19:30 - StarvellBot - ERROR - Отсутствует айди в описании предложения при демпинге
00:19:30 - StarvellBot - ERROR - Отсутствует айди в описании предложения при демпинге
00:19:30 - StarvellBot - ERROR - Отсутствует айди в описании предложения при демпинге
00:19:30 - StarvellBot - ERROR - Отсутствует айди в описании предложения при демпинге
00:19:30 - StarvellBot - ERROR - Отсутствует айди в описании предложения при демпинге
00:19:30 - StarvellBot - ERROR - Отсутствует айди в описании предложения при демпинге
00:19:30 - StarvellBot - ERROR - Отсутствует айди в описании предложения при демпинге
00:19:30 - StarvellBot - ERROR - Отсутствует айди в описании предложения при демпинге
00:19:30 - StarvellBot - ERROR - Отсутствует айди в описании предложения при демпинге
00:19:30 - StarvellBot - INFO - 📊 Обрабатываем предложение 134567: 25 звёзд по 33.9₽
00:19:30 - StarvellBot - INFO - 📊 Получено 6 предложений конкурентов
00:19:30 - StarvellBot - INFO - 📊 Обрабатываем предложение 181438: 26 звёзд по 31.0₽
00:19:31 - StarvellBot - INFO - 📊 Получено 7 предложений конкурентов
00:19:31 - StarvellBot - INFO -    advgifts: отфильтровали конкурентов по 26 звёзд → 0 шт.
00:19:31 - StarvellBot - INFO - ✅ Наше предложение 181438 единственное в категории
00:19:31 - StarvellBot - INFO - ✅ Проверка цен завершена
00:19:39 - StarvellBot - INFO - пропустили
00:19:50 - StarvellBot - INFO - пропустили
00:19:52 - StarvellBot - INFO - ⬅️  2
00:20:01 - StarvellBot - INFO - пропустили
00:20:01 - StarvellBot - INFO - 🔄 Проверяем цены...
00:20:01 - StarvellBot - INFO - Успешно парсили ордеры
00:20:01 - StarvellBot - INFO - 📦 Найдено 2 наших предложений
00:20:01 - StarvellBot - ERROR - Отсутствует айди в описании предложения при демпинге
00:20:01 - StarvellBot - ERROR - Отсутствует айди в описании предложения при демпинге
00:20:01 - StarvellBot - ERROR - Отсутствует айди в описании предложения при демпинге
00:20:01 - StarvellBot - ERROR - Отсутствует айди в описании предложения при демпинге
00:20:01 - StarvellBot - ERROR - Отсутствует айди в описании предложения при демпинге
00:20:01 - StarvellBot - ERROR - Отсутствует айди в описании предложения при демпинге
00:20:01 - StarvellBot - ERROR - Отсутствует айди в описании предложения при демпинге
00:20:01 - StarvellBot - ERROR - Отсутствует айди в описании предложения при демпинге
00:20:01 - StarvellBot - ERROR - Отсутствует айди в описании предложения при демпинге
00:20:01 - StarvellBot - ERROR - Отсутствует айди в описании предложения при демпинге
00:20:01 - StarvellBot - ERROR - Отсутствует айди в описании предложения при демпинге
00:20:01 - StarvellBot - INFO - 📊 Обрабатываем предложение 134567: 25 звёзд по 33.9₽
00:20:01 - StarvellBot - INFO - 📊 Получено 6 предложений конкурентов
00:20:01 - StarvellBot - INFO - 📊 Обрабатываем предложение 181438: 26 звёзд по 31.0₽
00:20:02 - StarvellBot - INFO - 📊 Получено 7 предложений конкурентов
00:20:02 - StarvellBot - INFO -    advgifts: отфильтровали конкурентов по 26 звёзд → 0 шт.
00:20:02 - StarvellBot - INFO - ✅ Наше предложение 181438 единственное в категории
00:20:02 - StarvellBot - INFO - ✅ Проверка цен завершена
00:20:11 - StarvellBot - INFO - пропустили
00:20:17 - StarvellBot - INFO - ⬅️  2
00:20:22 - StarvellBot - INFO - пропустили
00:20:32 - StarvellBot - INFO - 🔄 Проверяем цены...
00:20:32 - StarvellBot - INFO - пропустили
00:20:32 - StarvellBot - INFO - Успешно парсили ордеры
00:20:32 - StarvellBot - INFO - 📦 Найдено 2 наших предложений
00:20:32 - StarvellBot - ERROR - Отсутствует айди в описании предложения при демпинге
00:20:32 - StarvellBot - ERROR - Отсутствует айди в описании предложения при демпинге
00:20:32 - StarvellBot - ERROR - Отсутствует айди в описании предложения при демпинге
00:20:32 - StarvellBot - ERROR - Отсутствует айди в описании предложения при демпинге
00:20:32 - StarvellBot - ERROR - Отсутствует айди в описании предложения при демпинге
00:20:32 - StarvellBot - ERROR - Отсутствует айди в описании предложения при демпинге
00:20:32 - StarvellBot - ERROR - Отсутствует айди в описании предложения при демпинге
00:20:32 - StarvellBot - ERROR - Отсутствует айди в описании предложения при демпинге
00:20:32 - StarvellBot - ERROR - Отсутствует айди в описании предложения при демпинге
00:20:32 - StarvellBot - ERROR - Отсутствует айди в описании предложения при демпинге
00:20:32 - StarvellBot - ERROR - Отсутствует айди в описании предложения при демпинге
00:20:32 - StarvellBot - INFO - 📊 Обрабатываем предложение 134567: 25 звёзд по 33.9₽
00:20:32 - StarvellBot - INFO - 📊 Получено 6 предложений конкурентов
00:20:32 - StarvellBot - INFO - 📊 Обрабатываем предложение 181438: 26 звёзд по 31.0₽
00:20:33 - StarvellBot - INFO - 📊 Получено 7 предложений конкурентов
00:20:33 - StarvellBot - INFO -    advgifts: отфильтровали конкурентов по 26 звёзд → 0 шт.
00:20:33 - StarvellBot - INFO - ✅ Наше предложение 181438 единственное в категории
00:20:33 - StarvellBot - INFO - ✅ Проверка цен завершена
00:20:42 - StarvellBot - INFO - ⬅️  2
00:20:43 - StarvellBot - INFO - пропустили
00:20:53 - StarvellBot - INFO - пропустили
00:21:03 - StarvellBot - INFO - 🔄 Проверяем цены...
00:21:03 - StarvellBot - INFO - Успешно парсили ордеры
00:21:03 - StarvellBot - INFO - 📦 Найдено 2 наших предложений
00:21:03 - StarvellBot - ERROR - Отсутствует айди в описании предложения при демпинге
00:21:03 - StarvellBot - ERROR - Отсутствует айди в описании предложения при демпинге
00:21:03 - StarvellBot - ERROR - Отсутствует айди в описании предложения при демпинге
00:21:03 - StarvellBot - ERROR - Отсутствует айди в описании предложения при демпинге
00:21:03 - StarvellBot - ERROR - Отсутствует айди в описании предложения при демпинге
00:21:03 - StarvellBot - ERROR - Отсутствует айди в описании предложения при демпинге
00:21:03 - StarvellBot - ERROR - Отсутствует айди в описании предложения при демпинге
00:21:03 - StarvellBot - ERROR - Отсутствует айди в описании предложения при демпинге
00:21:03 - StarvellBot - ERROR - Отсутствует айди в описании предложения при демпинге
00:21:03 - StarvellBot - ERROR - Отсутствует айди в описании предложения при демпинге
00:21:03 - StarvellBot - ERROR - Отсутствует айди в описании предложения при демпинге
00:21:03 - StarvellBot - INFO - 📊 Обрабатываем предложение 134567: 25 звёзд по 33.9₽
00:21:03 - StarvellBot - INFO - 📊 Получено 6 предложений конкурентов
00:21:03 - StarvellBot - INFO - 📊 Обрабатываем предложение 181438: 26 звёзд по 31.0₽
00:21:04 - StarvellBot - INFO - 📊 Получено 7 предложений конкурентов
00:21:04 - StarvellBot - INFO -    advgifts: отфильтровали конкурентов по 26 звёзд → 0 шт.
00:21:04 - StarvellBot - INFO - ✅ Наше предложение 181438 единственное в категории
00:21:04 - StarvellBot - INFO - ✅ Проверка цен завершена
00:21:04 - StarvellBot - INFO - пропустили
00:21:07 - StarvellBot - INFO - ⬅️  2
00:21:14 - StarvellBot - INFO - пропустили
00:21:25 - StarvellBot - INFO - пропустили
00:21:32 - StarvellBot - INFO - ⬅️  2
00:21:34 - StarvellBot - INFO - 🔄 Проверяем цены...
00:21:34 - StarvellBot - INFO - Успешно парсили ордеры
00:21:34 - StarvellBot - INFO - 📦 Найдено 2 наших предложений
00:21:34 - StarvellBot - ERROR - Отсутствует айди в описании предложения при демпинге
00:21:34 - StarvellBot - ERROR - Отсутствует айди в описании предложения при демпинге
00:21:34 - StarvellBot - ERROR - Отсутствует айди в описании предложения при демпинге
00:21:34 - StarvellBot - ERROR - Отсутствует айди в описании предложения при демпинге
00:21:34 - StarvellBot - ERROR - Отсутствует айди в описании предложения при демпинге
00:21:34 - StarvellBot - ERROR - Отсутствует айди в описании предложения при демпинге
00:21:34 - StarvellBot - ERROR - Отсутствует айди в описании предложения при демпинге
00:21:34 - StarvellBot - ERROR - Отсутствует айди в описании предложения при демпинге
00:21:34 - StarvellBot - ERROR - Отсутствует айди в описании предложения при демпинге
00:21:34 - StarvellBot - ERROR - Отсутствует айди в описании предложения при демпинге
00:21:34 - StarvellBot - ERROR - Отсутствует айди в описании предложения при демпинге
00:21:34 - StarvellBot - INFO - 📊 Обрабатываем предложение 134567: 25 звёзд по 33.9₽
00:21:34 - StarvellBot - INFO - 📊 Получено 6 предложений конкурентов
00:21:34 - StarvellBot - INFO - 📊 Обрабатываем предложение 181438: 26 звёзд по 31.0₽
00:21:35 - StarvellBot - INFO - 📊 Получено 7 предложений конкурентов
00:21:35 - StarvellBot - INFO -    advgifts: отфильтровали конкурентов по 26 звёзд → 0 шт.
00:21:35 - StarvellBot - INFO - ✅ Наше предложение 181438 единственное в категории
00:21:35 - StarvellBot - INFO - ✅ Проверка цен завершена
00:21:35 - StarvellBot - INFO - пропустили
00:21:46 - StarvellBot - INFO - пропустили
00:21:56 - StarvellBot - INFO - пропустили
00:21:57 - StarvellBot - INFO - ⬅️  2
00:22:05 - StarvellBot - INFO - 🔄 Проверяем цены...
00:22:05 - StarvellBot - INFO - Успешно парсили ордеры
00:22:05 - StarvellBot - INFO - 📦 Найдено 2 наших предложений
00:22:05 - StarvellBot - ERROR - Отсутствует айди в описании предложения при демпинге
00:22:05 - StarvellBot - ERROR - Отсутствует айди в описании предложения при демпинге
00:22:05 - StarvellBot - ERROR - Отсутствует айди в описании предложения при демпинге
00:22:05 - StarvellBot - ERROR - Отсутствует айди в описании предложения при демпинге
00:22:05 - StarvellBot - ERROR - Отсутствует айди в описании предложения при демпинге
00:22:05 - StarvellBot - ERROR - Отсутствует айди в описании предложения при демпинге
00:22:05 - StarvellBot - ERROR - Отсутствует айди в описании предложения при демпинге
00:22:05 - StarvellBot - ERROR - Отсутствует айди в описании предложения при демпинге
00:22:05 - StarvellBot - ERROR - Отсутствует айди в описании предложения при демпинге
00:22:05 - StarvellBot - ERROR - Отсутствует айди в описании предложения при демпинге
00:22:05 - StarvellBot - ERROR - Отсутствует айди в описании предложения при демпинге
00:22:05 - StarvellBot - INFO - 📊 Обрабатываем предложение 134567: 25 звёзд по 33.9₽
00:22:05 - StarvellBot - INFO - 📊 Получено 6 предложений конкурентов
00:22:05 - StarvellBot - INFO - 📊 Обрабатываем предложение 181438: 26 звёзд по 31.0₽
00:22:06 - StarvellBot - INFO - 📊 Получено 7 предложений конкурентов
00:22:06 - StarvellBot - INFO -    advgifts: отфильтровали конкурентов по 26 звёзд → 0 шт.
00:22:06 - StarvellBot - INFO - ✅ Наше предложение 181438 единственное в категории
00:22:06 - StarvellBot - INFO - ✅ Проверка цен завершена
00:22:07 - StarvellBot - INFO - пропустили
00:22:18 - StarvellBot - INFO - пропустили
00:22:22 - StarvellBot - INFO - ⬅️  2
00:22:28 - StarvellBot - INFO - пропустили
00:22:36 - StarvellBot - INFO - 🔄 Проверяем цены...
00:22:36 - StarvellBot - INFO - Успешно парсили ордеры
00:22:36 - StarvellBot - INFO - 📦 Найдено 2 наших предложений
00:22:36 - StarvellBot - ERROR - Отсутствует айди в описании предложения при демпинге
00:22:36 - StarvellBot - ERROR - Отсутствует айди в описании предложения при демпинге
00:22:36 - StarvellBot - ERROR - Отсутствует айди в описании предложения при демпинге
00:22:36 - StarvellBot - ERROR - Отсутствует айди в описании предложения при демпинге
00:22:36 - StarvellBot - ERROR - Отсутствует айди в описании предложения при демпинге
00:22:36 - StarvellBot - ERROR - Отсутствует айди в описании предложения при демпинге
00:22:36 - StarvellBot - ERROR - Отсутствует айди в описании предложения при демпинге
00:22:36 - StarvellBot - ERROR - Отсутствует айди в описании предложения при демпинге
00:22:36 - StarvellBot - ERROR - Отсутствует айди в описании предложения при демпинге
00:22:36 - StarvellBot - ERROR - Отсутствует айди в описании предложения при демпинге
00:22:36 - StarvellBot - ERROR - Отсутствует айди в описании предложения при демпинге
00:22:36 - StarvellBot - INFO - 📊 Обрабатываем предложение 134567: 25 звёзд по 33.9₽
00:22:36 - StarvellBot - INFO - 📊 Получено 6 предложений конкурентов
00:22:36 - StarvellBot - INFO - 📊 Обрабатываем предложение 181438: 26 звёзд по 31.0₽
00:22:37 - StarvellBot - INFO - 📊 Получено 7 предложений конкурентов
00:22:37 - StarvellBot - INFO -    advgifts: отфильтровали конкурентов по 26 звёзд → 0 шт.
00:22:37 - StarvellBot - INFO - ✅ Наше предложение 181438 единственное в категории
00:22:37 - StarvellBot - INFO - ✅ Проверка цен завершена
00:22:39 - StarvellBot - INFO - пропустили
00:22:47 - StarvellBot - INFO - ⬅️  2
00:22:49 - StarvellBot - INFO - пропустили
00:23:00 - StarvellBot - INFO - пропустили
00:23:07 - StarvellBot - INFO - 🔄 Проверяем цены...
00:23:07 - StarvellBot - INFO - Успешно парсили ордеры
00:23:07 - StarvellBot - INFO - 📦 Найдено 2 наших предложений
00:23:07 - StarvellBot - ERROR - Отсутствует айди в описании предложения при демпинге
00:23:07 - StarvellBot - ERROR - Отсутствует айди в описании предложения при демпинге
00:23:07 - StarvellBot - ERROR - Отсутствует айди в описании предложения при демпинге
00:23:07 - StarvellBot - ERROR - Отсутствует айди в описании предложения при демпинге
00:23:07 - StarvellBot - ERROR - Отсутствует айди в описании предложения при демпинге
00:23:07 - StarvellBot - ERROR - Отсутствует айди в описании предложения при демпинге
00:23:07 - StarvellBot - ERROR - Отсутствует айди в описании предложения при демпинге
00:23:07 - StarvellBot - ERROR - Отсутствует айди в описании предложения при демпинге
00:23:07 - StarvellBot - ERROR - Отсутствует айди в описании предложения при демпинге
00:23:07 - StarvellBot - ERROR - Отсутствует айди в описании предложения при демпинге
00:23:07 - StarvellBot - ERROR - Отсутствует айди в описании предложения при демпинге
00:23:07 - StarvellBot - INFO - 📊 Обрабатываем предложение 134567: 25 звёзд по 33.9₽
00:23:08 - StarvellBot - INFO - 📊 Получено 6 предложений конкурентов
00:23:08 - StarvellBot - INFO - 📊 Обрабатываем предложение 181438: 26 звёзд по 31.0₽
00:23:08 - StarvellBot - INFO - 📊 Получено 7 предложений конкурентов
00:23:08 - StarvellBot - INFO -    advgifts: отфильтровали конкурентов по 26 звёзд → 0 шт.
00:23:08 - StarvellBot - INFO - ✅ Наше предложение 181438 единственное в категории
00:23:08 - StarvellBot - INFO - ✅ Проверка цен завершена
00:23:10 - StarvellBot - INFO - пропустили
00:23:12 - StarvellBot - INFO - ⬅️  2
00:23:21 - StarvellBot - INFO - пропустили
00:23:31 - StarvellBot - INFO - пропустили
00:23:37 - StarvellBot - INFO - ⬅️  2
00:23:38 - StarvellBot - INFO - 🔄 Проверяем цены...
00:23:38 - StarvellBot - INFO - Успешно парсили ордеры
00:23:38 - StarvellBot - INFO - 📦 Найдено 2 наших предложений
00:23:38 - StarvellBot - ERROR - Отсутствует айди в описании предложения при демпинге
00:23:38 - StarvellBot - ERROR - Отсутствует айди в описании предложения при демпинге
00:23:38 - StarvellBot - ERROR - Отсутствует айди в описании предложения при демпинге
00:23:38 - StarvellBot - ERROR - Отсутствует айди в описании предложения при демпинге
00:23:38 - StarvellBot - ERROR - Отсутствует айди в описании предложения при демпинге
00:23:38 - StarvellBot - ERROR - Отсутствует айди в описании предложения при демпинге
00:23:38 - StarvellBot - ERROR - Отсутствует айди в описании предложения при демпинге
00:23:38 - StarvellBot - ERROR - Отсутствует айди в описании предложения при демпинге
00:23:38 - StarvellBot - ERROR - Отсутствует айди в описании предложения при демпинге
00:23:38 - StarvellBot - ERROR - Отсутствует айди в описании предложения при демпинге
00:23:38 - StarvellBot - ERROR - Отсутствует айди в описании предложения при демпинге
00:23:38 - StarvellBot - INFO - 📊 Обрабатываем предложение 134567: 25 звёзд по 33.9₽
00:23:39 - StarvellBot - INFO - 📊 Получено 6 предложений конкурентов
00:23:39 - StarvellBot - INFO - 📊 Обрабатываем предложение 181438: 26 звёзд по 31.0₽
00:23:39 - StarvellBot - INFO - 📊 Получено 7 предложений конкурентов
00:23:39 - StarvellBot - INFO -    advgifts: отфильтровали конкурентов по 26 звёзд → 0 шт.
00:23:39 - StarvellBot - INFO - ✅ Наше предложение 181438 единственное в категории
00:23:39 - StarvellBot - INFO - ✅ Проверка цен завершена
00:23:42 - StarvellBot - INFO - пропустили
00:23:53 - StarvellBot - INFO - пропустили
00:24:02 - StarvellBot - INFO - ⬅️  2
00:24:03 - StarvellBot - INFO - пропустили
00:24:09 - StarvellBot - INFO - 🔄 Проверяем цены...
00:24:09 - StarvellBot - INFO - Успешно парсили ордеры
00:24:09 - StarvellBot - INFO - 📦 Найдено 2 наших предложений
00:24:09 - StarvellBot - ERROR - Отсутствует айди в описании предложения при демпинге
00:24:09 - StarvellBot - ERROR - Отсутствует айди в описании предложения при демпинге
00:24:09 - StarvellBot - ERROR - Отсутствует айди в описании предложения при демпинге
00:24:09 - StarvellBot - ERROR - Отсутствует айди в описании предложения при демпинге
00:24:09 - StarvellBot - ERROR - Отсутствует айди в описании предложения при демпинге
00:24:09 - StarvellBot - ERROR - Отсутствует айди в описании предложения при демпинге
00:24:09 - StarvellBot - ERROR - Отсутствует айди в описании предложения при демпинге
00:24:09 - StarvellBot - ERROR - Отсутствует айди в описании предложения при демпинге
00:24:09 - StarvellBot - ERROR - Отсутствует айди в описании предложения при демпинге
00:24:09 - StarvellBot - ERROR - Отсутствует айди в описании предложения при демпинге
00:24:09 - StarvellBot - ERROR - Отсутствует айди в описании предложения при демпинге
00:24:09 - StarvellBot - INFO - 📊 Обрабатываем предложение 134567: 25 звёзд по 33.9₽
00:24:09 - StarvellBot - INFO - 📊 Получено 6 предложений конкурентов
00:24:09 - StarvellBot - INFO - 📊 Обрабатываем предложение 181438: 26 звёзд по 31.0₽
00:24:10 - StarvellBot - INFO - 📊 Получено 7 предложений конкурентов
00:24:10 - StarvellBot - INFO -    advgifts: отфильтровали конкурентов по 26 звёзд → 0 шт.
00:24:10 - StarvellBot - INFO - ✅ Наше предложение 181438 единственное в категории
00:24:10 - StarvellBot - INFO - ✅ Проверка цен завершена
00:24:14 - StarvellBot - INFO - пропустили
00:24:24 - StarvellBot - INFO - пропустили
00:24:27 - StarvellBot - INFO - ⬅️  2
00:24:35 - StarvellBot - INFO - пропустили
00:24:40 - StarvellBot - INFO - 🔄 Проверяем цены...
00:24:40 - StarvellBot - INFO - Успешно парсили ордеры
00:24:40 - StarvellBot - INFO - 📦 Найдено 2 наших предложений
00:24:40 - StarvellBot - ERROR - Отсутствует айди в описании предложения при демпинге
00:24:40 - StarvellBot - ERROR - Отсутствует айди в описании предложения при демпинге
00:24:40 - StarvellBot - ERROR - Отсутствует айди в описании предложения при демпинге
00:24:40 - StarvellBot - ERROR - Отсутствует айди в описании предложения при демпинге
00:24:40 - StarvellBot - ERROR - Отсутствует айди в описании предложения при демпинге
00:24:40 - StarvellBot - ERROR - Отсутствует айди в описании предложения при демпинге
00:24:40 - StarvellBot - ERROR - Отсутствует айди в описании предложения при демпинге
00:24:40 - StarvellBot - ERROR - Отсутствует айди в описании предложения при демпинге
00:24:40 - StarvellBot - ERROR - Отсутствует айди в описании предложения при демпинге
00:24:40 - StarvellBot - ERROR - Отсутствует айди в описании предложения при демпинге
00:24:40 - StarvellBot - ERROR - Отсутствует айди в описании предложения при демпинге
00:24:40 - StarvellBot - INFO - 📊 Обрабатываем предложение 134567: 25 звёзд по 33.9₽
00:24:40 - StarvellBot - INFO - 📊 Получено 6 предложений конкурентов
00:24:40 - StarvellBot - INFO - 📊 Обрабатываем предложение 181438: 26 звёзд по 31.0₽
00:24:41 - StarvellBot - INFO - 📊 Получено 7 предложений конкурентов
00:24:41 - StarvellBot - INFO -    advgifts: отфильтровали конкурентов по 26 звёзд → 0 шт.
00:24:41 - StarvellBot - INFO - ✅ Наше предложение 181438 единственное в категории
00:24:41 - StarvellBot - INFO - ✅ Проверка цен завершена
00:24:45 - StarvellBot - INFO - пропустили
00:24:52 - StarvellBot - INFO - ⬅️  2
00:24:56 - StarvellBot - INFO - пропустили
00:25:06 - StarvellBot - INFO - пропустили
00:25:11 - StarvellBot - INFO - 🔄 Проверяем цены...
00:25:11 - StarvellBot - INFO - Успешно парсили ордеры
00:25:11 - StarvellBot - INFO - 📦 Найдено 2 наших предложений
00:25:11 - StarvellBot - ERROR - Отсутствует айди в описании предложения при демпинге
00:25:11 - StarvellBot - ERROR - Отсутствует айди в описании предложения при демпинге
00:25:11 - StarvellBot - ERROR - Отсутствует айди в описании предложения при демпинге
00:25:11 - StarvellBot - ERROR - Отсутствует айди в описании предложения при демпинге
00:25:11 - StarvellBot - ERROR - Отсутствует айди в описании предложения при демпинге
00:25:11 - StarvellBot - ERROR - Отсутствует айди в описании предложения при демпинге
00:25:11 - StarvellBot - ERROR - Отсутствует айди в описании предложения при демпинге
00:25:11 - StarvellBot - ERROR - Отсутствует айди в описании предложения при демпинге
00:25:11 - StarvellBot - ERROR - Отсутствует айди в описании предложения при демпинге
00:25:11 - StarvellBot - ERROR - Отсутствует айди в описании предложения при демпинге
00:25:11 - StarvellBot - ERROR - Отсутствует айди в описании предложения при демпинге
00:25:11 - StarvellBot - INFO - 📊 Обрабатываем предложение 134567: 25 звёзд по 33.9₽
00:25:11 - StarvellBot - INFO - 📊 Получено 6 предложений конкурентов
00:25:11 - StarvellBot - INFO - 📊 Обрабатываем предложение 181438: 26 звёзд по 31.0₽
00:25:12 - StarvellBot - INFO - 📊 Получено 7 предложений конкурентов
00:25:12 - StarvellBot - INFO -    advgifts: отфильтровали конкурентов по 26 звёзд → 0 шт.
00:25:12 - StarvellBot - INFO - ✅ Наше предложение 181438 единственное в категории
00:25:12 - StarvellBot - INFO - ✅ Проверка цен завершена
00:25:17 - StarvellBot - INFO - пропустили
00:25:17 - StarvellBot - INFO - ⬅️  2
00:25:24 - aiogram.dispatcher - INFO - Polling stopped
