12:07:28 - StarvellBot - INFO - ✅ Логирование настроено
12:07:28 - StarvellBot - INFO - ============================================================
12:07:28 - StarvellBot - INFO - 🚀 StarvellBot Manager Starting...
12:07:28 - StarvellBot - INFO - ============================================================
12:07:28 - StarvellBot - INFO - 📋 Загрузка конфигурации...
12:07:28 - config_manager - INFO - ✅ Конфигурация загружена из config_data.json
12:07:29 - StarvellBot - INFO - 🚀 Запуск Telegram Manager...
12:07:29 - StarvellBot - INFO - 🤖 Инициализация StarvellBot...
12:07:29 - StarvellBot - INFO - ⚙️ Инициализация Service Manager...
12:07:29 - StarvellBot - INFO - ============================================================
12:07:29 - StarvellBot - INFO - ✅ Все компоненты инициализированы успешно!
12:07:29 - StarvellBot - INFO - ============================================================
12:07:29 - StarvellBot - INFO - 
12:07:29 - StarvellBot - INFO - 📱 Откройте Telegram бота для управления
12:07:29 - StarvellBot - INFO - 🎛️ Доступные команды:
12:07:29 - StarvellBot - INFO -    /start - начать работу
12:07:29 - StarvellBot - INFO -    /services - управление службами
12:07:29 - StarvellBot - INFO -    /config - редактирование настроек
12:07:29 - StarvellBot - INFO -    /status - статус служб
12:07:29 - StarvellBot - INFO -    /help - справка
12:07:29 - StarvellBot - INFO - 
12:07:29 - StarvellBot - INFO - ============================================================
12:07:29 - aiogram.dispatcher - INFO - Start polling
12:07:29 - pyrogram.session.auth - INFO - Start creating a new auth key on DC2
12:07:29 - pyrogram.connection.connection - INFO - Connecting...
12:07:29 - pyrogram.connection.connection - INFO - Connected! Production DC2 - IPv4
12:07:30 - aiogram.dispatcher - INFO - Run polling for bot @testzabwinobotsfadsgdsbot id=8298689795 - 'test'
12:07:30 - aiogram.event - INFO - Update id=826344369 is handled. Duration 290 ms by bot id=8298689795
12:07:31 - pyrogram.session.auth - INFO - Done auth key exchange: DhGenOk
12:07:31 - pyrogram.connection.connection - INFO - Disconnected
12:07:31 - pyrogram.connection.connection - INFO - Connecting...
12:07:31 - pyrogram.connection.connection - INFO - Connected! Production DC2 - IPv4
12:07:31 - pyrogram.session.session - INFO - NetworkTask started
12:07:31 - pyrogram.client - INFO - Time synced: 2026-02-28 12:07:32.085701
12:07:31 - pyrogram.session.session - INFO - Session initialized: Pyrogram v2.2.19 (Layer 222)
12:07:31 - pyrogram.session.session - INFO - Device: CPython 3.13.5 - Pyrogram 2.2.19
12:07:31 - pyrogram.session.session - INFO - System: Windows 10 (en)
12:07:31 - pyrogram.session.session - INFO - Session started
12:07:31 - pyrogram.session.session - INFO - PingTask started
12:07:31 - aiogram.event - INFO - Update id=826344370 is handled. Duration 148 ms by bot id=8298689795
12:07:34 - config_manager - INFO - ✅ Конфигурация сохранена в config_data.json
12:07:34 - aiogram.event - INFO - Update id=826344371 is handled. Duration 100 ms by bot id=8298689795
12:07:40 - config_manager - INFO - ✅ Конфигурация сохранена в config_data.json
12:07:41 - aiogram.event - INFO - Update id=826344372 is handled. Duration 96 ms by bot id=8298689795
12:07:46 - config_manager - INFO - ✅ Конфигурация сохранена в config_data.json
12:07:46 - aiogram.event - INFO - Update id=826344373 is handled. Duration 87 ms by bot id=8298689795
12:08:47 - config_manager - INFO - ✅ Конфигурация сохранена в config_data.json
12:08:47 - aiogram.event - INFO - Update id=826344374 is handled. Duration 85 ms by bot id=8298689795
12:08:57 - aiogram.event - INFO - Update id=826344375 is handled. Duration 82 ms by bot id=8298689795
12:14:25 - aiogram.dispatcher - INFO - Polling stopped
12:14:25 - pyrogram.session.session - INFO - PingTask stopped
12:14:25 - pyrogram.session.session - INFO - NetworkTask stopped
12:14:25 - pyrogram.connection.connection - INFO - Disconnected
12:14:25 - pyrogram.session.session - INFO - Session stopped
12:14:25 - asyncio - ERROR - Task exception was never retrieved
future: <Task finished name='Task-2' coro=<StarsAPIGiver.init_sessions() done, defined at C:\Users\ezhik\PycharmProjects\PythonProject5\stars_api_giver.py:28> exception=UnicodeDecodeError('utf-8', b'\xff', 0, 1, 'invalid start byte')>
Traceback (most recent call last):
  File "C:\Users\ezhik\PycharmProjects\PythonProject5\stars_api_giver.py", line 32, in init_sessions
    self.balances[session] = await self.get_star_balance(session)
                             ^^^^^^^^^^^^^^^^^^^^^^^^^^^^^^^^^^^^
  File "C:\Users\ezhik\PycharmProjects\PythonProject5\stars_api_giver.py", line 36, in get_star_balance
    async with Client(session, self.api_id, self.api_hash) as app:
               ~~~~~~^^^^^^^^^^^^^^^^^^^^^^^^^^^^^^^^^^^^^
  File "C:\Users\ezhik\PycharmProjects\PythonProject5\.venv\Lib\site-packages\pyrogram\client.py", line 441, in __aenter__
    return await self.start()
           ^^^^^^^^^^^^^^^^^^
  File "C:\Users\ezhik\PycharmProjects\PythonProject5\.venv\Lib\site-packages\pyrogram\methods\utilities\start.py", line 89, in start
    await self.authorize()
  File "C:\Users\ezhik\PycharmProjects\PythonProject5\.venv\Lib\site-packages\pyrogram\client.py", line 474, in authorize
    value = await ainput("Enter phone number or bot token: ", loop=self.loop)
            ^^^^^^^^^^^^^^^^^^^^^^^^^^^^^^^^^^^^^^^^^^^^^^^^^^^^^^^^^^^^^^^^^
  File "C:\Users\ezhik\PycharmProjects\PythonProject5\.venv\Lib\site-packages\pyrogram\utils.py", line 57, in ainput
    return await loop.run_in_executor(executor, func)
           ^^^^^^^^^^^^^^^^^^^^^^^^^^^^^^^^^^^^^^^^^^
  File "C:\Users\ezhik\AppData\Local\Programs\Python\Python313\Lib\concurrent\futures\thread.py", line 59, in run
    result = self.fn(*self.args, **self.kwargs)
  File "<frozen codecs>", line 325, in decode
UnicodeDecodeError: 'utf-8' codec can't decode byte 0xff in position 0: invalid start byte
