11:09:15 - StarvellBot - INFO - ✅ Логирование настроено
11:09:15 - StarvellBot - INFO - ============================================================
11:09:15 - StarvellBot - INFO - 🚀 StarvellBot Manager Starting...
11:09:15 - StarvellBot - INFO - ============================================================
11:09:15 - StarvellBot - INFO - 📋 Загрузка конфигурации...
11:09:15 - config_manager - INFO - ✅ Конфигурация загружена из config_data.json
11:09:15 - StarvellBot - INFO - 🚀 Запуск Telegram Manager...
11:09:15 - StarvellBot - INFO - 🤖 Инициализация StarvellBot...
11:09:15 - StarvellBot - INFO - ⚙️ Инициализация Service Manager...
11:09:15 - StarvellBot - INFO - ============================================================
11:09:15 - StarvellBot - INFO - ✅ Все компоненты инициализированы успешно!
11:09:15 - StarvellBot - INFO - ============================================================
11:09:15 - StarvellBot - INFO - 
11:09:15 - StarvellBot - INFO - 📱 Откройте Telegram бота для управления
11:09:15 - StarvellBot - INFO - 🎛️ Доступные команды:
11:09:15 - StarvellBot - INFO -    /start - начать работу
11:09:15 - StarvellBot - INFO -    /services - управление службами
11:09:15 - StarvellBot - INFO -    /config - редактирование настроек
11:09:15 - StarvellBot - INFO -    /status - статус служб
11:09:15 - StarvellBot - INFO -    /help - справка
11:09:15 - StarvellBot - INFO - 
11:09:15 - StarvellBot - INFO - ============================================================
11:09:15 - aiogram.dispatcher - INFO - Start polling
11:09:15 - pyrogram.session.auth - INFO - Start creating a new auth key on DC2
11:09:15 - pyrogram.connection.connection - INFO - Connecting...
11:09:16 - pyrogram.connection.connection - INFO - Connected! Production DC2 - IPv4
11:09:16 - aiogram.dispatcher - INFO - Run polling for bot @testzabwinobotsfadsgdsbot id=8298689795 - 'test'
11:09:17 - pyrogram.session.auth - INFO - Done auth key exchange: DhGenOk
11:09:17 - pyrogram.connection.connection - INFO - Disconnected
11:09:17 - pyrogram.connection.connection - INFO - Connecting...
11:09:17 - pyrogram.connection.connection - INFO - Connected! Production DC2 - IPv4
11:09:17 - pyrogram.session.session - INFO - NetworkTask started
11:09:17 - pyrogram.client - INFO - Time synced: 2026-02-28 11:09:18.512890
11:09:17 - pyrogram.session.session - INFO - Session initialized: Pyrogram v2.2.19 (Layer 222)
11:09:17 - pyrogram.session.session - INFO - Device: CPython 3.13.5 - Pyrogram 2.2.19
11:09:17 - pyrogram.session.session - INFO - System: Windows 10 (en)
11:09:17 - pyrogram.session.session - INFO - Session started
11:09:17 - pyrogram.session.session - INFO - PingTask started
11:09:18 - aiogram.event - INFO - Update id=826344248 is handled. Duration 206 ms by bot id=8298689795
11:09:19 - aiogram.event - INFO - Update id=826344249 is handled. Duration 154 ms by bot id=8298689795
11:09:21 - aiogram.event - INFO - Update id=826344250 is handled. Duration 146 ms by bot id=8298689795
11:09:22 - aiogram.event - INFO - Update id=826344251 is handled. Duration 149 ms by bot id=8298689795
11:09:22 - config_manager - INFO - ✅ Конфигурация сохранена в config_data.json
11:09:23 - aiogram.event - INFO - Update id=826344252 is handled. Duration 145 ms by bot id=8298689795
11:09:23 - aiogram.event - INFO - Update id=826344253 is handled. Duration 146 ms by bot id=8298689795
11:09:27 - aiogram.event - INFO - Update id=826344254 is handled. Duration 146 ms by bot id=8298689795
11:09:34 - config_manager - INFO - ✅ Конфигурация сохранена в config_data.json
11:09:34 - aiogram.event - INFO - Update id=826344255 is handled. Duration 183 ms by bot id=8298689795
11:09:34 - config_manager - INFO - ✅ Конфигурация сохранена в config_data.json
11:09:35 - aiogram.event - INFO - Update id=826344256 is handled. Duration 175 ms by bot id=8298689795
11:09:35 - aiogram.event - INFO - Update id=826344257 is handled. Duration 175 ms by bot id=8298689795
11:09:38 - config_manager - INFO - ✅ Конфигурация сохранена в config_data.json
11:09:38 - aiogram.event - INFO - Update id=826344258 is handled. Duration 166 ms by bot id=8298689795
11:09:40 - config_manager - INFO - ✅ Конфигурация сохранена в config_data.json
11:09:41 - aiogram.event - INFO - Update id=826344259 is handled. Duration 173 ms by bot id=8298689795
11:09:42 - aiogram.event - INFO - Update id=826344260 is handled. Duration 153 ms by bot id=8298689795
11:13:07 - aiogram.event - INFO - Update id=826344261 is handled. Duration 149 ms by bot id=8298689795
11:13:08 - aiogram.event - INFO - Update id=826344262 is handled. Duration 150 ms by bot id=8298689795
11:13:13 - aiogram.event - INFO - Update id=826344263 is handled. Duration 164 ms by bot id=8298689795
11:35:03 - aiogram.dispatcher - INFO - Polling stopped
11:35:03 - pyrogram.session.session - INFO - PingTask stopped
11:35:03 - pyrogram.session.session - INFO - NetworkTask stopped
11:35:03 - pyrogram.connection.connection - INFO - Disconnected
11:35:03 - pyrogram.session.session - INFO - Session stopped
11:35:03 - asyncio - ERROR - Task exception was never retrieved
future: <Task finished name='Task-2' coro=<StarsAPIGiver.init_sessions() done, defined at C:\Users\ezhik\PycharmProjects\PythonProject5\stars_api_giver.py:28> exception=UnicodeDecodeError('utf-8', b'\xff', 0, 1, 'invalid start byte')>
Traceback (most recent call last):
  File "C:\Users\ezhik\PycharmProjects\PythonProject5\stars_api_giver.py", line 32, in init_sessions
    self.balances[session] = await self.get_star_balance(session)
                             ^^^^^^^^^^^^^^^^^^^^^^^^^^^^^^^^^^^^
  File "C:\Users\ezhik\PycharmProjects\PythonProject5\stars_api_giver.py", line 36, in get_star_balance
    async with Client(session, self.api_id, self.api_hash) as app:
               ~~~~~~^^^^^^^^^^^^^^^^^^^^^^^^^^^^^^^^^^^^^
  File "C:\Users\ezhik\PycharmProjects\PythonProject5\.venv\Lib\site-packages\pyrogram\client.py", line 441, in __aenter__
    return await self.start()
           ^^^^^^^^^^^^^^^^^^
  File "C:\Users\ezhik\PycharmProjects\PythonProject5\.venv\Lib\site-packages\pyrogram\methods\utilities\start.py", line 89, in start
    await self.authorize()
  File "C:\Users\ezhik\PycharmProjects\PythonProject5\.venv\Lib\site-packages\pyrogram\client.py", line 474, in authorize
    value = await ainput("Enter phone number or bot token: ", loop=self.loop)
            ^^^^^^^^^^^^^^^^^^^^^^^^^^^^^^^^^^^^^^^^^^^^^^^^^^^^^^^^^^^^^^^^^
  File "C:\Users\ezhik\PycharmProjects\PythonProject5\.venv\Lib\site-packages\pyrogram\utils.py", line 57, in ainput
    return await loop.run_in_executor(executor, func)
           ^^^^^^^^^^^^^^^^^^^^^^^^^^^^^^^^^^^^^^^^^^
  File "C:\Users\ezhik\AppData\Local\Programs\Python\Python313\Lib\concurrent\futures\thread.py", line 59, in run
    result = self.fn(*self.args, **self.kwargs)
  File "<frozen codecs>", line 325, in decode
UnicodeDecodeError: 'utf-8' codec can't decode byte 0xff in position 0: invalid start byte
