01:49:14 - StarvellBot - INFO - ✅ Логирование настроено
01:49:14 - StarvellBot - INFO - ============================================================
01:49:14 - StarvellBot - INFO - 🚀 StarvellBot Manager Starting...
01:49:14 - StarvellBot - INFO - ============================================================
01:49:14 - StarvellBot - INFO - 📋 Загрузка конфигурации...
01:49:14 - config_manager - INFO - ✅ Конфигурация загружена из config_data.json
01:49:15 - StarvellBot - INFO - 🚀 Запуск Telegram Manager...
01:49:15 - StarvellBot - INFO - 🤖 Инициализация StarvellBot...
01:49:15 - StarvellBot - INFO - ⚙️ Инициализация Service Manager...
01:49:15 - StarvellBot - INFO - ============================================================
01:49:15 - StarvellBot - INFO - ✅ Все компоненты инициализированы успешно!
01:49:15 - StarvellBot - INFO - ============================================================
01:49:15 - StarvellBot - INFO - 
01:49:15 - StarvellBot - INFO - 📱 Откройте Telegram бота для управления
01:49:15 - StarvellBot - INFO - 🎛️ Доступные команды:
01:49:15 - StarvellBot - INFO -    /start - начать работу
01:49:15 - StarvellBot - INFO -    /services - управление службами
01:49:15 - StarvellBot - INFO -    /config - редактирование настроек
01:49:15 - StarvellBot - INFO -    /status - статус служб
01:49:15 - StarvellBot - INFO -    /help - справка
01:49:15 - StarvellBot - INFO - 
01:49:15 - StarvellBot - INFO - ============================================================
01:49:15 - aiogram.dispatcher - INFO - Start polling
01:49:15 - aiogram.dispatcher - INFO - Run polling for bot @starvellbrontobot id=8278054066 - 'StarvellBronto'
01:49:23 - aiogram.event - INFO - Update id=750237865 is handled. Duration 201 ms by bot id=8278054066
01:50:01 - aiogram.event - INFO - Update id=750237866 is handled. Duration 79 ms by bot id=8278054066
01:50:04 - aiogram.event - INFO - Update id=750237867 is handled. Duration 148 ms by bot id=8278054066
01:50:05 - service_manager - INFO - ▶️ Запуск службы Orders Monitor...
01:50:05 - pyrogram.connection.connection - INFO - Connecting...
01:50:05 - pyrogram.connection.connection - INFO - Connected! Production DC2 - IPv4
01:50:05 - pyrogram.session.session - INFO - NetworkTask started
01:50:05 - pyrogram.client - INFO - Time synced: 2026-03-03 01:50:07.439446
01:50:05 - service_manager - INFO - ✅ Служба Orders Monitor запущена
01:50:06 - pyrogram.session.session - INFO - Session initialized: Pyrogram v2.2.19 (Layer 222)
01:50:06 - pyrogram.session.session - INFO - Device: CPython 3.13.5 - Pyrogram 2.2.19
01:50:06 - pyrogram.session.session - INFO - System: Windows 10 (en)
01:50:06 - pyrogram.session.session - INFO - Session started
01:50:06 - pyrogram.session.session - INFO - PingTask started
01:50:06 - aiogram.event - INFO - Update id=750237868 is handled. Duration 650 ms by bot id=8278054066
01:50:06 - pyrogram.dispatcher - INFO - Started 20 HandlerTasks
01:50:06 - pyrogram.dispatcher - INFO - Stopped 20 HandlerTasks
01:50:06 - pyrogram.session.session - INFO - PingTask stopped
01:50:06 - pyrogram.session.session - INFO - NetworkTask stopped
01:50:06 - pyrogram.connection.connection - INFO - Disconnected
01:50:06 - pyrogram.session.session - INFO - Session stopped
01:50:06 - TelegramApiGiver - INFO - ✅ Сессии инициализированы: ['my_account']
01:50:06 - pyrogram.connection.connection - INFO - Connecting...
01:50:06 - pyrogram.connection.connection - INFO - Connected! Production DC2 - IPv4
01:50:06 - pyrogram.session.session - INFO - NetworkTask started
01:50:06 - pyrogram.client - INFO - Time synced: 2026-03-03 01:50:08.496412
01:50:06 - StarvellBot - INFO - 🟢 WebSocket connected
01:50:06 - StarvellBot - INFO - ✅ WebSocket готов, запускаем проверку заказов
01:50:06 - StarvellBot - INFO - ⬅️  0{"sid":"ij8gwsM8lz2yXZVyAAL8","upgrades":[],"pingInterval":25000,"pingTimeout":20000,"maxPayload":1000000}
01:50:06 - StarvellBot - WARNING - ➡️  Connecting to namespace: /chats
01:50:07 - StarvellBot - WARNING - ➡️  Connecting to namespace: /user-notifications
01:50:07 - StarvellBot - WARNING - ➡️  Connecting to namespace: /orders
01:50:07 - StarvellBot - WARNING - ➡️  Connecting to namespace: /user-presence
01:50:07 - StarvellBot - WARNING - ➡️  Connecting to namespace: /online
01:50:07 - StarvellBot - INFO - ⬅️  40/chats,{"sid":"it-AJWTQEip4AIVxAAL9"}
01:50:07 - pyrogram.session.session - INFO - Session initialized: Pyrogram v2.2.19 (Layer 222)
01:50:07 - pyrogram.session.session - INFO - Device: CPython 3.13.5 - Pyrogram 2.2.19
01:50:07 - pyrogram.session.session - INFO - System: Windows 10 (en)
01:50:07 - pyrogram.session.session - INFO - Session started
01:50:07 - pyrogram.session.session - INFO - PingTask started
01:50:07 - StarvellBot - INFO - ⬅️  40/user-notifications,{"sid":"ESkBwfQGiM7vzAEKAAL-"}
01:50:07 - StarvellBot - INFO - ⬅️  40/orders,{"sid":"RTmGF63OZf-7MSThAAL_"}
01:50:07 - StarvellBot - INFO - ⬅️  40/user-presence,{"sid":"KuFOkakEtozHSQn_AAMA"}
01:50:07 - StarvellBot - INFO - ⬅️  40/online,{"sid":"u7tpK5-TzMTUplvJAAMB"}
01:50:07 - pyrogram.dispatcher - INFO - Started 20 HandlerTasks
01:50:07 - pyrogram.dispatcher - INFO - Stopped 20 HandlerTasks
01:50:07 - pyrogram.session.session - INFO - PingTask stopped
01:50:07 - pyrogram.session.session - INFO - NetworkTask stopped
01:50:07 - pyrogram.connection.connection - INFO - Disconnected
01:50:07 - pyrogram.session.session - INFO - Session stopped
01:50:25 - StarvellBot.Fragment - INFO - Wallet balance: 1.104038 TON
01:50:26 - StarvellBot - INFO - Успешно парсили ордеры
01:50:26 - StarvellBot - ERROR - отсутствует категория демпинге
01:50:26 - StarvellBot - ERROR - отсутствует категория демпинге
01:50:26 - StarvellBot - ERROR - отсутствует категория демпинге
01:50:32 - StarvellBot - INFO - ⬅️  2
01:50:49 - StarvellBot - INFO - ⬅️  42/user-notifications,["sale_update",{"orderId":"019cb0bf-46b7-1556-62a6-c4aa5b769ae7","delta":1}]
01:50:49 - StarvellBot - INFO - 🛒 NEW ORDER!
01:50:49 - StarvellBot - INFO - Order ID: 019cb0bf-46b7-1556-62a6-c4aa5b769ae7
01:50:49 - StarvellBot - INFO - ⚙️  Processing order 019cb0bf-46b7-1556-62a6-c4aa5b769ae7...
01:50:50 - StarvellBot - ERROR - отсутствует категория
01:50:50 - StarvellBot - INFO - ⬅️  42/chats,["message_created",{"id":"019cb0bf-46c7-80bd-be4f-e16bcbed9716","content":"","type":"NOTIFICATION","metadata":{"orderId":"019cb0bf-46b7-1556-62a6-c4aa5b769ae7","notificationType":"ORDER_PAYMENT"},"isHidden":false,"images":[],"authorId":null,"buyerId":152876,"sellerId":null,"adminId":null,"chatId":"019c2109-ea20-da88-5085-3849eef57778","visibleTo":null,"createdAt":"2026-03-02T22:50:51.440Z","updatedAt":"2026-03-02T22:50:51.440Z","author":null,"buyer":{"id":152876,"username":"xezz"},"seller":null,"admin":null,"order":{"id":"019cb0bf-46b7-1556-62a6-c4aa5b769ae7","quantity":1,"totalPrice":2229,"status":"CREATED","refundedAt":null,"refundReasonCode":null,"orderArgs":[{"id":"959d1d7b-1a35-429c-98a1-c9a753579a43","value":"dffddf","nameRu":"Telegram Username"}],"offerDetails":{"game":{"id":14,"name":"Telegram","slug":"telegram"},"type":"LOT","images":[{"id":"386332f4-d474-430b-882b-cd70220c1677","width":297,"height":311,"extension":"jpg"}],"category":{"id":182,"name":"Звёзды","slug":"stars","availabilityUnit":"UNITS","currencyDisplayUnits":null},"attributes":[{"id":"2c2c2dc0-93fd-4cdc-8bb6-c3fb0e79612a","value":{"id":"9abe5573-3184-401c-8bec-de0d8dd38529","nameRu":"Подарком"},"nameRu":"Способ получения"}],"subCategory":{"id":641,"name":"13 звёзд"},"availability":999994966,"deliveryTime":{"to":{"unit":"MINUTES","value":5},"from":{"unit":"MINUTES","value":1}},"descriptions":{"rus":{"description":"⭐Вы получаете подарок за 13 звёзд (Сердце)\n\nПроцесс выполнения:\n1️⃣ Оплачиваете заказ\n2️⃣ Пишите ваш юзернейм @username в чат и какой подарок вы хотите\n3️⃣ Я выполняю пополнение\n4️⃣ Проверяете → Подтверждаете\n\n⚠️ Важно: Проверьте правильность введённого @username. Ошибки могут привести к зачислению звёзд на другой аккаунт, и возврат средств будет невозможен.\n\nid: 13stars"}},"instantDelivery":false}},"dispute":null}]
01:50:50 - StarvellBot - INFO - ⬅️  42/chats,["chat_read",{"lastReadAt":"2026-03-02T22:50:51.800Z","chatId":"019c2109-ea20-da88-5085-3849eef57778"}]
01:50:50 - StarvellBot - INFO - ⬅️  42/chats,["message_created",{"id":"019cb0bf-4a42-fee1-3fca-2bbdb26780e2","content":"","type":"NOTIFICATION","metadata":{"orderId":"019cb0bf-46b7-1556-62a6-c4aa5b769ae7","notificationType":"ORDER_REFUND"},"isHidden":false,"images":[],"authorId":null,"buyerId":152876,"sellerId":139527,"adminId":null,"chatId":"019c2109-ea20-da88-5085-3849eef57778","visibleTo":null,"createdAt":"2026-03-02T22:50:52.343Z","updatedAt":"2026-03-02T22:50:52.343Z","author":null,"buyer":{"id":152876,"username":"xezz"},"seller":{"id":139527,"username":"Bronto"},"admin":null,"order":{"id":"019cb0bf-46b7-1556-62a6-c4aa5b769ae7","quantity":1,"totalPrice":2229,"status":"REFUND","refundedAt":"2026-03-02T22:50:52.352Z","refundReasonCode":null,"orderArgs":[{"id":"959d1d7b-1a35-429c-98a1-c9a753579a43","value":"dffddf","nameRu":"Telegram Username"}],"offerDetails":{"game":{"id":14,"name":"Telegram","slug":"telegram"},"type":"LOT","images":[{"id":"386332f4-d474-430b-882b-cd70220c1677","width":297,"height":311,"extension":"jpg"}],"category":{"id":182,"name":"Звёзды","slug":"stars","availabilityUnit":"UNITS","currencyDisplayUnits":null},"attributes":[{"id":"2c2c2dc0-93fd-4cdc-8bb6-c3fb0e79612a","value":{"id":"9abe5573-3184-401c-8bec-de0d8dd38529","nameRu":"Подарком"},"nameRu":"Способ получения"}],"subCategory":{"id":641,"name":"13 звёзд"},"availability":999994966,"deliveryTime":{"to":{"unit":"MINUTES","value":5},"from":{"unit":"MINUTES","value":1}},"descriptions":{"rus":{"description":"⭐Вы получаете подарок за 13 звёзд (Сердце)\n\nПроцесс выполнения:\n1️⃣ Оплачиваете заказ\n2️⃣ Пишите ваш юзернейм @username в чат и какой подарок вы хотите\n3️⃣ Я выполняю пополнение\n4️⃣ Проверяете → Подтверждаете\n\n⚠️ Важно: Проверьте правильность введённого @username. Ошибки могут привести к зачислению звёзд на другой аккаунт, и возврат средств будет невозможен.\n\nid: 13stars"}},"instantDelivery":false}},"dispute":null}]
01:50:51 - StarvellBot - INFO - ⬅️  42/user-notifications,["sale_update",{"orderId":"019cb0bf-46b7-1556-62a6-c4aa5b769ae7","delta":-1}]
01:50:51 - StarvellBot - WARNING - 💸 Order refunded: 019cb0bf-46b7-1556-62a6-c4aa5b769ae7 (delta: -1)
01:50:51 - StarvellBot - INFO - ⬅️  42/chats,["chat_read",{"lastReadAt":"2026-03-02T22:50:52.482Z","chatId":"019c2109-ea20-da88-5085-3849eef57778"}]
01:50:51 - StarvellBot - INFO - ⬅️  42/chats,["chat_read",{"lastReadAt":"2026-03-02T22:50:52.484Z","chatId":"019c2109-ea20-da88-5085-3849eef57778"}]
01:50:51 - StarvellBot - INFO - ⬅️  42/chats,["message_created",{"id":"019cb0bf-4b38-1084-b47c-218f66a10211","content":"❌ К сожалению, ваш заказ был отменен и средства возвращены.\n\nЕсли у вас возникли вопросы, пожалуйста, свяжитесь с поддержкой.","type":"DEFAULT","metadata":null,"isHidden":false,"images":[],"authorId":139527,"buyerId":null,"sellerId":null,"adminId":null,"chatId":"019c2109-ea20-da88-5085-3849eef57778","visibleTo":null,"createdAt":"2026-03-02T22:50:52.599Z","updatedAt":"2026-03-02T22:50:52.599Z","author":{"id":139527,"username":"Bronto","roles":[]},"buyer":null,"seller":null,"admin":null,"order":null,"dispute":null}]
01:50:51 - StarvellBot - INFO - ⬅️  42/chats,["chat_read",{"lastReadAt":"2026-03-02T22:50:52.686Z","chatId":"019c2109-ea20-da88-5085-3849eef57778"}]
01:51:01 - StarvellBot - INFO - ⬅️  2
01:51:01 - StarvellBot.Fragment - INFO - Wallet balance: 1.104038 TON
01:51:02 - StarvellBot - INFO - Успешно парсили ордеры
01:51:02 - StarvellBot - ERROR - отсутствует категория демпинге
01:51:02 - StarvellBot - ERROR - отсутствует категория демпинге
01:51:02 - StarvellBot - ERROR - отсутствует категория демпинге
01:51:16 - StarvellBot - INFO - ⬅️  42/user-notifications,["sale_update",{"orderId":"019cb0bf-aff5-a98d-8d84-cdb6d85a70e8","delta":1}]
01:51:16 - StarvellBot - INFO - 🛒 NEW ORDER!
01:51:16 - StarvellBot - INFO - Order ID: 019cb0bf-aff5-a98d-8d84-cdb6d85a70e8
01:51:16 - StarvellBot - INFO - ⚙️  Processing order 019cb0bf-aff5-a98d-8d84-cdb6d85a70e8...
01:51:17 - StarvellBot - INFO - ⭐ Звёзд в заказе: 21
01:51:17 - StarvellBot - INFO - 📝 Введённый username: cvcvccv
01:51:17 - StarvellBot - INFO - ============================================================
01:51:17 - StarvellBot - INFO - 📦 Order ID: 019cb0bf-aff5-a98d-8d84-cdb6d85a70e8
01:51:17 - StarvellBot - INFO - 💰 Total Price: 3797
01:51:17 - StarvellBot - INFO - 🔢 Quantity: 1
01:51:17 - StarvellBot - INFO - ⭐ Stars: 21
01:51:17 - StarvellBot - INFO - 👤 Buyer ID: 152876
01:51:17 - StarvellBot - INFO - 📝 Telegram Username (entered): cvcvccv
01:51:17 - StarvellBot - INFO - 💬 Chat ID: 019c2109-ea20-da88-5085-3849eef57778
01:51:17 - StarvellBot - INFO - ============================================================
01:51:17 - StarvellBot - INFO - ✅ Order 019cb0bf-aff5-a98d-8d84-cdb6d85a70e8 updated in database
01:51:17 - StarvellBot - INFO - ⬅️  42/chats,["message_created",{"id":"019cb0bf-b002-1542-2cb0-aebc80ad8dc4","content":"","type":"NOTIFICATION","metadata":{"orderId":"019cb0bf-aff5-a98d-8d84-cdb6d85a70e8","notificationType":"ORDER_PAYMENT"},"isHidden":false,"images":[],"authorId":null,"buyerId":152876,"sellerId":null,"adminId":null,"chatId":"019c2109-ea20-da88-5085-3849eef57778","visibleTo":null,"createdAt":"2026-03-02T22:51:18.382Z","updatedAt":"2026-03-02T22:51:18.382Z","author":null,"buyer":{"id":152876,"username":"xezz"},"seller":null,"admin":null,"order":{"id":"019cb0bf-aff5-a98d-8d84-cdb6d85a70e8","quantity":1,"totalPrice":3797,"status":"CREATED","refundedAt":null,"refundReasonCode":null,"orderArgs":[{"id":"959d1d7b-1a35-429c-98a1-c9a753579a43","value":"cvcvccv","nameRu":"Telegram Username"}],"offerDetails":{"game":{"id":14,"name":"Telegram","slug":"telegram"},"type":"LOT","images":[{"id":"ef9a8163-b1a9-4558-bd04-362b1dfe43e1","width":289,"height":291,"extension":"jpg"},{"id":"18da3a42-7827-426c-9e23-27e70f5a8203","width":248,"height":294,"extension":"jpg"}],"category":{"id":182,"name":"Звёзды","slug":"stars","availabilityUnit":"UNITS","currencyDisplayUnits":null},"attributes":[{"id":"2c2c2dc0-93fd-4cdc-8bb6-c3fb0e79612a","value":{"id":"9abe5573-3184-401c-8bec-de0d8dd38529","nameRu":"Подарком"},"nameRu":"Способ получения"}],"subCategory":{"id":642,"name":"21 звезда"},"availability":99999974,"deliveryTime":{"to":{"unit":"MINUTES","value":5},"from":{"unit":"MINUTES","value":1}},"descriptions":{"rus":{"description":"⭐Вы получаете любой подарок за 25 звёзд на ваш выбор (Подарок или Розу)\n\nПроцесс выполнения:\n1️⃣ Оплачиваете заказ\n2️⃣ Пишите ваш юзернейм @username в чат и какой подарок вы хотите\n3️⃣ Я выполняю пополнение\n4️⃣ Проверяете → Подтверждаете\n\n⚠️ Важно: Проверьте правильность введённого @username. Ошибки могут привести к зачислению звёзд на другой аккаунт, и возврат средств будет невозможен.\n\nid: 21stars"}},"instantDelivery":false}},"dispute":null}]
01:51:17 - StarvellBot - INFO - ⬅️  42/chats,["message_created",{"id":"019cb0bf-b00b-10f2-c17e-fd9e58d02219","content":"е","type":"DEFAULT","metadata":{"isAutoResponse":true},"isHidden":false,"images":[],"authorId":139527,"buyerId":null,"sellerId":null,"adminId":null,"chatId":"019c2109-ea20-da88-5085-3849eef57778","visibleTo":null,"createdAt":"2026-03-02T22:51:18.411Z","updatedAt":"2026-03-02T22:51:18.382Z","author":{"id":139527,"username":"Bronto","roles":[]}}]
01:51:17 - StarvellBot - INFO - ⬅️  42/chats,["chat_read",{"lastReadAt":"2026-03-02T22:51:18.738Z","chatId":"019c2109-ea20-da88-5085-3849eef57778"}]
01:51:17 - StarvellBot - INFO - ⬅️  42/chats,["message_created",{"id":"019cb0bf-b390-b393-f0d8-2c502650aba3","content":"🧾 Ваш заказ:\n#️⃣ ID: 019cb0bf-aff5-a98d-8d84-cdb6d85a70e8\n👤 Username: cvcvccv\n⭐ Stars: 21 | 1 шт.\n\nВсе верно?\n✅ Да (+) | Нет (-) ❌","type":"DEFAULT","metadata":null,"isHidden":false,"images":[],"authorId":139527,"buyerId":null,"sellerId":null,"adminId":null,"chatId":"019c2109-ea20-da88-5085-3849eef57778","visibleTo":null,"createdAt":"2026-03-02T22:51:19.311Z","updatedAt":"2026-03-02T22:51:19.311Z","author":{"id":139527,"username":"Bronto","roles":[]},"buyer":null,"seller":null,"admin":null,"order":null,"dispute":null}]
01:51:17 - StarvellBot - INFO - ⬅️  42/chats,["chat_read",{"lastReadAt":"2026-03-02T22:51:19.408Z","chatId":"019c2109-ea20-da88-5085-3849eef57778"}]
01:51:22 - StarvellBot - INFO - пропустили
01:51:22 - StarvellBot - INFO - ⬅️  42/user-notifications,["balance_update",{"balance":826155}]
01:51:22 - StarvellBot - INFO - 📩 [/user-notifications] balance_update
01:51:22 - StarvellBot - INFO - ⬅️  42/user-notifications,["sale_update",{"orderId":"019cb0bf-aff5-a98d-8d84-cdb6d85a70e8","delta":-1}]
01:51:22 - StarvellBot - WARNING - 💸 Order refunded: 019cb0bf-aff5-a98d-8d84-cdb6d85a70e8 (delta: -1)
01:51:22 - StarvellBot - INFO - ⬅️  42/chats,["message_created",{"id":"019cb0bf-c7b3-591b-1809-d245fa7e38e4","content":"","type":"NOTIFICATION","metadata":{"orderId":"019cb0bf-aff5-a98d-8d84-cdb6d85a70e8","notificationType":"ORDER_COMPLETED"},"isHidden":false,"images":[],"authorId":null,"buyerId":152876,"sellerId":139527,"adminId":null,"chatId":"019c2109-ea20-da88-5085-3849eef57778","visibleTo":null,"createdAt":"2026-03-02T22:51:24.452Z","updatedAt":"2026-03-02T22:51:24.452Z","author":null,"buyer":{"id":152876,"username":"xezz"},"seller":{"id":139527,"username":"Bronto"},"admin":null,"order":{"id":"019cb0bf-aff5-a98d-8d84-cdb6d85a70e8","quantity":1,"totalPrice":3797,"status":"COMPLETED","refundedAt":null,"refundReasonCode":null,"orderArgs":[{"id":"959d1d7b-1a35-429c-98a1-c9a753579a43","value":"cvcvccv","nameRu":"Telegram Username"}],"offerDetails":{"game":{"id":14,"name":"Telegram","slug":"telegram"},"type":"LOT","images":[{"id":"ef9a8163-b1a9-4558-bd04-362b1dfe43e1","width":289,"height":291,"extension":"jpg"},{"id":"18da3a42-7827-426c-9e23-27e70f5a8203","width":248,"height":294,"extension":"jpg"}],"category":{"id":182,"name":"Звёзды","slug":"stars","availabilityUnit":"UNITS","currencyDisplayUnits":null},"attributes":[{"id":"2c2c2dc0-93fd-4cdc-8bb6-c3fb0e79612a","value":{"id":"9abe5573-3184-401c-8bec-de0d8dd38529","nameRu":"Подарком"},"nameRu":"Способ получения"}],"subCategory":{"id":642,"name":"21 звезда"},"availability":99999974,"deliveryTime":{"to":{"unit":"MINUTES","value":5},"from":{"unit":"MINUTES","value":1}},"descriptions":{"rus":{"description":"⭐Вы получаете любой подарок за 25 звёзд на ваш выбор (Подарок или Розу)\n\nПроцесс выполнения:\n1️⃣ Оплачиваете заказ\n2️⃣ Пишите ваш юзернейм @username в чат и какой подарок вы хотите\n3️⃣ Я выполняю пополнение\n4️⃣ Проверяете → Подтверждаете\n\n⚠️ Важно: Проверьте правильность введённого @username. Ошибки могут привести к зачислению звёзд на другой аккаунт, и возврат средств будет невозможен.\n\nid: 21stars"}},"instantDelivery":false}},"dispute":null}]
01:51:22 - StarvellBot - INFO - ✅ Order 019cb0bf-aff5-a98d-8d84-cdb6d85a70e8 updated in database
01:51:22 - StarvellBot - INFO - ⬅️  42/chats,["message_created",{"id":"019cb0bf-c7c7-8f76-74f0-497976d3b0ee","content":"","type":"NOTIFICATION","metadata":{"notificationType":"LEAVE_SERVICE_REVIEW"},"isHidden":false,"images":[],"authorId":null,"buyerId":null,"sellerId":null,"adminId":null,"chatId":"019c2109-ea20-da88-5085-3849eef57778","visibleTo":null,"createdAt":"2026-03-02T22:51:24.488Z","updatedAt":"2026-03-02T22:51:24.488Z","author":null,"buyer":null,"seller":null,"admin":null,"order":null,"dispute":null}]
01:51:23 - StarvellBot - INFO - ⬅️  42/chats,["chat_read",{"lastReadAt":"2026-03-02T22:51:24.568Z","chatId":"019c2109-ea20-da88-5085-3849eef57778"}]
01:51:23 - StarvellBot - INFO - ⬅️  42/chats,["chat_read",{"lastReadAt":"2026-03-02T22:51:24.584Z","chatId":"019c2109-ea20-da88-5085-3849eef57778"}]
01:51:26 - StarvellBot - INFO - ⬅️  2
01:51:37 - StarvellBot.Fragment - INFO - Wallet balance: 1.104038 TON
01:51:37 - StarvellBot - INFO - пропустили
01:51:37 - StarvellBot - INFO - Успешно парсили ордеры
01:51:37 - StarvellBot - ERROR - отсутствует категория демпинге
01:51:37 - StarvellBot - ERROR - отсутствует категория демпинге
01:51:37 - StarvellBot - ERROR - отсутствует категория демпинге
01:51:48 - StarvellBot - INFO - пропустили
01:51:51 - StarvellBot - INFO - ⬅️  2
01:51:58 - StarvellBot - INFO - пропустили
01:52:13 - StarvellBot.Fragment - INFO - Wallet balance: 1.104038 TON
01:52:13 - StarvellBot - INFO - пропустили
01:52:13 - StarvellBot - INFO - Успешно парсили ордеры
01:52:13 - StarvellBot - ERROR - отсутствует категория демпинге
01:52:13 - StarvellBot - ERROR - отсутствует категория демпинге
01:52:13 - StarvellBot - ERROR - отсутствует категория демпинге
01:52:16 - StarvellBot - INFO - ⬅️  2
01:52:24 - StarvellBot - INFO - пропустили
01:52:34 - StarvellBot - INFO - пропустили
01:52:41 - StarvellBot - INFO - ⬅️  2
01:52:49 - StarvellBot.Fragment - INFO - Wallet balance: 1.104038 TON
01:52:49 - StarvellBot - INFO - пропустили
01:52:50 - StarvellBot - INFO - Успешно парсили ордеры
01:52:50 - StarvellBot - ERROR - отсутствует категория демпинге
01:52:50 - StarvellBot - ERROR - отсутствует категория демпинге
01:52:50 - StarvellBot - ERROR - отсутствует категория демпинге
01:53:00 - StarvellBot - INFO - пропустили
01:53:06 - StarvellBot - INFO - ⬅️  2
01:53:10 - StarvellBot - INFO - пропустили
01:53:25 - StarvellBot.Fragment - INFO - Wallet balance: 1.104038 TON
01:53:26 - StarvellBot - INFO - пропустили
01:53:26 - StarvellBot - INFO - Успешно парсили ордеры
01:53:26 - StarvellBot - ERROR - отсутствует категория демпинге
01:53:26 - StarvellBot - ERROR - отсутствует категория демпинге
01:53:26 - StarvellBot - ERROR - отсутствует категория демпинге
01:53:31 - StarvellBot - INFO - ⬅️  2
01:53:36 - StarvellBot - INFO - пропустили
01:53:47 - StarvellBot - INFO - пропустили
01:54:01 - StarvellBot - INFO - ⬅️  2
01:54:01 - StarvellBot.Fragment - INFO - Wallet balance: 1.104038 TON
01:54:01 - StarvellBot - INFO - пропустили
01:54:02 - StarvellBot - INFO - Успешно парсили ордеры
01:54:02 - StarvellBot - ERROR - отсутствует категория демпинге
01:54:02 - StarvellBot - ERROR - отсутствует категория демпинге
01:54:02 - StarvellBot - ERROR - отсутствует категория демпинге
01:54:12 - StarvellBot - INFO - пропустили
01:54:22 - StarvellBot - INFO - пропустили
01:54:26 - StarvellBot - INFO - ⬅️  2
01:54:38 - StarvellBot.Fragment - INFO - Wallet balance: 1.104038 TON
01:54:38 - StarvellBot - INFO - пропустили
01:54:39 - StarvellBot - INFO - Успешно парсили ордеры
01:54:39 - StarvellBot - ERROR - отсутствует категория демпинге
01:54:39 - StarvellBot - ERROR - отсутствует категория демпинге
01:54:39 - StarvellBot - ERROR - отсутствует категория демпинге
01:54:49 - StarvellBot - INFO - пропустили
01:54:51 - StarvellBot - INFO - ⬅️  2
01:54:59 - StarvellBot - INFO - пропустили
01:55:14 - StarvellBot.Fragment - INFO - Wallet balance: 1.104038 TON
01:55:14 - StarvellBot - INFO - пропустили
01:55:14 - StarvellBot - INFO - Успешно парсили ордеры
01:55:14 - StarvellBot - ERROR - отсутствует категория демпинге
01:55:14 - StarvellBot - ERROR - отсутствует категория демпинге
01:55:14 - StarvellBot - ERROR - отсутствует категория демпинге
01:55:16 - StarvellBot - INFO - ⬅️  2
01:55:25 - StarvellBot - INFO - пропустили
01:55:35 - StarvellBot - INFO - пропустили
01:55:41 - StarvellBot - INFO - ⬅️  2
01:55:49 - StarvellBot.Fragment - INFO - Wallet balance: 1.104038 TON
01:55:50 - StarvellBot - INFO - пропустили
01:55:50 - StarvellBot - INFO - Успешно парсили ордеры
01:55:50 - StarvellBot - ERROR - отсутствует категория демпинге
01:55:50 - StarvellBot - ERROR - отсутствует категория демпинге
01:55:50 - StarvellBot - ERROR - отсутствует категория демпинге
01:56:00 - StarvellBot - INFO - пропустили
01:56:06 - StarvellBot - INFO - ⬅️  2
01:56:11 - StarvellBot - INFO - пропустили
01:56:25 - StarvellBot.Fragment - INFO - Wallet balance: 1.104038 TON
01:56:25 - StarvellBot - INFO - пропустили
01:56:26 - StarvellBot - INFO - Успешно парсили ордеры
01:56:26 - StarvellBot - ERROR - отсутствует категория демпинге
01:56:26 - StarvellBot - ERROR - отсутствует категория демпинге
01:56:26 - StarvellBot - ERROR - отсутствует категория демпинге
01:56:31 - StarvellBot - INFO - ⬅️  2
01:56:36 - StarvellBot - INFO - пропустили
01:56:46 - StarvellBot - INFO - пропустили
01:57:00 - StarvellBot - INFO - ⬅️  2
01:57:00 - StarvellBot.Fragment - INFO - Wallet balance: 1.104038 TON
01:57:01 - StarvellBot - INFO - пропустили
01:57:01 - StarvellBot - INFO - Успешно парсили ордеры
01:57:01 - StarvellBot - ERROR - отсутствует категория демпинге
01:57:01 - StarvellBot - ERROR - отсутствует категория демпинге
01:57:01 - StarvellBot - ERROR - отсутствует категория демпинге
01:57:07 - StarvellBot - INFO - ⬅️  42/user-notifications,["balance_update",{"balance":822765}]
01:57:07 - StarvellBot - INFO - 📩 [/user-notifications] balance_update
01:57:07 - StarvellBot - INFO - ⬅️  42/chats,["message_created",{"id":"019cb0c5-0b46-259c-b998-b85dbf560c29","content":"","type":"NOTIFICATION","metadata":{"orderId":"019cb0bf-aff5-a98d-8d84-cdb6d85a70e8","notificationType":"ORDER_REFUND"},"isHidden":false,"images":[],"authorId":null,"buyerId":152876,"sellerId":139527,"adminId":null,"chatId":"019c2109-ea20-da88-5085-3849eef57778","visibleTo":null,"createdAt":"2026-03-02T22:57:09.432Z","updatedAt":"2026-03-02T22:57:09.432Z","author":null,"buyer":{"id":152876,"username":"xezz"},"seller":{"id":139527,"username":"Bronto"},"admin":null,"order":{"id":"019cb0bf-aff5-a98d-8d84-cdb6d85a70e8","quantity":1,"totalPrice":3797,"status":"REFUND","refundedAt":"2026-03-02T22:57:09.444Z","refundReasonCode":null,"orderArgs":[{"id":"959d1d7b-1a35-429c-98a1-c9a753579a43","value":"cvcvccv","nameRu":"Telegram Username"}],"offerDetails":{"game":{"id":14,"name":"Telegram","slug":"telegram"},"type":"LOT","images":[{"id":"ef9a8163-b1a9-4558-bd04-362b1dfe43e1","width":289,"height":291,"extension":"jpg"},{"id":"18da3a42-7827-426c-9e23-27e70f5a8203","width":248,"height":294,"extension":"jpg"}],"category":{"id":182,"name":"Звёзды","slug":"stars","availabilityUnit":"UNITS","currencyDisplayUnits":null},"attributes":[{"id":"2c2c2dc0-93fd-4cdc-8bb6-c3fb0e79612a","value":{"id":"9abe5573-3184-401c-8bec-de0d8dd38529","nameRu":"Подарком"},"nameRu":"Способ получения"}],"subCategory":{"id":642,"name":"21 звезда"},"availability":99999974,"deliveryTime":{"to":{"unit":"MINUTES","value":5},"from":{"unit":"MINUTES","value":1}},"descriptions":{"rus":{"description":"⭐Вы получаете любой подарок за 25 звёзд на ваш выбор (Подарок или Розу)\n\nПроцесс выполнения:\n1️⃣ Оплачиваете заказ\n2️⃣ Пишите ваш юзернейм @username в чат и какой подарок вы хотите\n3️⃣ Я выполняю пополнение\n4️⃣ Проверяете → Подтверждаете\n\n⚠️ Важно: Проверьте правильность введённого @username. Ошибки могут привести к зачислению звёзд на другой аккаунт, и возврат средств будет невозможен.\n\nid: 21stars"}},"instantDelivery":false}},"dispute":null}]
01:57:08 - StarvellBot - INFO - ⬅️  42/chats,["chat_read",{"lastReadAt":"2026-03-02T22:57:09.544Z","chatId":"019c2109-ea20-da88-5085-3849eef57778"}]
01:57:08 - StarvellBot - INFO - ⬅️  42/chats,["chat_read",{"lastReadAt":"2026-03-02T22:57:09.567Z","chatId":"019c2109-ea20-da88-5085-3849eef57778"}]
01:57:08 - StarvellBot - INFO - ⬅️  42/chats,["message_created",{"id":"019cb0c5-0c26-6b06-d8f7-481c52ae8b48","content":"❌ К сожалению, ваш заказ был отменен и средства возвращены.\n\nЕсли у вас возникли вопросы, пожалуйста, свяжитесь с поддержкой.","type":"DEFAULT","metadata":null,"isHidden":false,"images":[],"authorId":139527,"buyerId":null,"sellerId":null,"adminId":null,"chatId":"019c2109-ea20-da88-5085-3849eef57778","visibleTo":null,"createdAt":"2026-03-02T22:57:09.670Z","updatedAt":"2026-03-02T22:57:09.670Z","author":{"id":139527,"username":"Bronto","roles":[]},"buyer":null,"seller":null,"admin":null,"order":null,"dispute":null}]
01:57:08 - StarvellBot - INFO - ⬅️  42/chats,["chat_read",{"lastReadAt":"2026-03-02T22:57:09.774Z","chatId":"019c2109-ea20-da88-5085-3849eef57778"}]
01:57:25 - StarvellBot - INFO - ⬅️  2
01:57:35 - StarvellBot.Fragment - INFO - Wallet balance: 1.104038 TON
01:57:36 - StarvellBot - INFO - Успешно парсили ордеры
01:57:36 - StarvellBot - ERROR - отсутствует категория демпинге
01:57:36 - StarvellBot - ERROR - отсутствует категория демпинге
01:57:36 - StarvellBot - ERROR - отсутствует категория демпинге
01:57:50 - StarvellBot - INFO - ⬅️  2
01:57:58 - aiogram.dispatcher - INFO - Polling stopped
