20:13:52 - StarvellBot - INFO - ✅ Логирование настроено
20:13:52 - StarvellBot - INFO - ============================================================
20:13:52 - StarvellBot - INFO - 🚀 StarvellBot Manager Starting...
20:13:52 - StarvellBot - INFO - ============================================================
20:13:52 - StarvellBot - INFO - 📋 Загрузка конфигурации...
20:13:52 - config_manager - INFO - ✅ Конфигурация загружена из config_data.json
20:13:53 - StarvellBot - INFO - 🚀 Запуск Telegram Manager...
20:13:53 - StarvellBot - INFO - 🤖 Инициализация StarvellBot...
20:13:53 - StarvellBot - INFO - ⚙️ Инициализация Service Manager...
20:13:53 - StarvellBot - INFO - ============================================================
20:13:53 - StarvellBot - INFO - ✅ Все компоненты инициализированы успешно!
20:13:53 - StarvellBot - INFO - ============================================================
20:13:53 - StarvellBot - INFO - 
20:13:53 - StarvellBot - INFO - 📱 Откройте Telegram бота для управления
20:13:53 - StarvellBot - INFO - 🎛️ Доступные команды:
20:13:53 - StarvellBot - INFO -    /start - начать работу
20:13:53 - StarvellBot - INFO -    /services - управление службами
20:13:53 - StarvellBot - INFO -    /config - редактирование настроек
20:13:53 - StarvellBot - INFO -    /status - статус служб
20:13:53 - StarvellBot - INFO -    /help - справка
20:13:53 - StarvellBot - INFO - 
20:13:53 - StarvellBot - INFO - ============================================================
20:13:53 - aiogram.dispatcher - INFO - Start polling
20:13:53 - aiogram.dispatcher - INFO - Run polling for bot @testzabwinobotsfadsgdsbot id=8298689795 - 'test'
20:13:53 - aiogram.event - INFO - Update id=826344846 is handled. Duration 227 ms by bot id=8298689795
20:13:55 - aiogram.event - INFO - Update id=826344847 is handled. Duration 168 ms by bot id=8298689795
20:13:55 - service_manager - INFO - ▶️ Запуск службы Orders Monitor...
20:13:55 - StarvellBot - INFO - 🟢 WebSocket connected
20:13:55 - StarvellBot - INFO - ✅ WebSocket готов, запускаем проверку заказов
20:13:55 - StarvellBot - INFO - ⬅️  0{"sid":"SopxG0dm4jSfG0oAAeKL","upgrades":[],"pingInterval":25000,"pingTimeout":20000,"maxPayload":1000000}
20:13:55 - StarvellBot - WARNING - ➡️  Connecting to namespace: /chats
20:13:55 - StarvellBot - WARNING - ➡️  Connecting to namespace: /user-notifications
20:13:55 - StarvellBot - WARNING - ➡️  Connecting to namespace: /orders
20:13:55 - StarvellBot - WARNING - ➡️  Connecting to namespace: /user-presence
20:13:55 - StarvellBot - WARNING - ➡️  Connecting to namespace: /online
20:13:56 - StarvellBot - INFO - ⬅️  40/chats,{"sid":"3zRbQZ_P5UbDdYTAAeKM"}
20:13:56 - StarvellBot - INFO - ⬅️  40/user-notifications,{"sid":"tsN-1y2Rao8XsIU8AeKN"}
20:13:56 - StarvellBot - INFO - ⬅️  40/orders,{"sid":"tIrUsHSpwx1tTCWyAeKO"}
20:13:56 - StarvellBot - INFO - ⬅️  40/user-presence,{"sid":"v2nsU52uNBVfCxphAeKP"}
20:13:56 - StarvellBot - INFO - ⬅️  40/online,{"sid":"tt33-4LhNaCHyGEIAeKQ"}
20:13:56 - service_manager - INFO - ✅ Служба Orders Monitor запущена
20:13:56 - aiogram.event - INFO - Update id=826344848 is handled. Duration 776 ms by bot id=8298689795
20:13:57 - aiogram.event - INFO - Update id=826344849 is handled. Duration 239 ms by bot id=8298689795
20:13:58 - aiogram.event - INFO - Update id=826344850 is handled. Duration 341 ms by bot id=8298689795
20:13:59 - service_manager - INFO - ▶️ Запуск службы Price Dumper...
20:13:59 - StarvellBot - INFO - ✅ WebSocket готов, запускаем автопонижение цен
20:13:59 - StarvellBot - INFO - 🔄 Проверяем цены...
20:13:59 - service_manager - INFO - ✅ Служба Price Dumper запущена
20:13:59 - StarvellBot - INFO - Успешно парсили ордеры
20:13:59 - StarvellBot - INFO - 📦 Найдено 2 наших предложений
20:13:59 - StarvellBot - ERROR - Отсутствует айди в описании предложения при демпинге
20:13:59 - StarvellBot - ERROR - Отсутствует айди в описании предложения при демпинге
20:13:59 - StarvellBot - ERROR - Отсутствует айди в описании предложения при демпинге
20:13:59 - StarvellBot - ERROR - Отсутствует айди в описании предложения при демпинге
20:13:59 - StarvellBot - ERROR - Отсутствует айди в описании предложения при демпинге
20:13:59 - StarvellBot - ERROR - Отсутствует айди в описании предложения при демпинге
20:13:59 - StarvellBot - ERROR - Отсутствует айди в описании предложения при демпинге
20:13:59 - StarvellBot - ERROR - Отсутствует айди в описании предложения при демпинге
20:13:59 - StarvellBot - ERROR - отсутствует категория демпинге
20:13:59 - StarvellBot - INFO - 📊 Обрабатываем предложение 181438: 85 звёзд по 101.3₽
20:13:59 - aiogram.event - INFO - Update id=826344851 is handled. Duration 716 ms by bot id=8298689795
20:14:00 - StarvellBot - INFO - 📊 Получено 10 предложений конкурентов
20:14:00 - StarvellBot - INFO -    advgifts: отфильтровали конкурентов по 85 звёзд → 3 шт.
20:14:00 - StarvellBot - INFO - 💰 Оптимизируем первое место: 101.3₽ → 116.9₽
20:14:00 - StarvellBot - INFO - ✅ Цена обновлена: 116.9₽ (ID: 181438)
20:14:01 - StarvellBot - ERROR - Отсутствует айди в описании предложения при демпинге
20:14:01 - StarvellBot - ERROR - Отсутствует айди в описании предложения при демпинге
20:14:01 - StarvellBot - ERROR - Отсутствует айди в описании предложения при демпинге
20:14:01 - StarvellBot - ERROR - Отсутствует айди в описании предложения при демпинге
20:14:01 - StarvellBot - INFO - ✅ Проверка цен завершена
20:14:20 - StarvellBot - INFO - ⬅️  2
20:14:31 - StarvellBot.Fragment - INFO - Wallet balance: 1.104038 TON
20:14:31 - StarvellBot - INFO - 🔄 Проверяем цены...
20:14:32 - StarvellBot - INFO - Успешно парсили ордеры
20:14:32 - StarvellBot - WARNING - ⚠️ Не удалось извлечь количество звёзд из 'Другое количество'
20:14:32 - StarvellBot - INFO - Успешно парсили ордеры
20:14:32 - StarvellBot - INFO - 📦 Найдено 2 наших предложений
20:14:32 - StarvellBot - ERROR - Отсутствует айди в описании предложения при демпинге
20:14:32 - StarvellBot - ERROR - Отсутствует айди в описании предложения при демпинге
20:14:32 - StarvellBot - ERROR - Отсутствует айди в описании предложения при демпинге
20:14:32 - StarvellBot - ERROR - Отсутствует айди в описании предложения при демпинге
20:14:32 - StarvellBot - ERROR - Отсутствует айди в описании предложения при демпинге
20:14:32 - StarvellBot - ERROR - Отсутствует айди в описании предложения при демпинге
20:14:32 - StarvellBot - ERROR - Отсутствует айди в описании предложения при демпинге
20:14:32 - StarvellBot - ERROR - Отсутствует айди в описании предложения при демпинге
20:14:32 - StarvellBot - ERROR - отсутствует категория демпинге
20:14:32 - StarvellBot - INFO - 📊 Обрабатываем предложение 181438: 85 звёзд по 116.9₽
20:14:32 - StarvellBot - INFO - 📊 Получено 10 предложений конкурентов
20:14:32 - StarvellBot - INFO -    advgifts: отфильтровали конкурентов по 85 звёзд → 3 шт.
20:14:32 - StarvellBot - ERROR - Отсутствует айди в описании предложения при демпинге
20:14:32 - StarvellBot - ERROR - Отсутствует айди в описании предложения при демпинге
20:14:32 - StarvellBot - ERROR - Отсутствует айди в описании предложения при демпинге
20:14:32 - StarvellBot - ERROR - Отсутствует айди в описании предложения при демпинге
20:14:32 - StarvellBot - INFO - ✅ Проверка цен завершена
20:14:46 - StarvellBot - INFO - ⬅️  2
20:15:02 - StarvellBot - INFO - 🔄 Проверяем цены...
20:15:03 - StarvellBot - INFO - Успешно парсили ордеры
20:15:03 - StarvellBot - INFO - 📦 Найдено 2 наших предложений
20:15:03 - StarvellBot - ERROR - Отсутствует айди в описании предложения при демпинге
20:15:03 - StarvellBot - ERROR - Отсутствует айди в описании предложения при демпинге
20:15:03 - StarvellBot - ERROR - Отсутствует айди в описании предложения при демпинге
20:15:03 - StarvellBot - ERROR - Отсутствует айди в описании предложения при демпинге
20:15:03 - StarvellBot - ERROR - Отсутствует айди в описании предложения при демпинге
20:15:03 - StarvellBot - ERROR - Отсутствует айди в описании предложения при демпинге
20:15:03 - StarvellBot - ERROR - Отсутствует айди в описании предложения при демпинге
20:15:03 - StarvellBot - ERROR - Отсутствует айди в описании предложения при демпинге
20:15:03 - StarvellBot - ERROR - отсутствует категория демпинге
20:15:03 - StarvellBot - INFO - 📊 Обрабатываем предложение 181438: 85 звёзд по 116.9₽
20:15:03 - StarvellBot - INFO - 📊 Получено 10 предложений конкурентов
20:15:03 - StarvellBot - INFO -    advgifts: отфильтровали конкурентов по 85 звёзд → 3 шт.
20:15:03 - StarvellBot - ERROR - Отсутствует айди в описании предложения при демпинге
20:15:03 - StarvellBot - ERROR - Отсутствует айди в описании предложения при демпинге
20:15:03 - StarvellBot - ERROR - Отсутствует айди в описании предложения при демпинге
20:15:03 - StarvellBot - ERROR - Отсутствует айди в описании предложения при демпинге
20:15:03 - StarvellBot - INFO - ✅ Проверка цен завершена
20:15:11 - StarvellBot - INFO - ⬅️  2
20:15:37 - StarvellBot - INFO - ⬅️  2
20:15:37 - StarvellBot - INFO - 🔄 Проверяем цены...
20:15:38 - StarvellBot.Fragment - INFO - Wallet balance: 1.104038 TON
20:15:38 - StarvellBot - INFO - Успешно парсили ордеры
20:15:38 - StarvellBot - INFO - 📦 Найдено 2 наших предложений
20:15:38 - StarvellBot - ERROR - Отсутствует айди в описании предложения при демпинге
20:15:38 - StarvellBot - ERROR - Отсутствует айди в описании предложения при демпинге
20:15:38 - StarvellBot - ERROR - Отсутствует айди в описании предложения при демпинге
20:15:38 - StarvellBot - ERROR - Отсутствует айди в описании предложения при демпинге
20:15:38 - StarvellBot - ERROR - Отсутствует айди в описании предложения при демпинге
20:15:38 - StarvellBot - ERROR - Отсутствует айди в описании предложения при демпинге
20:15:38 - StarvellBot - ERROR - Отсутствует айди в описании предложения при демпинге
20:15:38 - StarvellBot - ERROR - Отсутствует айди в описании предложения при демпинге
20:15:38 - StarvellBot - ERROR - отсутствует категория демпинге
20:15:38 - StarvellBot - INFO - 📊 Обрабатываем предложение 181438: 85 звёзд по 116.9₽
20:15:38 - StarvellBot - INFO - Успешно парсили ордеры
20:15:38 - StarvellBot - WARNING - ⚠️ Не удалось извлечь количество звёзд из 'Другое количество'
20:15:38 - StarvellBot - INFO - 📊 Получено 10 предложений конкурентов
20:15:38 - StarvellBot - INFO -    advgifts: отфильтровали конкурентов по 85 звёзд → 3 шт.
20:15:38 - StarvellBot - ERROR - Отсутствует айди в описании предложения при демпинге
20:15:38 - StarvellBot - ERROR - Отсутствует айди в описании предложения при демпинге
20:15:38 - StarvellBot - ERROR - Отсутствует айди в описании предложения при демпинге
20:15:38 - StarvellBot - ERROR - Отсутствует айди в описании предложения при демпинге
20:15:38 - StarvellBot - INFO - ✅ Проверка цен завершена
20:16:02 - StarvellBot - INFO - ⬅️  2
20:16:08 - StarvellBot - INFO - 🔄 Проверяем цены...
20:16:09 - StarvellBot - INFO - Успешно парсили ордеры
20:16:09 - StarvellBot - INFO - 📦 Найдено 2 наших предложений
20:16:09 - StarvellBot - ERROR - Отсутствует айди в описании предложения при демпинге
20:16:09 - StarvellBot - ERROR - Отсутствует айди в описании предложения при демпинге
20:16:09 - StarvellBot - ERROR - Отсутствует айди в описании предложения при демпинге
20:16:09 - StarvellBot - ERROR - Отсутствует айди в описании предложения при демпинге
20:16:09 - StarvellBot - ERROR - Отсутствует айди в описании предложения при демпинге
20:16:09 - StarvellBot - ERROR - Отсутствует айди в описании предложения при демпинге
20:16:09 - StarvellBot - ERROR - Отсутствует айди в описании предложения при демпинге
20:16:09 - StarvellBot - ERROR - Отсутствует айди в описании предложения при демпинге
20:16:09 - StarvellBot - ERROR - отсутствует категория демпинге
20:16:09 - StarvellBot - INFO - 📊 Обрабатываем предложение 181438: 85 звёзд по 116.9₽
20:16:09 - StarvellBot - INFO - 📊 Получено 10 предложений конкурентов
20:16:09 - StarvellBot - INFO -    advgifts: отфильтровали конкурентов по 85 звёзд → 3 шт.
20:16:09 - StarvellBot - ERROR - Отсутствует айди в описании предложения при демпинге
20:16:09 - StarvellBot - ERROR - Отсутствует айди в описании предложения при демпинге
20:16:09 - StarvellBot - ERROR - Отсутствует айди в описании предложения при демпинге
20:16:09 - StarvellBot - ERROR - Отсутствует айди в описании предложения при демпинге
20:16:09 - StarvellBot - INFO - ✅ Проверка цен завершена
20:16:28 - StarvellBot - INFO - ⬅️  2
20:16:44 - StarvellBot - INFO - 🔄 Проверяем цены...
20:16:44 - StarvellBot.Fragment - INFO - Wallet balance: 1.104038 TON
20:16:45 - StarvellBot - INFO - Успешно парсили ордеры
20:16:45 - StarvellBot - INFO - 📦 Найдено 2 наших предложений
20:16:45 - StarvellBot - ERROR - Отсутствует айди в описании предложения при демпинге
20:16:45 - StarvellBot - ERROR - Отсутствует айди в описании предложения при демпинге
20:16:45 - StarvellBot - ERROR - Отсутствует айди в описании предложения при демпинге
20:16:45 - StarvellBot - ERROR - Отсутствует айди в описании предложения при демпинге
20:16:45 - StarvellBot - ERROR - Отсутствует айди в описании предложения при демпинге
20:16:45 - StarvellBot - ERROR - Отсутствует айди в описании предложения при демпинге
20:16:45 - StarvellBot - ERROR - Отсутствует айди в описании предложения при демпинге
20:16:45 - StarvellBot - ERROR - Отсутствует айди в описании предложения при демпинге
20:16:45 - StarvellBot - ERROR - отсутствует категория демпинге
20:16:45 - StarvellBot - INFO - 📊 Обрабатываем предложение 181438: 85 звёзд по 116.9₽
20:16:45 - StarvellBot - INFO - 📊 Получено 10 предложений конкурентов
20:16:45 - StarvellBot - INFO -    advgifts: отфильтровали конкурентов по 85 звёзд → 3 шт.
20:16:45 - StarvellBot - ERROR - Отсутствует айди в описании предложения при демпинге
20:16:45 - StarvellBot - ERROR - Отсутствует айди в описании предложения при демпинге
20:16:45 - StarvellBot - ERROR - Отсутствует айди в описании предложения при демпинге
20:16:45 - StarvellBot - ERROR - Отсутствует айди в описании предложения при демпинге
20:16:45 - StarvellBot - INFO - ✅ Проверка цен завершена
20:16:46 - StarvellBot - INFO - Успешно парсили ордеры
20:16:46 - StarvellBot - WARNING - ⚠️ Не удалось извлечь количество звёзд из 'Другое количество'
20:16:53 - StarvellBot - INFO - ⬅️  2
20:17:15 - StarvellBot - INFO - 🔄 Проверяем цены...
20:17:16 - StarvellBot - INFO - Успешно парсили ордеры
20:17:16 - StarvellBot - INFO - 📦 Найдено 2 наших предложений
20:17:16 - StarvellBot - ERROR - Отсутствует айди в описании предложения при демпинге
20:17:16 - StarvellBot - ERROR - Отсутствует айди в описании предложения при демпинге
20:17:16 - StarvellBot - ERROR - Отсутствует айди в описании предложения при демпинге
20:17:16 - StarvellBot - ERROR - Отсутствует айди в описании предложения при демпинге
20:17:16 - StarvellBot - ERROR - Отсутствует айди в описании предложения при демпинге
20:17:16 - StarvellBot - ERROR - Отсутствует айди в описании предложения при демпинге
20:17:16 - StarvellBot - ERROR - Отсутствует айди в описании предложения при демпинге
20:17:16 - StarvellBot - ERROR - Отсутствует айди в описании предложения при демпинге
20:17:16 - StarvellBot - ERROR - отсутствует категория демпинге
20:17:16 - StarvellBot - INFO - 📊 Обрабатываем предложение 181438: 85 звёзд по 116.9₽
20:17:16 - StarvellBot - INFO - 📊 Получено 10 предложений конкурентов
20:17:16 - StarvellBot - INFO -    advgifts: отфильтровали конкурентов по 85 звёзд → 3 шт.
20:17:16 - StarvellBot - ERROR - Отсутствует айди в описании предложения при демпинге
20:17:16 - StarvellBot - ERROR - Отсутствует айди в описании предложения при демпинге
20:17:16 - StarvellBot - ERROR - Отсутствует айди в описании предложения при демпинге
20:17:16 - StarvellBot - ERROR - Отсутствует айди в описании предложения при демпинге
20:17:16 - StarvellBot - INFO - ✅ Проверка цен завершена
20:17:18 - StarvellBot - INFO - ⬅️  2
20:17:43 - StarvellBot - INFO - ⬅️  2
20:17:46 - StarvellBot - INFO - 🔄 Проверяем цены...
20:17:52 - StarvellBot.Fragment - INFO - Wallet balance: 1.104038 TON
20:17:52 - StarvellBot - INFO - Успешно парсили ордеры
20:17:52 - StarvellBot - INFO - 📦 Найдено 2 наших предложений
20:17:52 - StarvellBot - ERROR - Отсутствует айди в описании предложения при демпинге
20:17:52 - StarvellBot - ERROR - Отсутствует айди в описании предложения при демпинге
20:17:52 - StarvellBot - ERROR - Отсутствует айди в описании предложения при демпинге
20:17:52 - StarvellBot - ERROR - Отсутствует айди в описании предложения при демпинге
20:17:52 - StarvellBot - ERROR - Отсутствует айди в описании предложения при демпинге
20:17:52 - StarvellBot - ERROR - Отсутствует айди в описании предложения при демпинге
20:17:52 - StarvellBot - ERROR - Отсутствует айди в описании предложения при демпинге
20:17:52 - StarvellBot - ERROR - Отсутствует айди в описании предложения при демпинге
20:17:52 - StarvellBot - ERROR - отсутствует категория демпинге
20:17:52 - StarvellBot - INFO - 📊 Обрабатываем предложение 181438: 85 звёзд по 116.9₽
20:17:52 - StarvellBot - INFO - 📊 Получено 10 предложений конкурентов
20:17:52 - StarvellBot - INFO -    advgifts: отфильтровали конкурентов по 85 звёзд → 3 шт.
20:17:52 - StarvellBot - ERROR - Отсутствует айди в описании предложения при демпинге
20:17:52 - StarvellBot - ERROR - Отсутствует айди в описании предложения при демпинге
20:17:52 - StarvellBot - ERROR - Отсутствует айди в описании предложения при демпинге
20:17:52 - StarvellBot - ERROR - Отсутствует айди в описании предложения при демпинге
20:17:52 - StarvellBot - INFO - ✅ Проверка цен завершена
20:17:52 - StarvellBot - INFO - Успешно парсили ордеры
20:17:52 - StarvellBot - WARNING - ⚠️ Не удалось извлечь количество звёзд из 'Другое количество'
20:18:08 - StarvellBot - INFO - ⬅️  2
20:18:22 - StarvellBot - INFO - 🔄 Проверяем цены...
20:18:23 - StarvellBot - INFO - Успешно парсили ордеры
20:18:23 - StarvellBot - INFO - 📦 Найдено 2 наших предложений
20:18:23 - StarvellBot - ERROR - Отсутствует айди в описании предложения при демпинге
20:18:23 - StarvellBot - ERROR - Отсутствует айди в описании предложения при демпинге
20:18:23 - StarvellBot - ERROR - Отсутствует айди в описании предложения при демпинге
20:18:23 - StarvellBot - ERROR - Отсутствует айди в описании предложения при демпинге
20:18:23 - StarvellBot - ERROR - Отсутствует айди в описании предложения при демпинге
20:18:23 - StarvellBot - ERROR - Отсутствует айди в описании предложения при демпинге
20:18:23 - StarvellBot - ERROR - Отсутствует айди в описании предложения при демпинге
20:18:23 - StarvellBot - ERROR - Отсутствует айди в описании предложения при демпинге
20:18:23 - StarvellBot - ERROR - отсутствует категория демпинге
20:18:23 - StarvellBot - INFO - 📊 Обрабатываем предложение 181438: 85 звёзд по 116.9₽
20:18:23 - StarvellBot - INFO - 📊 Получено 10 предложений конкурентов
20:18:23 - StarvellBot - INFO -    advgifts: отфильтровали конкурентов по 85 звёзд → 3 шт.
20:18:23 - StarvellBot - ERROR - Отсутствует айди в описании предложения при демпинге
20:18:23 - StarvellBot - ERROR - Отсутствует айди в описании предложения при демпинге
20:18:23 - StarvellBot - ERROR - Отсутствует айди в описании предложения при демпинге
20:18:23 - StarvellBot - ERROR - Отсутствует айди в описании предложения при демпинге
20:18:23 - StarvellBot - INFO - ✅ Проверка цен завершена
20:18:33 - StarvellBot - INFO - ⬅️  2
20:18:59 - StarvellBot - INFO - ⬅️  2
20:18:59 - StarvellBot - INFO - 🔄 Проверяем цены...
20:18:59 - StarvellBot.Fragment - INFO - Wallet balance: 1.104038 TON
20:18:59 - StarvellBot - INFO - Успешно парсили ордеры
20:18:59 - StarvellBot - INFO - 📦 Найдено 2 наших предложений
20:18:59 - StarvellBot - ERROR - Отсутствует айди в описании предложения при демпинге
20:18:59 - StarvellBot - ERROR - Отсутствует айди в описании предложения при демпинге
20:18:59 - StarvellBot - ERROR - Отсутствует айди в описании предложения при демпинге
20:18:59 - StarvellBot - ERROR - Отсутствует айди в описании предложения при демпинге
20:18:59 - StarvellBot - ERROR - Отсутствует айди в описании предложения при демпинге
20:18:59 - StarvellBot - ERROR - Отсутствует айди в описании предложения при демпинге
20:18:59 - StarvellBot - ERROR - Отсутствует айди в описании предложения при демпинге
20:18:59 - StarvellBot - ERROR - Отсутствует айди в описании предложения при демпинге
20:18:59 - StarvellBot - ERROR - отсутствует категория демпинге
20:18:59 - StarvellBot - INFO - 📊 Обрабатываем предложение 181438: 85 звёзд по 116.9₽
20:19:00 - StarvellBot - INFO - Успешно парсили ордеры
20:19:00 - StarvellBot - WARNING - ⚠️ Не удалось извлечь количество звёзд из 'Другое количество'
20:19:00 - StarvellBot - INFO - 📊 Получено 10 предложений конкурентов
20:19:00 - StarvellBot - INFO -    advgifts: отфильтровали конкурентов по 85 звёзд → 3 шт.
20:19:00 - StarvellBot - ERROR - Отсутствует айди в описании предложения при демпинге
20:19:00 - StarvellBot - ERROR - Отсутствует айди в описании предложения при демпинге
20:19:00 - StarvellBot - ERROR - Отсутствует айди в описании предложения при демпинге
20:19:00 - StarvellBot - ERROR - Отсутствует айди в описании предложения при демпинге
20:19:00 - StarvellBot - INFO - ✅ Проверка цен завершена
20:19:24 - StarvellBot - INFO - ⬅️  2
20:19:30 - StarvellBot - INFO - 🔄 Проверяем цены...
20:19:30 - StarvellBot - INFO - Успешно парсили ордеры
20:19:30 - StarvellBot - INFO - 📦 Найдено 2 наших предложений
20:19:30 - StarvellBot - ERROR - Отсутствует айди в описании предложения при демпинге
20:19:30 - StarvellBot - ERROR - Отсутствует айди в описании предложения при демпинге
20:19:30 - StarvellBot - ERROR - Отсутствует айди в описании предложения при демпинге
20:19:30 - StarvellBot - ERROR - Отсутствует айди в описании предложения при демпинге
20:19:30 - StarvellBot - ERROR - Отсутствует айди в описании предложения при демпинге
20:19:30 - StarvellBot - ERROR - Отсутствует айди в описании предложения при демпинге
20:19:30 - StarvellBot - ERROR - Отсутствует айди в описании предложения при демпинге
20:19:30 - StarvellBot - ERROR - Отсутствует айди в описании предложения при демпинге
20:19:30 - StarvellBot - ERROR - отсутствует категория демпинге
20:19:30 - StarvellBot - INFO - 📊 Обрабатываем предложение 181438: 85 звёзд по 116.9₽
20:19:31 - StarvellBot - INFO - 📊 Получено 10 предложений конкурентов
20:19:31 - StarvellBot - INFO -    advgifts: отфильтровали конкурентов по 85 звёзд → 3 шт.
20:19:31 - StarvellBot - ERROR - Отсутствует айди в описании предложения при демпинге
20:19:31 - StarvellBot - ERROR - Отсутствует айди в описании предложения при демпинге
20:19:31 - StarvellBot - ERROR - Отсутствует айди в описании предложения при демпинге
20:19:31 - StarvellBot - ERROR - Отсутствует айди в описании предложения при демпинге
20:19:31 - StarvellBot - INFO - ✅ Проверка цен завершена
20:19:49 - StarvellBot - INFO - ⬅️  2
20:20:06 - StarvellBot - INFO - 🔄 Проверяем цены...
20:20:06 - StarvellBot.Fragment - INFO - Wallet balance: 1.104038 TON
20:20:07 - StarvellBot - INFO - Успешно парсили ордеры
20:20:07 - StarvellBot - INFO - 📦 Найдено 2 наших предложений
20:20:07 - StarvellBot - ERROR - Отсутствует айди в описании предложения при демпинге
20:20:07 - StarvellBot - ERROR - Отсутствует айди в описании предложения при демпинге
20:20:07 - StarvellBot - ERROR - Отсутствует айди в описании предложения при демпинге
20:20:07 - StarvellBot - ERROR - Отсутствует айди в описании предложения при демпинге
20:20:07 - StarvellBot - ERROR - Отсутствует айди в описании предложения при демпинге
20:20:07 - StarvellBot - ERROR - Отсутствует айди в описании предложения при демпинге
20:20:07 - StarvellBot - ERROR - Отсутствует айди в описании предложения при демпинге
20:20:07 - StarvellBot - ERROR - Отсутствует айди в описании предложения при демпинге
20:20:07 - StarvellBot - ERROR - отсутствует категория демпинге
20:20:07 - StarvellBot - INFO - 📊 Обрабатываем предложение 181438: 85 звёзд по 116.9₽
20:20:07 - StarvellBot - INFO - Успешно парсили ордеры
20:20:07 - StarvellBot - WARNING - ⚠️ Не удалось извлечь количество звёзд из 'Другое количество'
20:20:07 - StarvellBot - INFO - 📊 Получено 10 предложений конкурентов
20:20:07 - StarvellBot - INFO -    advgifts: отфильтровали конкурентов по 85 звёзд → 3 шт.
20:20:07 - StarvellBot - ERROR - Отсутствует айди в описании предложения при демпинге
20:20:07 - StarvellBot - ERROR - Отсутствует айди в описании предложения при демпинге
20:20:07 - StarvellBot - ERROR - Отсутствует айди в описании предложения при демпинге
20:20:07 - StarvellBot - ERROR - Отсутствует айди в описании предложения при демпинге
20:20:07 - StarvellBot - INFO - ✅ Проверка цен завершена
20:20:14 - StarvellBot - INFO - ⬅️  2
20:20:37 - StarvellBot - INFO - 🔄 Проверяем цены...
20:20:38 - StarvellBot - INFO - Успешно парсили ордеры
20:20:38 - StarvellBot - INFO - 📦 Найдено 2 наших предложений
20:20:38 - StarvellBot - ERROR - Отсутствует айди в описании предложения при демпинге
20:20:38 - StarvellBot - ERROR - Отсутствует айди в описании предложения при демпинге
20:20:38 - StarvellBot - ERROR - Отсутствует айди в описании предложения при демпинге
20:20:38 - StarvellBot - ERROR - Отсутствует айди в описании предложения при демпинге
20:20:38 - StarvellBot - ERROR - Отсутствует айди в описании предложения при демпинге
20:20:38 - StarvellBot - ERROR - Отсутствует айди в описании предложения при демпинге
20:20:38 - StarvellBot - ERROR - Отсутствует айди в описании предложения при демпинге
20:20:38 - StarvellBot - ERROR - Отсутствует айди в описании предложения при демпинге
20:20:38 - StarvellBot - ERROR - отсутствует категория демпинге
20:20:38 - StarvellBot - INFO - 📊 Обрабатываем предложение 181438: 85 звёзд по 116.9₽
20:20:38 - StarvellBot - INFO - 📊 Получено 10 предложений конкурентов
20:20:38 - StarvellBot - INFO -    advgifts: отфильтровали конкурентов по 85 звёзд → 3 шт.
20:20:38 - StarvellBot - ERROR - Отсутствует айди в описании предложения при демпинге
20:20:38 - StarvellBot - ERROR - Отсутствует айди в описании предложения при демпинге
20:20:38 - StarvellBot - ERROR - Отсутствует айди в описании предложения при демпинге
20:20:38 - StarvellBot - ERROR - Отсутствует айди в описании предложения при демпинге
20:20:38 - StarvellBot - INFO - ✅ Проверка цен завершена
20:20:39 - StarvellBot - INFO - ⬅️  2
20:21:04 - StarvellBot - INFO - ⬅️  2
20:21:12 - StarvellBot - INFO - 🔄 Проверяем цены...
20:21:12 - StarvellBot.Fragment - INFO - Wallet balance: 1.104038 TON
20:21:13 - StarvellBot - INFO - Успешно парсили ордеры
20:21:13 - StarvellBot - INFO - 📦 Найдено 2 наших предложений
20:21:13 - StarvellBot - ERROR - Отсутствует айди в описании предложения при демпинге
20:21:13 - StarvellBot - ERROR - Отсутствует айди в описании предложения при демпинге
20:21:13 - StarvellBot - ERROR - Отсутствует айди в описании предложения при демпинге
20:21:13 - StarvellBot - ERROR - Отсутствует айди в описании предложения при демпинге
20:21:13 - StarvellBot - ERROR - Отсутствует айди в описании предложения при демпинге
20:21:13 - StarvellBot - ERROR - Отсутствует айди в описании предложения при демпинге
20:21:13 - StarvellBot - ERROR - Отсутствует айди в описании предложения при демпинге
20:21:13 - StarvellBot - ERROR - Отсутствует айди в описании предложения при демпинге
20:21:13 - StarvellBot - ERROR - отсутствует категория демпинге
20:21:13 - StarvellBot - INFO - 📊 Обрабатываем предложение 181438: 85 звёзд по 116.9₽
20:21:13 - StarvellBot - INFO - Успешно парсили ордеры
20:21:13 - StarvellBot - WARNING - ⚠️ Не удалось извлечь количество звёзд из 'Другое количество'
20:21:13 - StarvellBot - INFO - 📊 Получено 10 предложений конкурентов
20:21:13 - StarvellBot - INFO -    advgifts: отфильтровали конкурентов по 85 звёзд → 3 шт.
20:21:13 - StarvellBot - ERROR - Отсутствует айди в описании предложения при демпинге
20:21:13 - StarvellBot - ERROR - Отсутствует айди в описании предложения при демпинге
20:21:13 - StarvellBot - ERROR - Отсутствует айди в описании предложения при демпинге
20:21:13 - StarvellBot - ERROR - Отсутствует айди в описании предложения при демпинге
20:21:13 - StarvellBot - INFO - ✅ Проверка цен завершена
20:21:29 - StarvellBot - INFO - ⬅️  2
20:21:43 - StarvellBot - INFO - 🔄 Проверяем цены...
20:21:44 - StarvellBot - INFO - Успешно парсили ордеры
20:21:44 - StarvellBot - INFO - 📦 Найдено 2 наших предложений
20:21:44 - StarvellBot - ERROR - Отсутствует айди в описании предложения при демпинге
20:21:44 - StarvellBot - ERROR - Отсутствует айди в описании предложения при демпинге
20:21:44 - StarvellBot - ERROR - Отсутствует айди в описании предложения при демпинге
20:21:44 - StarvellBot - ERROR - Отсутствует айди в описании предложения при демпинге
20:21:44 - StarvellBot - ERROR - Отсутствует айди в описании предложения при демпинге
20:21:44 - StarvellBot - ERROR - Отсутствует айди в описании предложения при демпинге
20:21:44 - StarvellBot - ERROR - Отсутствует айди в описании предложения при демпинге
20:21:44 - StarvellBot - ERROR - Отсутствует айди в описании предложения при демпинге
20:21:44 - StarvellBot - ERROR - отсутствует категория демпинге
20:21:44 - StarvellBot - INFO - 📊 Обрабатываем предложение 181438: 85 звёзд по 116.9₽
20:21:44 - StarvellBot - INFO - 📊 Получено 10 предложений конкурентов
20:21:44 - StarvellBot - INFO -    advgifts: отфильтровали конкурентов по 85 звёзд → 3 шт.
20:21:44 - StarvellBot - ERROR - Отсутствует айди в описании предложения при демпинге
20:21:44 - StarvellBot - ERROR - Отсутствует айди в описании предложения при демпинге
20:21:44 - StarvellBot - ERROR - Отсутствует айди в описании предложения при демпинге
20:21:44 - StarvellBot - ERROR - Отсутствует айди в описании предложения при демпинге
20:21:44 - StarvellBot - INFO - ✅ Проверка цен завершена
20:21:54 - StarvellBot - INFO - ⬅️  2
20:22:18 - StarvellBot - INFO - 🔄 Проверяем цены...
20:22:18 - StarvellBot.Fragment - INFO - Wallet balance: 1.104038 TON
20:22:19 - StarvellBot - INFO - Успешно парсили ордеры
20:22:19 - StarvellBot - INFO - 📦 Найдено 2 наших предложений
20:22:19 - StarvellBot - ERROR - Отсутствует айди в описании предложения при демпинге
20:22:19 - StarvellBot - ERROR - Отсутствует айди в описании предложения при демпинге
20:22:19 - StarvellBot - ERROR - Отсутствует айди в описании предложения при демпинге
20:22:19 - StarvellBot - ERROR - Отсутствует айди в описании предложения при демпинге
20:22:19 - StarvellBot - ERROR - Отсутствует айди в описании предложения при демпинге
20:22:19 - StarvellBot - ERROR - Отсутствует айди в описании предложения при демпинге
20:22:19 - StarvellBot - ERROR - Отсутствует айди в описании предложения при демпинге
20:22:19 - StarvellBot - ERROR - Отсутствует айди в описании предложения при демпинге
20:22:19 - StarvellBot - ERROR - отсутствует категория демпинге
20:22:19 - StarvellBot - INFO - 📊 Обрабатываем предложение 181438: 85 звёзд по 116.9₽
20:22:19 - StarvellBot - INFO - Успешно парсили ордеры
20:22:19 - StarvellBot - WARNING - ⚠️ Не удалось извлечь количество звёзд из 'Другое количество'
20:22:19 - StarvellBot - INFO - 📊 Получено 10 предложений конкурентов
20:22:19 - StarvellBot - INFO -    advgifts: отфильтровали конкурентов по 85 звёзд → 3 шт.
20:22:19 - StarvellBot - ERROR - Отсутствует айди в описании предложения при демпинге
20:22:19 - StarvellBot - ERROR - Отсутствует айди в описании предложения при демпинге
20:22:19 - StarvellBot - ERROR - Отсутствует айди в описании предложения при демпинге
20:22:19 - StarvellBot - ERROR - Отсутствует айди в описании предложения при демпинге
20:22:19 - StarvellBot - INFO - ✅ Проверка цен завершена
20:22:20 - StarvellBot - INFO - ⬅️  2
20:22:45 - StarvellBot - INFO - ⬅️  2
20:22:49 - StarvellBot - INFO - 🔄 Проверяем цены...
20:22:50 - StarvellBot - INFO - Успешно парсили ордеры
20:22:50 - StarvellBot - INFO - 📦 Найдено 2 наших предложений
20:22:50 - StarvellBot - ERROR - Отсутствует айди в описании предложения при демпинге
20:22:50 - StarvellBot - ERROR - Отсутствует айди в описании предложения при демпинге
20:22:50 - StarvellBot - ERROR - Отсутствует айди в описании предложения при демпинге
20:22:50 - StarvellBot - ERROR - Отсутствует айди в описании предложения при демпинге
20:22:50 - StarvellBot - ERROR - Отсутствует айди в описании предложения при демпинге
20:22:50 - StarvellBot - ERROR - Отсутствует айди в описании предложения при демпинге
20:22:50 - StarvellBot - ERROR - Отсутствует айди в описании предложения при демпинге
20:22:50 - StarvellBot - ERROR - Отсутствует айди в описании предложения при демпинге
20:22:50 - StarvellBot - ERROR - отсутствует категория демпинге
20:22:50 - StarvellBot - INFO - 📊 Обрабатываем предложение 181438: 85 звёзд по 116.9₽
20:22:51 - StarvellBot - INFO - 📊 Получено 10 предложений конкурентов
20:22:51 - StarvellBot - INFO -    advgifts: отфильтровали конкурентов по 85 звёзд → 3 шт.
20:22:51 - StarvellBot - ERROR - Отсутствует айди в описании предложения при демпинге
20:22:51 - StarvellBot - ERROR - Отсутствует айди в описании предложения при демпинге
20:22:51 - StarvellBot - ERROR - Отсутствует айди в описании предложения при демпинге
20:22:51 - StarvellBot - ERROR - Отсутствует айди в описании предложения при демпинге
20:22:51 - StarvellBot - INFO - ✅ Проверка цен завершена
20:23:05 - aiogram.dispatcher - INFO - Polling stopped
