16:31:46 - StarvellBot - INFO - ✅ Логирование настроено
16:31:46 - StarvellBot - INFO - ============================================================
16:31:46 - StarvellBot - INFO - 🚀 StarvellBot Manager Starting...
16:31:46 - StarvellBot - INFO - ============================================================
16:31:46 - StarvellBot - INFO - 📋 Загрузка конфигурации...
16:31:46 - config_manager - INFO - ✅ Конфигурация загружена из config_data.json
16:31:48 - pyrogram.crypto.aes - WARNING - TgCrypto is missing! Pyrogram will work the same, but at a much slower speed. More info: https://docs.pyrogram.org/topics/speedups
16:31:49 - StarvellBot - INFO - 🚀 Запуск Telegram Manager...
16:31:49 - StarvellBot - INFO - 🤖 Инициализация StarvellBot...
16:31:49 - StarvellBot - INFO - ⚙️ Инициализация Service Manager...
16:31:49 - StarvellBot - INFO - ============================================================
16:31:49 - StarvellBot - INFO - ✅ Все компоненты инициализированы успешно!
16:31:49 - StarvellBot - INFO - ============================================================
16:31:49 - StarvellBot - INFO - 
16:31:49 - StarvellBot - INFO - 📱 Откройте Telegram бота для управления
16:31:49 - StarvellBot - INFO - 🎛️ Доступные команды:
16:31:49 - StarvellBot - INFO -    /start - начать работу
16:31:49 - StarvellBot - INFO -    /services - управление службами
16:31:49 - StarvellBot - INFO -    /config - редактирование настроек
16:31:49 - StarvellBot - INFO -    /status - статус служб
16:31:49 - StarvellBot - INFO -    /help - справка
16:31:49 - StarvellBot - INFO - 
16:31:49 - StarvellBot - INFO - ============================================================
16:31:49 - aiogram.dispatcher - INFO - Start polling
16:31:49 - pyrogram.session.auth - INFO - Start creating a new auth key on DC2
16:31:49 - pyrogram.connection.connection - INFO - Connecting...
16:31:49 - pyrogram.connection.connection - INFO - Connected! Production DC2 - IPv4
16:31:49 - aiogram.dispatcher - INFO - Run polling for bot @testzabwinobotsfadsgdsbot id=8298689795 - 'test'
16:31:49 - aiogram.event - INFO - Update id=826343923 is handled. Duration 269 ms by bot id=8298689795
16:31:49 - aiogram.event - INFO - Update id=826343924 is handled. Duration 292 ms by bot id=8298689795
16:31:50 - aiogram.event - INFO - Update id=826343925 is handled. Duration 193 ms by bot id=8298689795
16:31:50 - pyrogram.session.auth - INFO - Done auth key exchange: DhGenOk
16:31:50 - pyrogram.connection.connection - INFO - Disconnected
16:31:50 - pyrogram.connection.connection - INFO - Connecting...
16:31:50 - pyrogram.connection.connection - INFO - Connected! Production DC2 - IPv4
16:31:50 - pyrogram.session.session - INFO - NetworkTask started
16:31:50 - pyrogram.client - INFO - Time synced: 2026-02-27 16:31:51.664006
16:31:51 - pyrogram.session.session - INFO - Session initialized: Pyrogram v2.2.19 (Layer 222)
16:31:51 - pyrogram.session.session - INFO - Device: CPython 3.13.5 - Pyrogram 2.2.19
16:31:51 - pyrogram.session.session - INFO - System: Windows 10 (en)
16:31:51 - pyrogram.session.session - INFO - Session started
16:31:51 - pyrogram.session.session - INFO - PingTask started
16:31:51 - aiogram.event - INFO - Update id=826343926 is handled. Duration 156 ms by bot id=8298689795
16:31:55 - aiogram.event - INFO - Update id=826343927 is handled. Duration 180 ms by bot id=8298689795
16:32:06 - config_manager - INFO - ✅ Конфигурация сохранена в config_data.json
16:32:06 - aiogram.event - INFO - Update id=826343928 is handled. Duration 307 ms by bot id=8298689795
16:32:19 - config_manager - INFO - ✅ Конфигурация сохранена в config_data.json
16:32:19 - aiogram.event - INFO - Update id=826343929 is handled. Duration 182 ms by bot id=8298689795
16:33:29 - config_manager - INFO - ✅ Конфигурация сохранена в config_data.json
16:33:29 - aiogram.event - INFO - Update id=826343930 is handled. Duration 180 ms by bot id=8298689795
16:33:44 - config_manager - INFO - ✅ Конфигурация сохранена в config_data.json
16:33:44 - aiogram.event - INFO - Update id=826343931 is handled. Duration 299 ms by bot id=8298689795
16:34:11 - aiogram.event - INFO - Update id=826343932 is handled. Duration 214 ms by bot id=8298689795
16:34:43 - aiogram.event - INFO - Update id=826343933 is handled. Duration 202 ms by bot id=8298689795
16:34:46 - aiogram.event - INFO - Update id=826343934 is handled. Duration 197 ms by bot id=8298689795
16:34:52 - config_manager - INFO - ✅ Конфигурация сохранена в config_data.json
16:34:52 - aiogram.event - INFO - Update id=826343935 is handled. Duration 188 ms by bot id=8298689795
16:35:07 - config_manager - INFO - ✅ Конфигурация сохранена в config_data.json
16:35:07 - aiogram.event - INFO - Update id=826343936 is handled. Duration 170 ms by bot id=8298689795
16:35:11 - aiogram.event - INFO - Update id=826343937 is handled. Duration 205 ms by bot id=8298689795
16:35:24 - config_manager - INFO - ✅ Конфигурация сохранена в config_data.json
16:35:25 - aiogram.event - INFO - Update id=826343938 is handled. Duration 175 ms by bot id=8298689795
16:35:32 - config_manager - INFO - ✅ Конфигурация сохранена в config_data.json
16:35:32 - aiogram.event - INFO - Update id=826343939 is handled. Duration 446 ms by bot id=8298689795
16:35:37 - aiogram.event - INFO - Update id=826343940 is handled. Duration 151 ms by bot id=8298689795
16:35:40 - aiogram.event - INFO - Update id=826343941 is handled. Duration 183 ms by bot id=8298689795
16:37:44 - aiogram.event - INFO - Update id=826343942 is handled. Duration 151 ms by bot id=8298689795
16:37:51 - aiogram.event - INFO - Update id=826343943 is handled. Duration 156 ms by bot id=8298689795
16:38:02 - aiogram.event - INFO - Update id=826343944 is handled. Duration 177 ms by bot id=8298689795
16:38:22 - aiogram.event - INFO - Update id=826343945 is handled. Duration 267 ms by bot id=8298689795
16:40:56 - aiogram.dispatcher - INFO - Polling stopped
16:40:56 - pyrogram.session.session - INFO - PingTask stopped
16:40:56 - pyrogram.session.session - INFO - NetworkTask stopped
16:40:56 - pyrogram.connection.connection - INFO - Disconnected
16:40:56 - pyrogram.session.session - INFO - Session stopped
16:40:56 - asyncio - ERROR - Task exception was never retrieved
future: <Task finished name='Task-2' coro=<StarsAPIGiver.init_sessions() done, defined at C:\Users\ezhik\PycharmProjects\PythonProject5\stars_api_giver.py:23> exception=UnicodeDecodeError('utf-8', b'\xff', 0, 1, 'invalid start byte')>
Traceback (most recent call last):
  File "C:\Users\ezhik\PycharmProjects\PythonProject5\stars_api_giver.py", line 27, in init_sessions
    self.balances[session] = await self.get_star_balance(session)
                             ^^^^^^^^^^^^^^^^^^^^^^^^^^^^^^^^^^^^
  File "C:\Users\ezhik\PycharmProjects\PythonProject5\stars_api_giver.py", line 31, in get_star_balance
    async with Client(session, self.api_id, self.api_hash) as app:
               ~~~~~~^^^^^^^^^^^^^^^^^^^^^^^^^^^^^^^^^^^^^
  File "C:\Users\ezhik\PycharmProjects\PythonProject5\.venv\Lib\site-packages\pyrogram\client.py", line 441, in __aenter__
    return await self.start()
           ^^^^^^^^^^^^^^^^^^
  File "C:\Users\ezhik\PycharmProjects\PythonProject5\.venv\Lib\site-packages\pyrogram\methods\utilities\start.py", line 89, in start
    await self.authorize()
  File "C:\Users\ezhik\PycharmProjects\PythonProject5\.venv\Lib\site-packages\pyrogram\client.py", line 474, in authorize
    value = await ainput("Enter phone number or bot token: ", loop=self.loop)
            ^^^^^^^^^^^^^^^^^^^^^^^^^^^^^^^^^^^^^^^^^^^^^^^^^^^^^^^^^^^^^^^^^
  File "C:\Users\ezhik\PycharmProjects\PythonProject5\.venv\Lib\site-packages\pyrogram\utils.py", line 57, in ainput
    return await loop.run_in_executor(executor, func)
           ^^^^^^^^^^^^^^^^^^^^^^^^^^^^^^^^^^^^^^^^^^
  File "C:\Users\ezhik\AppData\Local\Programs\Python\Python313\Lib\concurrent\futures\thread.py", line 59, in run
    result = self.fn(*self.args, **self.kwargs)
  File "<frozen codecs>", line 325, in decode
UnicodeDecodeError: 'utf-8' codec can't decode byte 0xff in position 0: invalid start byte
