11:07:46 - StarvellBot - INFO - ✅ Логирование настроено
11:07:46 - StarvellBot - INFO - ============================================================
11:07:46 - StarvellBot - INFO - 🚀 StarvellBot Manager Starting...
11:07:46 - StarvellBot - INFO - ============================================================
11:07:46 - StarvellBot - INFO - 📋 Загрузка конфигурации...
11:07:46 - config_manager - INFO - ✅ Конфигурация загружена из config_data.json
11:07:48 - StarvellBot - INFO - 🚀 Запуск Telegram Manager...
11:07:48 - StarvellBot - INFO - 🤖 Инициализация StarvellBot...
11:07:48 - StarvellBot - INFO - ⚙️ Инициализация Service Manager...
11:07:48 - StarvellBot - INFO - ============================================================
11:07:48 - StarvellBot - INFO - ✅ Все компоненты инициализированы успешно!
11:07:48 - StarvellBot - INFO - ============================================================
11:07:48 - StarvellBot - INFO - 
11:07:48 - StarvellBot - INFO - 📱 Откройте Telegram бота для управления
11:07:48 - StarvellBot - INFO - 🎛️ Доступные команды:
11:07:48 - StarvellBot - INFO -    /start - начать работу
11:07:48 - StarvellBot - INFO -    /services - управление службами
11:07:48 - StarvellBot - INFO -    /config - редактирование настроек
11:07:48 - StarvellBot - INFO -    /status - статус служб
11:07:48 - StarvellBot - INFO -    /help - справка
11:07:48 - StarvellBot - INFO - 
11:07:48 - StarvellBot - INFO - ============================================================
11:07:48 - aiogram.dispatcher - INFO - Start polling
11:07:48 - pyrogram.session.auth - INFO - Start creating a new auth key on DC2
11:07:48 - pyrogram.connection.connection - INFO - Connecting...
11:07:48 - pyrogram.connection.connection - INFO - Connected! Production DC2 - IPv4
11:07:48 - aiogram.dispatcher - INFO - Run polling for bot @testzabwinobotsfadsgdsbot id=8298689795 - 'test'
11:07:48 - aiogram.event - INFO - Update id=826344238 is handled. Duration 283 ms by bot id=8298689795
11:07:49 - pyrogram.session.auth - INFO - Done auth key exchange: DhGenOk
11:07:49 - pyrogram.connection.connection - INFO - Disconnected
11:07:49 - pyrogram.connection.connection - INFO - Connecting...
11:07:49 - pyrogram.connection.connection - INFO - Connected! Production DC2 - IPv4
11:07:49 - pyrogram.session.session - INFO - NetworkTask started
11:07:49 - pyrogram.client - INFO - Time synced: 2026-02-28 11:07:50.382080
11:07:49 - pyrogram.session.session - INFO - Session initialized: Pyrogram v2.2.19 (Layer 222)
11:07:49 - pyrogram.session.session - INFO - Device: CPython 3.13.5 - Pyrogram 2.2.19
11:07:49 - pyrogram.session.session - INFO - System: Windows 10 (en)
11:07:49 - pyrogram.session.session - INFO - Session started
11:07:49 - pyrogram.session.session - INFO - PingTask started
11:08:03 - aiogram.event - INFO - Update id=826344239 is handled. Duration 334 ms by bot id=8298689795
11:08:04 - config_manager - INFO - ✅ Конфигурация сохранена в config_data.json
11:08:04 - aiogram.event - INFO - Update id=826344240 is handled. Duration 152 ms by bot id=8298689795
11:08:05 - aiogram.event - INFO - Update id=826344241 is handled. Duration 201 ms by bot id=8298689795
11:08:06 - aiogram.event - INFO - Update id=826344242 is handled. Duration 307 ms by bot id=8298689795
11:08:11 - config_manager - INFO - ✅ Конфигурация сохранена в config_data.json
11:08:11 - aiogram.event - INFO - Update id=826344243 is handled. Duration 188 ms by bot id=8298689795
11:08:21 - config_manager - INFO - ✅ Конфигурация сохранена в config_data.json
11:08:21 - aiogram.event - INFO - Update id=826344244 is handled. Duration 232 ms by bot id=8298689795
11:08:23 - aiogram.event - INFO - Update id=826344245 is handled. Duration 161 ms by bot id=8298689795
11:08:25 - config_manager - INFO - ✅ Конфигурация сохранена в config_data.json
11:08:25 - aiogram.event - INFO - Update id=826344246 is handled. Duration 214 ms by bot id=8298689795
11:08:31 - aiogram.event - INFO - Update id=826344247 is not handled. Duration 0 ms by bot id=8298689795
11:08:31 - aiogram.event - ERROR - Cause exception while process update id=826344247 by bot id=8298689795
UnboundLocalError: cannot access local variable 're' where it is not associated with a value
Traceback (most recent call last):
  File "C:\Users\ezhik\PycharmProjects\PythonProject5\.venv\Lib\site-packages\aiogram\dispatcher\dispatcher.py", line 320, in _process_update
    response = await self.feed_update(bot, update, **kwargs)
               ^^^^^^^^^^^^^^^^^^^^^^^^^^^^^^^^^^^^^^^^^^^^^
  File "C:\Users\ezhik\PycharmProjects\PythonProject5\.venv\Lib\site-packages\aiogram\dispatcher\dispatcher.py", line 164, in feed_update
    response = await self.update.wrap_outer_middleware(
               ^^^^^^^^^^^^^^^^^^^^^^^^^^^^^^^^^^^^^^^^
    ...<7 lines>...
    )
    ^
  File "C:\Users\ezhik\PycharmProjects\PythonProject5\.venv\Lib\site-packages\aiogram\dispatcher\middlewares\error.py", line 27, in __call__
    return await handler(event, data)
           ^^^^^^^^^^^^^^^^^^^^^^^^^^
  File "C:\Users\ezhik\PycharmProjects\PythonProject5\.venv\Lib\site-packages\aiogram\dispatcher\middlewares\user_context.py", line 58, in __call__
    return await handler(event, data)
           ^^^^^^^^^^^^^^^^^^^^^^^^^^
  File "C:\Users\ezhik\PycharmProjects\PythonProject5\.venv\Lib\site-packages\aiogram\fsm\middleware.py", line 43, in __call__
    return await handler(event, data)
           ^^^^^^^^^^^^^^^^^^^^^^^^^^
  File "C:\Users\ezhik\PycharmProjects\PythonProject5\.venv\Lib\site-packages\aiogram\dispatcher\event\telegram.py", line 126, in trigger
    return await wrapped_inner(event, kwargs)
           ^^^^^^^^^^^^^^^^^^^^^^^^^^^^^^^^^^
  File "C:\Users\ezhik\PycharmProjects\PythonProject5\.venv\Lib\site-packages\aiogram\dispatcher\event\handler.py", line 71, in call
    return await wrapped()
           ^^^^^^^^^^^^^^^
  File "C:\Users\ezhik\PycharmProjects\PythonProject5\.venv\Lib\site-packages\aiogram\dispatcher\dispatcher.py", line 283, in _listen_update
    return await self.propagate_event(update_type=update_type, event=event, **kwargs)
           ^^^^^^^^^^^^^^^^^^^^^^^^^^^^^^^^^^^^^^^^^^^^^^^^^^^^^^^^^^^^^^^^^^^^^^^^^^
  File "C:\Users\ezhik\PycharmProjects\PythonProject5\.venv\Lib\site-packages\aiogram\dispatcher\router.py", line 161, in propagate_event
    return await observer.wrap_outer_middleware(_wrapped, event=event, data=kwargs)
           ^^^^^^^^^^^^^^^^^^^^^^^^^^^^^^^^^^^^^^^^^^^^^^^^^^^^^^^^^^^^^^^^^^^^^^^^
  File "C:\Users\ezhik\PycharmProjects\PythonProject5\.venv\Lib\site-packages\aiogram\dispatcher\router.py", line 153, in _wrapped
    return await self._propagate_event(
           ^^^^^^^^^^^^^^^^^^^^^^^^^^^^
    ...<4 lines>...
    )
    ^
  File "C:\Users\ezhik\PycharmProjects\PythonProject5\.venv\Lib\site-packages\aiogram\dispatcher\router.py", line 189, in _propagate_event
    response = await router.propagate_event(update_type=update_type, event=event, **kwargs)
               ^^^^^^^^^^^^^^^^^^^^^^^^^^^^^^^^^^^^^^^^^^^^^^^^^^^^^^^^^^^^^^^^^^^^^^^^^^^^
  File "C:\Users\ezhik\PycharmProjects\PythonProject5\.venv\Lib\site-packages\aiogram\dispatcher\router.py", line 161, in propagate_event
    return await observer.wrap_outer_middleware(_wrapped, event=event, data=kwargs)
           ^^^^^^^^^^^^^^^^^^^^^^^^^^^^^^^^^^^^^^^^^^^^^^^^^^^^^^^^^^^^^^^^^^^^^^^^
  File "C:\Users\ezhik\PycharmProjects\PythonProject5\.venv\Lib\site-packages\aiogram\dispatcher\router.py", line 153, in _wrapped
    return await self._propagate_event(
           ^^^^^^^^^^^^^^^^^^^^^^^^^^^^
    ...<4 lines>...
    )
    ^
  File "C:\Users\ezhik\PycharmProjects\PythonProject5\.venv\Lib\site-packages\aiogram\dispatcher\router.py", line 181, in _propagate_event
    response = await observer.trigger(event, **kwargs)
               ^^^^^^^^^^^^^^^^^^^^^^^^^^^^^^^^^^^^^^^
  File "C:\Users\ezhik\PycharmProjects\PythonProject5\.venv\Lib\site-packages\aiogram\dispatcher\event\telegram.py", line 126, in trigger
    return await wrapped_inner(event, kwargs)
           ^^^^^^^^^^^^^^^^^^^^^^^^^^^^^^^^^^
  File "C:\Users\ezhik\PycharmProjects\PythonProject5\.venv\Lib\site-packages\aiogram\dispatcher\event\handler.py", line 71, in call
    return await wrapped()
           ^^^^^^^^^^^^^^^
  File "C:\Users\ezhik\PycharmProjects\PythonProject5\telegram_manager.py", line 609, in process_config_value_advanced_message
    result, ok = process_add_msg(keys, field, raw_value, pos=pos)
                 ~~~~~~~~~~~~~~~^^^^^^^^^^^^^^^^^^^^^^^^^^^^^^^^^
  File "C:\Users\ezhik\PycharmProjects\PythonProject5\telegram_manager.py", line 257, in process_add_msg
    ok, result = cc.edit_dict(cur, key_type, fields_types[field], value)
                 ~~~~~~~~~~~~^^^^^^^^^^^^^^^^^^^^^^^^^^^^^^^^^^^^^^^^^^^
  File "C:\Users\ezhik\PycharmProjects\PythonProject5\config_manager.py", line 348, in edit_dict
    cast_val, ok = cast(raw_value, val_type)
                   ~~~~^^^^^^^^^^^^^^^^^^^^^
  File "C:\Users\ezhik\PycharmProjects\PythonProject5\config_manager.py", line 149, in cast
    json_str = re.sub(r'(\b\w+\b)\s*:', r'"\1":', json_str)
               ^^
UnboundLocalError: cannot access local variable 're' where it is not associated with a value
11:09:09 - aiogram.dispatcher - INFO - Polling stopped
11:09:09 - pyrogram.session.session - INFO - PingTask stopped
11:09:09 - pyrogram.session.session - INFO - NetworkTask stopped
11:09:09 - pyrogram.connection.connection - INFO - Disconnected
11:09:09 - pyrogram.session.session - INFO - Session stopped
11:09:09 - asyncio - ERROR - Task exception was never retrieved
future: <Task finished name='Task-2' coro=<StarsAPIGiver.init_sessions() done, defined at C:\Users\ezhik\PycharmProjects\PythonProject5\stars_api_giver.py:28> exception=UnicodeDecodeError('utf-8', b'\xff', 0, 1, 'invalid start byte')>
Traceback (most recent call last):
  File "C:\Users\ezhik\PycharmProjects\PythonProject5\stars_api_giver.py", line 32, in init_sessions
    self.balances[session] = await self.get_star_balance(session)
                             ^^^^^^^^^^^^^^^^^^^^^^^^^^^^^^^^^^^^
  File "C:\Users\ezhik\PycharmProjects\PythonProject5\stars_api_giver.py", line 36, in get_star_balance
    async with Client(session, self.api_id, self.api_hash) as app:
               ~~~~~~^^^^^^^^^^^^^^^^^^^^^^^^^^^^^^^^^^^^^
  File "C:\Users\ezhik\PycharmProjects\PythonProject5\.venv\Lib\site-packages\pyrogram\client.py", line 441, in __aenter__
    return await self.start()
           ^^^^^^^^^^^^^^^^^^
  File "C:\Users\ezhik\PycharmProjects\PythonProject5\.venv\Lib\site-packages\pyrogram\methods\utilities\start.py", line 89, in start
    await self.authorize()
  File "C:\Users\ezhik\PycharmProjects\PythonProject5\.venv\Lib\site-packages\pyrogram\client.py", line 474, in authorize
    value = await ainput("Enter phone number or bot token: ", loop=self.loop)
            ^^^^^^^^^^^^^^^^^^^^^^^^^^^^^^^^^^^^^^^^^^^^^^^^^^^^^^^^^^^^^^^^^
  File "C:\Users\ezhik\PycharmProjects\PythonProject5\.venv\Lib\site-packages\pyrogram\utils.py", line 57, in ainput
    return await loop.run_in_executor(executor, func)
           ^^^^^^^^^^^^^^^^^^^^^^^^^^^^^^^^^^^^^^^^^^
  File "C:\Users\ezhik\AppData\Local\Programs\Python\Python313\Lib\concurrent\futures\thread.py", line 59, in run
    result = self.fn(*self.args, **self.kwargs)
  File "<frozen codecs>", line 325, in decode
UnicodeDecodeError: 'utf-8' codec can't decode byte 0xff in position 0: invalid start byte
11:09:09 - StarvellBot - INFO - 👋 Завершение работы...
11:09:09 - aiogram.dispatcher - INFO - Polling stopped for bot @testzabwinobotsfadsgdsbot id=8298689795 - 'test'
11:09:09 - StarvellBot - INFO - ⏸ Остановка по Ctrl+C
