20:03:59 - StarvellBot - INFO - ✅ Логирование настроено
20:03:59 - StarvellBot - INFO - ============================================================
20:03:59 - StarvellBot - INFO - 🚀 StarvellBot Manager Starting...
20:03:59 - StarvellBot - INFO - ============================================================
20:03:59 - StarvellBot - INFO - 📋 Загрузка конфигурации...
20:03:59 - config_manager - INFO - ✅ Конфигурация загружена из config_data.json
20:04:01 - StarvellBot - INFO - 🚀 Запуск Telegram Manager...
20:04:01 - StarvellBot - INFO - 🤖 Инициализация StarvellBot...
20:04:01 - StarvellBot - INFO - ⚙️ Инициализация Service Manager...
20:04:01 - StarvellBot - INFO - ============================================================
20:04:01 - StarvellBot - INFO - ✅ Все компоненты инициализированы успешно!
20:04:01 - StarvellBot - INFO - ============================================================
20:04:01 - StarvellBot - INFO - 
20:04:01 - StarvellBot - INFO - 📱 Откройте Telegram бота для управления
20:04:01 - StarvellBot - INFO - 🎛️ Доступные команды:
20:04:01 - StarvellBot - INFO -    /start - начать работу
20:04:01 - StarvellBot - INFO -    /services - управление службами
20:04:01 - StarvellBot - INFO -    /config - редактирование настроек
20:04:01 - StarvellBot - INFO -    /status - статус служб
20:04:01 - StarvellBot - INFO -    /help - справка
20:04:01 - StarvellBot - INFO - 
20:04:01 - StarvellBot - INFO - ============================================================
20:04:01 - aiogram.dispatcher - INFO - Start polling
20:04:01 - aiogram.dispatcher - INFO - Run polling for bot @testzabwinobotsfadsgdsbot id=8298689795 - 'test'
20:04:19 - aiogram.event - INFO - Update id=826344824 is handled. Duration 294 ms by bot id=8298689795
20:06:23 - aiogram.event - INFO - Update id=826344825 is handled. Duration 149 ms by bot id=8298689795
20:06:24 - service_manager - INFO - ▶️ Запуск службы Orders Monitor...
20:06:24 - StarvellBot - INFO - 🟢 WebSocket connected
20:06:24 - StarvellBot - INFO - ⬅️  0{"sid":"NzrZpI1SBziwGDFyAeHd","upgrades":[],"pingInterval":25000,"pingTimeout":20000,"maxPayload":1000000}
20:06:24 - StarvellBot - WARNING - ➡️  Connecting to namespace: /chats
20:06:24 - StarvellBot - WARNING - ➡️  Connecting to namespace: /user-notifications
20:06:24 - StarvellBot - WARNING - ➡️  Connecting to namespace: /orders
20:06:24 - StarvellBot - WARNING - ➡️  Connecting to namespace: /user-presence
20:06:24 - StarvellBot - WARNING - ➡️  Connecting to namespace: /online
20:06:24 - StarvellBot - INFO - ✅ WebSocket готов, запускаем проверку заказов
20:06:24 - StarvellBot - INFO - ⬅️  40/chats,{"sid":"FczyAp7A5W3i7PHlAeHe"}
20:06:24 - StarvellBot - INFO - ⬅️  40/user-notifications,{"sid":"hxfuG3F2TZDHFQEgAeHf"}
20:06:24 - StarvellBot - INFO - ⬅️  40/orders,{"sid":"mKyQRV8xXwYYSmHUAeHg"}
20:06:24 - StarvellBot - INFO - ⬅️  40/user-presence,{"sid":"HtP_VnCBwt5kjOFrAeHh"}
20:06:24 - StarvellBot - INFO - ⬅️  40/online,{"sid":"gsul8Hb8H3fRgYp6AeHi"}
20:06:24 - service_manager - INFO - ✅ Служба Orders Monitor запущена
20:06:24 - aiogram.event - INFO - Update id=826344826 is handled. Duration 774 ms by bot id=8298689795
20:06:26 - aiogram.event - INFO - Update id=826344827 is handled. Duration 204 ms by bot id=8298689795
20:06:27 - aiogram.event - INFO - Update id=826344828 is handled. Duration 156 ms by bot id=8298689795
20:06:27 - service_manager - INFO - ▶️ Запуск службы Price Dumper...
20:06:27 - StarvellBot - INFO - ✅ WebSocket готов, запускаем автопонижение цен
20:06:27 - StarvellBot - INFO - 🔄 Проверяем цены...
20:06:28 - service_manager - INFO - ✅ Служба Price Dumper запущена
20:06:28 - StarvellBot - INFO - Успешно парсили ордеры
20:06:28 - StarvellBot - INFO - 📦 Найдено 2 наших предложений
20:06:28 - StarvellBot - ERROR - Отсутствует айди в описании предложения при демпинге
20:06:28 - StarvellBot - ERROR - Отсутствует айди в описании предложения при демпинге
20:06:28 - StarvellBot - ERROR - Отсутствует айди в описании предложения при демпинге
20:06:28 - StarvellBot - ERROR - Отсутствует айди в описании предложения при демпинге
20:06:28 - StarvellBot - ERROR - Отсутствует айди в описании предложения при демпинге
20:06:28 - StarvellBot - ERROR - Отсутствует айди в описании предложения при демпинге
20:06:28 - StarvellBot - ERROR - Отсутствует айди в описании предложения при демпинге
20:06:28 - StarvellBot - ERROR - Отсутствует айди в описании предложения при демпинге
20:06:28 - StarvellBot - ERROR - отсутствует категория демпинге
20:06:28 - StarvellBot - INFO - 📊 Обрабатываем предложение 181438: 85 звёзд по 101.3₽
20:06:28 - aiogram.event - INFO - Update id=826344829 is handled. Duration 717 ms by bot id=8298689795
20:06:29 - StarvellBot - INFO - 📊 Получено 10 предложений конкурентов
20:06:29 - StarvellBot - INFO -    advgifts: отфильтровали конкурентов по 85 звёзд → 3 шт.
20:06:29 - StarvellBot - ERROR - ❌ Ошибка в dumper: cannot access local variable 'him_price' where it is not associated with a value
20:06:49 - StarvellBot - INFO - ⬅️  2
20:06:59 - StarvellBot - INFO - 🔄 Проверяем цены...
20:07:00 - StarvellBot.Fragment - INFO - Wallet balance: 1.104038 TON
20:07:01 - StarvellBot - INFO - Успешно парсили ордеры
20:07:01 - StarvellBot - INFO - 📦 Найдено 2 наших предложений
20:07:01 - StarvellBot - ERROR - Отсутствует айди в описании предложения при демпинге
20:07:01 - StarvellBot - ERROR - Отсутствует айди в описании предложения при демпинге
20:07:01 - StarvellBot - ERROR - Отсутствует айди в описании предложения при демпинге
20:07:01 - StarvellBot - ERROR - Отсутствует айди в описании предложения при демпинге
20:07:01 - StarvellBot - ERROR - Отсутствует айди в описании предложения при демпинге
20:07:01 - StarvellBot - ERROR - Отсутствует айди в описании предложения при демпинге
20:07:01 - StarvellBot - ERROR - Отсутствует айди в описании предложения при демпинге
20:07:01 - StarvellBot - ERROR - Отсутствует айди в описании предложения при демпинге
20:07:01 - StarvellBot - ERROR - отсутствует категория демпинге
20:07:01 - StarvellBot - INFO - 📊 Обрабатываем предложение 181438: 85 звёзд по 101.3₽
20:07:01 - StarvellBot - INFO - 📊 Получено 10 предложений конкурентов
20:07:01 - StarvellBot - INFO -    advgifts: отфильтровали конкурентов по 85 звёзд → 3 шт.
20:07:01 - StarvellBot - ERROR - ❌ Ошибка в dumper: cannot access local variable 'him_price' where it is not associated with a value
20:07:01 - StarvellBot - INFO - Успешно парсили ордеры
20:07:01 - StarvellBot - WARNING - ⚠️ Не удалось извлечь количество звёзд из 'Другое количество'
20:07:14 - StarvellBot - INFO - ⬅️  2
20:07:31 - StarvellBot - INFO - 🔄 Проверяем цены...
20:07:32 - StarvellBot - INFO - Успешно парсили ордеры
20:07:32 - StarvellBot - INFO - 📦 Найдено 2 наших предложений
20:07:32 - StarvellBot - ERROR - Отсутствует айди в описании предложения при демпинге
20:07:32 - StarvellBot - ERROR - Отсутствует айди в описании предложения при демпинге
20:07:32 - StarvellBot - ERROR - Отсутствует айди в описании предложения при демпинге
20:07:32 - StarvellBot - ERROR - Отсутствует айди в описании предложения при демпинге
20:07:32 - StarvellBot - ERROR - Отсутствует айди в описании предложения при демпинге
20:07:32 - StarvellBot - ERROR - Отсутствует айди в описании предложения при демпинге
20:07:32 - StarvellBot - ERROR - Отсутствует айди в описании предложения при демпинге
20:07:32 - StarvellBot - ERROR - Отсутствует айди в описании предложения при демпинге
20:07:32 - StarvellBot - ERROR - отсутствует категория демпинге
20:07:32 - StarvellBot - INFO - 📊 Обрабатываем предложение 181438: 85 звёзд по 101.3₽
20:07:32 - StarvellBot - INFO - 📊 Получено 10 предложений конкурентов
20:07:32 - StarvellBot - INFO -    advgifts: отфильтровали конкурентов по 85 звёзд → 3 шт.
20:07:32 - StarvellBot - ERROR - ❌ Ошибка в dumper: cannot access local variable 'him_price' where it is not associated with a value
20:07:39 - StarvellBot - INFO - ⬅️  2
20:07:58 - aiogram.dispatcher - INFO - Polling stopped
