11:03:23 - StarvellBot - INFO - ✅ Логирование настроено
11:03:23 - StarvellBot - INFO - ============================================================
11:03:23 - StarvellBot - INFO - 🚀 StarvellBot Manager Starting...
11:03:23 - StarvellBot - INFO - ============================================================
11:03:23 - StarvellBot - INFO - 📋 Загрузка конфигурации...
11:03:23 - config_manager - INFO - ✅ Конфигурация загружена из config_data.json
11:03:24 - StarvellBot - INFO - 🚀 Запуск Telegram Manager...
11:03:24 - StarvellBot - INFO - 🤖 Инициализация StarvellBot...
11:03:24 - StarvellBot - INFO - ⚙️ Инициализация Service Manager...
11:03:24 - StarvellBot - INFO - ============================================================
11:03:24 - StarvellBot - INFO - ✅ Все компоненты инициализированы успешно!
11:03:24 - StarvellBot - INFO - ============================================================
11:03:24 - StarvellBot - INFO - 
11:03:24 - StarvellBot - INFO - 📱 Откройте Telegram бота для управления
11:03:24 - StarvellBot - INFO - 🎛️ Доступные команды:
11:03:24 - StarvellBot - INFO -    /start - начать работу
11:03:24 - StarvellBot - INFO -    /services - управление службами
11:03:24 - StarvellBot - INFO -    /config - редактирование настроек
11:03:24 - StarvellBot - INFO -    /status - статус служб
11:03:24 - StarvellBot - INFO -    /help - справка
11:03:24 - StarvellBot - INFO - 
11:03:24 - StarvellBot - INFO - ============================================================
11:03:24 - aiogram.dispatcher - INFO - Start polling
11:03:24 - pyrogram.session.auth - INFO - Start creating a new auth key on DC2
11:03:24 - pyrogram.connection.connection - INFO - Connecting...
11:03:24 - pyrogram.connection.connection - INFO - Connected! Production DC2 - IPv4
11:03:24 - aiogram.dispatcher - INFO - Run polling for bot @testzabwinobotsfadsgdsbot id=8298689795 - 'test'
11:03:25 - pyrogram.session.auth - INFO - Done auth key exchange: DhGenOk
11:03:25 - pyrogram.connection.connection - INFO - Disconnected
11:03:25 - pyrogram.connection.connection - INFO - Connecting...
11:03:25 - pyrogram.connection.connection - INFO - Connected! Production DC2 - IPv4
11:03:25 - pyrogram.session.session - INFO - NetworkTask started
11:03:25 - pyrogram.client - INFO - Time synced: 2026-02-28 11:03:26.637701
11:03:26 - pyrogram.session.session - INFO - Session initialized: Pyrogram v2.2.19 (Layer 222)
11:03:26 - pyrogram.session.session - INFO - Device: CPython 3.13.5 - Pyrogram 2.2.19
11:03:26 - pyrogram.session.session - INFO - System: Windows 10 (en)
11:03:26 - pyrogram.session.session - INFO - Session started
11:03:26 - pyrogram.session.session - INFO - PingTask started
11:03:26 - aiogram.event - INFO - Update id=826344227 is handled. Duration 355 ms by bot id=8298689795
11:03:27 - aiogram.event - INFO - Update id=826344228 is handled. Duration 354 ms by bot id=8298689795
11:03:28 - aiogram.event - INFO - Update id=826344229 is handled. Duration 147 ms by bot id=8298689795
11:03:29 - config_manager - INFO - ✅ Конфигурация сохранена в config_data.json
11:03:29 - aiogram.event - INFO - Update id=826344230 is handled. Duration 151 ms by bot id=8298689795
11:03:34 - aiogram.event - INFO - Update id=826344231 is handled. Duration 148 ms by bot id=8298689795
11:03:35 - aiogram.event - INFO - Update id=826344232 is handled. Duration 152 ms by bot id=8298689795
11:03:38 - config_manager - INFO - ✅ Конфигурация сохранена в config_data.json
11:03:38 - aiogram.event - INFO - Update id=826344233 is handled. Duration 197 ms by bot id=8298689795
11:03:43 - config_manager - INFO - ✅ Конфигурация сохранена в config_data.json
11:03:43 - aiogram.event - INFO - Update id=826344234 is handled. Duration 169 ms by bot id=8298689795
11:03:44 - aiogram.event - INFO - Update id=826344235 is handled. Duration 183 ms by bot id=8298689795
11:03:48 - config_manager - INFO - ✅ Конфигурация сохранена в config_data.json
11:03:48 - aiogram.event - INFO - Update id=826344236 is handled. Duration 182 ms by bot id=8298689795
11:03:51 - config_manager - INFO - ✅ Конфигурация сохранена в config_data.json
11:03:51 - aiogram.event - INFO - Update id=826344237 is handled. Duration 307 ms by bot id=8298689795
11:07:36 - aiogram.dispatcher - INFO - Polling stopped
11:07:36 - pyrogram.session.session - INFO - PingTask stopped
11:07:36 - pyrogram.session.session - INFO - NetworkTask stopped
11:07:36 - pyrogram.connection.connection - INFO - Disconnected
11:07:36 - pyrogram.session.session - INFO - Session stopped
11:07:36 - asyncio - ERROR - Task exception was never retrieved
future: <Task finished name='Task-2' coro=<StarsAPIGiver.init_sessions() done, defined at C:\Users\ezhik\PycharmProjects\PythonProject5\stars_api_giver.py:28> exception=UnicodeDecodeError('utf-8', b'\xff', 0, 1, 'invalid start byte')>
Traceback (most recent call last):
  File "C:\Users\ezhik\PycharmProjects\PythonProject5\stars_api_giver.py", line 32, in init_sessions
    self.balances[session] = await self.get_star_balance(session)
                             ^^^^^^^^^^^^^^^^^^^^^^^^^^^^^^^^^^^^
  File "C:\Users\ezhik\PycharmProjects\PythonProject5\stars_api_giver.py", line 36, in get_star_balance
    async with Client(session, self.api_id, self.api_hash) as app:
               ~~~~~~^^^^^^^^^^^^^^^^^^^^^^^^^^^^^^^^^^^^^
  File "C:\Users\ezhik\PycharmProjects\PythonProject5\.venv\Lib\site-packages\pyrogram\client.py", line 441, in __aenter__
    return await self.start()
           ^^^^^^^^^^^^^^^^^^
  File "C:\Users\ezhik\PycharmProjects\PythonProject5\.venv\Lib\site-packages\pyrogram\methods\utilities\start.py", line 89, in start
    await self.authorize()
  File "C:\Users\ezhik\PycharmProjects\PythonProject5\.venv\Lib\site-packages\pyrogram\client.py", line 474, in authorize
    value = await ainput("Enter phone number or bot token: ", loop=self.loop)
            ^^^^^^^^^^^^^^^^^^^^^^^^^^^^^^^^^^^^^^^^^^^^^^^^^^^^^^^^^^^^^^^^^
  File "C:\Users\ezhik\PycharmProjects\PythonProject5\.venv\Lib\site-packages\pyrogram\utils.py", line 57, in ainput
    return await loop.run_in_executor(executor, func)
           ^^^^^^^^^^^^^^^^^^^^^^^^^^^^^^^^^^^^^^^^^^
  File "C:\Users\ezhik\AppData\Local\Programs\Python\Python313\Lib\concurrent\futures\thread.py", line 59, in run
    result = self.fn(*self.args, **self.kwargs)
  File "<frozen codecs>", line 325, in decode
UnicodeDecodeError: 'utf-8' codec can't decode byte 0xff in position 0: invalid start byte
