02:19:15 - StarvellBot - INFO - ✅ Логирование настроено
02:19:15 - StarvellBot - INFO - ============================================================
02:19:15 - StarvellBot - INFO - 🚀 StarvellBot Manager Starting...
02:19:15 - StarvellBot - INFO - ============================================================
02:19:15 - StarvellBot - INFO - 📋 Загрузка конфигурации...
02:19:15 - config_manager - INFO - ✅ Конфигурация загружена из config_data.json
02:19:16 - StarvellBot - INFO - 🚀 Запуск Telegram Manager...
02:19:16 - StarvellBot - INFO - 🤖 Инициализация StarvellBot...
02:19:16 - StarvellBot - INFO - ⚙️ Инициализация Service Manager...
02:19:16 - StarvellBot - INFO - ============================================================
02:19:16 - StarvellBot - INFO - ✅ Все компоненты инициализированы успешно!
02:19:16 - StarvellBot - INFO - ============================================================
02:19:16 - StarvellBot - INFO - 
02:19:16 - StarvellBot - INFO - 📱 Откройте Telegram бота для управления
02:19:16 - StarvellBot - INFO - 🎛️ Доступные команды:
02:19:16 - StarvellBot - INFO -    /start - начать работу
02:19:16 - StarvellBot - INFO -    /services - управление службами
02:19:16 - StarvellBot - INFO -    /config - редактирование настроек
02:19:16 - StarvellBot - INFO -    /status - статус служб
02:19:16 - StarvellBot - INFO -    /help - справка
02:19:16 - StarvellBot - INFO - 
02:19:16 - StarvellBot - INFO - ============================================================
02:19:16 - aiogram.dispatcher - INFO - Start polling
02:19:16 - aiogram.dispatcher - INFO - Run polling for bot @testzabwinobotsfadsgdsbot id=8298689795 - 'test'
02:19:17 - aiogram.event - INFO - Update id=826343568 is handled. Duration 202 ms by bot id=8298689795
02:19:19 - aiogram.event - INFO - Update id=826343569 is handled. Duration 122 ms by bot id=8298689795
02:19:20 - aiogram.event - INFO - Update id=826343570 is handled. Duration 162 ms by bot id=8298689795
02:19:21 - aiogram.event - INFO - Update id=826343571 is handled. Duration 155 ms by bot id=8298689795
02:19:22 - aiogram.event - INFO - Update id=826343572 is handled. Duration 143 ms by bot id=8298689795
02:19:25 - aiogram.event - INFO - Update id=826343573 is not handled. Duration 0 ms by bot id=8298689795
02:19:25 - aiogram.event - ERROR - Cause exception while process update id=826343573 by bot id=8298689795
IndexError: list index out of range
Traceback (most recent call last):
  File "C:\Users\ezhik\PycharmProjects\PythonProject5\.venv\Lib\site-packages\aiogram\dispatcher\dispatcher.py", line 320, in _process_update
    response = await self.feed_update(bot, update, **kwargs)
               ^^^^^^^^^^^^^^^^^^^^^^^^^^^^^^^^^^^^^^^^^^^^^
  File "C:\Users\ezhik\PycharmProjects\PythonProject5\.venv\Lib\site-packages\aiogram\dispatcher\dispatcher.py", line 164, in feed_update
    response = await self.update.wrap_outer_middleware(
               ^^^^^^^^^^^^^^^^^^^^^^^^^^^^^^^^^^^^^^^^
    ...<7 lines>...
    )
    ^
  File "C:\Users\ezhik\PycharmProjects\PythonProject5\.venv\Lib\site-packages\aiogram\dispatcher\middlewares\error.py", line 27, in __call__
    return await handler(event, data)
           ^^^^^^^^^^^^^^^^^^^^^^^^^^
  File "C:\Users\ezhik\PycharmProjects\PythonProject5\.venv\Lib\site-packages\aiogram\dispatcher\middlewares\user_context.py", line 58, in __call__
    return await handler(event, data)
           ^^^^^^^^^^^^^^^^^^^^^^^^^^
  File "C:\Users\ezhik\PycharmProjects\PythonProject5\.venv\Lib\site-packages\aiogram\fsm\middleware.py", line 43, in __call__
    return await handler(event, data)
           ^^^^^^^^^^^^^^^^^^^^^^^^^^
  File "C:\Users\ezhik\PycharmProjects\PythonProject5\.venv\Lib\site-packages\aiogram\dispatcher\event\telegram.py", line 126, in trigger
    return await wrapped_inner(event, kwargs)
           ^^^^^^^^^^^^^^^^^^^^^^^^^^^^^^^^^^
  File "C:\Users\ezhik\PycharmProjects\PythonProject5\.venv\Lib\site-packages\aiogram\dispatcher\event\handler.py", line 71, in call
    return await wrapped()
           ^^^^^^^^^^^^^^^
  File "C:\Users\ezhik\PycharmProjects\PythonProject5\.venv\Lib\site-packages\aiogram\dispatcher\dispatcher.py", line 283, in _listen_update
    return await self.propagate_event(update_type=update_type, event=event, **kwargs)
           ^^^^^^^^^^^^^^^^^^^^^^^^^^^^^^^^^^^^^^^^^^^^^^^^^^^^^^^^^^^^^^^^^^^^^^^^^^
  File "C:\Users\ezhik\PycharmProjects\PythonProject5\.venv\Lib\site-packages\aiogram\dispatcher\router.py", line 161, in propagate_event
    return await observer.wrap_outer_middleware(_wrapped, event=event, data=kwargs)
           ^^^^^^^^^^^^^^^^^^^^^^^^^^^^^^^^^^^^^^^^^^^^^^^^^^^^^^^^^^^^^^^^^^^^^^^^
  File "C:\Users\ezhik\PycharmProjects\PythonProject5\.venv\Lib\site-packages\aiogram\dispatcher\router.py", line 153, in _wrapped
    return await self._propagate_event(
           ^^^^^^^^^^^^^^^^^^^^^^^^^^^^
    ...<4 lines>...
    )
    ^
  File "C:\Users\ezhik\PycharmProjects\PythonProject5\.venv\Lib\site-packages\aiogram\dispatcher\router.py", line 189, in _propagate_event
    response = await router.propagate_event(update_type=update_type, event=event, **kwargs)
               ^^^^^^^^^^^^^^^^^^^^^^^^^^^^^^^^^^^^^^^^^^^^^^^^^^^^^^^^^^^^^^^^^^^^^^^^^^^^
  File "C:\Users\ezhik\PycharmProjects\PythonProject5\.venv\Lib\site-packages\aiogram\dispatcher\router.py", line 161, in propagate_event
    return await observer.wrap_outer_middleware(_wrapped, event=event, data=kwargs)
           ^^^^^^^^^^^^^^^^^^^^^^^^^^^^^^^^^^^^^^^^^^^^^^^^^^^^^^^^^^^^^^^^^^^^^^^^
  File "C:\Users\ezhik\PycharmProjects\PythonProject5\.venv\Lib\site-packages\aiogram\dispatcher\router.py", line 153, in _wrapped
    return await self._propagate_event(
           ^^^^^^^^^^^^^^^^^^^^^^^^^^^^
    ...<4 lines>...
    )
    ^
  File "C:\Users\ezhik\PycharmProjects\PythonProject5\.venv\Lib\site-packages\aiogram\dispatcher\router.py", line 181, in _propagate_event
    response = await observer.trigger(event, **kwargs)
               ^^^^^^^^^^^^^^^^^^^^^^^^^^^^^^^^^^^^^^^
  File "C:\Users\ezhik\PycharmProjects\PythonProject5\.venv\Lib\site-packages\aiogram\dispatcher\event\telegram.py", line 126, in trigger
    return await wrapped_inner(event, kwargs)
           ^^^^^^^^^^^^^^^^^^^^^^^^^^^^^^^^^^
  File "C:\Users\ezhik\PycharmProjects\PythonProject5\.venv\Lib\site-packages\aiogram\dispatcher\event\handler.py", line 71, in call
    return await wrapped()
           ^^^^^^^^^^^^^^^
  File "C:\Users\ezhik\PycharmProjects\PythonProject5\telegram_manager.py", line 447, in process_config_value
    raw_value = rez[1]
                ~~~^^^
IndexError: list index out of range
02:19:35 - config_manager - INFO - ✅ Конфигурация сохранена в config_data.json
02:19:35 - aiogram.event - INFO - Update id=826343574 is handled. Duration 81 ms by bot id=8298689795
02:19:38 - aiogram.event - INFO - Update id=826343575 is handled. Duration 143 ms by bot id=8298689795
02:19:39 - aiogram.event - INFO - Update id=826343576 is handled. Duration 141 ms by bot id=8298689795
02:19:41 - aiogram.event - INFO - Update id=826343577 is handled. Duration 143 ms by bot id=8298689795
02:19:42 - aiogram.event - INFO - Update id=826343578 is handled. Duration 145 ms by bot id=8298689795
02:19:57 - config_manager - INFO - ✅ Конфигурация сохранена в config_data.json
02:19:57 - aiogram.event - INFO - Update id=826343579 is handled. Duration 111 ms by bot id=8298689795
02:19:58 - aiogram.event - INFO - Update id=826343580 is handled. Duration 152 ms by bot id=8298689795
02:19:59 - aiogram.event - INFO - Update id=826343581 is handled. Duration 144 ms by bot id=8298689795
02:20:00 - aiogram.event - INFO - Update id=826343582 is handled. Duration 186 ms by bot id=8298689795
02:20:16 - aiogram.event - INFO - Update id=826343583 is handled. Duration 212 ms by bot id=8298689795
02:22:28 - aiogram.dispatcher - INFO - Polling stopped
