00:02:40 - StarvellBot - INFO - ✅ Логирование настроено
00:02:40 - StarvellBot - INFO - ============================================================
00:02:40 - StarvellBot - INFO - 🚀 StarvellBot Manager Starting...
00:02:40 - StarvellBot - INFO - ============================================================
00:02:40 - StarvellBot - INFO - 📋 Загрузка конфигурации...
00:02:40 - config_manager - INFO - ✅ Конфигурация загружена из config_data.json
00:02:41 - StarvellBot - INFO - 🚀 Запуск Telegram Manager...
00:02:41 - StarvellBot - INFO - 🤖 Инициализация StarvellBot...
00:02:41 - StarvellBot - INFO - ⚙️ Инициализация Service Manager...
00:02:41 - StarvellBot - INFO - ============================================================
00:02:41 - StarvellBot - INFO - ✅ Все компоненты инициализированы успешно!
00:02:41 - StarvellBot - INFO - ============================================================
00:02:41 - StarvellBot - INFO - 
00:02:41 - StarvellBot - INFO - 📱 Откройте Telegram бота для управления
00:02:41 - StarvellBot - INFO - 🎛️ Доступные команды:
00:02:41 - StarvellBot - INFO -    /start - начать работу
00:02:41 - StarvellBot - INFO -    /services - управление службами
00:02:41 - StarvellBot - INFO -    /config - редактирование настроек
00:02:41 - StarvellBot - INFO -    /status - статус служб
00:02:41 - StarvellBot - INFO -    /help - справка
00:02:41 - StarvellBot - INFO - 
00:02:41 - StarvellBot - INFO - ============================================================
00:02:41 - aiogram.dispatcher - INFO - Start polling
00:02:41 - aiogram.dispatcher - INFO - Run polling for bot @testzabwinobotsfadsgdsbot id=8298689795 - 'test'
00:02:46 - aiogram.event - INFO - Update id=826343497 is handled. Duration 230 ms by bot id=8298689795
00:02:47 - aiogram.event - INFO - Update id=826343498 is handled. Duration 164 ms by bot id=8298689795
00:02:48 - aiogram.event - INFO - Update id=826343499 is handled. Duration 163 ms by bot id=8298689795
00:02:51 - aiogram.event - INFO - Update id=826343500 is handled. Duration 79 ms by bot id=8298689795
00:04:37 - aiogram.dispatcher - INFO - Polling stopped
