16:31:12 - StarvellBot - INFO - ✅ Логирование настроено
16:31:12 - StarvellBot - INFO - ============================================================
16:31:12 - StarvellBot - INFO - 🚀 StarvellBot Manager Starting...
16:31:12 - StarvellBot - INFO - ============================================================
16:31:12 - StarvellBot - INFO - 📋 Загрузка конфигурации...
16:31:12 - config_manager - INFO - ✅ Конфигурация загружена из config_data.json
16:31:13 - pyrogram.crypto.aes - WARNING - TgCrypto is missing! Pyrogram will work the same, but at a much slower speed. More info: https://docs.pyrogram.org/topics/speedups
16:31:14 - StarvellBot - INFO - 🚀 Запуск Telegram Manager...
16:31:14 - StarvellBot - INFO - 🤖 Инициализация StarvellBot...
16:31:14 - StarvellBot - INFO - ⚙️ Инициализация Service Manager...
16:31:14 - StarvellBot - INFO - ============================================================
16:31:14 - StarvellBot - INFO - ✅ Все компоненты инициализированы успешно!
16:31:14 - StarvellBot - INFO - ============================================================
16:31:14 - StarvellBot - INFO - 
16:31:14 - StarvellBot - INFO - 📱 Откройте Telegram бота для управления
16:31:14 - StarvellBot - INFO - 🎛️ Доступные команды:
16:31:14 - StarvellBot - INFO -    /start - начать работу
16:31:14 - StarvellBot - INFO -    /services - управление службами
16:31:14 - StarvellBot - INFO -    /config - редактирование настроек
16:31:14 - StarvellBot - INFO -    /status - статус служб
16:31:14 - StarvellBot - INFO -    /help - справка
16:31:14 - StarvellBot - INFO - 
16:31:14 - StarvellBot - INFO - ============================================================
16:31:14 - aiogram.dispatcher - INFO - Start polling
16:31:14 - pyrogram.session.auth - INFO - Start creating a new auth key on DC2
16:31:14 - pyrogram.connection.connection - INFO - Connecting...
16:31:14 - pyrogram.connection.connection - INFO - Connected! Production DC2 - IPv4
16:31:14 - aiogram.dispatcher - INFO - Run polling for bot @testzabwinobotsfadsgdsbot id=8298689795 - 'test'
16:31:15 - pyrogram.session.auth - INFO - Done auth key exchange: DhGenOk
16:31:15 - pyrogram.connection.connection - INFO - Disconnected
16:31:15 - pyrogram.connection.connection - INFO - Connecting...
16:31:15 - pyrogram.connection.connection - INFO - Connected! Production DC2 - IPv4
16:31:15 - pyrogram.session.session - INFO - NetworkTask started
16:31:16 - pyrogram.client - INFO - Time synced: 2026-02-27 16:31:16.685364
16:31:16 - pyrogram.session.session - INFO - Session initialized: Pyrogram v2.2.19 (Layer 222)
16:31:16 - pyrogram.session.session - INFO - Device: CPython 3.13.5 - Pyrogram 2.2.19
16:31:16 - pyrogram.session.session - INFO - System: Windows 10 (en)
16:31:16 - pyrogram.session.session - INFO - Session started
16:31:16 - pyrogram.session.session - INFO - PingTask started
16:31:25 - aiogram.dispatcher - INFO - Polling stopped
16:31:25 - pyrogram.session.session - INFO - PingTask stopped
16:31:25 - pyrogram.session.session - INFO - NetworkTask stopped
16:31:25 - pyrogram.connection.connection - INFO - Disconnected
16:31:25 - pyrogram.session.session - INFO - Session stopped
16:31:25 - asyncio - ERROR - Task exception was never retrieved
future: <Task finished name='Task-2' coro=<StarsAPIGiver.init_sessions() done, defined at C:\Users\ezhik\PycharmProjects\PythonProject5\stars_api_giver.py:23> exception=UnicodeDecodeError('utf-8', b'\xff', 0, 1, 'invalid start byte')>
Traceback (most recent call last):
  File "C:\Users\ezhik\PycharmProjects\PythonProject5\stars_api_giver.py", line 27, in init_sessions
    self.balances[session] = await self.get_star_balance(session)
                             ^^^^^^^^^^^^^^^^^^^^^^^^^^^^^^^^^^^^
  File "C:\Users\ezhik\PycharmProjects\PythonProject5\stars_api_giver.py", line 31, in get_star_balance
    async with Client(session, self.api_id, self.api_hash) as app:
               ~~~~~~^^^^^^^^^^^^^^^^^^^^^^^^^^^^^^^^^^^^^
  File "C:\Users\ezhik\PycharmProjects\PythonProject5\.venv\Lib\site-packages\pyrogram\client.py", line 441, in __aenter__
    return await self.start()
           ^^^^^^^^^^^^^^^^^^
  File "C:\Users\ezhik\PycharmProjects\PythonProject5\.venv\Lib\site-packages\pyrogram\methods\utilities\start.py", line 89, in start
    await self.authorize()
  File "C:\Users\ezhik\PycharmProjects\PythonProject5\.venv\Lib\site-packages\pyrogram\client.py", line 474, in authorize
    value = await ainput("Enter phone number or bot token: ", loop=self.loop)
            ^^^^^^^^^^^^^^^^^^^^^^^^^^^^^^^^^^^^^^^^^^^^^^^^^^^^^^^^^^^^^^^^^
  File "C:\Users\ezhik\PycharmProjects\PythonProject5\.venv\Lib\site-packages\pyrogram\utils.py", line 57, in ainput
    return await loop.run_in_executor(executor, func)
           ^^^^^^^^^^^^^^^^^^^^^^^^^^^^^^^^^^^^^^^^^^
  File "C:\Users\ezhik\AppData\Local\Programs\Python\Python313\Lib\concurrent\futures\thread.py", line 59, in run
    result = self.fn(*self.args, **self.kwargs)
  File "<frozen codecs>", line 325, in decode
UnicodeDecodeError: 'utf-8' codec can't decode byte 0xff in position 0: invalid start byte
