00:25:30 - StarvellBot - INFO - ✅ Логирование настроено
00:25:30 - StarvellBot - INFO - ============================================================
00:25:30 - StarvellBot - INFO - 🚀 StarvellBot Manager Starting...
00:25:30 - StarvellBot - INFO - ============================================================
00:25:30 - StarvellBot - INFO - 📋 Загрузка конфигурации...
00:25:30 - config_manager - INFO - ✅ Конфигурация загружена из config_data.json
00:25:31 - StarvellBot - INFO - 🚀 Запуск Telegram Manager...
00:25:31 - StarvellBot - INFO - 🤖 Инициализация StarvellBot...
00:25:31 - StarvellBot - INFO - ⚙️ Инициализация Service Manager...
00:25:31 - StarvellBot - INFO - ============================================================
00:25:31 - StarvellBot - INFO - ✅ Все компоненты инициализированы успешно!
00:25:31 - StarvellBot - INFO - ============================================================
00:25:31 - StarvellBot - INFO - 
00:25:31 - StarvellBot - INFO - 📱 Откройте Telegram бота для управления
00:25:31 - StarvellBot - INFO - 🎛️ Доступные команды:
00:25:31 - StarvellBot - INFO -    /start - начать работу
00:25:31 - StarvellBot - INFO -    /services - управление службами
00:25:31 - StarvellBot - INFO -    /config - редактирование настроек
00:25:31 - StarvellBot - INFO -    /status - статус служб
00:25:31 - StarvellBot - INFO -    /help - справка
00:25:31 - StarvellBot - INFO - 
00:25:31 - StarvellBot - INFO - ============================================================
00:25:31 - aiogram.dispatcher - INFO - Start polling
00:25:31 - aiogram.dispatcher - INFO - Run polling for bot @testzabwinobotsfadsgdsbot id=8298689795 - 'test'
00:25:32 - aiogram.event - INFO - Update id=826345099 is handled. Duration 434 ms by bot id=8298689795
00:25:34 - aiogram.event - INFO - Update id=826345100 is handled. Duration 143 ms by bot id=8298689795
00:25:35 - aiogram.event - INFO - Update id=826345101 is handled. Duration 144 ms by bot id=8298689795
00:25:41 - config_manager - INFO - ✅ Конфигурация сохранена в config_data.json
00:25:41 - aiogram.event - INFO - Update id=826345102 is handled. Duration 86 ms by bot id=8298689795
00:25:45 - config_manager - INFO - ✅ Конфигурация сохранена в config_data.json
00:25:45 - aiogram.event - INFO - Update id=826345103 is handled. Duration 81 ms by bot id=8298689795
00:26:18 - aiogram.event - INFO - Update id=826345104 is handled. Duration 84 ms by bot id=8298689795
00:26:25 - config_manager - INFO - ✅ Конфигурация сохранена в config_data.json
00:26:25 - aiogram.event - INFO - Update id=826345105 is handled. Duration 86 ms by bot id=8298689795
00:27:02 - config_manager - INFO - ✅ Конфигурация сохранена в config_data.json
00:27:02 - aiogram.event - INFO - Update id=826345106 is handled. Duration 86 ms by bot id=8298689795
00:27:04 - aiogram.event - INFO - Update id=826345107 is handled. Duration 142 ms by bot id=8298689795
00:28:10 - aiogram.event - INFO - Update id=826345108 is handled. Duration 80 ms by bot id=8298689795
00:28:11 - aiogram.event - INFO - Update id=826345109 is handled. Duration 142 ms by bot id=8298689795
00:28:12 - service_manager - INFO - ▶️ Запуск службы Orders Monitor...
00:28:12 - pyrogram.connection.connection - INFO - Connecting...
00:28:18 - service_manager - INFO - ✅ Служба Orders Monitor запущена
00:28:18 - pyrogram.connection.connection - INFO - Connected! Production DC2 - IPv4
00:28:18 - pyrogram.session.session - INFO - NetworkTask started
00:28:18 - pyrogram.client - INFO - Time synced: 2026-03-02 00:28:19.296533
00:28:18 - aiogram.event - INFO - Update id=826345110 is handled. Duration 5945 ms by bot id=8298689795
00:28:18 - pyrogram.session.session - INFO - Session initialized: Pyrogram v2.2.19 (Layer 222)
00:28:18 - pyrogram.session.session - INFO - Device: CPython 3.13.5 - Pyrogram 2.2.19
00:28:18 - pyrogram.session.session - INFO - System: Windows 10 (en)
00:28:18 - pyrogram.session.session - INFO - Session started
00:28:18 - pyrogram.session.session - INFO - PingTask started
00:28:18 - StarvellBot.Fragment - INFO - Wallet balance: 1.104038 TON
00:28:18 - service_manager - ERROR - ❌ Ошибка в службе Orders Monitor: ValueError: max() iterable argument is empty
00:28:18 - pyrogram.dispatcher - INFO - Started 20 HandlerTasks
00:28:19 - pyrogram.dispatcher - INFO - Stopped 20 HandlerTasks
00:28:19 - pyrogram.session.session - INFO - PingTask stopped
00:28:19 - pyrogram.session.session - INFO - NetworkTask stopped
00:28:19 - pyrogram.connection.connection - INFO - Disconnected
00:28:19 - pyrogram.session.session - INFO - Session stopped
00:28:19 - TelegramApiGiver - INFO - ✅ Сессии инициализированы: ['my_account']
00:28:19 - pyrogram.connection.connection - INFO - Connecting...
00:28:19 - pyrogram.connection.connection - INFO - Connected! Production DC2 - IPv4
00:28:19 - pyrogram.session.session - INFO - NetworkTask started
00:28:19 - pyrogram.client - INFO - Time synced: 2026-03-02 00:28:20.368180
00:28:19 - StarvellBot - INFO - 🟢 WebSocket connected
00:28:19 - StarvellBot - INFO - ⬅️  0{"sid":"f2hFTihC1aH_L2lZAgVq","upgrades":[],"pingInterval":25000,"pingTimeout":20000,"maxPayload":1000000}
00:28:19 - StarvellBot - WARNING - ➡️  Connecting to namespace: /chats
00:28:19 - StarvellBot - WARNING - ➡️  Connecting to namespace: /user-notifications
00:28:19 - StarvellBot - WARNING - ➡️  Connecting to namespace: /orders
00:28:19 - StarvellBot - WARNING - ➡️  Connecting to namespace: /user-presence
00:28:19 - StarvellBot - WARNING - ➡️  Connecting to namespace: /online
00:28:19 - StarvellBot - INFO - ✅ WebSocket готов, запускаем проверку заказов
00:28:19 - pyrogram.session.session - INFO - Session initialized: Pyrogram v2.2.19 (Layer 222)
00:28:19 - pyrogram.session.session - INFO - Device: CPython 3.13.5 - Pyrogram 2.2.19
00:28:19 - pyrogram.session.session - INFO - System: Windows 10 (en)
00:28:19 - pyrogram.session.session - INFO - Session started
00:28:19 - pyrogram.session.session - INFO - PingTask started
00:28:19 - StarvellBot - INFO - ⬅️  40/chats,{"sid":"OQwTKqDwSWg-8nKuAgVr"}
00:28:19 - StarvellBot - INFO - ⬅️  40/user-notifications,{"sid":"2S1rAnZFqnYKpf49AgVs"}
00:28:19 - StarvellBot - INFO - ⬅️  40/orders,{"sid":"i43Gm5Dn-Wkc5RZqAgVt"}
00:28:19 - StarvellBot - INFO - ⬅️  40/user-presence,{"sid":"QKZ_QT2wmm2G_A5mAgVu"}
00:28:19 - StarvellBot - INFO - ⬅️  40/online,{"sid":"nf-1_fCbOdQgmH5CAgVv"}
00:28:19 - pyrogram.dispatcher - INFO - Started 20 HandlerTasks
00:28:19 - pyrogram.dispatcher - INFO - Stopped 20 HandlerTasks
00:28:19 - pyrogram.session.session - INFO - PingTask stopped
00:28:19 - pyrogram.session.session - INFO - NetworkTask stopped
00:28:19 - pyrogram.connection.connection - INFO - Disconnected
00:28:19 - pyrogram.session.session - INFO - Session stopped
00:28:44 - StarvellBot - INFO - ⬅️  2
00:29:04 - aiogram.dispatcher - INFO - Polling stopped
