11:35:08 - StarvellBot - INFO - ✅ Логирование настроено
11:35:08 - StarvellBot - INFO - ============================================================
11:35:08 - StarvellBot - INFO - 🚀 StarvellBot Manager Starting...
11:35:08 - StarvellBot - INFO - ============================================================
11:35:08 - StarvellBot - INFO - 📋 Загрузка конфигурации...
11:35:08 - config_manager - INFO - ✅ Конфигурация загружена из config_data.json
11:35:09 - StarvellBot - INFO - 🚀 Запуск Telegram Manager...
11:35:09 - StarvellBot - INFO - 🤖 Инициализация StarvellBot...
11:35:09 - StarvellBot - INFO - ⚙️ Инициализация Service Manager...
11:35:09 - StarvellBot - INFO - ============================================================
11:35:09 - StarvellBot - INFO - ✅ Все компоненты инициализированы успешно!
11:35:09 - StarvellBot - INFO - ============================================================
11:35:09 - StarvellBot - INFO - 
11:35:09 - StarvellBot - INFO - 📱 Откройте Telegram бота для управления
11:35:09 - StarvellBot - INFO - 🎛️ Доступные команды:
11:35:09 - StarvellBot - INFO -    /start - начать работу
11:35:09 - StarvellBot - INFO -    /services - управление службами
11:35:09 - StarvellBot - INFO -    /config - редактирование настроек
11:35:09 - StarvellBot - INFO -    /status - статус служб
11:35:09 - StarvellBot - INFO -    /help - справка
11:35:09 - StarvellBot - INFO - 
11:35:09 - StarvellBot - INFO - ============================================================
11:35:09 - aiogram.dispatcher - INFO - Start polling
11:35:09 - pyrogram.session.auth - INFO - Start creating a new auth key on DC2
11:35:09 - pyrogram.connection.connection - INFO - Connecting...
11:35:09 - pyrogram.connection.connection - INFO - Connected! Production DC2 - IPv4
11:35:09 - aiogram.dispatcher - INFO - Run polling for bot @testzabwinobotsfadsgdsbot id=8298689795 - 'test'
11:35:10 - pyrogram.session.auth - INFO - Done auth key exchange: DhGenOk
11:35:10 - pyrogram.connection.connection - INFO - Disconnected
11:35:10 - pyrogram.connection.connection - INFO - Connecting...
11:35:10 - pyrogram.connection.connection - INFO - Connected! Production DC2 - IPv4
11:35:10 - pyrogram.session.session - INFO - NetworkTask started
11:35:10 - pyrogram.client - INFO - Time synced: 2026-02-28 11:35:11.759554
11:35:11 - pyrogram.session.session - INFO - Session initialized: Pyrogram v2.2.19 (Layer 222)
11:35:11 - pyrogram.session.session - INFO - Device: CPython 3.13.5 - Pyrogram 2.2.19
11:35:11 - pyrogram.session.session - INFO - System: Windows 10 (en)
11:35:11 - pyrogram.session.session - INFO - Session started
11:35:11 - pyrogram.session.session - INFO - PingTask started
11:39:08 - aiogram.event - INFO - Update id=826344264 is handled. Duration 208 ms by bot id=8298689795
11:39:10 - aiogram.event - INFO - Update id=826344265 is handled. Duration 86 ms by bot id=8298689795
11:39:14 - aiogram.event - INFO - Update id=826344266 is handled. Duration 298 ms by bot id=8298689795
11:39:16 - aiogram.event - INFO - Update id=826344267 is handled. Duration 151 ms by bot id=8298689795
11:39:18 - aiogram.event - INFO - Update id=826344268 is handled. Duration 150 ms by bot id=8298689795
11:39:23 - aiogram.event - INFO - Update id=826344269 is handled. Duration 161 ms by bot id=8298689795
11:39:24 - config_manager - INFO - ✅ Конфигурация сохранена в config_data.json
11:39:24 - aiogram.event - INFO - Update id=826344270 is handled. Duration 149 ms by bot id=8298689795
11:39:25 - aiogram.event - INFO - Update id=826344271 is handled. Duration 164 ms by bot id=8298689795
11:39:26 - aiogram.event - INFO - Update id=826344272 is handled. Duration 149 ms by bot id=8298689795
11:39:27 - aiogram.event - INFO - Update id=826344273 is handled. Duration 147 ms by bot id=8298689795
11:39:28 - config_manager - INFO - ✅ Конфигурация сохранена в config_data.json
11:39:28 - aiogram.event - INFO - Update id=826344274 is handled. Duration 153 ms by bot id=8298689795
11:39:29 - aiogram.event - INFO - Update id=826344275 is handled. Duration 153 ms by bot id=8298689795
11:39:30 - aiogram.event - INFO - Update id=826344276 is handled. Duration 149 ms by bot id=8298689795
11:39:37 - aiogram.event - INFO - Update id=826344277 is handled. Duration 154 ms by bot id=8298689795
11:39:39 - aiogram.event - INFO - Update id=826344278 is handled. Duration 153 ms by bot id=8298689795
11:39:40 - config_manager - INFO - ✅ Конфигурация сохранена в config_data.json
11:39:40 - aiogram.event - INFO - Update id=826344279 is handled. Duration 87 ms by bot id=8298689795
11:39:51 - config_manager - INFO - ✅ Конфигурация сохранена в config_data.json
11:39:51 - aiogram.event - INFO - Update id=826344280 is handled. Duration 91 ms by bot id=8298689795
11:40:04 - aiogram.event - INFO - Update id=826344281 is handled. Duration 88 ms by bot id=8298689795
11:40:11 - aiogram.event - INFO - Update id=826344282 is handled. Duration 146 ms by bot id=8298689795
11:40:13 - aiogram.event - INFO - Update id=826344283 is handled. Duration 152 ms by bot id=8298689795
11:40:13 - config_manager - INFO - ✅ Конфигурация сохранена в config_data.json
11:40:13 - aiogram.event - INFO - Update id=826344284 is handled. Duration 180 ms by bot id=8298689795
11:40:14 - aiogram.event - INFO - Update id=826344285 is handled. Duration 150 ms by bot id=8298689795
11:40:15 - aiogram.event - INFO - Update id=826344286 is handled. Duration 195 ms by bot id=8298689795
11:40:24 - config_manager - INFO - ✅ Конфигурация сохранена в config_data.json
11:40:24 - aiogram.event - INFO - Update id=826344287 is handled. Duration 85 ms by bot id=8298689795
11:40:32 - config_manager - INFO - ✅ Конфигурация сохранена в config_data.json
11:40:32 - aiogram.event - INFO - Update id=826344288 is handled. Duration 81 ms by bot id=8298689795
11:40:37 - config_manager - INFO - ✅ Конфигурация сохранена в config_data.json
11:40:38 - aiogram.event - INFO - Update id=826344289 is handled. Duration 88 ms by bot id=8298689795
11:40:56 - config_manager - INFO - ✅ Конфигурация сохранена в config_data.json
11:40:56 - aiogram.event - INFO - Update id=826344290 is handled. Duration 215 ms by bot id=8298689795
11:41:15 - aiogram.event - INFO - Update id=826344291 is handled. Duration 89 ms by bot id=8298689795
11:41:23 - aiogram.event - INFO - Update id=826344292 is handled. Duration 150 ms by bot id=8298689795
11:41:24 - aiogram.event - INFO - Update id=826344293 is handled. Duration 155 ms by bot id=8298689795
11:41:26 - aiogram.event - INFO - Update id=826344294 is handled. Duration 259 ms by bot id=8298689795
11:41:27 - config_manager - INFO - ✅ Конфигурация сохранена в config_data.json
11:41:27 - aiogram.event - INFO - Update id=826344295 is handled. Duration 155 ms by bot id=8298689795
11:41:28 - aiogram.event - INFO - Update id=826344296 is handled. Duration 150 ms by bot id=8298689795
11:41:30 - aiogram.event - INFO - Update id=826344297 is handled. Duration 165 ms by bot id=8298689795
11:41:34 - config_manager - INFO - ✅ Конфигурация сохранена в config_data.json
11:41:34 - aiogram.event - INFO - Update id=826344298 is handled. Duration 95 ms by bot id=8298689795
11:41:41 - pyrogram.session.session - INFO - Restarting session due to - Server sent a null packet.
11:41:41 - pyrogram.session.session - INFO - NetworkTask stopped
11:41:41 - pyrogram.session.session - INFO - PingTask stopped
11:41:41 - pyrogram.connection.connection - INFO - Disconnected
11:41:41 - pyrogram.session.session - INFO - Session stopped
11:41:41 - pyrogram.connection.connection - INFO - Connecting...
11:41:41 - pyrogram.connection.connection - INFO - Connected! Production DC2 - IPv4
11:41:41 - pyrogram.session.session - INFO - NetworkTask started
11:41:43 - config_manager - INFO - ✅ Конфигурация сохранена в config_data.json
11:41:43 - pyrogram.session.session - INFO - Restarting session due to - TimeoutError - Request timed out
11:41:43 - pyrogram.session.session - INFO - NetworkTask stopped
11:41:43 - pyrogram.connection.connection - INFO - Disconnected
11:41:43 - pyrogram.session.session - INFO - Session stopped
11:41:43 - pyrogram.connection.connection - INFO - Connecting...
11:41:43 - aiogram.event - INFO - Update id=826344299 is handled. Duration 156 ms by bot id=8298689795
11:41:44 - pyrogram.connection.connection - INFO - Connected! Production DC2 - IPv4
11:41:44 - pyrogram.session.session - INFO - NetworkTask started
11:41:46 - pyrogram.session.session - INFO - Restarting session due to - TimeoutError - Request timed out
11:41:46 - pyrogram.session.session - INFO - NetworkTask stopped
11:41:46 - pyrogram.connection.connection - INFO - Disconnected
11:41:46 - pyrogram.session.session - INFO - Session stopped
11:41:46 - pyrogram.connection.connection - INFO - Connecting...
11:41:46 - pyrogram.connection.connection - INFO - Connected! Production DC2 - IPv4
11:41:46 - pyrogram.session.session - INFO - NetworkTask started
11:41:48 - pyrogram.session.session - INFO - Restarting session due to - TimeoutError - Request timed out
11:41:48 - pyrogram.session.session - INFO - NetworkTask stopped
11:41:48 - pyrogram.connection.connection - INFO - Disconnected
11:41:48 - pyrogram.session.session - INFO - Session stopped
11:41:48 - pyrogram.connection.connection - INFO - Connecting...
11:41:48 - pyrogram.connection.connection - INFO - Connected! Production DC2 - IPv4
11:41:48 - pyrogram.session.session - INFO - NetworkTask started
11:41:50 - pyrogram.session.session - INFO - Restarting session due to - TimeoutError - Request timed out
11:41:50 - pyrogram.session.session - INFO - NetworkTask stopped
11:41:50 - pyrogram.connection.connection - INFO - Disconnected
11:41:50 - pyrogram.session.session - INFO - Session stopped
11:41:50 - pyrogram.connection.connection - INFO - Connecting...
11:41:50 - pyrogram.connection.connection - INFO - Connected! Production DC2 - IPv4
11:41:50 - pyrogram.session.session - INFO - NetworkTask started
11:41:52 - pyrogram.session.session - INFO - Restarting session due to - TimeoutError - Request timed out
11:41:52 - pyrogram.session.session - INFO - NetworkTask stopped
11:41:52 - pyrogram.connection.connection - INFO - Disconnected
11:41:52 - pyrogram.session.session - INFO - Session stopped
11:41:52 - pyrogram.connection.connection - INFO - Connecting...
11:41:52 - pyrogram.connection.connection - INFO - Connected! Production DC2 - IPv4
11:41:52 - pyrogram.session.session - INFO - NetworkTask started
11:41:54 - pyrogram.session.session - INFO - Restarting session due to - TimeoutError - Request timed out
11:41:54 - pyrogram.session.session - INFO - NetworkTask stopped
11:41:54 - pyrogram.connection.connection - INFO - Disconnected
11:41:54 - pyrogram.session.session - INFO - Session stopped
11:41:54 - pyrogram.connection.connection - INFO - Connecting...
11:41:54 - pyrogram.connection.connection - INFO - Connected! Production DC2 - IPv4
11:41:54 - pyrogram.session.session - INFO - NetworkTask started
11:41:56 - pyrogram.session.session - INFO - Restarting session due to - TimeoutError - Request timed out
11:41:56 - pyrogram.session.session - INFO - NetworkTask stopped
11:41:56 - pyrogram.connection.connection - INFO - Disconnected
11:41:56 - pyrogram.session.session - INFO - Session stopped
11:41:56 - pyrogram.connection.connection - INFO - Connecting...
11:41:56 - pyrogram.connection.connection - INFO - Connected! Production DC2 - IPv4
11:41:56 - pyrogram.session.session - INFO - NetworkTask started
11:41:58 - pyrogram.session.session - INFO - Restarting session due to - TimeoutError - Request timed out
11:41:58 - pyrogram.session.session - INFO - NetworkTask stopped
11:41:58 - pyrogram.connection.connection - INFO - Disconnected
11:41:58 - pyrogram.session.session - INFO - Session stopped
11:41:58 - pyrogram.connection.connection - INFO - Connecting...
11:41:58 - pyrogram.connection.connection - INFO - Connected! Production DC2 - IPv4
11:41:58 - pyrogram.session.session - INFO - NetworkTask started
11:42:00 - pyrogram.session.session - INFO - Restarting session due to - TimeoutError - Request timed out
11:42:00 - pyrogram.session.session - INFO - NetworkTask stopped
11:42:00 - pyrogram.connection.connection - INFO - Disconnected
11:42:00 - pyrogram.session.session - INFO - Session stopped
11:42:00 - pyrogram.connection.connection - INFO - Connecting...
11:42:00 - pyrogram.connection.connection - INFO - Connected! Production DC2 - IPv4
11:42:00 - pyrogram.session.session - INFO - NetworkTask started
11:42:02 - pyrogram.session.session - INFO - Restarting session due to - TimeoutError - Request timed out
11:42:02 - pyrogram.session.session - INFO - NetworkTask stopped
11:42:02 - pyrogram.connection.connection - INFO - Disconnected
11:42:02 - pyrogram.session.session - INFO - Session stopped
11:42:02 - pyrogram.connection.connection - INFO - Connecting...
11:42:02 - pyrogram.connection.connection - INFO - Connected! Production DC2 - IPv4
11:42:02 - pyrogram.session.session - INFO - NetworkTask started
11:42:04 - pyrogram.session.session - INFO - Restarting session due to - TimeoutError - Request timed out
11:42:04 - pyrogram.session.session - INFO - NetworkTask stopped
11:42:04 - pyrogram.connection.connection - INFO - Disconnected
11:42:04 - pyrogram.session.session - INFO - Session stopped
11:42:04 - pyrogram.connection.connection - INFO - Connecting...
11:42:04 - pyrogram.connection.connection - INFO - Connected! Production DC2 - IPv4
11:42:04 - pyrogram.session.session - INFO - NetworkTask started
11:42:06 - pyrogram.session.session - INFO - Restarting session due to - TimeoutError - Request timed out
11:42:06 - pyrogram.session.session - INFO - NetworkTask stopped
11:42:06 - pyrogram.connection.connection - INFO - Disconnected
11:42:06 - pyrogram.session.session - INFO - Session stopped
11:42:06 - pyrogram.connection.connection - INFO - Connecting...
11:42:06 - pyrogram.connection.connection - INFO - Connected! Production DC2 - IPv4
11:42:06 - pyrogram.session.session - INFO - NetworkTask started
11:42:08 - pyrogram.session.session - INFO - Restarting session due to - TimeoutError - Request timed out
11:42:08 - pyrogram.session.session - INFO - NetworkTask stopped
11:42:08 - pyrogram.connection.connection - INFO - Disconnected
11:42:08 - pyrogram.session.session - INFO - Session stopped
11:42:08 - pyrogram.connection.connection - INFO - Connecting...
11:42:08 - pyrogram.connection.connection - INFO - Connected! Production DC2 - IPv4
11:42:08 - pyrogram.session.session - INFO - NetworkTask started
11:42:10 - pyrogram.session.session - INFO - Restarting session due to - TimeoutError - Request timed out
11:42:10 - pyrogram.session.session - INFO - NetworkTask stopped
11:42:10 - pyrogram.connection.connection - INFO - Disconnected
11:42:10 - pyrogram.session.session - INFO - Session stopped
11:42:10 - pyrogram.connection.connection - INFO - Connecting...
11:42:10 - pyrogram.connection.connection - INFO - Connected! Production DC2 - IPv4
11:42:11 - pyrogram.session.session - INFO - NetworkTask started
11:42:13 - pyrogram.session.session - INFO - Restarting session due to - TimeoutError - Request timed out
11:42:13 - pyrogram.session.session - INFO - NetworkTask stopped
11:42:13 - pyrogram.connection.connection - INFO - Disconnected
11:42:13 - pyrogram.session.session - INFO - Session stopped
11:42:13 - pyrogram.connection.connection - INFO - Connecting...
11:42:13 - pyrogram.connection.connection - INFO - Connected! Production DC2 - IPv4
11:42:13 - pyrogram.session.session - INFO - NetworkTask started
11:42:15 - pyrogram.session.session - INFO - Restarting session due to - TimeoutError - Request timed out
11:42:15 - pyrogram.session.session - INFO - NetworkTask stopped
11:42:15 - pyrogram.connection.connection - INFO - Disconnected
11:42:15 - pyrogram.session.session - INFO - Session stopped
11:42:15 - pyrogram.connection.connection - INFO - Connecting...
11:42:15 - pyrogram.connection.connection - INFO - Connected! Production DC2 - IPv4
11:42:15 - pyrogram.session.session - INFO - NetworkTask started
11:42:17 - pyrogram.session.session - INFO - Restarting session due to - TimeoutError - Request timed out
11:42:17 - pyrogram.session.session - INFO - NetworkTask stopped
11:42:17 - pyrogram.connection.connection - INFO - Disconnected
11:42:17 - pyrogram.session.session - INFO - Session stopped
11:42:17 - pyrogram.connection.connection - INFO - Connecting...
11:42:17 - pyrogram.connection.connection - INFO - Connected! Production DC2 - IPv4
11:42:17 - pyrogram.session.session - INFO - NetworkTask started
11:42:19 - pyrogram.session.session - INFO - Restarting session due to - TimeoutError - Request timed out
11:42:19 - pyrogram.session.session - INFO - NetworkTask stopped
11:42:19 - pyrogram.connection.connection - INFO - Disconnected
11:42:19 - pyrogram.session.session - INFO - Session stopped
11:42:19 - pyrogram.connection.connection - INFO - Connecting...
11:42:19 - pyrogram.connection.connection - INFO - Connected! Production DC2 - IPv4
11:42:19 - pyrogram.session.session - INFO - NetworkTask started
11:42:21 - pyrogram.session.session - INFO - Restarting session due to - TimeoutError - Request timed out
11:42:21 - pyrogram.session.session - INFO - NetworkTask stopped
11:42:21 - pyrogram.connection.connection - INFO - Disconnected
11:42:21 - pyrogram.session.session - INFO - Session stopped
11:42:21 - pyrogram.connection.connection - INFO - Connecting...
11:42:21 - pyrogram.connection.connection - INFO - Connected! Production DC2 - IPv4
11:42:21 - pyrogram.session.session - INFO - NetworkTask started
11:42:23 - pyrogram.session.session - INFO - Restarting session due to - TimeoutError - Request timed out
11:42:23 - pyrogram.session.session - INFO - NetworkTask stopped
11:42:23 - pyrogram.connection.connection - INFO - Disconnected
11:42:23 - pyrogram.session.session - INFO - Session stopped
11:42:23 - pyrogram.connection.connection - INFO - Connecting...
11:42:23 - pyrogram.connection.connection - INFO - Connected! Production DC2 - IPv4
11:42:23 - pyrogram.session.session - INFO - NetworkTask started
11:42:25 - pyrogram.session.session - INFO - Restarting session due to - TimeoutError - Request timed out
11:42:25 - pyrogram.session.session - INFO - NetworkTask stopped
11:42:25 - pyrogram.connection.connection - INFO - Disconnected
11:42:25 - pyrogram.session.session - INFO - Session stopped
11:42:25 - pyrogram.connection.connection - INFO - Connecting...
11:42:25 - pyrogram.connection.connection - INFO - Connected! Production DC2 - IPv4
11:42:25 - pyrogram.session.session - INFO - NetworkTask started
11:42:27 - pyrogram.session.session - INFO - Restarting session due to - TimeoutError - Request timed out
11:42:27 - pyrogram.session.session - INFO - NetworkTask stopped
11:42:27 - pyrogram.connection.connection - INFO - Disconnected
11:42:27 - pyrogram.session.session - INFO - Session stopped
11:42:27 - pyrogram.connection.connection - INFO - Connecting...
11:42:27 - pyrogram.connection.connection - INFO - Connected! Production DC2 - IPv4
11:42:27 - pyrogram.session.session - INFO - NetworkTask started
11:42:29 - pyrogram.session.session - INFO - Restarting session due to - TimeoutError - Request timed out
11:42:29 - pyrogram.session.session - INFO - NetworkTask stopped
11:42:29 - pyrogram.connection.connection - INFO - Disconnected
11:42:29 - pyrogram.session.session - INFO - Session stopped
11:42:29 - pyrogram.connection.connection - INFO - Connecting...
11:42:29 - pyrogram.connection.connection - INFO - Connected! Production DC2 - IPv4
11:42:29 - pyrogram.session.session - INFO - NetworkTask started
11:42:31 - pyrogram.session.session - INFO - Restarting session due to - TimeoutError - Request timed out
11:42:31 - pyrogram.session.session - INFO - NetworkTask stopped
11:42:31 - pyrogram.connection.connection - INFO - Disconnected
11:42:31 - pyrogram.session.session - INFO - Session stopped
11:42:31 - pyrogram.connection.connection - INFO - Connecting...
11:42:31 - pyrogram.connection.connection - INFO - Connected! Production DC2 - IPv4
11:42:31 - pyrogram.session.session - INFO - NetworkTask started
11:42:33 - pyrogram.session.session - INFO - Restarting session due to - TimeoutError - Request timed out
11:42:33 - pyrogram.session.session - INFO - NetworkTask stopped
11:42:33 - pyrogram.connection.connection - INFO - Disconnected
11:42:33 - pyrogram.session.session - INFO - Session stopped
11:42:33 - pyrogram.connection.connection - INFO - Connecting...
11:42:33 - pyrogram.connection.connection - INFO - Connected! Production DC2 - IPv4
11:42:33 - pyrogram.session.session - INFO - NetworkTask started
11:42:35 - pyrogram.session.session - INFO - Restarting session due to - TimeoutError - Request timed out
11:42:35 - pyrogram.session.session - INFO - NetworkTask stopped
11:42:35 - pyrogram.connection.connection - INFO - Disconnected
11:42:35 - pyrogram.session.session - INFO - Session stopped
11:42:35 - pyrogram.connection.connection - INFO - Connecting...
11:42:35 - pyrogram.connection.connection - INFO - Connected! Production DC2 - IPv4
11:42:35 - pyrogram.session.session - INFO - NetworkTask started
11:42:37 - pyrogram.session.session - INFO - Restarting session due to - TimeoutError - Request timed out
11:42:37 - pyrogram.session.session - INFO - NetworkTask stopped
11:42:37 - pyrogram.connection.connection - INFO - Disconnected
11:42:37 - pyrogram.session.session - INFO - Session stopped
11:42:37 - pyrogram.connection.connection - INFO - Connecting...
11:42:37 - pyrogram.connection.connection - INFO - Connected! Production DC2 - IPv4
11:42:37 - pyrogram.session.session - INFO - NetworkTask started
11:42:39 - pyrogram.session.session - INFO - Restarting session due to - TimeoutError - Request timed out
11:42:39 - pyrogram.session.session - INFO - NetworkTask stopped
11:42:39 - pyrogram.connection.connection - INFO - Disconnected
11:42:39 - pyrogram.session.session - INFO - Session stopped
11:42:39 - pyrogram.connection.connection - INFO - Connecting...
11:42:39 - pyrogram.connection.connection - INFO - Connected! Production DC2 - IPv4
11:42:39 - pyrogram.session.session - INFO - NetworkTask started
11:42:41 - pyrogram.session.session - INFO - Restarting session due to - TimeoutError - Request timed out
11:42:41 - pyrogram.session.session - INFO - NetworkTask stopped
11:42:41 - pyrogram.connection.connection - INFO - Disconnected
11:42:41 - pyrogram.session.session - INFO - Session stopped
11:42:41 - pyrogram.connection.connection - INFO - Connecting...
11:42:41 - pyrogram.connection.connection - INFO - Connected! Production DC2 - IPv4
11:42:41 - pyrogram.session.session - INFO - NetworkTask started
11:42:43 - pyrogram.session.session - INFO - Restarting session due to - TimeoutError - Request timed out
11:42:43 - pyrogram.session.session - INFO - NetworkTask stopped
11:42:43 - pyrogram.connection.connection - INFO - Disconnected
11:42:43 - pyrogram.session.session - INFO - Session stopped
11:42:43 - pyrogram.connection.connection - INFO - Connecting...
11:42:44 - pyrogram.connection.connection - INFO - Connected! Production DC2 - IPv4
11:42:44 - pyrogram.session.session - INFO - NetworkTask started
11:42:46 - pyrogram.session.session - INFO - Restarting session due to - TimeoutError - Request timed out
11:42:46 - pyrogram.session.session - INFO - NetworkTask stopped
11:42:46 - pyrogram.connection.connection - INFO - Disconnected
11:42:46 - pyrogram.session.session - INFO - Session stopped
11:42:46 - pyrogram.connection.connection - INFO - Connecting...
11:42:46 - pyrogram.connection.connection - INFO - Connected! Production DC2 - IPv4
11:42:46 - pyrogram.session.session - INFO - NetworkTask started
11:42:48 - pyrogram.session.session - INFO - Restarting session due to - TimeoutError - Request timed out
11:42:48 - pyrogram.session.session - INFO - NetworkTask stopped
11:42:48 - pyrogram.connection.connection - INFO - Disconnected
11:42:48 - pyrogram.session.session - INFO - Session stopped
11:42:48 - pyrogram.connection.connection - INFO - Connecting...
11:42:48 - pyrogram.connection.connection - INFO - Connected! Production DC2 - IPv4
11:42:48 - pyrogram.session.session - INFO - NetworkTask started
11:42:50 - pyrogram.session.session - INFO - Restarting session due to - TimeoutError - Request timed out
11:42:50 - pyrogram.session.session - INFO - NetworkTask stopped
11:42:50 - pyrogram.connection.connection - INFO - Disconnected
11:42:50 - pyrogram.session.session - INFO - Session stopped
11:42:50 - pyrogram.connection.connection - INFO - Connecting...
11:42:50 - pyrogram.connection.connection - INFO - Connected! Production DC2 - IPv4
11:42:50 - pyrogram.session.session - INFO - NetworkTask started
11:42:52 - pyrogram.session.session - INFO - Restarting session due to - TimeoutError - Request timed out
11:42:52 - pyrogram.session.session - INFO - NetworkTask stopped
11:42:52 - pyrogram.connection.connection - INFO - Disconnected
11:42:52 - pyrogram.session.session - INFO - Session stopped
11:42:52 - pyrogram.connection.connection - INFO - Connecting...
11:42:52 - pyrogram.connection.connection - INFO - Connected! Production DC2 - IPv4
11:42:52 - pyrogram.session.session - INFO - NetworkTask started
11:42:54 - pyrogram.session.session - INFO - Restarting session due to - TimeoutError - Request timed out
11:42:54 - pyrogram.session.session - INFO - NetworkTask stopped
11:42:54 - pyrogram.connection.connection - INFO - Disconnected
11:42:54 - pyrogram.session.session - INFO - Session stopped
11:42:54 - pyrogram.connection.connection - INFO - Connecting...
11:42:54 - pyrogram.connection.connection - INFO - Connected! Production DC2 - IPv4
11:42:54 - pyrogram.session.session - INFO - NetworkTask started
11:42:55 - config_manager - INFO - ✅ Конфигурация сохранена в config_data.json
11:42:55 - aiogram.event - INFO - Update id=826344300 is handled. Duration 89 ms by bot id=8298689795
11:42:56 - pyrogram.session.session - INFO - Restarting session due to - TimeoutError - Request timed out
11:42:56 - pyrogram.session.session - INFO - NetworkTask stopped
11:42:56 - pyrogram.connection.connection - INFO - Disconnected
11:42:56 - pyrogram.session.session - INFO - Session stopped
11:42:56 - pyrogram.connection.connection - INFO - Connecting...
11:42:56 - pyrogram.connection.connection - INFO - Connected! Production DC2 - IPv4
11:42:56 - pyrogram.session.session - INFO - NetworkTask started
11:42:58 - pyrogram.session.session - INFO - Restarting session due to - TimeoutError - Request timed out
11:42:58 - pyrogram.session.session - INFO - NetworkTask stopped
11:42:58 - pyrogram.connection.connection - INFO - Disconnected
11:42:58 - pyrogram.session.session - INFO - Session stopped
11:42:58 - pyrogram.connection.connection - INFO - Connecting...
11:42:58 - pyrogram.connection.connection - INFO - Connected! Production DC2 - IPv4
11:42:58 - pyrogram.session.session - INFO - NetworkTask started
11:42:59 - config_manager - INFO - ✅ Конфигурация сохранена в config_data.json
11:42:59 - aiogram.event - INFO - Update id=826344301 is handled. Duration 90 ms by bot id=8298689795
11:43:00 - pyrogram.session.session - INFO - Restarting session due to - TimeoutError - Request timed out
11:43:00 - pyrogram.session.session - INFO - NetworkTask stopped
11:43:00 - pyrogram.connection.connection - INFO - Disconnected
11:43:00 - pyrogram.session.session - INFO - Session stopped
11:43:00 - pyrogram.connection.connection - INFO - Connecting...
11:43:00 - pyrogram.connection.connection - INFO - Connected! Production DC2 - IPv4
11:43:00 - pyrogram.session.session - INFO - NetworkTask started
11:43:02 - pyrogram.session.session - INFO - Restarting session due to - TimeoutError - Request timed out
11:43:02 - pyrogram.session.session - INFO - NetworkTask stopped
11:43:02 - pyrogram.connection.connection - INFO - Disconnected
11:43:02 - pyrogram.session.session - INFO - Session stopped
11:43:02 - pyrogram.connection.connection - INFO - Connecting...
11:43:02 - pyrogram.connection.connection - INFO - Connected! Production DC2 - IPv4
11:43:02 - pyrogram.session.session - INFO - NetworkTask started
11:43:04 - pyrogram.session.session - INFO - Restarting session due to - TimeoutError - Request timed out
11:43:04 - pyrogram.session.session - INFO - NetworkTask stopped
11:43:04 - pyrogram.connection.connection - INFO - Disconnected
11:43:04 - pyrogram.session.session - INFO - Session stopped
11:43:04 - pyrogram.connection.connection - INFO - Connecting...
11:43:04 - pyrogram.connection.connection - INFO - Connected! Production DC2 - IPv4
11:43:04 - pyrogram.session.session - INFO - NetworkTask started
11:43:06 - pyrogram.session.session - INFO - Restarting session due to - TimeoutError - Request timed out
11:43:06 - pyrogram.session.session - INFO - NetworkTask stopped
11:43:06 - pyrogram.connection.connection - INFO - Disconnected
11:43:06 - pyrogram.session.session - INFO - Session stopped
11:43:06 - pyrogram.connection.connection - INFO - Connecting...
11:43:06 - pyrogram.connection.connection - INFO - Connected! Production DC2 - IPv4
11:43:06 - pyrogram.session.session - INFO - NetworkTask started
11:43:08 - pyrogram.session.session - INFO - Restarting session due to - TimeoutError - Request timed out
11:43:08 - pyrogram.session.session - INFO - NetworkTask stopped
11:43:08 - pyrogram.connection.connection - INFO - Disconnected
11:43:08 - pyrogram.session.session - INFO - Session stopped
11:43:08 - pyrogram.connection.connection - INFO - Connecting...
11:43:08 - pyrogram.connection.connection - INFO - Connected! Production DC2 - IPv4
11:43:08 - pyrogram.session.session - INFO - NetworkTask started
11:43:10 - pyrogram.session.session - INFO - Restarting session due to - TimeoutError - Request timed out
11:43:10 - pyrogram.session.session - INFO - NetworkTask stopped
11:43:10 - pyrogram.connection.connection - INFO - Disconnected
11:43:10 - pyrogram.session.session - INFO - Session stopped
11:43:10 - pyrogram.connection.connection - INFO - Connecting...
11:43:10 - pyrogram.connection.connection - INFO - Connected! Production DC2 - IPv4
11:43:10 - pyrogram.session.session - INFO - NetworkTask started
11:43:12 - pyrogram.session.session - INFO - Session initialized: Pyrogram v2.2.19 (Layer 222)
11:43:12 - pyrogram.session.session - INFO - Device: CPython 3.13.5 - Pyrogram 2.2.19
11:43:12 - pyrogram.session.session - INFO - System: Windows 10 (en)
11:43:12 - pyrogram.session.session - INFO - Session started
11:43:12 - pyrogram.session.session - INFO - PingTask started
11:43:30 - aiogram.event - INFO - Update id=826344302 is handled. Duration 113 ms by bot id=8298689795
11:43:34 - aiogram.event - INFO - Update id=826344303 is handled. Duration 148 ms by bot id=8298689795
11:43:40 - aiogram.event - INFO - Update id=826344304 is handled. Duration 200 ms by bot id=8298689795
11:43:43 - config_manager - INFO - ✅ Конфигурация сохранена в config_data.json
11:43:43 - aiogram.event - INFO - Update id=826344305 is handled. Duration 103 ms by bot id=8298689795
11:43:49 - config_manager - INFO - ✅ Конфигурация сохранена в config_data.json
11:43:50 - aiogram.event - INFO - Update id=826344306 is handled. Duration 116 ms by bot id=8298689795
11:44:02 - config_manager - INFO - ✅ Конфигурация сохранена в config_data.json
11:44:02 - aiogram.event - INFO - Update id=826344307 is handled. Duration 86 ms by bot id=8298689795
11:44:23 - config_manager - INFO - ✅ Конфигурация сохранена в config_data.json
11:44:23 - aiogram.event - INFO - Update id=826344308 is handled. Duration 82 ms by bot id=8298689795
11:45:24 - config_manager - ERROR - [cast dict] json error: Expecting value: line 1 column 13 (char 12)
11:45:24 - aiogram.event - INFO - Update id=826344309 is handled. Duration 183 ms by bot id=8298689795
11:45:39 - aiogram.event - INFO - Update id=826344310 is handled. Duration 152 ms by bot id=8298689795
11:45:41 - aiogram.event - INFO - Update id=826344311 is handled. Duration 189 ms by bot id=8298689795
11:45:42 - config_manager - INFO - ✅ Конфигурация сохранена в config_data.json
11:45:42 - aiogram.event - INFO - Update id=826344312 is handled. Duration 338 ms by bot id=8298689795
11:45:44 - aiogram.event - INFO - Update id=826344313 is handled. Duration 277 ms by bot id=8298689795
11:45:46 - aiogram.event - INFO - Update id=826344314 is handled. Duration 186 ms by bot id=8298689795
11:46:00 - config_manager - INFO - ✅ Конфигурация сохранена в config_data.json
11:46:00 - aiogram.event - INFO - Update id=826344315 is handled. Duration 91 ms by bot id=8298689795
11:46:08 - config_manager - INFO - ✅ Конфигурация сохранена в config_data.json
11:46:08 - aiogram.event - INFO - Update id=826344316 is handled. Duration 128 ms by bot id=8298689795
11:46:14 - config_manager - INFO - ✅ Конфигурация сохранена в config_data.json
11:46:14 - aiogram.event - INFO - Update id=826344317 is handled. Duration 83 ms by bot id=8298689795
11:46:25 - config_manager - INFO - ✅ Конфигурация сохранена в config_data.json
11:46:25 - aiogram.event - INFO - Update id=826344318 is handled. Duration 156 ms by bot id=8298689795
11:46:36 - config_manager - ERROR - [cast dict] json error: Expecting value: line 1 column 12 (char 11)
11:46:37 - aiogram.event - INFO - Update id=826344319 is handled. Duration 96 ms by bot id=8298689795
11:48:15 - aiogram.event - INFO - Update id=826344320 is handled. Duration 155 ms by bot id=8298689795
11:48:18 - aiogram.event - INFO - Update id=826344321 is handled. Duration 146 ms by bot id=8298689795
11:48:18 - config_manager - INFO - ✅ Конфигурация сохранена в config_data.json
11:48:18 - aiogram.event - INFO - Update id=826344322 is handled. Duration 164 ms by bot id=8298689795
11:48:19 - aiogram.event - INFO - Update id=826344323 is handled. Duration 158 ms by bot id=8298689795
11:48:20 - aiogram.event - INFO - Update id=826344324 is handled. Duration 178 ms by bot id=8298689795
11:48:26 - config_manager - INFO - ✅ Конфигурация сохранена в config_data.json
11:48:26 - aiogram.event - INFO - Update id=826344325 is handled. Duration 284 ms by bot id=8298689795
11:48:32 - config_manager - INFO - ✅ Конфигурация сохранена в config_data.json
11:48:32 - aiogram.event - INFO - Update id=826344326 is handled. Duration 124 ms by bot id=8298689795
11:48:38 - config_manager - INFO - ✅ Конфигурация сохранена в config_data.json
11:48:38 - aiogram.event - INFO - Update id=826344327 is handled. Duration 111 ms by bot id=8298689795
11:48:59 - config_manager - INFO - ✅ Конфигурация сохранена в config_data.json
11:48:59 - aiogram.event - INFO - Update id=826344328 is handled. Duration 86 ms by bot id=8298689795
11:49:11 - aiogram.event - INFO - Update id=826344329 is handled. Duration 85 ms by bot id=8298689795
11:49:49 - aiogram.event - INFO - Update id=826344330 is handled. Duration 146 ms by bot id=8298689795
11:49:50 - aiogram.event - INFO - Update id=826344331 is handled. Duration 163 ms by bot id=8298689795
11:49:51 - config_manager - INFO - ✅ Конфигурация сохранена в config_data.json
11:49:51 - aiogram.event - INFO - Update id=826344332 is handled. Duration 164 ms by bot id=8298689795
11:49:52 - aiogram.event - INFO - Update id=826344333 is handled. Duration 155 ms by bot id=8298689795
11:49:53 - aiogram.event - INFO - Update id=826344334 is handled. Duration 148 ms by bot id=8298689795
11:50:04 - config_manager - INFO - ✅ Конфигурация сохранена в config_data.json
11:50:04 - aiogram.event - INFO - Update id=826344335 is handled. Duration 95 ms by bot id=8298689795
11:50:08 - config_manager - INFO - ✅ Конфигурация сохранена в config_data.json
11:50:08 - aiogram.event - INFO - Update id=826344336 is handled. Duration 83 ms by bot id=8298689795
11:50:11 - config_manager - INFO - ✅ Конфигурация сохранена в config_data.json
11:50:11 - aiogram.event - INFO - Update id=826344337 is handled. Duration 107 ms by bot id=8298689795
11:50:18 - config_manager - INFO - ✅ Конфигурация сохранена в config_data.json
11:50:18 - aiogram.event - INFO - Update id=826344338 is handled. Duration 93 ms by bot id=8298689795
11:50:20 - aiogram.event - INFO - Update id=826344339 is handled. Duration 89 ms by bot id=8298689795
11:50:37 - aiogram.event - INFO - Update id=826344340 is handled. Duration 152 ms by bot id=8298689795
11:50:38 - aiogram.event - INFO - Update id=826344341 is handled. Duration 154 ms by bot id=8298689795
11:50:39 - config_manager - INFO - ✅ Конфигурация сохранена в config_data.json
11:50:39 - aiogram.event - INFO - Update id=826344342 is handled. Duration 151 ms by bot id=8298689795
11:50:40 - aiogram.event - INFO - Update id=826344343 is handled. Duration 171 ms by bot id=8298689795
11:50:40 - aiogram.event - INFO - Update id=826344344 is handled. Duration 160 ms by bot id=8298689795
11:52:08 - config_manager - INFO - ✅ Конфигурация сохранена в config_data.json
11:52:08 - aiogram.event - INFO - Update id=826344345 is handled. Duration 86 ms by bot id=8298689795
11:52:15 - config_manager - INFO - ✅ Конфигурация сохранена в config_data.json
11:52:15 - aiogram.event - INFO - Update id=826344346 is handled. Duration 86 ms by bot id=8298689795
11:52:20 - config_manager - INFO - ✅ Конфигурация сохранена в config_data.json
11:52:20 - aiogram.event - INFO - Update id=826344347 is handled. Duration 93 ms by bot id=8298689795
11:52:33 - config_manager - INFO - ✅ Конфигурация сохранена в config_data.json
11:52:33 - aiogram.event - INFO - Update id=826344348 is handled. Duration 136 ms by bot id=8298689795
11:52:34 - aiogram.event - INFO - Update id=826344349 is handled. Duration 79 ms by bot id=8298689795
12:00:29 - aiogram.dispatcher - INFO - Polling stopped
12:00:29 - pyrogram.session.session - INFO - PingTask stopped
12:00:29 - pyrogram.session.session - INFO - NetworkTask stopped
12:00:29 - pyrogram.connection.connection - INFO - Disconnected
12:00:29 - pyrogram.session.session - INFO - Session stopped
12:00:29 - asyncio - ERROR - Task exception was never retrieved
future: <Task finished name='Task-2' coro=<StarsAPIGiver.init_sessions() done, defined at C:\Users\ezhik\PycharmProjects\PythonProject5\stars_api_giver.py:28> exception=UnicodeDecodeError('utf-8', b'\xff', 0, 1, 'invalid start byte')>
Traceback (most recent call last):
  File "C:\Users\ezhik\PycharmProjects\PythonProject5\stars_api_giver.py", line 32, in init_sessions
    self.balances[session] = await self.get_star_balance(session)
                             ^^^^^^^^^^^^^^^^^^^^^^^^^^^^^^^^^^^^
  File "C:\Users\ezhik\PycharmProjects\PythonProject5\stars_api_giver.py", line 36, in get_star_balance
    async with Client(session, self.api_id, self.api_hash) as app:
               ~~~~~~^^^^^^^^^^^^^^^^^^^^^^^^^^^^^^^^^^^^^
  File "C:\Users\ezhik\PycharmProjects\PythonProject5\.venv\Lib\site-packages\pyrogram\client.py", line 441, in __aenter__
    return await self.start()
           ^^^^^^^^^^^^^^^^^^
  File "C:\Users\ezhik\PycharmProjects\PythonProject5\.venv\Lib\site-packages\pyrogram\methods\utilities\start.py", line 89, in start
    await self.authorize()
  File "C:\Users\ezhik\PycharmProjects\PythonProject5\.venv\Lib\site-packages\pyrogram\client.py", line 474, in authorize
    value = await ainput("Enter phone number or bot token: ", loop=self.loop)
            ^^^^^^^^^^^^^^^^^^^^^^^^^^^^^^^^^^^^^^^^^^^^^^^^^^^^^^^^^^^^^^^^^
  File "C:\Users\ezhik\PycharmProjects\PythonProject5\.venv\Lib\site-packages\pyrogram\utils.py", line 57, in ainput
    return await loop.run_in_executor(executor, func)
           ^^^^^^^^^^^^^^^^^^^^^^^^^^^^^^^^^^^^^^^^^^
  File "C:\Users\ezhik\AppData\Local\Programs\Python\Python313\Lib\concurrent\futures\thread.py", line 59, in run
    result = self.fn(*self.args, **self.kwargs)
  File "<frozen codecs>", line 325, in decode
UnicodeDecodeError: 'utf-8' codec can't decode byte 0xff in position 0: invalid start byte
