14:59:02 - StarvellBot - INFO - ✅ Логирование настроено
14:59:02 - StarvellBot - INFO - ============================================================
14:59:02 - StarvellBot - INFO - 🚀 StarvellBot Manager Starting...
14:59:02 - StarvellBot - INFO - ============================================================
14:59:02 - StarvellBot - INFO - 📋 Загрузка конфигурации...
14:59:02 - config_manager - INFO - ✅ Конфигурация загружена из config_data.json
14:59:08 - pyrogram.crypto.aes - WARNING - TgCrypto is missing! Pyrogram will work the same, but at a much slower speed. More info: https://docs.pyrogram.org/topics/speedups
14:59:10 - StarvellBot - INFO - 🚀 Запуск Telegram Manager...
14:59:10 - StarvellBot - INFO - 🤖 Инициализация StarvellBot...
14:59:10 - StarvellBot - INFO - ⚙️ Инициализация Service Manager...
14:59:10 - StarvellBot - INFO - ============================================================
14:59:10 - StarvellBot - INFO - ✅ Все компоненты инициализированы успешно!
14:59:10 - StarvellBot - INFO - ============================================================
14:59:10 - StarvellBot - INFO - 
14:59:10 - StarvellBot - INFO - 📱 Откройте Telegram бота для управления
14:59:10 - StarvellBot - INFO - 🎛️ Доступные команды:
14:59:10 - StarvellBot - INFO -    /start - начать работу
14:59:10 - StarvellBot - INFO -    /services - управление службами
14:59:10 - StarvellBot - INFO -    /config - редактирование настроек
14:59:10 - StarvellBot - INFO -    /status - статус служб
14:59:10 - StarvellBot - INFO -    /help - справка
14:59:10 - StarvellBot - INFO - 
14:59:10 - StarvellBot - INFO - ============================================================
14:59:10 - aiogram.dispatcher - INFO - Start polling
14:59:10 - asyncio - ERROR - Task exception was never retrieved
future: <Task finished name='Task-2' coro=<StarsAPIGiver.init_sessions() done, defined at C:\Users\ezhik\PycharmProjects\PythonProject5\stars_api_giver.py:23> exception=TypeError("'NoneType' object is not iterable")>
Traceback (most recent call last):
  File "C:\Users\ezhik\PycharmProjects\PythonProject5\stars_api_giver.py", line 25, in init_sessions
    for session in sessions:
                   ^^^^^^^^
TypeError: 'NoneType' object is not iterable
14:59:10 - aiogram.dispatcher - INFO - Run polling for bot @testzabwinobotsfadsgdsbot id=8298689795 - 'test'
15:00:20 - aiogram.event - INFO - Update id=826343743 is handled. Duration 342 ms by bot id=8298689795
15:00:20 - aiogram.event - INFO - Update id=826343744 is handled. Duration 369 ms by bot id=8298689795
15:00:23 - aiogram.event - INFO - Update id=826343745 is handled. Duration 89 ms by bot id=8298689795
15:00:26 - aiogram.event - INFO - Update id=826343746 is handled. Duration 158 ms by bot id=8298689795
15:00:28 - aiogram.event - INFO - Update id=826343747 is handled. Duration 161 ms by bot id=8298689795
15:00:42 - aiogram.event - INFO - Update id=826343748 is not handled. Duration 174 ms by bot id=8298689795
15:00:42 - aiogram.event - ERROR - Cause exception while process update id=826343748 by bot id=8298689795
TypeError: string indices must be integers, not 'str'
Traceback (most recent call last):
  File "C:\Users\ezhik\PycharmProjects\PythonProject5\.venv\Lib\site-packages\aiogram\dispatcher\dispatcher.py", line 320, in _process_update
    response = await self.feed_update(bot, update, **kwargs)
               ^^^^^^^^^^^^^^^^^^^^^^^^^^^^^^^^^^^^^^^^^^^^^
  File "C:\Users\ezhik\PycharmProjects\PythonProject5\.venv\Lib\site-packages\aiogram\dispatcher\dispatcher.py", line 164, in feed_update
    response = await self.update.wrap_outer_middleware(
               ^^^^^^^^^^^^^^^^^^^^^^^^^^^^^^^^^^^^^^^^
    ...<7 lines>...
    )
    ^
  File "C:\Users\ezhik\PycharmProjects\PythonProject5\.venv\Lib\site-packages\aiogram\dispatcher\middlewares\error.py", line 27, in __call__
    return await handler(event, data)
           ^^^^^^^^^^^^^^^^^^^^^^^^^^
  File "C:\Users\ezhik\PycharmProjects\PythonProject5\.venv\Lib\site-packages\aiogram\dispatcher\middlewares\user_context.py", line 58, in __call__
    return await handler(event, data)
           ^^^^^^^^^^^^^^^^^^^^^^^^^^
  File "C:\Users\ezhik\PycharmProjects\PythonProject5\.venv\Lib\site-packages\aiogram\fsm\middleware.py", line 43, in __call__
    return await handler(event, data)
           ^^^^^^^^^^^^^^^^^^^^^^^^^^
  File "C:\Users\ezhik\PycharmProjects\PythonProject5\.venv\Lib\site-packages\aiogram\dispatcher\event\telegram.py", line 126, in trigger
    return await wrapped_inner(event, kwargs)
           ^^^^^^^^^^^^^^^^^^^^^^^^^^^^^^^^^^
  File "C:\Users\ezhik\PycharmProjects\PythonProject5\.venv\Lib\site-packages\aiogram\dispatcher\event\handler.py", line 71, in call
    return await wrapped()
           ^^^^^^^^^^^^^^^
  File "C:\Users\ezhik\PycharmProjects\PythonProject5\.venv\Lib\site-packages\aiogram\dispatcher\dispatcher.py", line 283, in _listen_update
    return await self.propagate_event(update_type=update_type, event=event, **kwargs)
           ^^^^^^^^^^^^^^^^^^^^^^^^^^^^^^^^^^^^^^^^^^^^^^^^^^^^^^^^^^^^^^^^^^^^^^^^^^
  File "C:\Users\ezhik\PycharmProjects\PythonProject5\.venv\Lib\site-packages\aiogram\dispatcher\router.py", line 161, in propagate_event
    return await observer.wrap_outer_middleware(_wrapped, event=event, data=kwargs)
           ^^^^^^^^^^^^^^^^^^^^^^^^^^^^^^^^^^^^^^^^^^^^^^^^^^^^^^^^^^^^^^^^^^^^^^^^
  File "C:\Users\ezhik\PycharmProjects\PythonProject5\.venv\Lib\site-packages\aiogram\dispatcher\router.py", line 153, in _wrapped
    return await self._propagate_event(
           ^^^^^^^^^^^^^^^^^^^^^^^^^^^^
    ...<4 lines>...
    )
    ^
  File "C:\Users\ezhik\PycharmProjects\PythonProject5\.venv\Lib\site-packages\aiogram\dispatcher\router.py", line 189, in _propagate_event
    response = await router.propagate_event(update_type=update_type, event=event, **kwargs)
               ^^^^^^^^^^^^^^^^^^^^^^^^^^^^^^^^^^^^^^^^^^^^^^^^^^^^^^^^^^^^^^^^^^^^^^^^^^^^
  File "C:\Users\ezhik\PycharmProjects\PythonProject5\.venv\Lib\site-packages\aiogram\dispatcher\router.py", line 161, in propagate_event
    return await observer.wrap_outer_middleware(_wrapped, event=event, data=kwargs)
           ^^^^^^^^^^^^^^^^^^^^^^^^^^^^^^^^^^^^^^^^^^^^^^^^^^^^^^^^^^^^^^^^^^^^^^^^
  File "C:\Users\ezhik\PycharmProjects\PythonProject5\.venv\Lib\site-packages\aiogram\dispatcher\router.py", line 153, in _wrapped
    return await self._propagate_event(
           ^^^^^^^^^^^^^^^^^^^^^^^^^^^^
    ...<4 lines>...
    )
    ^
  File "C:\Users\ezhik\PycharmProjects\PythonProject5\.venv\Lib\site-packages\aiogram\dispatcher\router.py", line 181, in _propagate_event
    response = await observer.trigger(event, **kwargs)
               ^^^^^^^^^^^^^^^^^^^^^^^^^^^^^^^^^^^^^^^
  File "C:\Users\ezhik\PycharmProjects\PythonProject5\.venv\Lib\site-packages\aiogram\dispatcher\event\telegram.py", line 126, in trigger
    return await wrapped_inner(event, kwargs)
           ^^^^^^^^^^^^^^^^^^^^^^^^^^^^^^^^^^
  File "C:\Users\ezhik\PycharmProjects\PythonProject5\.venv\Lib\site-packages\aiogram\dispatcher\event\handler.py", line 71, in call
    return await wrapped()
           ^^^^^^^^^^^^^^^
  File "C:\Users\ezhik\PycharmProjects\PythonProject5\telegram_manager.py", line 529, in cb_config_edit
    data = meta["data"]
           ~~~~^^^^^^^^
TypeError: string indices must be integers, not 'str'
15:00:50 - aiogram.dispatcher - INFO - Polling stopped
