16:49:18 - StarvellBot - INFO - ✅ Логирование настроено
16:49:18 - StarvellBot - INFO - ============================================================
16:49:18 - StarvellBot - INFO - 🚀 StarvellBot Manager Starting...
16:49:18 - StarvellBot - INFO - ============================================================
16:49:18 - StarvellBot - INFO - 📋 Загрузка конфигурации...
16:49:18 - config_manager - INFO - ✅ Конфигурация загружена из config_data.json
16:49:20 - pyrogram.crypto.aes - WARNING - TgCrypto is missing! Pyrogram will work the same, but at a much slower speed. More info: https://docs.pyrogram.org/topics/speedups
16:49:20 - StarvellBot - INFO - 🚀 Запуск Telegram Manager...
16:49:20 - StarvellBot - INFO - 🤖 Инициализация StarvellBot...
16:49:20 - StarvellBot - INFO - ⚙️ Инициализация Service Manager...
16:49:20 - StarvellBot - INFO - ============================================================
16:49:20 - StarvellBot - INFO - ✅ Все компоненты инициализированы успешно!
16:49:20 - StarvellBot - INFO - ============================================================
16:49:20 - StarvellBot - INFO - 
16:49:20 - StarvellBot - INFO - 📱 Откройте Telegram бота для управления
16:49:20 - StarvellBot - INFO - 🎛️ Доступные команды:
16:49:20 - StarvellBot - INFO -    /start - начать работу
16:49:20 - StarvellBot - INFO -    /services - управление службами
16:49:20 - StarvellBot - INFO -    /config - редактирование настроек
16:49:20 - StarvellBot - INFO -    /status - статус служб
16:49:20 - StarvellBot - INFO -    /help - справка
16:49:20 - StarvellBot - INFO - 
16:49:20 - StarvellBot - INFO - ============================================================
16:49:20 - aiogram.dispatcher - INFO - Start polling
16:49:20 - pyrogram.session.auth - INFO - Start creating a new auth key on DC2
16:49:20 - pyrogram.connection.connection - INFO - Connecting...
16:49:20 - pyrogram.connection.connection - INFO - Connected! Production DC2 - IPv4
16:49:20 - aiogram.dispatcher - INFO - Run polling for bot @testzabwinobotsfadsgdsbot id=8298689795 - 'test'
16:49:21 - pyrogram.session.auth - INFO - Done auth key exchange: DhGenOk
16:49:21 - pyrogram.connection.connection - INFO - Disconnected
16:49:21 - pyrogram.connection.connection - INFO - Connecting...
16:49:22 - pyrogram.connection.connection - INFO - Connected! Production DC2 - IPv4
16:49:22 - pyrogram.session.session - INFO - NetworkTask started
16:49:22 - pyrogram.client - INFO - Time synced: 2026-02-27 16:49:22.762101
16:49:22 - pyrogram.session.session - INFO - Session initialized: Pyrogram v2.2.19 (Layer 222)
16:49:22 - pyrogram.session.session - INFO - Device: CPython 3.13.5 - Pyrogram 2.2.19
16:49:22 - pyrogram.session.session - INFO - System: Windows 10 (en)
16:49:22 - pyrogram.session.session - INFO - Session started
16:49:22 - pyrogram.session.session - INFO - PingTask started
16:49:32 - aiogram.event - INFO - Update id=826343976 is handled. Duration 219 ms by bot id=8298689795
16:49:33 - aiogram.event - INFO - Update id=826343977 is handled. Duration 154 ms by bot id=8298689795
16:49:34 - aiogram.event - INFO - Update id=826343978 is handled. Duration 163 ms by bot id=8298689795
16:49:35 - aiogram.event - INFO - Update id=826343979 is handled. Duration 319 ms by bot id=8298689795
16:49:37 - aiogram.event - INFO - Update id=826343980 is handled. Duration 154 ms by bot id=8298689795
16:49:38 - aiogram.event - INFO - Update id=826343981 is handled. Duration 160 ms by bot id=8298689795
16:49:39 - config_manager - INFO - ✅ Конфигурация сохранена в config_data.json
16:49:39 - aiogram.event - INFO - Update id=826343982 is handled. Duration 154 ms by bot id=8298689795
16:49:40 - aiogram.event - INFO - Update id=826343983 is handled. Duration 223 ms by bot id=8298689795
16:49:43 - aiogram.event - INFO - Update id=826343984 is handled. Duration 353 ms by bot id=8298689795
16:49:46 - config_manager - INFO - ✅ Конфигурация сохранена в config_data.json
16:49:46 - aiogram.event - INFO - Update id=826343985 is handled. Duration 182 ms by bot id=8298689795
16:49:50 - config_manager - INFO - ✅ Конфигурация сохранена в config_data.json
16:49:50 - aiogram.event - INFO - Update id=826343986 is handled. Duration 172 ms by bot id=8298689795
16:49:52 - aiogram.event - INFO - Update id=826343987 is handled. Duration 179 ms by bot id=8298689795
16:50:07 - config_manager - INFO - ✅ Конфигурация сохранена в config_data.json
16:50:07 - aiogram.event - INFO - Update id=826343988 is handled. Duration 188 ms by bot id=8298689795
16:50:20 - aiogram.dispatcher - INFO - Polling stopped
16:50:20 - pyrogram.session.session - INFO - PingTask stopped
16:50:20 - pyrogram.session.session - INFO - NetworkTask stopped
16:50:20 - pyrogram.connection.connection - INFO - Disconnected
16:50:20 - pyrogram.session.session - INFO - Session stopped
16:50:20 - asyncio - ERROR - Task exception was never retrieved
future: <Task finished name='Task-2' coro=<StarsAPIGiver.init_sessions() done, defined at C:\Users\ezhik\PycharmProjects\PythonProject5\stars_api_giver.py:23> exception=UnicodeDecodeError('utf-8', b'\xff', 0, 1, 'invalid start byte')>
Traceback (most recent call last):
  File "C:\Users\ezhik\PycharmProjects\PythonProject5\stars_api_giver.py", line 27, in init_sessions
    self.balances[session] = await self.get_star_balance(session)
                             ^^^^^^^^^^^^^^^^^^^^^^^^^^^^^^^^^^^^
  File "C:\Users\ezhik\PycharmProjects\PythonProject5\stars_api_giver.py", line 31, in get_star_balance
    async with Client(session, self.api_id, self.api_hash) as app:
               ~~~~~~^^^^^^^^^^^^^^^^^^^^^^^^^^^^^^^^^^^^^
  File "C:\Users\ezhik\PycharmProjects\PythonProject5\.venv\Lib\site-packages\pyrogram\client.py", line 441, in __aenter__
    return await self.start()
           ^^^^^^^^^^^^^^^^^^
  File "C:\Users\ezhik\PycharmProjects\PythonProject5\.venv\Lib\site-packages\pyrogram\methods\utilities\start.py", line 89, in start
    await self.authorize()
  File "C:\Users\ezhik\PycharmProjects\PythonProject5\.venv\Lib\site-packages\pyrogram\client.py", line 474, in authorize
    value = await ainput("Enter phone number or bot token: ", loop=self.loop)
            ^^^^^^^^^^^^^^^^^^^^^^^^^^^^^^^^^^^^^^^^^^^^^^^^^^^^^^^^^^^^^^^^^
  File "C:\Users\ezhik\PycharmProjects\PythonProject5\.venv\Lib\site-packages\pyrogram\utils.py", line 57, in ainput
    return await loop.run_in_executor(executor, func)
           ^^^^^^^^^^^^^^^^^^^^^^^^^^^^^^^^^^^^^^^^^^
  File "C:\Users\ezhik\AppData\Local\Programs\Python\Python313\Lib\concurrent\futures\thread.py", line 59, in run
    result = self.fn(*self.args, **self.kwargs)
  File "<frozen codecs>", line 325, in decode
UnicodeDecodeError: 'utf-8' codec can't decode byte 0xff in position 0: invalid start byte
